CRITICAL - 2022-12-22 00:35:51 --> Undefined variable $str
in APPPATH/Views/mtap/fgpack/trx-fg-pack-print.php on line 42.
 1 APPPATH/Views/mtap/fgpack/trx-fg-pack-print.php(42): CodeIgniter\Debug\Exceptions->errorHandler()
 2 SYSTEMPATH/View/View.php(213): include('APPPATH/Views/mtap/fgpack/trx-fg-pack-print.php')
 3 SYSTEMPATH/View/View.php(216): CodeIgniter\View\View->CodeIgniter\View\{closure}()
 4 SYSTEMPATH/Common.php(1134): CodeIgniter\View\View->render()
 5 APPPATH/Controllers/Fg_packing.php(49): view()
 6 SYSTEMPATH/CodeIgniter.php(927): App\Controllers\Fg_packing->fgpack_print()
 7 SYSTEMPATH/CodeIgniter.php(482): CodeIgniter\CodeIgniter->runController()
 8 SYSTEMPATH/CodeIgniter.php(351): CodeIgniter\CodeIgniter->handleRequest()
 9 FCPATH/index.php(67): CodeIgniter\CodeIgniter->run()
CRITICAL - 2022-12-22 00:36:38 --> Undefined variable $r
in APPPATH/Views/mtap/fgpack/trx-fg-pack-print.php on line 82.
 1 APPPATH/Views/mtap/fgpack/trx-fg-pack-print.php(82): CodeIgniter\Debug\Exceptions->errorHandler()
 2 SYSTEMPATH/View/View.php(213): include('APPPATH/Views/mtap/fgpack/trx-fg-pack-print.php')
 3 SYSTEMPATH/View/View.php(216): CodeIgniter\View\View->CodeIgniter\View\{closure}()
 4 SYSTEMPATH/Common.php(1134): CodeIgniter\View\View->render()
 5 APPPATH/Controllers/Fg_packing.php(49): view()
 6 SYSTEMPATH/CodeIgniter.php(927): App\Controllers\Fg_packing->fgpack_print()
 7 SYSTEMPATH/CodeIgniter.php(482): CodeIgniter\CodeIgniter->runController()
 8 SYSTEMPATH/CodeIgniter.php(351): CodeIgniter\CodeIgniter->handleRequest()
 9 FCPATH/index.php(67): CodeIgniter\CodeIgniter->run()
CRITICAL - 2022-12-22 00:38:39 --> Undefined variable $r
in APPPATH/Views/mtap/fgpack/trx-fg-pack-print.php on line 82.
 1 APPPATH/Views/mtap/fgpack/trx-fg-pack-print.php(82): CodeIgniter\Debug\Exceptions->errorHandler()
 2 SYSTEMPATH/View/View.php(213): include('APPPATH/Views/mtap/fgpack/trx-fg-pack-print.php')
 3 SYSTEMPATH/View/View.php(216): CodeIgniter\View\View->CodeIgniter\View\{closure}()
 4 SYSTEMPATH/Common.php(1134): CodeIgniter\View\View->render()
 5 APPPATH/Controllers/Fg_packing.php(49): view()
 6 SYSTEMPATH/CodeIgniter.php(927): App\Controllers\Fg_packing->fgpack_print()
 7 SYSTEMPATH/CodeIgniter.php(482): CodeIgniter\CodeIgniter->runController()
 8 SYSTEMPATH/CodeIgniter.php(351): CodeIgniter\CodeIgniter->handleRequest()
 9 FCPATH/index.php(67): CodeIgniter\CodeIgniter->run()
CRITICAL - 2022-12-22 00:42:39 --> Undefined variable $r
in APPPATH/Views/mtap/fgpack/trx-fg-pack-print.php on line 73.
 1 APPPATH/Views/mtap/fgpack/trx-fg-pack-print.php(73): CodeIgniter\Debug\Exceptions->errorHandler()
 2 SYSTEMPATH/View/View.php(213): include('APPPATH/Views/mtap/fgpack/trx-fg-pack-print.php')
 3 SYSTEMPATH/View/View.php(216): CodeIgniter\View\View->CodeIgniter\View\{closure}()
 4 SYSTEMPATH/Common.php(1134): CodeIgniter\View\View->render()
 5 APPPATH/Controllers/Fg_packing.php(49): view()
 6 SYSTEMPATH/CodeIgniter.php(927): App\Controllers\Fg_packing->fgpack_print()
 7 SYSTEMPATH/CodeIgniter.php(482): CodeIgniter\CodeIgniter->runController()
 8 SYSTEMPATH/CodeIgniter.php(351): CodeIgniter\CodeIgniter->handleRequest()
 9 FCPATH/index.php(67): CodeIgniter\CodeIgniter->run()
CRITICAL - 2022-12-22 00:42:59 --> Undefined variable $r
in APPPATH/Views/mtap/fgpack/trx-fg-pack-print.php on line 73.
 1 APPPATH/Views/mtap/fgpack/trx-fg-pack-print.php(73): CodeIgniter\Debug\Exceptions->errorHandler()
 2 SYSTEMPATH/View/View.php(213): include('APPPATH/Views/mtap/fgpack/trx-fg-pack-print.php')
 3 SYSTEMPATH/View/View.php(216): CodeIgniter\View\View->CodeIgniter\View\{closure}()
 4 SYSTEMPATH/Common.php(1134): CodeIgniter\View\View->render()
 5 APPPATH/Controllers/Fg_packing.php(49): view()
 6 SYSTEMPATH/CodeIgniter.php(927): App\Controllers\Fg_packing->fgpack_print()
 7 SYSTEMPATH/CodeIgniter.php(482): CodeIgniter\CodeIgniter->runController()
 8 SYSTEMPATH/CodeIgniter.php(351): CodeIgniter\CodeIgniter->handleRequest()
 9 FCPATH/index.php(67): CodeIgniter\CodeIgniter->run()
CRITICAL - 2022-12-22 00:47:38 --> Undefined variable $rw
in APPPATH/Views/mtap/fgpack/trx-fg-pack-print.php on line 71.
 1 APPPATH/Views/mtap/fgpack/trx-fg-pack-print.php(71): CodeIgniter\Debug\Exceptions->errorHandler()
 2 SYSTEMPATH/View/View.php(213): include('APPPATH/Views/mtap/fgpack/trx-fg-pack-print.php')
 3 SYSTEMPATH/View/View.php(216): CodeIgniter\View\View->CodeIgniter\View\{closure}()
 4 SYSTEMPATH/Common.php(1134): CodeIgniter\View\View->render()
 5 APPPATH/Controllers/Fg_packing.php(49): view()
 6 SYSTEMPATH/CodeIgniter.php(927): App\Controllers\Fg_packing->fgpack_print()
 7 SYSTEMPATH/CodeIgniter.php(482): CodeIgniter\CodeIgniter->runController()
 8 SYSTEMPATH/CodeIgniter.php(351): CodeIgniter\CodeIgniter->handleRequest()
 9 FCPATH/index.php(67): CodeIgniter\CodeIgniter->run()
CRITICAL - 2022-12-22 00:48:49 --> Cannot access offset of type string on string
in APPPATH/Views/mtap/fgpack/trx-fg-pack-print.php on line 71.
 1 SYSTEMPATH/View/View.php(213): include()
 2 SYSTEMPATH/View/View.php(216): CodeIgniter\View\View->CodeIgniter\View\{closure}()
 3 SYSTEMPATH/Common.php(1134): CodeIgniter\View\View->render()
 4 APPPATH/Controllers/Fg_packing.php(49): view()
 5 SYSTEMPATH/CodeIgniter.php(927): App\Controllers\Fg_packing->fgpack_print()
 6 SYSTEMPATH/CodeIgniter.php(482): CodeIgniter\CodeIgniter->runController()
 7 SYSTEMPATH/CodeIgniter.php(351): CodeIgniter\CodeIgniter->handleRequest()
 8 FCPATH/index.php(67): CodeIgniter\CodeIgniter->run()
ERROR - 2022-12-22 00:49:30 --> mysqli_sql_exception: You have an error in your SQL syntax; check the manual that corresponds to your MariaDB server version for the right syntax to use near 'from (((pansamantala.`mst_plant` e
		 where sha2(concat(aa.recid,'mysyztemmy'...' at line 5 in /mdevs/mytestapp/system/Database/MySQLi/Connection.php:292
Stack trace:
#0 /mdevs/mytestapp/system/Database/MySQLi/Connection.php(292): mysqli->query()
#1 /mdevs/mytestapp/system/Database/BaseConnection.php(666): CodeIgniter\Database\MySQLi\Connection->execute()
#2 /mdevs/mytestapp/system/Database/BaseConnection.php(593): CodeIgniter\Database\BaseConnection->simpleQuery()
#3 /mdevs/mytestapp/app/Models/MyLibzDBModel.php(19): CodeIgniter\Database\BaseConnection->query()
#4 /mdevs/mytestapp/app/Views/mtap/fgpack/trx-fg-pack-print.php(33): App\Models\MyLibzDBModel->myoa_sql_exec()
#5 /mdevs/mytestapp/system/View/View.php(213): include('...')
#6 /mdevs/mytestapp/system/View/View.php(216): CodeIgniter\View\View->CodeIgniter\View\{closure}()
#7 /mdevs/mytestapp/system/Common.php(1134): CodeIgniter\View\View->render()
#8 /mdevs/mytestapp/app/Controllers/Fg_packing.php(49): view()
#9 /mdevs/mytestapp/system/CodeIgniter.php(927): App\Controllers\Fg_packing->fgpack_print()
#10 /mdevs/mytestapp/system/CodeIgniter.php(482): CodeIgniter\CodeIgniter->runController()
#11 /mdevs/mytestapp/system/CodeIgniter.php(351): CodeIgniter\CodeIgniter->handleRequest()
#12 /mdevs/mytestapp/public/index.php(67): CodeIgniter\CodeIgniter->run()
#13 {main}
ERROR - 2022-12-22 00:50:34 --> mysqli_sql_exception: You have an error in your SQL syntax; check the manual that corresponds to your MariaDB server version for the right syntax to use near 'from pansamantala.`mst_plant` e' at line 5 in /mdevs/mytestapp/system/Database/MySQLi/Connection.php:292
Stack trace:
#0 /mdevs/mytestapp/system/Database/MySQLi/Connection.php(292): mysqli->query()
#1 /mdevs/mytestapp/system/Database/BaseConnection.php(666): CodeIgniter\Database\MySQLi\Connection->execute()
#2 /mdevs/mytestapp/system/Database/BaseConnection.php(593): CodeIgniter\Database\BaseConnection->simpleQuery()
#3 /mdevs/mytestapp/app/Models/MyLibzDBModel.php(19): CodeIgniter\Database\BaseConnection->query()
#4 /mdevs/mytestapp/app/Views/mtap/fgpack/trx-fg-pack-print.php(33): App\Models\MyLibzDBModel->myoa_sql_exec()
#5 /mdevs/mytestapp/system/View/View.php(213): include('...')
#6 /mdevs/mytestapp/system/View/View.php(216): CodeIgniter\View\View->CodeIgniter\View\{closure}()
#7 /mdevs/mytestapp/system/Common.php(1134): CodeIgniter\View\View->render()
#8 /mdevs/mytestapp/app/Controllers/Fg_packing.php(49): view()
#9 /mdevs/mytestapp/system/CodeIgniter.php(927): App\Controllers\Fg_packing->fgpack_print()
#10 /mdevs/mytestapp/system/CodeIgniter.php(482): CodeIgniter\CodeIgniter->runController()
#11 /mdevs/mytestapp/system/CodeIgniter.php(351): CodeIgniter\CodeIgniter->handleRequest()
#12 /mdevs/mytestapp/public/index.php(67): CodeIgniter\CodeIgniter->run()
#13 {main}
ERROR - 2022-12-22 00:51:05 --> mysqli_sql_exception: You have an error in your SQL syntax; check the manual that corresponds to your MariaDB server version for the right syntax to use near 'from ap2.`mst_plant` e' at line 5 in /mdevs/mytestapp/system/Database/MySQLi/Connection.php:292
Stack trace:
#0 /mdevs/mytestapp/system/Database/MySQLi/Connection.php(292): mysqli->query()
#1 /mdevs/mytestapp/system/Database/BaseConnection.php(666): CodeIgniter\Database\MySQLi\Connection->execute()
#2 /mdevs/mytestapp/system/Database/BaseConnection.php(593): CodeIgniter\Database\BaseConnection->simpleQuery()
#3 /mdevs/mytestapp/app/Models/MyLibzDBModel.php(19): CodeIgniter\Database\BaseConnection->query()
#4 /mdevs/mytestapp/app/Views/mtap/fgpack/trx-fg-pack-print.php(33): App\Models\MyLibzDBModel->myoa_sql_exec()
#5 /mdevs/mytestapp/system/View/View.php(213): include('...')
#6 /mdevs/mytestapp/system/View/View.php(216): CodeIgniter\View\View->CodeIgniter\View\{closure}()
#7 /mdevs/mytestapp/system/Common.php(1134): CodeIgniter\View\View->render()
#8 /mdevs/mytestapp/app/Controllers/Fg_packing.php(49): view()
#9 /mdevs/mytestapp/system/CodeIgniter.php(927): App\Controllers\Fg_packing->fgpack_print()
#10 /mdevs/mytestapp/system/CodeIgniter.php(482): CodeIgniter\CodeIgniter->runController()
#11 /mdevs/mytestapp/system/CodeIgniter.php(351): CodeIgniter\CodeIgniter->handleRequest()
#12 /mdevs/mytestapp/public/index.php(67): CodeIgniter\CodeIgniter->run()
#13 {main}
CRITICAL - 2022-12-22 00:53:19 --> Undefined array key ""
in APPPATH/Views/mtap/fgpack/trx-fg-pack-print.php on line 71.
 1 APPPATH/Views/mtap/fgpack/trx-fg-pack-print.php(71): CodeIgniter\Debug\Exceptions->errorHandler()
 2 SYSTEMPATH/View/View.php(213): include('APPPATH/Views/mtap/fgpack/trx-fg-pack-print.php')
 3 SYSTEMPATH/View/View.php(216): CodeIgniter\View\View->CodeIgniter\View\{closure}()
 4 SYSTEMPATH/Common.php(1134): CodeIgniter\View\View->render()
 5 APPPATH/Controllers/Fg_packing.php(49): view()
 6 SYSTEMPATH/CodeIgniter.php(927): App\Controllers\Fg_packing->fgpack_print()
 7 SYSTEMPATH/CodeIgniter.php(482): CodeIgniter\CodeIgniter->runController()
 8 SYSTEMPATH/CodeIgniter.php(351): CodeIgniter\CodeIgniter->handleRequest()
 9 FCPATH/index.php(67): CodeIgniter\CodeIgniter->run()
CRITICAL - 2022-12-22 01:00:05 --> Trying to access array offset on value of type null
in APPPATH/Views/mtap/fgpack/trx-fg-pack-print.php on line 80.
 1 APPPATH/Views/mtap/fgpack/trx-fg-pack-print.php(80): CodeIgniter\Debug\Exceptions->errorHandler()
 2 SYSTEMPATH/View/View.php(213): include('APPPATH/Views/mtap/fgpack/trx-fg-pack-print.php')
 3 SYSTEMPATH/View/View.php(216): CodeIgniter\View\View->CodeIgniter\View\{closure}()
 4 SYSTEMPATH/Common.php(1134): CodeIgniter\View\View->render()
 5 APPPATH/Controllers/Fg_packing.php(49): view()
 6 SYSTEMPATH/CodeIgniter.php(927): App\Controllers\Fg_packing->fgpack_print()
 7 SYSTEMPATH/CodeIgniter.php(482): CodeIgniter\CodeIgniter->runController()
 8 SYSTEMPATH/CodeIgniter.php(351): CodeIgniter\CodeIgniter->handleRequest()
 9 FCPATH/index.php(67): CodeIgniter\CodeIgniter->run()
CRITICAL - 2022-12-22 01:17:06 --> Undefined variable $r
in APPPATH/Views/mtap/fgpack/trx-fg-pack-print.php on line 83.
 1 APPPATH/Views/mtap/fgpack/trx-fg-pack-print.php(83): CodeIgniter\Debug\Exceptions->errorHandler()
 2 SYSTEMPATH/View/View.php(213): include('APPPATH/Views/mtap/fgpack/trx-fg-pack-print.php')
 3 SYSTEMPATH/View/View.php(216): CodeIgniter\View\View->CodeIgniter\View\{closure}()
 4 SYSTEMPATH/Common.php(1134): CodeIgniter\View\View->render()
 5 APPPATH/Controllers/Fg_packing.php(49): view()
 6 SYSTEMPATH/CodeIgniter.php(927): App\Controllers\Fg_packing->fgpack_print()
 7 SYSTEMPATH/CodeIgniter.php(482): CodeIgniter\CodeIgniter->runController()
 8 SYSTEMPATH/CodeIgniter.php(351): CodeIgniter\CodeIgniter->handleRequest()
 9 FCPATH/index.php(67): CodeIgniter\CodeIgniter->run()
ERROR - 2022-12-22 01:23:35 --> mysqli_sql_exception: You have an error in your SQL syntax; check the manual that corresponds to your MariaDB server version for the right syntax to use near '=' at line 14 in /mdevs/mytestapp/system/Database/MySQLi/Connection.php:292
Stack trace:
#0 /mdevs/mytestapp/system/Database/MySQLi/Connection.php(292): mysqli->query()
#1 /mdevs/mytestapp/system/Database/BaseConnection.php(666): CodeIgniter\Database\MySQLi\Connection->execute()
#2 /mdevs/mytestapp/system/Database/BaseConnection.php(593): CodeIgniter\Database\BaseConnection->simpleQuery()
#3 /mdevs/mytestapp/app/Models/MyLibzDBModel.php(19): CodeIgniter\Database\BaseConnection->query()
#4 /mdevs/mytestapp/app/Views/mtap/fgpack/trx-fg-pack-print.php(40): App\Models\MyLibzDBModel->myoa_sql_exec()
#5 /mdevs/mytestapp/system/View/View.php(213): include('...')
#6 /mdevs/mytestapp/system/View/View.php(216): CodeIgniter\View\View->CodeIgniter\View\{closure}()
#7 /mdevs/mytestapp/system/Common.php(1134): CodeIgniter\View\View->render()
#8 /mdevs/mytestapp/app/Controllers/Fg_packing.php(49): view()
#9 /mdevs/mytestapp/system/CodeIgniter.php(927): App\Controllers\Fg_packing->fgpack_print()
#10 /mdevs/mytestapp/system/CodeIgniter.php(482): CodeIgniter\CodeIgniter->runController()
#11 /mdevs/mytestapp/system/CodeIgniter.php(351): CodeIgniter\CodeIgniter->handleRequest()
#12 /mdevs/mytestapp/public/index.php(67): CodeIgniter\CodeIgniter->run()
#13 {main}
ERROR - 2022-12-22 01:25:04 --> mysqli_sql_exception: You have an error in your SQL syntax; check the manual that corresponds to your MariaDB server version for the right syntax to use near '' at line 15 in /mdevs/mytestapp/system/Database/MySQLi/Connection.php:292
Stack trace:
#0 /mdevs/mytestapp/system/Database/MySQLi/Connection.php(292): mysqli->query()
#1 /mdevs/mytestapp/system/Database/BaseConnection.php(666): CodeIgniter\Database\MySQLi\Connection->execute()
#2 /mdevs/mytestapp/system/Database/BaseConnection.php(593): CodeIgniter\Database\BaseConnection->simpleQuery()
#3 /mdevs/mytestapp/app/Models/MyLibzDBModel.php(19): CodeIgniter\Database\BaseConnection->query()
#4 /mdevs/mytestapp/app/Views/mtap/fgpack/trx-fg-pack-print.php(41): App\Models\MyLibzDBModel->myoa_sql_exec()
#5 /mdevs/mytestapp/system/View/View.php(213): include('...')
#6 /mdevs/mytestapp/system/View/View.php(216): CodeIgniter\View\View->CodeIgniter\View\{closure}()
#7 /mdevs/mytestapp/system/Common.php(1134): CodeIgniter\View\View->render()
#8 /mdevs/mytestapp/app/Controllers/Fg_packing.php(49): view()
#9 /mdevs/mytestapp/system/CodeIgniter.php(927): App\Controllers\Fg_packing->fgpack_print()
#10 /mdevs/mytestapp/system/CodeIgniter.php(482): CodeIgniter\CodeIgniter->runController()
#11 /mdevs/mytestapp/system/CodeIgniter.php(351): CodeIgniter\CodeIgniter->handleRequest()
#12 /mdevs/mytestapp/public/index.php(67): CodeIgniter\CodeIgniter->run()
#13 {main}
ERROR - 2022-12-22 01:25:05 --> mysqli_sql_exception: You have an error in your SQL syntax; check the manual that corresponds to your MariaDB server version for the right syntax to use near '' at line 15 in /mdevs/mytestapp/system/Database/MySQLi/Connection.php:292
Stack trace:
#0 /mdevs/mytestapp/system/Database/MySQLi/Connection.php(292): mysqli->query()
#1 /mdevs/mytestapp/system/Database/BaseConnection.php(666): CodeIgniter\Database\MySQLi\Connection->execute()
#2 /mdevs/mytestapp/system/Database/BaseConnection.php(593): CodeIgniter\Database\BaseConnection->simpleQuery()
#3 /mdevs/mytestapp/app/Models/MyLibzDBModel.php(19): CodeIgniter\Database\BaseConnection->query()
#4 /mdevs/mytestapp/app/Views/mtap/fgpack/trx-fg-pack-print.php(41): App\Models\MyLibzDBModel->myoa_sql_exec()
#5 /mdevs/mytestapp/system/View/View.php(213): include('...')
#6 /mdevs/mytestapp/system/View/View.php(216): CodeIgniter\View\View->CodeIgniter\View\{closure}()
#7 /mdevs/mytestapp/system/Common.php(1134): CodeIgniter\View\View->render()
#8 /mdevs/mytestapp/app/Controllers/Fg_packing.php(49): view()
#9 /mdevs/mytestapp/system/CodeIgniter.php(927): App\Controllers\Fg_packing->fgpack_print()
#10 /mdevs/mytestapp/system/CodeIgniter.php(482): CodeIgniter\CodeIgniter->runController()
#11 /mdevs/mytestapp/system/CodeIgniter.php(351): CodeIgniter\CodeIgniter->handleRequest()
#12 /mdevs/mytestapp/public/index.php(67): CodeIgniter\CodeIgniter->run()
#13 {main}
ERROR - 2022-12-22 01:25:05 --> mysqli_sql_exception: You have an error in your SQL syntax; check the manual that corresponds to your MariaDB server version for the right syntax to use near '' at line 15 in /mdevs/mytestapp/system/Database/MySQLi/Connection.php:292
Stack trace:
#0 /mdevs/mytestapp/system/Database/MySQLi/Connection.php(292): mysqli->query()
#1 /mdevs/mytestapp/system/Database/BaseConnection.php(666): CodeIgniter\Database\MySQLi\Connection->execute()
#2 /mdevs/mytestapp/system/Database/BaseConnection.php(593): CodeIgniter\Database\BaseConnection->simpleQuery()
#3 /mdevs/mytestapp/app/Models/MyLibzDBModel.php(19): CodeIgniter\Database\BaseConnection->query()
#4 /mdevs/mytestapp/app/Views/mtap/fgpack/trx-fg-pack-print.php(41): App\Models\MyLibzDBModel->myoa_sql_exec()
#5 /mdevs/mytestapp/system/View/View.php(213): include('...')
#6 /mdevs/mytestapp/system/View/View.php(216): CodeIgniter\View\View->CodeIgniter\View\{closure}()
#7 /mdevs/mytestapp/system/Common.php(1134): CodeIgniter\View\View->render()
#8 /mdevs/mytestapp/app/Controllers/Fg_packing.php(49): view()
#9 /mdevs/mytestapp/system/CodeIgniter.php(927): App\Controllers\Fg_packing->fgpack_print()
#10 /mdevs/mytestapp/system/CodeIgniter.php(482): CodeIgniter\CodeIgniter->runController()
#11 /mdevs/mytestapp/system/CodeIgniter.php(351): CodeIgniter\CodeIgniter->handleRequest()
#12 /mdevs/mytestapp/public/index.php(67): CodeIgniter\CodeIgniter->run()
#13 {main}
ERROR - 2022-12-22 01:25:06 --> mysqli_sql_exception: You have an error in your SQL syntax; check the manual that corresponds to your MariaDB server version for the right syntax to use near '' at line 15 in /mdevs/mytestapp/system/Database/MySQLi/Connection.php:292
Stack trace:
#0 /mdevs/mytestapp/system/Database/MySQLi/Connection.php(292): mysqli->query()
#1 /mdevs/mytestapp/system/Database/BaseConnection.php(666): CodeIgniter\Database\MySQLi\Connection->execute()
#2 /mdevs/mytestapp/system/Database/BaseConnection.php(593): CodeIgniter\Database\BaseConnection->simpleQuery()
#3 /mdevs/mytestapp/app/Models/MyLibzDBModel.php(19): CodeIgniter\Database\BaseConnection->query()
#4 /mdevs/mytestapp/app/Views/mtap/fgpack/trx-fg-pack-print.php(41): App\Models\MyLibzDBModel->myoa_sql_exec()
#5 /mdevs/mytestapp/system/View/View.php(213): include('...')
#6 /mdevs/mytestapp/system/View/View.php(216): CodeIgniter\View\View->CodeIgniter\View\{closure}()
#7 /mdevs/mytestapp/system/Common.php(1134): CodeIgniter\View\View->render()
#8 /mdevs/mytestapp/app/Controllers/Fg_packing.php(49): view()
#9 /mdevs/mytestapp/system/CodeIgniter.php(927): App\Controllers\Fg_packing->fgpack_print()
#10 /mdevs/mytestapp/system/CodeIgniter.php(482): CodeIgniter\CodeIgniter->runController()
#11 /mdevs/mytestapp/system/CodeIgniter.php(351): CodeIgniter\CodeIgniter->handleRequest()
#12 /mdevs/mytestapp/public/index.php(67): CodeIgniter\CodeIgniter->run()
#13 {main}
ERROR - 2022-12-22 01:25:06 --> mysqli_sql_exception: You have an error in your SQL syntax; check the manual that corresponds to your MariaDB server version for the right syntax to use near '' at line 15 in /mdevs/mytestapp/system/Database/MySQLi/Connection.php:292
Stack trace:
#0 /mdevs/mytestapp/system/Database/MySQLi/Connection.php(292): mysqli->query()
#1 /mdevs/mytestapp/system/Database/BaseConnection.php(666): CodeIgniter\Database\MySQLi\Connection->execute()
#2 /mdevs/mytestapp/system/Database/BaseConnection.php(593): CodeIgniter\Database\BaseConnection->simpleQuery()
#3 /mdevs/mytestapp/app/Models/MyLibzDBModel.php(19): CodeIgniter\Database\BaseConnection->query()
#4 /mdevs/mytestapp/app/Views/mtap/fgpack/trx-fg-pack-print.php(41): App\Models\MyLibzDBModel->myoa_sql_exec()
#5 /mdevs/mytestapp/system/View/View.php(213): include('...')
#6 /mdevs/mytestapp/system/View/View.php(216): CodeIgniter\View\View->CodeIgniter\View\{closure}()
#7 /mdevs/mytestapp/system/Common.php(1134): CodeIgniter\View\View->render()
#8 /mdevs/mytestapp/app/Controllers/Fg_packing.php(49): view()
#9 /mdevs/mytestapp/system/CodeIgniter.php(927): App\Controllers\Fg_packing->fgpack_print()
#10 /mdevs/mytestapp/system/CodeIgniter.php(482): CodeIgniter\CodeIgniter->runController()
#11 /mdevs/mytestapp/system/CodeIgniter.php(351): CodeIgniter\CodeIgniter->handleRequest()
#12 /mdevs/mytestapp/public/index.php(67): CodeIgniter\CodeIgniter->run()
#13 {main}
ERROR - 2022-12-22 01:25:06 --> mysqli_sql_exception: You have an error in your SQL syntax; check the manual that corresponds to your MariaDB server version for the right syntax to use near '' at line 15 in /mdevs/mytestapp/system/Database/MySQLi/Connection.php:292
Stack trace:
#0 /mdevs/mytestapp/system/Database/MySQLi/Connection.php(292): mysqli->query()
#1 /mdevs/mytestapp/system/Database/BaseConnection.php(666): CodeIgniter\Database\MySQLi\Connection->execute()
#2 /mdevs/mytestapp/system/Database/BaseConnection.php(593): CodeIgniter\Database\BaseConnection->simpleQuery()
#3 /mdevs/mytestapp/app/Models/MyLibzDBModel.php(19): CodeIgniter\Database\BaseConnection->query()
#4 /mdevs/mytestapp/app/Views/mtap/fgpack/trx-fg-pack-print.php(41): App\Models\MyLibzDBModel->myoa_sql_exec()
#5 /mdevs/mytestapp/system/View/View.php(213): include('...')
#6 /mdevs/mytestapp/system/View/View.php(216): CodeIgniter\View\View->CodeIgniter\View\{closure}()
#7 /mdevs/mytestapp/system/Common.php(1134): CodeIgniter\View\View->render()
#8 /mdevs/mytestapp/app/Controllers/Fg_packing.php(49): view()
#9 /mdevs/mytestapp/system/CodeIgniter.php(927): App\Controllers\Fg_packing->fgpack_print()
#10 /mdevs/mytestapp/system/CodeIgniter.php(482): CodeIgniter\CodeIgniter->runController()
#11 /mdevs/mytestapp/system/CodeIgniter.php(351): CodeIgniter\CodeIgniter->handleRequest()
#12 /mdevs/mytestapp/public/index.php(67): CodeIgniter\CodeIgniter->run()
#13 {main}
ERROR - 2022-12-22 01:28:11 --> mysqli_sql_exception: Unknown column 'mysyztemmy' in 'where clause' in /mdevs/mytestapp/system/Database/MySQLi/Connection.php:292
Stack trace:
#0 /mdevs/mytestapp/system/Database/MySQLi/Connection.php(292): mysqli->query()
#1 /mdevs/mytestapp/system/Database/BaseConnection.php(666): CodeIgniter\Database\MySQLi\Connection->execute()
#2 /mdevs/mytestapp/system/Database/BaseConnection.php(593): CodeIgniter\Database\BaseConnection->simpleQuery()
#3 /mdevs/mytestapp/app/Models/MyLibzDBModel.php(19): CodeIgniter\Database\BaseConnection->query()
#4 /mdevs/mytestapp/app/Views/mtap/fgpack/trx-fg-pack-print.php(41): App\Models\MyLibzDBModel->myoa_sql_exec()
#5 /mdevs/mytestapp/system/View/View.php(213): include('...')
#6 /mdevs/mytestapp/system/View/View.php(216): CodeIgniter\View\View->CodeIgniter\View\{closure}()
#7 /mdevs/mytestapp/system/Common.php(1134): CodeIgniter\View\View->render()
#8 /mdevs/mytestapp/app/Controllers/Fg_packing.php(49): view()
#9 /mdevs/mytestapp/system/CodeIgniter.php(927): App\Controllers\Fg_packing->fgpack_print()
#10 /mdevs/mytestapp/system/CodeIgniter.php(482): CodeIgniter\CodeIgniter->runController()
#11 /mdevs/mytestapp/system/CodeIgniter.php(351): CodeIgniter\CodeIgniter->handleRequest()
#12 /mdevs/mytestapp/public/index.php(67): CodeIgniter\CodeIgniter->run()
#13 {main}
ERROR - 2022-12-22 01:28:40 --> mysqli_sql_exception: Unknown column 'mysyztemmy' in 'where clause' in /mdevs/mytestapp/system/Database/MySQLi/Connection.php:292
Stack trace:
#0 /mdevs/mytestapp/system/Database/MySQLi/Connection.php(292): mysqli->query()
#1 /mdevs/mytestapp/system/Database/BaseConnection.php(666): CodeIgniter\Database\MySQLi\Connection->execute()
#2 /mdevs/mytestapp/system/Database/BaseConnection.php(593): CodeIgniter\Database\BaseConnection->simpleQuery()
#3 /mdevs/mytestapp/app/Models/MyLibzDBModel.php(19): CodeIgniter\Database\BaseConnection->query()
#4 /mdevs/mytestapp/app/Views/mtap/fgpack/trx-fg-pack-print.php(41): App\Models\MyLibzDBModel->myoa_sql_exec()
#5 /mdevs/mytestapp/system/View/View.php(213): include('...')
#6 /mdevs/mytestapp/system/View/View.php(216): CodeIgniter\View\View->CodeIgniter\View\{closure}()
#7 /mdevs/mytestapp/system/Common.php(1134): CodeIgniter\View\View->render()
#8 /mdevs/mytestapp/app/Controllers/Fg_packing.php(49): view()
#9 /mdevs/mytestapp/system/CodeIgniter.php(927): App\Controllers\Fg_packing->fgpack_print()
#10 /mdevs/mytestapp/system/CodeIgniter.php(482): CodeIgniter\CodeIgniter->runController()
#11 /mdevs/mytestapp/system/CodeIgniter.php(351): CodeIgniter\CodeIgniter->handleRequest()
#12 /mdevs/mytestapp/public/index.php(67): CodeIgniter\CodeIgniter->run()
#13 {main}
ERROR - 2022-12-22 01:29:31 --> mysqli_sql_exception: You have an error in your SQL syntax; check the manual that corresponds to your MariaDB server version for the right syntax to use near 'from (((ap2.`gw_fg_pack_hd` aa 
join  ap2.`mst_plant`  e
ON (aa.`plnt_id` = e...' at line 7 in /mdevs/mytestapp/system/Database/MySQLi/Connection.php:292
Stack trace:
#0 /mdevs/mytestapp/system/Database/MySQLi/Connection.php(292): mysqli->query()
#1 /mdevs/mytestapp/system/Database/BaseConnection.php(666): CodeIgniter\Database\MySQLi\Connection->execute()
#2 /mdevs/mytestapp/system/Database/BaseConnection.php(593): CodeIgniter\Database\BaseConnection->simpleQuery()
#3 /mdevs/mytestapp/app/Models/MyLibzDBModel.php(19): CodeIgniter\Database\BaseConnection->query()
#4 /mdevs/mytestapp/app/Views/mtap/fgpack/trx-fg-pack-print.php(39): App\Models\MyLibzDBModel->myoa_sql_exec()
#5 /mdevs/mytestapp/system/View/View.php(213): include('...')
#6 /mdevs/mytestapp/system/View/View.php(216): CodeIgniter\View\View->CodeIgniter\View\{closure}()
#7 /mdevs/mytestapp/system/Common.php(1134): CodeIgniter\View\View->render()
#8 /mdevs/mytestapp/app/Controllers/Fg_packing.php(49): view()
#9 /mdevs/mytestapp/system/CodeIgniter.php(927): App\Controllers\Fg_packing->fgpack_print()
#10 /mdevs/mytestapp/system/CodeIgniter.php(482): CodeIgniter\CodeIgniter->runController()
#11 /mdevs/mytestapp/system/CodeIgniter.php(351): CodeIgniter\CodeIgniter->handleRequest()
#12 /mdevs/mytestapp/public/index.php(67): CodeIgniter\CodeIgniter->run()
#13 {main}
CRITICAL - 2022-12-22 01:38:28 --> Trying to access array offset on value of type null
in APPPATH/Views/mtap/fgpack/trx-fg-pack-print.php on line 79.
 1 APPPATH/Views/mtap/fgpack/trx-fg-pack-print.php(79): CodeIgniter\Debug\Exceptions->errorHandler()
 2 SYSTEMPATH/View/View.php(213): include('APPPATH/Views/mtap/fgpack/trx-fg-pack-print.php')
 3 SYSTEMPATH/View/View.php(216): CodeIgniter\View\View->CodeIgniter\View\{closure}()
 4 SYSTEMPATH/Common.php(1134): CodeIgniter\View\View->render()
 5 APPPATH/Controllers/Fg_packing.php(49): view()
 6 SYSTEMPATH/CodeIgniter.php(927): App\Controllers\Fg_packing->fgpack_print()
 7 SYSTEMPATH/CodeIgniter.php(482): CodeIgniter\CodeIgniter->runController()
 8 SYSTEMPATH/CodeIgniter.php(351): CodeIgniter\CodeIgniter->handleRequest()
 9 FCPATH/index.php(67): CodeIgniter\CodeIgniter->run()
CRITICAL - 2022-12-22 01:40:34 --> Trying to access array offset on value of type null
in APPPATH/Views/mtap/fgpack/trx-fg-pack-print.php on line 78.
 1 APPPATH/Views/mtap/fgpack/trx-fg-pack-print.php(78): CodeIgniter\Debug\Exceptions->errorHandler()
 2 SYSTEMPATH/View/View.php(213): include('APPPATH/Views/mtap/fgpack/trx-fg-pack-print.php')
 3 SYSTEMPATH/View/View.php(216): CodeIgniter\View\View->CodeIgniter\View\{closure}()
 4 SYSTEMPATH/Common.php(1134): CodeIgniter\View\View->render()
 5 APPPATH/Controllers/Fg_packing.php(49): view()
 6 SYSTEMPATH/CodeIgniter.php(927): App\Controllers\Fg_packing->fgpack_print()
 7 SYSTEMPATH/CodeIgniter.php(482): CodeIgniter\CodeIgniter->runController()
 8 SYSTEMPATH/CodeIgniter.php(351): CodeIgniter\CodeIgniter->handleRequest()
 9 FCPATH/index.php(67): CodeIgniter\CodeIgniter->run()
ERROR - 2022-12-22 01:57:55 --> mysqli_sql_exception: You have an error in your SQL syntax; check the manual that corresponds to your MariaDB server version for the right syntax to use near 'where aa.`fgpackhd_rid` =  
	GROUP BY aa.`recid`
	order by aa.recid' at line 14 in /mdevs/mytestapp/system/Database/MySQLi/Connection.php:292
Stack trace:
#0 /mdevs/mytestapp/system/Database/MySQLi/Connection.php(292): mysqli->query()
#1 /mdevs/mytestapp/system/Database/BaseConnection.php(666): CodeIgniter\Database\MySQLi\Connection->execute()
#2 /mdevs/mytestapp/system/Database/BaseConnection.php(593): CodeIgniter\Database\BaseConnection->simpleQuery()
#3 /mdevs/mytestapp/app/Models/MyLibzDBModel.php(19): CodeIgniter\Database\BaseConnection->query()
#4 /mdevs/mytestapp/app/Views/mtap/fgpack/trx-fg-pack-print.php(64): App\Models\MyLibzDBModel->myoa_sql_exec()
#5 /mdevs/mytestapp/system/View/View.php(213): include('...')
#6 /mdevs/mytestapp/system/View/View.php(216): CodeIgniter\View\View->CodeIgniter\View\{closure}()
#7 /mdevs/mytestapp/system/Common.php(1134): CodeIgniter\View\View->render()
#8 /mdevs/mytestapp/app/Controllers/Fg_packing.php(49): view()
#9 /mdevs/mytestapp/system/CodeIgniter.php(927): App\Controllers\Fg_packing->fgpack_print()
#10 /mdevs/mytestapp/system/CodeIgniter.php(482): CodeIgniter\CodeIgniter->runController()
#11 /mdevs/mytestapp/system/CodeIgniter.php(351): CodeIgniter\CodeIgniter->handleRequest()
#12 /mdevs/mytestapp/public/index.php(67): CodeIgniter\CodeIgniter->run()
#13 {main}
ERROR - 2022-12-22 02:08:35 --> mysqli_sql_exception: You have an error in your SQL syntax; check the manual that corresponds to your MariaDB server version for the right syntax to use near 'where aa.`fgpackhd_rid` =  
	GROUP BY aa.`recid`
	order by aa.recid' at line 14 in /mdevs/mytestapp/system/Database/MySQLi/Connection.php:292
Stack trace:
#0 /mdevs/mytestapp/system/Database/MySQLi/Connection.php(292): mysqli->query()
#1 /mdevs/mytestapp/system/Database/BaseConnection.php(666): CodeIgniter\Database\MySQLi\Connection->execute()
#2 /mdevs/mytestapp/system/Database/BaseConnection.php(593): CodeIgniter\Database\BaseConnection->simpleQuery()
#3 /mdevs/mytestapp/app/Models/MyLibzDBModel.php(19): CodeIgniter\Database\BaseConnection->query()
#4 /mdevs/mytestapp/app/Views/mtap/fgpack/trx-fg-pack-print.php(64): App\Models\MyLibzDBModel->myoa_sql_exec()
#5 /mdevs/mytestapp/system/View/View.php(213): include('...')
#6 /mdevs/mytestapp/system/View/View.php(216): CodeIgniter\View\View->CodeIgniter\View\{closure}()
#7 /mdevs/mytestapp/system/Common.php(1134): CodeIgniter\View\View->render()
#8 /mdevs/mytestapp/app/Controllers/Fg_packing.php(49): view()
#9 /mdevs/mytestapp/system/CodeIgniter.php(927): App\Controllers\Fg_packing->fgpack_print()
#10 /mdevs/mytestapp/system/CodeIgniter.php(482): CodeIgniter\CodeIgniter->runController()
#11 /mdevs/mytestapp/system/CodeIgniter.php(351): CodeIgniter\CodeIgniter->handleRequest()
#12 /mdevs/mytestapp/public/index.php(67): CodeIgniter\CodeIgniter->run()
#13 {main}
CRITICAL - 2022-12-22 18:07:34 --> Undefined variable $q3
in APPPATH/Views/mtap/fgpack/trx-fg-pack-print.php on line 130.
 1 APPPATH/Views/mtap/fgpack/trx-fg-pack-print.php(130): CodeIgniter\Debug\Exceptions->errorHandler()
 2 SYSTEMPATH/View/View.php(213): include('APPPATH/Views/mtap/fgpack/trx-fg-pack-print.php')
 3 SYSTEMPATH/View/View.php(216): CodeIgniter\View\View->CodeIgniter\View\{closure}()
 4 SYSTEMPATH/Common.php(1134): CodeIgniter\View\View->render()
 5 APPPATH/Controllers/Fg_packing.php(49): view()
 6 SYSTEMPATH/CodeIgniter.php(927): App\Controllers\Fg_packing->fgpack_print()
 7 SYSTEMPATH/CodeIgniter.php(482): CodeIgniter\CodeIgniter->runController()
 8 SYSTEMPATH/CodeIgniter.php(351): CodeIgniter\CodeIgniter->handleRequest()
 9 FCPATH/index.php(67): CodeIgniter\CodeIgniter->run()
ERROR - 2022-12-22 18:11:52 --> mysqli_sql_exception: Table 'pansamantala.gw_po_hd' doesn't exist in /mdevs/mytestapp/system/Database/MySQLi/Connection.php:292
Stack trace:
#0 /mdevs/mytestapp/system/Database/MySQLi/Connection.php(292): mysqli->query()
#1 /mdevs/mytestapp/system/Database/BaseConnection.php(666): CodeIgniter\Database\MySQLi\Connection->execute()
#2 /mdevs/mytestapp/system/Database/BaseConnection.php(593): CodeIgniter\Database\BaseConnection->simpleQuery()
#3 /mdevs/mytestapp/app/Models/MyLibzDBModel.php(19): CodeIgniter\Database\BaseConnection->query()
#4 /mdevs/mytestapp/app/Views/mtap/fgpack/trx-fg-pack-print.php(30): App\Models\MyLibzDBModel->myoa_sql_exec()
#5 /mdevs/mytestapp/system/View/View.php(213): include('...')
#6 /mdevs/mytestapp/system/View/View.php(216): CodeIgniter\View\View->CodeIgniter\View\{closure}()
#7 /mdevs/mytestapp/system/Common.php(1134): CodeIgniter\View\View->render()
#8 /mdevs/mytestapp/app/Controllers/Fg_packing.php(49): view()
#9 /mdevs/mytestapp/system/CodeIgniter.php(927): App\Controllers\Fg_packing->fgpack_print()
#10 /mdevs/mytestapp/system/CodeIgniter.php(482): CodeIgniter\CodeIgniter->runController()
#11 /mdevs/mytestapp/system/CodeIgniter.php(351): CodeIgniter\CodeIgniter->handleRequest()
#12 /mdevs/mytestapp/public/index.php(67): CodeIgniter\CodeIgniter->run()
#13 {main}
ERROR - 2022-12-22 18:13:33 --> mysqli_sql_exception: Table 'pansamantala.gw_po_hd' doesn't exist in /mdevs/mytestapp/system/Database/MySQLi/Connection.php:292
Stack trace:
#0 /mdevs/mytestapp/system/Database/MySQLi/Connection.php(292): mysqli->query()
#1 /mdevs/mytestapp/system/Database/BaseConnection.php(666): CodeIgniter\Database\MySQLi\Connection->execute()
#2 /mdevs/mytestapp/system/Database/BaseConnection.php(593): CodeIgniter\Database\BaseConnection->simpleQuery()
#3 /mdevs/mytestapp/app/Models/MyLibzDBModel.php(19): CodeIgniter\Database\BaseConnection->query()
#4 /mdevs/mytestapp/app/Views/mtap/fgpack/trx-fg-pack-print.php(30): App\Models\MyLibzDBModel->myoa_sql_exec()
#5 /mdevs/mytestapp/system/View/View.php(213): include('...')
#6 /mdevs/mytestapp/system/View/View.php(216): CodeIgniter\View\View->CodeIgniter\View\{closure}()
#7 /mdevs/mytestapp/system/Common.php(1134): CodeIgniter\View\View->render()
#8 /mdevs/mytestapp/app/Controllers/Fg_packing.php(49): view()
#9 /mdevs/mytestapp/system/CodeIgniter.php(927): App\Controllers\Fg_packing->fgpack_print()
#10 /mdevs/mytestapp/system/CodeIgniter.php(482): CodeIgniter\CodeIgniter->runController()
#11 /mdevs/mytestapp/system/CodeIgniter.php(351): CodeIgniter\CodeIgniter->handleRequest()
#12 /mdevs/mytestapp/public/index.php(67): CodeIgniter\CodeIgniter->run()
#13 {main}
CRITICAL - 2022-12-22 18:14:34 --> The route for "me-purchase-vw" cannot be found.
in SYSTEMPATH/HTTP/RedirectResponse.php on line 60.
 1 SYSTEMPATH/HTTP/RedirectResponse.php(60): CodeIgniter\HTTP\Exceptions\HTTPException::forInvalidRedirectRoute()
 2 SYSTEMPATH/Common.php(860): CodeIgniter\HTTP\RedirectResponse->route()
 3 APPPATH/Views/mtap/fgpack/trx-fg-pack-print.php(69): redirect()
 4 SYSTEMPATH/View/View.php(213): include('APPPATH/Views/mtap/fgpack/trx-fg-pack-print.php')
 5 SYSTEMPATH/View/View.php(216): CodeIgniter\View\View->CodeIgniter\View\{closure}()
 6 SYSTEMPATH/Common.php(1134): CodeIgniter\View\View->render()
 7 APPPATH/Controllers/Fg_packing.php(49): view()
 8 SYSTEMPATH/CodeIgniter.php(927): App\Controllers\Fg_packing->fgpack_print()
 9 SYSTEMPATH/CodeIgniter.php(482): CodeIgniter\CodeIgniter->runController()
10 SYSTEMPATH/CodeIgniter.php(351): CodeIgniter\CodeIgniter->handleRequest()
11 FCPATH/index.php(67): CodeIgniter\CodeIgniter->run()
CRITICAL - 2022-12-22 18:14:50 --> Undefined variable $PO_CTRLNO
in APPPATH/Views/mtap/fgpack/trx-fg-pack-print.php on line 83.
 1 APPPATH/Views/mtap/fgpack/trx-fg-pack-print.php(83): CodeIgniter\Debug\Exceptions->errorHandler()
 2 SYSTEMPATH/View/View.php(213): include('APPPATH/Views/mtap/fgpack/trx-fg-pack-print.php')
 3 SYSTEMPATH/View/View.php(216): CodeIgniter\View\View->CodeIgniter\View\{closure}()
 4 SYSTEMPATH/Common.php(1134): CodeIgniter\View\View->render()
 5 APPPATH/Controllers/Fg_packing.php(49): view()
 6 SYSTEMPATH/CodeIgniter.php(927): App\Controllers\Fg_packing->fgpack_print()
 7 SYSTEMPATH/CodeIgniter.php(482): CodeIgniter\CodeIgniter->runController()
 8 SYSTEMPATH/CodeIgniter.php(351): CodeIgniter\CodeIgniter->handleRequest()
 9 FCPATH/index.php(67): CodeIgniter\CodeIgniter->run()
ERROR - 2022-12-22 18:15:18 --> mysqli_sql_exception: You have an error in your SQL syntax; check the manual that corresponds to your MariaDB server version for the right syntax to use near 'GROUP BY aa.`art_rid`
	order by aa.recid' at line 17 in /mdevs/mytestapp/system/Database/MySQLi/Connection.php:292
Stack trace:
#0 /mdevs/mytestapp/system/Database/MySQLi/Connection.php(292): mysqli->query()
#1 /mdevs/mytestapp/system/Database/BaseConnection.php(666): CodeIgniter\Database\MySQLi\Connection->execute()
#2 /mdevs/mytestapp/system/Database/BaseConnection.php(593): CodeIgniter\Database\BaseConnection->simpleQuery()
#3 /mdevs/mytestapp/app/Models/MyLibzDBModel.php(19): CodeIgniter\Database\BaseConnection->query()
#4 /mdevs/mytestapp/app/Views/mtap/fgpack/trx-fg-pack-print.php(213): App\Models\MyLibzDBModel->myoa_sql_exec()
#5 /mdevs/mytestapp/system/View/View.php(213): include('...')
#6 /mdevs/mytestapp/system/View/View.php(216): CodeIgniter\View\View->CodeIgniter\View\{closure}()
#7 /mdevs/mytestapp/system/Common.php(1134): CodeIgniter\View\View->render()
#8 /mdevs/mytestapp/app/Controllers/Fg_packing.php(49): view()
#9 /mdevs/mytestapp/system/CodeIgniter.php(927): App\Controllers\Fg_packing->fgpack_print()
#10 /mdevs/mytestapp/system/CodeIgniter.php(482): CodeIgniter\CodeIgniter->runController()
#11 /mdevs/mytestapp/system/CodeIgniter.php(351): CodeIgniter\CodeIgniter->handleRequest()
#12 /mdevs/mytestapp/public/index.php(67): CodeIgniter\CodeIgniter->run()
#13 {main}
CRITICAL - 2022-12-22 18:16:10 --> Undefined variable $r
in APPPATH/Views/mtap/fgpack/trx-fg-pack-print.php on line 218.
 1 APPPATH/Views/mtap/fgpack/trx-fg-pack-print.php(218): CodeIgniter\Debug\Exceptions->errorHandler()
 2 SYSTEMPATH/View/View.php(213): include('APPPATH/Views/mtap/fgpack/trx-fg-pack-print.php')
 3 SYSTEMPATH/View/View.php(216): CodeIgniter\View\View->CodeIgniter\View\{closure}()
 4 SYSTEMPATH/Common.php(1134): CodeIgniter\View\View->render()
 5 APPPATH/Controllers/Fg_packing.php(49): view()
 6 SYSTEMPATH/CodeIgniter.php(927): App\Controllers\Fg_packing->fgpack_print()
 7 SYSTEMPATH/CodeIgniter.php(482): CodeIgniter\CodeIgniter->runController()
 8 SYSTEMPATH/CodeIgniter.php(351): CodeIgniter\CodeIgniter->handleRequest()
 9 FCPATH/index.php(67): CodeIgniter\CodeIgniter->run()
CRITICAL - 2022-12-22 18:17:48 --> Undefined variable $r
in APPPATH/Views/mtap/fgpack/trx-fg-pack-print.php on line 230.
 1 APPPATH/Views/mtap/fgpack/trx-fg-pack-print.php(230): CodeIgniter\Debug\Exceptions->errorHandler()
 2 SYSTEMPATH/View/View.php(213): include('APPPATH/Views/mtap/fgpack/trx-fg-pack-print.php')
 3 SYSTEMPATH/View/View.php(216): CodeIgniter\View\View->CodeIgniter\View\{closure}()
 4 SYSTEMPATH/Common.php(1134): CodeIgniter\View\View->render()
 5 APPPATH/Controllers/Fg_packing.php(49): view()
 6 SYSTEMPATH/CodeIgniter.php(927): App\Controllers\Fg_packing->fgpack_print()
 7 SYSTEMPATH/CodeIgniter.php(482): CodeIgniter\CodeIgniter->runController()
 8 SYSTEMPATH/CodeIgniter.php(351): CodeIgniter\CodeIgniter->handleRequest()
 9 FCPATH/index.php(67): CodeIgniter\CodeIgniter->run()
CRITICAL - 2022-12-22 18:40:55 --> Unclosed '{' on line 139
in APPPATH/Views/mtap/fgpack/trx-fg-pack-print.php on line 305.
 1 SYSTEMPATH/View/View.php(216): CodeIgniter\View\View->CodeIgniter\View\{closure}()
 2 SYSTEMPATH/Common.php(1134): CodeIgniter\View\View->render()
 3 APPPATH/Controllers/Fg_packing.php(49): view()
 4 SYSTEMPATH/CodeIgniter.php(927): App\Controllers\Fg_packing->fgpack_print()
 5 SYSTEMPATH/CodeIgniter.php(482): CodeIgniter\CodeIgniter->runController()
 6 SYSTEMPATH/CodeIgniter.php(351): CodeIgniter\CodeIgniter->handleRequest()
 7 FCPATH/index.php(67): CodeIgniter\CodeIgniter->run()
ERROR - 2022-12-22 18:41:24 --> mysqli_sql_exception: You have an error in your SQL syntax; check the manual that corresponds to your MariaDB server version for the right syntax to use near '' at line 3 in /mdevs/mytestapp/system/Database/MySQLi/Connection.php:292
Stack trace:
#0 /mdevs/mytestapp/system/Database/MySQLi/Connection.php(292): mysqli->query()
#1 /mdevs/mytestapp/system/Database/BaseConnection.php(666): CodeIgniter\Database\MySQLi\Connection->execute()
#2 /mdevs/mytestapp/system/Database/BaseConnection.php(593): CodeIgniter\Database\BaseConnection->simpleQuery()
#3 /mdevs/mytestapp/app/Models/MyLibzDBModel.php(19): CodeIgniter\Database\BaseConnection->query()
#4 /mdevs/mytestapp/app/Views/mtap/fgpack/trx-fg-pack-print.php(51): App\Models\MyLibzDBModel->myoa_sql_exec()
#5 /mdevs/mytestapp/system/View/View.php(213): include('...')
#6 /mdevs/mytestapp/system/View/View.php(216): CodeIgniter\View\View->CodeIgniter\View\{closure}()
#7 /mdevs/mytestapp/system/Common.php(1134): CodeIgniter\View\View->render()
#8 /mdevs/mytestapp/app/Controllers/Fg_packing.php(49): view()
#9 /mdevs/mytestapp/system/CodeIgniter.php(927): App\Controllers\Fg_packing->fgpack_print()
#10 /mdevs/mytestapp/system/CodeIgniter.php(482): CodeIgniter\CodeIgniter->runController()
#11 /mdevs/mytestapp/system/CodeIgniter.php(351): CodeIgniter\CodeIgniter->handleRequest()
#12 /mdevs/mytestapp/public/index.php(67): CodeIgniter\CodeIgniter->run()
#13 {main}
ERROR - 2022-12-22 18:42:12 --> mysqli_sql_exception: Unknown column 'a.art_rid' in 'on clause' in /mdevs/mytestapp/system/Database/MySQLi/Connection.php:292
Stack trace:
#0 /mdevs/mytestapp/system/Database/MySQLi/Connection.php(292): mysqli->query()
#1 /mdevs/mytestapp/system/Database/BaseConnection.php(666): CodeIgniter\Database\MySQLi\Connection->execute()
#2 /mdevs/mytestapp/system/Database/BaseConnection.php(593): CodeIgniter\Database\BaseConnection->simpleQuery()
#3 /mdevs/mytestapp/app/Models/MyLibzDBModel.php(19): CodeIgniter\Database\BaseConnection->query()
#4 /mdevs/mytestapp/app/Views/mtap/fgpack/trx-fg-pack-print.php(163): App\Models\MyLibzDBModel->myoa_sql_exec()
#5 /mdevs/mytestapp/system/View/View.php(213): include('...')
#6 /mdevs/mytestapp/system/View/View.php(216): CodeIgniter\View\View->CodeIgniter\View\{closure}()
#7 /mdevs/mytestapp/system/Common.php(1134): CodeIgniter\View\View->render()
#8 /mdevs/mytestapp/app/Controllers/Fg_packing.php(49): view()
#9 /mdevs/mytestapp/system/CodeIgniter.php(927): App\Controllers\Fg_packing->fgpack_print()
#10 /mdevs/mytestapp/system/CodeIgniter.php(482): CodeIgniter\CodeIgniter->runController()
#11 /mdevs/mytestapp/system/CodeIgniter.php(351): CodeIgniter\CodeIgniter->handleRequest()
#12 /mdevs/mytestapp/public/index.php(67): CodeIgniter\CodeIgniter->run()
#13 {main}
CRITICAL - 2022-12-22 18:42:49 --> Undefined variable $qty
in APPPATH/Views/mtap/fgpack/trx-fg-pack-print.php on line 167.
 1 APPPATH/Views/mtap/fgpack/trx-fg-pack-print.php(167): CodeIgniter\Debug\Exceptions->errorHandler()
 2 SYSTEMPATH/View/View.php(213): include('APPPATH/Views/mtap/fgpack/trx-fg-pack-print.php')
 3 SYSTEMPATH/View/View.php(216): CodeIgniter\View\View->CodeIgniter\View\{closure}()
 4 SYSTEMPATH/Common.php(1134): CodeIgniter\View\View->render()
 5 APPPATH/Controllers/Fg_packing.php(49): view()
 6 SYSTEMPATH/CodeIgniter.php(927): App\Controllers\Fg_packing->fgpack_print()
 7 SYSTEMPATH/CodeIgniter.php(482): CodeIgniter\CodeIgniter->runController()
 8 SYSTEMPATH/CodeIgniter.php(351): CodeIgniter\CodeIgniter->handleRequest()
 9 FCPATH/index.php(67): CodeIgniter\CodeIgniter->run()
CRITICAL - 2022-12-22 18:43:08 --> count(): Argument #1 ($value) must be of type Countable|array, null given
in APPPATH/Views/mtap/fgpack/trx-fg-pack-print.php on line 167.
 1 SYSTEMPATH/View/View.php(213): include()
 2 SYSTEMPATH/View/View.php(216): CodeIgniter\View\View->CodeIgniter\View\{closure}()
 3 SYSTEMPATH/Common.php(1134): CodeIgniter\View\View->render()
 4 APPPATH/Controllers/Fg_packing.php(49): view()
 5 SYSTEMPATH/CodeIgniter.php(927): App\Controllers\Fg_packing->fgpack_print()
 6 SYSTEMPATH/CodeIgniter.php(482): CodeIgniter\CodeIgniter->runController()
 7 SYSTEMPATH/CodeIgniter.php(351): CodeIgniter\CodeIgniter->handleRequest()
 8 FCPATH/index.php(67): CodeIgniter\CodeIgniter->run()
CRITICAL - 2022-12-22 19:01:22 --> Undefined variable $qty
in APPPATH/Views/mtap/fgpack/trx-fg-pack-print.php on line 199.
 1 APPPATH/Views/mtap/fgpack/trx-fg-pack-print.php(199): CodeIgniter\Debug\Exceptions->errorHandler()
 2 SYSTEMPATH/View/View.php(213): include('APPPATH/Views/mtap/fgpack/trx-fg-pack-print.php')
 3 SYSTEMPATH/View/View.php(216): CodeIgniter\View\View->CodeIgniter\View\{closure}()
 4 SYSTEMPATH/Common.php(1134): CodeIgniter\View\View->render()
 5 APPPATH/Controllers/Fg_packing.php(49): view()
 6 SYSTEMPATH/CodeIgniter.php(927): App\Controllers\Fg_packing->fgpack_print()
 7 SYSTEMPATH/CodeIgniter.php(482): CodeIgniter\CodeIgniter->runController()
 8 SYSTEMPATH/CodeIgniter.php(351): CodeIgniter\CodeIgniter->handleRequest()
 9 FCPATH/index.php(67): CodeIgniter\CodeIgniter->run()
CRITICAL - 2022-12-22 19:01:43 --> Undefined variable $_recid
in APPPATH/Views/mtap/fgpack/trx-fg-pack-print.php on line 217.
 1 APPPATH/Views/mtap/fgpack/trx-fg-pack-print.php(217): CodeIgniter\Debug\Exceptions->errorHandler()
 2 SYSTEMPATH/View/View.php(213): include('APPPATH/Views/mtap/fgpack/trx-fg-pack-print.php')
 3 SYSTEMPATH/View/View.php(216): CodeIgniter\View\View->CodeIgniter\View\{closure}()
 4 SYSTEMPATH/Common.php(1134): CodeIgniter\View\View->render()
 5 APPPATH/Controllers/Fg_packing.php(49): view()
 6 SYSTEMPATH/CodeIgniter.php(927): App\Controllers\Fg_packing->fgpack_print()
 7 SYSTEMPATH/CodeIgniter.php(482): CodeIgniter\CodeIgniter->runController()
 8 SYSTEMPATH/CodeIgniter.php(351): CodeIgniter\CodeIgniter->handleRequest()
 9 FCPATH/index.php(67): CodeIgniter\CodeIgniter->run()
CRITICAL - 2022-12-22 19:04:17 --> Undefined array key 6
in APPPATH/Views/mtap/fgpack/trx-fg-pack-print.php on line 198.
 1 APPPATH/Views/mtap/fgpack/trx-fg-pack-print.php(198): CodeIgniter\Debug\Exceptions->errorHandler()
 2 SYSTEMPATH/View/View.php(213): include('APPPATH/Views/mtap/fgpack/trx-fg-pack-print.php')
 3 SYSTEMPATH/View/View.php(216): CodeIgniter\View\View->CodeIgniter\View\{closure}()
 4 SYSTEMPATH/Common.php(1134): CodeIgniter\View\View->render()
 5 APPPATH/Controllers/Fg_packing.php(49): view()
 6 SYSTEMPATH/CodeIgniter.php(927): App\Controllers\Fg_packing->fgpack_print()
 7 SYSTEMPATH/CodeIgniter.php(482): CodeIgniter\CodeIgniter->runController()
 8 SYSTEMPATH/CodeIgniter.php(351): CodeIgniter\CodeIgniter->handleRequest()
 9 FCPATH/index.php(67): CodeIgniter\CodeIgniter->run()
CRITICAL - 2022-12-22 19:05:40 --> Undefined variable $_fg_dt_id
in APPPATH/Views/mtap/fgpack/trx-fg-pack-print.php on line 218.
 1 APPPATH/Views/mtap/fgpack/trx-fg-pack-print.php(218): CodeIgniter\Debug\Exceptions->errorHandler()
 2 SYSTEMPATH/View/View.php(213): include('APPPATH/Views/mtap/fgpack/trx-fg-pack-print.php')
 3 SYSTEMPATH/View/View.php(216): CodeIgniter\View\View->CodeIgniter\View\{closure}()
 4 SYSTEMPATH/Common.php(1134): CodeIgniter\View\View->render()
 5 APPPATH/Controllers/Fg_packing.php(49): view()
 6 SYSTEMPATH/CodeIgniter.php(927): App\Controllers\Fg_packing->fgpack_print()
 7 SYSTEMPATH/CodeIgniter.php(482): CodeIgniter\CodeIgniter->runController()
 8 SYSTEMPATH/CodeIgniter.php(351): CodeIgniter\CodeIgniter->handleRequest()
 9 FCPATH/index.php(67): CodeIgniter\CodeIgniter->run()
ERROR - 2022-12-22 19:19:59 --> mysqli_sql_exception: You have an error in your SQL syntax; check the manual that corresponds to your MariaDB server version for the right syntax to use near 'FROM
		ap2.`gw_fg_pack_dt` a
		WHERE
		a.`recid` = 5
		ORDER by
		a.`recid`' at line 4 in /mdevs/mytestapp/system/Database/MySQLi/Connection.php:292
Stack trace:
#0 /mdevs/mytestapp/system/Database/MySQLi/Connection.php(292): mysqli->query()
#1 /mdevs/mytestapp/system/Database/BaseConnection.php(666): CodeIgniter\Database\MySQLi\Connection->execute()
#2 /mdevs/mytestapp/system/Database/BaseConnection.php(593): CodeIgniter\Database\BaseConnection->simpleQuery()
#3 /mdevs/mytestapp/app/Models/MyLibzDBModel.php(19): CodeIgniter\Database\BaseConnection->query()
#4 /mdevs/mytestapp/app/Views/mtap/fgpack/trx-fg-pack-print.php(159): App\Models\MyLibzDBModel->myoa_sql_exec()
#5 /mdevs/mytestapp/system/View/View.php(213): include('...')
#6 /mdevs/mytestapp/system/View/View.php(216): CodeIgniter\View\View->CodeIgniter\View\{closure}()
#7 /mdevs/mytestapp/system/Common.php(1134): CodeIgniter\View\View->render()
#8 /mdevs/mytestapp/app/Controllers/Fg_packing.php(49): view()
#9 /mdevs/mytestapp/system/CodeIgniter.php(927): App\Controllers\Fg_packing->fgpack_print()
#10 /mdevs/mytestapp/system/CodeIgniter.php(482): CodeIgniter\CodeIgniter->runController()
#11 /mdevs/mytestapp/system/CodeIgniter.php(351): CodeIgniter\CodeIgniter->handleRequest()
#12 /mdevs/mytestapp/public/index.php(67): CodeIgniter\CodeIgniter->run()
#13 {main}
CRITICAL - 2022-12-22 19:37:34 --> Undefined variable $data
in APPPATH/Views/mtap/fgpack/trx-fg-pack-print.php on line 183.
 1 APPPATH/Views/mtap/fgpack/trx-fg-pack-print.php(183): CodeIgniter\Debug\Exceptions->errorHandler()
 2 SYSTEMPATH/View/View.php(213): include('APPPATH/Views/mtap/fgpack/trx-fg-pack-print.php')
 3 SYSTEMPATH/View/View.php(216): CodeIgniter\View\View->CodeIgniter\View\{closure}()
 4 SYSTEMPATH/Common.php(1134): CodeIgniter\View\View->render()
 5 APPPATH/Controllers/Fg_packing.php(49): view()
 6 SYSTEMPATH/CodeIgniter.php(927): App\Controllers\Fg_packing->fgpack_print()
 7 SYSTEMPATH/CodeIgniter.php(482): CodeIgniter\CodeIgniter->runController()
 8 SYSTEMPATH/CodeIgniter.php(351): CodeIgniter\CodeIgniter->handleRequest()
 9 FCPATH/index.php(67): CodeIgniter\CodeIgniter->run()
CRITICAL - 2022-12-22 19:38:10 --> Undefined variable $data
in APPPATH/Views/mtap/fgpack/trx-fg-pack-print.php on line 184.
 1 APPPATH/Views/mtap/fgpack/trx-fg-pack-print.php(184): CodeIgniter\Debug\Exceptions->errorHandler()
 2 SYSTEMPATH/View/View.php(213): include('APPPATH/Views/mtap/fgpack/trx-fg-pack-print.php')
 3 SYSTEMPATH/View/View.php(216): CodeIgniter\View\View->CodeIgniter\View\{closure}()
 4 SYSTEMPATH/Common.php(1134): CodeIgniter\View\View->render()
 5 APPPATH/Controllers/Fg_packing.php(49): view()
 6 SYSTEMPATH/CodeIgniter.php(927): App\Controllers\Fg_packing->fgpack_print()
 7 SYSTEMPATH/CodeIgniter.php(482): CodeIgniter\CodeIgniter->runController()
 8 SYSTEMPATH/CodeIgniter.php(351): CodeIgniter\CodeIgniter->handleRequest()
 9 FCPATH/index.php(67): CodeIgniter\CodeIgniter->run()
CRITICAL - 2022-12-22 20:32:09 --> Undefined variable $fg_dt_id
in APPPATH/Views/mtap/fgpack/trx-fg-pack-print.php on line 179.
 1 APPPATH/Views/mtap/fgpack/trx-fg-pack-print.php(179): CodeIgniter\Debug\Exceptions->errorHandler()
 2 SYSTEMPATH/View/View.php(213): include('APPPATH/Views/mtap/fgpack/trx-fg-pack-print.php')
 3 SYSTEMPATH/View/View.php(216): CodeIgniter\View\View->CodeIgniter\View\{closure}()
 4 SYSTEMPATH/Common.php(1134): CodeIgniter\View\View->render()
 5 APPPATH/Controllers/Fg_packing.php(49): view()
 6 SYSTEMPATH/CodeIgniter.php(927): App\Controllers\Fg_packing->fgpack_print()
 7 SYSTEMPATH/CodeIgniter.php(482): CodeIgniter\CodeIgniter->runController()
 8 SYSTEMPATH/CodeIgniter.php(351): CodeIgniter\CodeIgniter->handleRequest()
 9 FCPATH/index.php(67): CodeIgniter\CodeIgniter->run()
CRITICAL - 2022-12-22 20:32:22 --> Undefined variable $fg_dt_id
in APPPATH/Views/mtap/fgpack/trx-fg-pack-print.php on line 213.
 1 APPPATH/Views/mtap/fgpack/trx-fg-pack-print.php(213): CodeIgniter\Debug\Exceptions->errorHandler()
 2 SYSTEMPATH/View/View.php(213): include('APPPATH/Views/mtap/fgpack/trx-fg-pack-print.php')
 3 SYSTEMPATH/View/View.php(216): CodeIgniter\View\View->CodeIgniter\View\{closure}()
 4 SYSTEMPATH/Common.php(1134): CodeIgniter\View\View->render()
 5 APPPATH/Controllers/Fg_packing.php(49): view()
 6 SYSTEMPATH/CodeIgniter.php(927): App\Controllers\Fg_packing->fgpack_print()
 7 SYSTEMPATH/CodeIgniter.php(482): CodeIgniter\CodeIgniter->runController()
 8 SYSTEMPATH/CodeIgniter.php(351): CodeIgniter\CodeIgniter->handleRequest()
 9 FCPATH/index.php(67): CodeIgniter\CodeIgniter->run()
ERROR - 2022-12-22 20:55:18 --> mysqli_sql_exception: You have an error in your SQL syntax; check the manual that corresponds to your MariaDB server version for the right syntax to use near '' at line 3 in /mdevs/mytestapp/system/Database/MySQLi/Connection.php:292
Stack trace:
#0 /mdevs/mytestapp/system/Database/MySQLi/Connection.php(292): mysqli->query()
#1 /mdevs/mytestapp/system/Database/BaseConnection.php(666): CodeIgniter\Database\MySQLi\Connection->execute()
#2 /mdevs/mytestapp/system/Database/BaseConnection.php(593): CodeIgniter\Database\BaseConnection->simpleQuery()
#3 /mdevs/mytestapp/app/Models/MyLibzDBModel.php(19): CodeIgniter\Database\BaseConnection->query()
#4 /mdevs/mytestapp/app/Views/mtap/fgpack/trx-fg-pack-print.php(50): App\Models\MyLibzDBModel->myoa_sql_exec()
#5 /mdevs/mytestapp/system/View/View.php(213): include('...')
#6 /mdevs/mytestapp/system/View/View.php(216): CodeIgniter\View\View->CodeIgniter\View\{closure}()
#7 /mdevs/mytestapp/system/Common.php(1134): CodeIgniter\View\View->render()
#8 /mdevs/mytestapp/app/Controllers/Fg_packing.php(49): view()
#9 /mdevs/mytestapp/system/CodeIgniter.php(927): App\Controllers\Fg_packing->fgpack_print()
#10 /mdevs/mytestapp/system/CodeIgniter.php(482): CodeIgniter\CodeIgniter->runController()
#11 /mdevs/mytestapp/system/CodeIgniter.php(351): CodeIgniter\CodeIgniter->handleRequest()
#12 /mdevs/mytestapp/public/index.php(67): CodeIgniter\CodeIgniter->run()
#13 {main}
ERROR - 2022-12-22 21:05:25 --> mysqli_sql_exception: Table 'ap2.w_articlemaster' doesn't exist in /mdevs/mytestapp/system/Database/MySQLi/Connection.php:292
Stack trace:
#0 /mdevs/mytestapp/system/Database/MySQLi/Connection.php(292): mysqli->query()
#1 /mdevs/mytestapp/system/Database/BaseConnection.php(666): CodeIgniter\Database\MySQLi\Connection->execute()
#2 /mdevs/mytestapp/system/Database/BaseConnection.php(593): CodeIgniter\Database\BaseConnection->simpleQuery()
#3 /mdevs/mytestapp/app/Models/MyLibzDBModel.php(19): CodeIgniter\Database\BaseConnection->query()
#4 /mdevs/mytestapp/app/Models/MyMDArticleModel.php(209): App\Models\MyLibzDBModel->myoa_sql_exec()
#5 /mdevs/mytestapp/app/Views/wmd/warticle.php(37): App\Models\MyMDArticleModel->view_wrecs()
#6 /mdevs/mytestapp/system/View/View.php(213): include('...')
#7 /mdevs/mytestapp/system/View/View.php(216): CodeIgniter\View\View->CodeIgniter\View\{closure}()
#8 /mdevs/mytestapp/system/Common.php(1134): CodeIgniter\View\View->render()
#9 /mdevs/mytestapp/app/Controllers/Md_article.php(44): view()
#10 /mdevs/mytestapp/system/CodeIgniter.php(927): App\Controllers\Md_article->Windex()
#11 /mdevs/mytestapp/system/CodeIgniter.php(482): CodeIgniter\CodeIgniter->runController()
#12 /mdevs/mytestapp/system/CodeIgniter.php(351): CodeIgniter\CodeIgniter->handleRequest()
#13 /mdevs/mytestapp/public/index.php(67): CodeIgniter\CodeIgniter->run()
#14 {main}
CRITICAL - 2022-12-22 21:05:42 --> Undefined array key "CUST_NAME"
in APPPATH/Views/kmd/kartprof.php on line 52.
 1 APPPATH/Views/kmd/kartprof.php(52): CodeIgniter\Debug\Exceptions->errorHandler()
 2 SYSTEMPATH/View/View.php(213): include('APPPATH/Views/kmd/kartprof.php')
 3 SYSTEMPATH/View/View.php(216): CodeIgniter\View\View->CodeIgniter\View\{closure}()
 4 SYSTEMPATH/Common.php(1134): CodeIgniter\View\View->render()
 5 APPPATH/Controllers/Md_article.php(97): view()
 6 SYSTEMPATH/CodeIgniter.php(927): App\Controllers\Md_article->Kprof()
 7 SYSTEMPATH/CodeIgniter.php(482): CodeIgniter\CodeIgniter->runController()
 8 SYSTEMPATH/CodeIgniter.php(351): CodeIgniter\CodeIgniter->handleRequest()
 9 FCPATH/index.php(67): CodeIgniter\CodeIgniter->run()
CRITICAL - 2022-12-22 21:07:32 --> Undefined array key "CUST_NAME"
in APPPATH/Views/kmd/kartprof.php on line 52.
 1 APPPATH/Views/kmd/kartprof.php(52): CodeIgniter\Debug\Exceptions->errorHandler()
 2 SYSTEMPATH/View/View.php(213): include('APPPATH/Views/kmd/kartprof.php')
 3 SYSTEMPATH/View/View.php(216): CodeIgniter\View\View->CodeIgniter\View\{closure}()
 4 SYSTEMPATH/Common.php(1134): CodeIgniter\View\View->render()
 5 APPPATH/Controllers/Md_article.php(97): view()
 6 SYSTEMPATH/CodeIgniter.php(927): App\Controllers\Md_article->Kprof()
 7 SYSTEMPATH/CodeIgniter.php(482): CodeIgniter\CodeIgniter->runController()
 8 SYSTEMPATH/CodeIgniter.php(351): CodeIgniter\CodeIgniter->handleRequest()
 9 FCPATH/index.php(67): CodeIgniter\CodeIgniter->run()
CRITICAL - 2022-12-22 21:07:37 --> Undefined array key "CUST_NAME"
in APPPATH/Views/kmd/kartprof.php on line 52.
 1 APPPATH/Views/kmd/kartprof.php(52): CodeIgniter\Debug\Exceptions->errorHandler()
 2 SYSTEMPATH/View/View.php(213): include('APPPATH/Views/kmd/kartprof.php')
 3 SYSTEMPATH/View/View.php(216): CodeIgniter\View\View->CodeIgniter\View\{closure}()
 4 SYSTEMPATH/Common.php(1134): CodeIgniter\View\View->render()
 5 APPPATH/Controllers/Md_article.php(97): view()
 6 SYSTEMPATH/CodeIgniter.php(927): App\Controllers\Md_article->Kprof()
 7 SYSTEMPATH/CodeIgniter.php(482): CodeIgniter\CodeIgniter->runController()
 8 SYSTEMPATH/CodeIgniter.php(351): CodeIgniter\CodeIgniter->handleRequest()
 9 FCPATH/index.php(67): CodeIgniter\CodeIgniter->run()
CRITICAL - 2022-12-22 21:08:56 --> Undefined array key "ART_PARTNO"
in APPPATH/Views/masterdata/md-article-recs.php on line 93.
 1 APPPATH/Views/masterdata/md-article-recs.php(93): CodeIgniter\Debug\Exceptions->errorHandler()
 2 SYSTEMPATH/View/View.php(213): include('APPPATH/Views/masterdata/md-article-recs.php')
 3 SYSTEMPATH/View/View.php(216): CodeIgniter\View\View->CodeIgniter\View\{closure}()
 4 SYSTEMPATH/Common.php(1134): CodeIgniter\View\View->render()
 5 APPPATH/Views/masterdata/md-article.php(38): view()
 6 SYSTEMPATH/View/View.php(213): include('APPPATH/Views/masterdata/md-article.php')
 7 SYSTEMPATH/View/View.php(216): CodeIgniter\View\View->CodeIgniter\View\{closure}()
 8 SYSTEMPATH/Common.php(1134): CodeIgniter\View\View->render()
 9 APPPATH/Controllers/Md_article.php(19): view()
10 SYSTEMPATH/CodeIgniter.php(927): App\Controllers\Md_article->index()
11 SYSTEMPATH/CodeIgniter.php(482): CodeIgniter\CodeIgniter->runController()
12 SYSTEMPATH/CodeIgniter.php(351): CodeIgniter\CodeIgniter->handleRequest()
13 FCPATH/index.php(67): CodeIgniter\CodeIgniter->run()
CRITICAL - 2022-12-22 21:22:36 --> Undefined array key "mtkn_trxno"
in APPPATH/Views/mtap/fgpack/trx-fg-pack-recs.php on line 86.
 1 APPPATH/Views/mtap/fgpack/trx-fg-pack-recs.php(86): CodeIgniter\Debug\Exceptions->errorHandler()
 2 SYSTEMPATH/View/View.php(213): include('APPPATH/Views/mtap/fgpack/trx-fg-pack-recs.php')
 3 SYSTEMPATH/View/View.php(216): CodeIgniter\View\View->CodeIgniter\View\{closure}()
 4 SYSTEMPATH/Common.php(1134): CodeIgniter\View\View->render()
 5 APPPATH/Controllers/Fg_packing.php(34): view()
 6 SYSTEMPATH/CodeIgniter.php(927): App\Controllers\Fg_packing->fgpack_vw()
 7 SYSTEMPATH/CodeIgniter.php(482): CodeIgniter\CodeIgniter->runController()
 8 SYSTEMPATH/CodeIgniter.php(351): CodeIgniter\CodeIgniter->handleRequest()
 9 FCPATH/index.php(67): CodeIgniter\CodeIgniter->run()
CRITICAL - 2022-12-22 21:23:36 --> Undefined array key "mtkn_trxno"
in APPPATH/Views/mtap/fgpack/trx-fg-pack-recs.php on line 86.
 1 APPPATH/Views/mtap/fgpack/trx-fg-pack-recs.php(86): CodeIgniter\Debug\Exceptions->errorHandler()
 2 SYSTEMPATH/View/View.php(213): include('APPPATH/Views/mtap/fgpack/trx-fg-pack-recs.php')
 3 SYSTEMPATH/View/View.php(216): CodeIgniter\View\View->CodeIgniter\View\{closure}()
 4 SYSTEMPATH/Common.php(1134): CodeIgniter\View\View->render()
 5 APPPATH/Controllers/Fg_packing.php(34): view()
 6 SYSTEMPATH/CodeIgniter.php(927): App\Controllers\Fg_packing->fgpack_vw()
 7 SYSTEMPATH/CodeIgniter.php(482): CodeIgniter\CodeIgniter->runController()
 8 SYSTEMPATH/CodeIgniter.php(351): CodeIgniter\CodeIgniter->handleRequest()
 9 FCPATH/index.php(67): CodeIgniter\CodeIgniter->run()
CRITICAL - 2022-12-22 21:24:16 --> Undefined array key "mtkn_trxno"
in APPPATH/Views/mtap/fgpack/trx-fg-pack-recs.php on line 86.
 1 APPPATH/Views/mtap/fgpack/trx-fg-pack-recs.php(86): CodeIgniter\Debug\Exceptions->errorHandler()
 2 SYSTEMPATH/View/View.php(213): include('APPPATH/Views/mtap/fgpack/trx-fg-pack-recs.php')
 3 SYSTEMPATH/View/View.php(216): CodeIgniter\View\View->CodeIgniter\View\{closure}()
 4 SYSTEMPATH/Common.php(1134): CodeIgniter\View\View->render()
 5 APPPATH/Controllers/Fg_packing.php(34): view()
 6 SYSTEMPATH/CodeIgniter.php(927): App\Controllers\Fg_packing->fgpack_vw()
 7 SYSTEMPATH/CodeIgniter.php(482): CodeIgniter\CodeIgniter->runController()
 8 SYSTEMPATH/CodeIgniter.php(351): CodeIgniter\CodeIgniter->handleRequest()
 9 FCPATH/index.php(67): CodeIgniter\CodeIgniter->run()
CRITICAL - 2022-12-22 21:30:17 --> hash() expects at least 2 arguments, 1 given
in APPPATH/Views/mtap/fgpack/trx-fg-pack-recs.php on line 86.
 1 APPPATH/Views/mtap/fgpack/trx-fg-pack-recs.php(86): hash()
 2 SYSTEMPATH/View/View.php(213): include('APPPATH/Views/mtap/fgpack/trx-fg-pack-recs.php')
 3 SYSTEMPATH/View/View.php(216): CodeIgniter\View\View->CodeIgniter\View\{closure}()
 4 SYSTEMPATH/Common.php(1134): CodeIgniter\View\View->render()
 5 APPPATH/Controllers/Fg_packing.php(34): view()
 6 SYSTEMPATH/CodeIgniter.php(927): App\Controllers\Fg_packing->fgpack_vw()
 7 SYSTEMPATH/CodeIgniter.php(482): CodeIgniter\CodeIgniter->runController()
 8 SYSTEMPATH/CodeIgniter.php(351): CodeIgniter\CodeIgniter->handleRequest()
 9 FCPATH/index.php(67): CodeIgniter\CodeIgniter->run()
CRITICAL - 2022-12-22 21:35:23 --> Trying to access array offset on value of type null
in APPPATH/Views/mtap/fgpack/trx-fg-pack-print.php on line 90.
 1 APPPATH/Views/mtap/fgpack/trx-fg-pack-print.php(90): CodeIgniter\Debug\Exceptions->errorHandler()
 2 SYSTEMPATH/View/View.php(213): include('APPPATH/Views/mtap/fgpack/trx-fg-pack-print.php')
 3 SYSTEMPATH/View/View.php(216): CodeIgniter\View\View->CodeIgniter\View\{closure}()
 4 SYSTEMPATH/Common.php(1134): CodeIgniter\View\View->render()
 5 APPPATH/Controllers/Fg_packing.php(49): view()
 6 SYSTEMPATH/CodeIgniter.php(927): App\Controllers\Fg_packing->fgpack_print()
 7 SYSTEMPATH/CodeIgniter.php(482): CodeIgniter\CodeIgniter->runController()
 8 SYSTEMPATH/CodeIgniter.php(351): CodeIgniter\CodeIgniter->handleRequest()
 9 FCPATH/index.php(67): CodeIgniter\CodeIgniter->run()
CRITICAL - 2022-12-22 21:52:21 --> Trying to access array offset on value of type null
in APPPATH/Views/mtap/fgpack/trx-fg-pack-print.php on line 88.
 1 APPPATH/Views/mtap/fgpack/trx-fg-pack-print.php(88): CodeIgniter\Debug\Exceptions->errorHandler()
 2 SYSTEMPATH/View/View.php(213): include('APPPATH/Views/mtap/fgpack/trx-fg-pack-print.php')
 3 SYSTEMPATH/View/View.php(216): CodeIgniter\View\View->CodeIgniter\View\{closure}()
 4 SYSTEMPATH/Common.php(1134): CodeIgniter\View\View->render()
 5 APPPATH/Controllers/Fg_packing.php(49): view()
 6 SYSTEMPATH/CodeIgniter.php(927): App\Controllers\Fg_packing->fgpack_print()
 7 SYSTEMPATH/CodeIgniter.php(482): CodeIgniter\CodeIgniter->runController()
 8 SYSTEMPATH/CodeIgniter.php(351): CodeIgniter\CodeIgniter->handleRequest()
 9 FCPATH/index.php(67): CodeIgniter\CodeIgniter->run()
CRITICAL - 2022-12-22 21:52:37 --> Trying to access array offset on value of type null
in APPPATH/Views/mtap/fgpack/trx-fg-pack-print.php on line 88.
 1 APPPATH/Views/mtap/fgpack/trx-fg-pack-print.php(88): CodeIgniter\Debug\Exceptions->errorHandler()
 2 SYSTEMPATH/View/View.php(213): include('APPPATH/Views/mtap/fgpack/trx-fg-pack-print.php')
 3 SYSTEMPATH/View/View.php(216): CodeIgniter\View\View->CodeIgniter\View\{closure}()
 4 SYSTEMPATH/Common.php(1134): CodeIgniter\View\View->render()
 5 APPPATH/Controllers/Fg_packing.php(49): view()
 6 SYSTEMPATH/CodeIgniter.php(927): App\Controllers\Fg_packing->fgpack_print()
 7 SYSTEMPATH/CodeIgniter.php(482): CodeIgniter\CodeIgniter->runController()
 8 SYSTEMPATH/CodeIgniter.php(351): CodeIgniter\CodeIgniter->handleRequest()
 9 FCPATH/index.php(67): CodeIgniter\CodeIgniter->run()
CRITICAL - 2022-12-22 21:53:14 --> Trying to access array offset on value of type null
in APPPATH/Views/mtap/fgpack/trx-fg-pack-print.php on line 88.
 1 APPPATH/Views/mtap/fgpack/trx-fg-pack-print.php(88): CodeIgniter\Debug\Exceptions->errorHandler()
 2 SYSTEMPATH/View/View.php(213): include('APPPATH/Views/mtap/fgpack/trx-fg-pack-print.php')
 3 SYSTEMPATH/View/View.php(216): CodeIgniter\View\View->CodeIgniter\View\{closure}()
 4 SYSTEMPATH/Common.php(1134): CodeIgniter\View\View->render()
 5 APPPATH/Controllers/Fg_packing.php(49): view()
 6 SYSTEMPATH/CodeIgniter.php(927): App\Controllers\Fg_packing->fgpack_print()
 7 SYSTEMPATH/CodeIgniter.php(482): CodeIgniter\CodeIgniter->runController()
 8 SYSTEMPATH/CodeIgniter.php(351): CodeIgniter\CodeIgniter->handleRequest()
 9 FCPATH/index.php(67): CodeIgniter\CodeIgniter->run()
CRITICAL - 2022-12-22 21:53:16 --> Trying to access array offset on value of type null
in APPPATH/Views/mtap/fgpack/trx-fg-pack-print.php on line 88.
 1 APPPATH/Views/mtap/fgpack/trx-fg-pack-print.php(88): CodeIgniter\Debug\Exceptions->errorHandler()
 2 SYSTEMPATH/View/View.php(213): include('APPPATH/Views/mtap/fgpack/trx-fg-pack-print.php')
 3 SYSTEMPATH/View/View.php(216): CodeIgniter\View\View->CodeIgniter\View\{closure}()
 4 SYSTEMPATH/Common.php(1134): CodeIgniter\View\View->render()
 5 APPPATH/Controllers/Fg_packing.php(49): view()
 6 SYSTEMPATH/CodeIgniter.php(927): App\Controllers\Fg_packing->fgpack_print()
 7 SYSTEMPATH/CodeIgniter.php(482): CodeIgniter\CodeIgniter->runController()
 8 SYSTEMPATH/CodeIgniter.php(351): CodeIgniter\CodeIgniter->handleRequest()
 9 FCPATH/index.php(67): CodeIgniter\CodeIgniter->run()
CRITICAL - 2022-12-22 23:12:36 --> Undefined array key "__plnt_codes"
in APPPATH/Views/mtap/fgpack/trx-fg-pack-print.php on line 87.
 1 APPPATH/Views/mtap/fgpack/trx-fg-pack-print.php(87): CodeIgniter\Debug\Exceptions->errorHandler()
 2 SYSTEMPATH/View/View.php(213): include('APPPATH/Views/mtap/fgpack/trx-fg-pack-print.php')
 3 SYSTEMPATH/View/View.php(216): CodeIgniter\View\View->CodeIgniter\View\{closure}()
 4 SYSTEMPATH/Common.php(1134): CodeIgniter\View\View->render()
 5 APPPATH/Controllers/Fg_packing.php(49): view()
 6 SYSTEMPATH/CodeIgniter.php(927): App\Controllers\Fg_packing->fgpack_print()
 7 SYSTEMPATH/CodeIgniter.php(482): CodeIgniter\CodeIgniter->runController()
 8 SYSTEMPATH/CodeIgniter.php(351): CodeIgniter\CodeIgniter->handleRequest()
 9 FCPATH/index.php(67): CodeIgniter\CodeIgniter->run()
CRITICAL - 2022-12-22 23:13:54 --> Undefined array key "__plnt_codes"
in APPPATH/Views/mtap/fgpack/trx-fg-pack-print.php on line 87.
 1 APPPATH/Views/mtap/fgpack/trx-fg-pack-print.php(87): CodeIgniter\Debug\Exceptions->errorHandler()
 2 SYSTEMPATH/View/View.php(213): include('APPPATH/Views/mtap/fgpack/trx-fg-pack-print.php')
 3 SYSTEMPATH/View/View.php(216): CodeIgniter\View\View->CodeIgniter\View\{closure}()
 4 SYSTEMPATH/Common.php(1134): CodeIgniter\View\View->render()
 5 APPPATH/Controllers/Fg_packing.php(49): view()
 6 SYSTEMPATH/CodeIgniter.php(927): App\Controllers\Fg_packing->fgpack_print()
 7 SYSTEMPATH/CodeIgniter.php(482): CodeIgniter\CodeIgniter->runController()
 8 SYSTEMPATH/CodeIgniter.php(351): CodeIgniter\CodeIgniter->handleRequest()
 9 FCPATH/index.php(67): CodeIgniter\CodeIgniter->run()
