CRITICAL - 2022-11-25 01:36:26 --> Call to undefined function form_open()
in APPPATH\Views\masterdata\md-article-recs.php on line 41.
 1 SYSTEMPATH\View\View.php(213): include()
 2 SYSTEMPATH\View\View.php(216): CodeIgniter\View\View->CodeIgniter\View\{closure}()
 3 SYSTEMPATH\Common.php(1134): CodeIgniter\View\View->render('masterdata/md-article-recs', [], true)
 4 APPPATH\Views\masterdata\md-article.php(38): view('masterdata/md-article-recs', [...])
 5 SYSTEMPATH\View\View.php(213): include('APPPATH\\Views\\masterdata\\md-article.php')
 6 SYSTEMPATH\View\View.php(216): CodeIgniter\View\View->CodeIgniter\View\{closure}()
 7 SYSTEMPATH\Common.php(1134): CodeIgniter\View\View->render('masterdata/md-article', [], true)
 8 APPPATH\Controllers\Md_article.php(19): view('masterdata/md-article')
 9 SYSTEMPATH\CodeIgniter.php(927): App\Controllers\Md_article->index()
10 SYSTEMPATH\CodeIgniter.php(482): CodeIgniter\CodeIgniter->runController(Object(App\Controllers\Md_article))
11 SYSTEMPATH\CodeIgniter.php(351): CodeIgniter\CodeIgniter->handleRequest(null, Object(Config\Cache), false)
12 FCPATH\index.php(67): CodeIgniter\CodeIgniter->run()
CRITICAL - 2022-11-25 01:37:35 --> Call to undefined function form_open()
in APPPATH\Views\masterdata\md-article-recs.php on line 41.
 1 SYSTEMPATH\View\View.php(213): include()
 2 SYSTEMPATH\View\View.php(216): CodeIgniter\View\View->CodeIgniter\View\{closure}()
 3 SYSTEMPATH\Common.php(1134): CodeIgniter\View\View->render('masterdata/md-article-recs', [], true)
 4 APPPATH\Views\masterdata\md-article.php(38): view('masterdata/md-article-recs', [...])
 5 SYSTEMPATH\View\View.php(213): include('APPPATH\\Views\\masterdata\\md-article.php')
 6 SYSTEMPATH\View\View.php(216): CodeIgniter\View\View->CodeIgniter\View\{closure}()
 7 SYSTEMPATH\Common.php(1134): CodeIgniter\View\View->render('masterdata/md-article', [], true)
 8 APPPATH\Controllers\Md_article.php(19): view('masterdata/md-article')
 9 SYSTEMPATH\CodeIgniter.php(927): App\Controllers\Md_article->index()
10 SYSTEMPATH\CodeIgniter.php(482): CodeIgniter\CodeIgniter->runController(Object(App\Controllers\Md_article))
11 SYSTEMPATH\CodeIgniter.php(351): CodeIgniter\CodeIgniter->handleRequest(null, Object(Config\Cache), false)
12 FCPATH\index.php(67): CodeIgniter\CodeIgniter->run()
CRITICAL - 2022-11-25 01:37:43 --> Call to undefined function form_open()
in APPPATH\Views\masterdata\md-customer-recs.php on line 41.
 1 SYSTEMPATH\View\View.php(213): include()
 2 SYSTEMPATH\View\View.php(216): CodeIgniter\View\View->CodeIgniter\View\{closure}()
 3 SYSTEMPATH\Common.php(1134): CodeIgniter\View\View->render('masterdata/md-customer-recs', [], true)
 4 APPPATH\Views\masterdata\md-customer.php(33): view('masterdata/md-customer-recs', [...])
 5 SYSTEMPATH\View\View.php(213): include('APPPATH\\Views\\masterdata\\md-customer.php')
 6 SYSTEMPATH\View\View.php(216): CodeIgniter\View\View->CodeIgniter\View\{closure}()
 7 SYSTEMPATH\Common.php(1134): CodeIgniter\View\View->render('masterdata/md-customer', [], true)
 8 APPPATH\Controllers\Md_customer.php(17): view('masterdata/md-customer')
 9 SYSTEMPATH\CodeIgniter.php(927): App\Controllers\Md_customer->index()
10 SYSTEMPATH\CodeIgniter.php(482): CodeIgniter\CodeIgniter->runController(Object(App\Controllers\Md_customer))
11 SYSTEMPATH\CodeIgniter.php(351): CodeIgniter\CodeIgniter->handleRequest(null, Object(Config\Cache), false)
12 FCPATH\index.php(67): CodeIgniter\CodeIgniter->run()
CRITICAL - 2022-11-25 01:37:55 --> Call to undefined function form_open()
in APPPATH\Views\masterdata\md-customer-recs.php on line 41.
 1 SYSTEMPATH\View\View.php(213): include()
 2 SYSTEMPATH\View\View.php(216): CodeIgniter\View\View->CodeIgniter\View\{closure}()
 3 SYSTEMPATH\Common.php(1134): CodeIgniter\View\View->render('masterdata/md-customer-recs', [], true)
 4 APPPATH\Views\masterdata\md-customer.php(33): view('masterdata/md-customer-recs', [...])
 5 SYSTEMPATH\View\View.php(213): include('APPPATH\\Views\\masterdata\\md-customer.php')
 6 SYSTEMPATH\View\View.php(216): CodeIgniter\View\View->CodeIgniter\View\{closure}()
 7 SYSTEMPATH\Common.php(1134): CodeIgniter\View\View->render('masterdata/md-customer', [], true)
 8 APPPATH\Controllers\Md_customer.php(17): view('masterdata/md-customer')
 9 SYSTEMPATH\CodeIgniter.php(927): App\Controllers\Md_customer->index()
10 SYSTEMPATH\CodeIgniter.php(482): CodeIgniter\CodeIgniter->runController(Object(App\Controllers\Md_customer))
11 SYSTEMPATH\CodeIgniter.php(351): CodeIgniter\CodeIgniter->handleRequest(null, Object(Config\Cache), false)
12 FCPATH\index.php(67): CodeIgniter\CodeIgniter->run()
CRITICAL - 2022-11-25 01:38:00 --> Call to undefined function form_open()
in APPPATH\Views\masterdata\md-qpr-employees-recs.php on line 41.
 1 SYSTEMPATH\View\View.php(213): include()
 2 SYSTEMPATH\View\View.php(216): CodeIgniter\View\View->CodeIgniter\View\{closure}()
 3 SYSTEMPATH\Common.php(1134): CodeIgniter\View\View->render('masterdata/md-qpr-employees-recs', [], true)
 4 APPPATH\Views\masterdata\md-qpr-employees.php(38): view('masterdata/md-qpr-employees-recs', [...])
 5 SYSTEMPATH\View\View.php(213): include('APPPATH\\Views\\masterdata\\md-qpr-employees.php')
 6 SYSTEMPATH\View\View.php(216): CodeIgniter\View\View->CodeIgniter\View\{closure}()
 7 SYSTEMPATH\Common.php(1134): CodeIgniter\View\View->render('masterdata/md-qpr-employees', [], true)
 8 APPPATH\Controllers\Md_qpr_employees.php(19): view('masterdata/md-qpr-employees')
 9 SYSTEMPATH\CodeIgniter.php(927): App\Controllers\Md_qpr_employees->index()
10 SYSTEMPATH\CodeIgniter.php(482): CodeIgniter\CodeIgniter->runController(Object(App\Controllers\Md_qpr_employees))
11 SYSTEMPATH\CodeIgniter.php(351): CodeIgniter\CodeIgniter->handleRequest(null, Object(Config\Cache), false)
12 FCPATH\index.php(67): CodeIgniter\CodeIgniter->run()
CRITICAL - 2022-11-25 01:42:06 --> Call to undefined function form_open()
in APPPATH\Views\masterdata\md-article-recs.php on line 41.
 1 SYSTEMPATH\View\View.php(213): include()
 2 SYSTEMPATH\View\View.php(216): CodeIgniter\View\View->CodeIgniter\View\{closure}()
 3 SYSTEMPATH\Common.php(1134): CodeIgniter\View\View->render('masterdata/md-article-recs', [], true)
 4 APPPATH\Views\masterdata\md-article.php(38): view('masterdata/md-article-recs', [...])
 5 SYSTEMPATH\View\View.php(213): include('APPPATH\\Views\\masterdata\\md-article.php')
 6 SYSTEMPATH\View\View.php(216): CodeIgniter\View\View->CodeIgniter\View\{closure}()
 7 SYSTEMPATH\Common.php(1134): CodeIgniter\View\View->render('masterdata/md-article', [], true)
 8 APPPATH\Controllers\Md_article.php(19): view('masterdata/md-article')
 9 SYSTEMPATH\CodeIgniter.php(927): App\Controllers\Md_article->index()
10 SYSTEMPATH\CodeIgniter.php(482): CodeIgniter\CodeIgniter->runController(Object(App\Controllers\Md_article))
11 SYSTEMPATH\CodeIgniter.php(351): CodeIgniter\CodeIgniter->handleRequest(null, Object(Config\Cache), false)
12 FCPATH\index.php(67): CodeIgniter\CodeIgniter->run()
CRITICAL - 2022-11-25 01:48:39 --> CodeIgniter\Database\MySQLi\Connection::_escapeString(): Argument #1 ($str) must be of type string, null given, called in C:\xampp\webapps\mytest\system\Database\BaseConnection.php on line 1248
in SYSTEMPATH\Database\MySQLi\Connection.php on line 329.
 1 SYSTEMPATH\Database\BaseConnection.php(1248): CodeIgniter\Database\MySQLi\Connection->_escapeString(null)
 2 APPPATH\Models\MyLibzDBModel.php(133): CodeIgniter\Database\BaseConnection->escapeString(null)
 3 APPPATH\Models\MyMDArticleModel.php(110): App\Models\MyLibzDBModel->logs_modi_audit([...], 'medbroc', '`mst_article`', 'MATITEM_UREC', 'PMSN01', ' recid = 3 ')
 4 APPPATH\Controllers\Md_article.php(36): App\Models\MyMDArticleModel->profile_save()
 5 SYSTEMPATH\CodeIgniter.php(927): App\Controllers\Md_article->profile_save()
 6 SYSTEMPATH\CodeIgniter.php(482): CodeIgniter\CodeIgniter->runController(Object(App\Controllers\Md_article))
 7 SYSTEMPATH\CodeIgniter.php(351): CodeIgniter\CodeIgniter->handleRequest(null, Object(Config\Cache), false)
 8 FCPATH\index.php(67): CodeIgniter\CodeIgniter->run()
CRITICAL - 2022-11-25 01:48:44 --> CodeIgniter\Database\MySQLi\Connection::_escapeString(): Argument #1 ($str) must be of type string, null given, called in C:\xampp\webapps\mytest\system\Database\BaseConnection.php on line 1248
in SYSTEMPATH\Database\MySQLi\Connection.php on line 329.
 1 SYSTEMPATH\Database\BaseConnection.php(1248): CodeIgniter\Database\MySQLi\Connection->_escapeString(null)
 2 APPPATH\Models\MyLibzDBModel.php(133): CodeIgniter\Database\BaseConnection->escapeString(null)
 3 APPPATH\Models\MyMDArticleModel.php(110): App\Models\MyLibzDBModel->logs_modi_audit([...], 'medbroc', '`mst_article`', 'MATITEM_UREC', 'PMSN01', ' recid = 3 ')
 4 APPPATH\Controllers\Md_article.php(36): App\Models\MyMDArticleModel->profile_save()
 5 SYSTEMPATH\CodeIgniter.php(927): App\Controllers\Md_article->profile_save()
 6 SYSTEMPATH\CodeIgniter.php(482): CodeIgniter\CodeIgniter->runController(Object(App\Controllers\Md_article))
 7 SYSTEMPATH\CodeIgniter.php(351): CodeIgniter\CodeIgniter->handleRequest(null, Object(Config\Cache), false)
 8 FCPATH\index.php(67): CodeIgniter\CodeIgniter->run()
CRITICAL - 2022-11-25 01:49:03 --> CodeIgniter\Database\MySQLi\Connection::_escapeString(): Argument #1 ($str) must be of type string, null given, called in C:\xampp\webapps\mytest\system\Database\BaseConnection.php on line 1248
in SYSTEMPATH\Database\MySQLi\Connection.php on line 329.
 1 SYSTEMPATH\Database\BaseConnection.php(1248): CodeIgniter\Database\MySQLi\Connection->_escapeString(null)
 2 APPPATH\Models\MyLibzDBModel.php(133): CodeIgniter\Database\BaseConnection->escapeString(null)
 3 APPPATH\Models\MyMDArticleModel.php(110): App\Models\MyLibzDBModel->logs_modi_audit([...], 'medbroc', '`mst_article`', 'MATITEM_UREC', 'PMSN01', ' recid = 3 ')
 4 APPPATH\Controllers\Md_article.php(36): App\Models\MyMDArticleModel->profile_save()
 5 SYSTEMPATH\CodeIgniter.php(927): App\Controllers\Md_article->profile_save()
 6 SYSTEMPATH\CodeIgniter.php(482): CodeIgniter\CodeIgniter->runController(Object(App\Controllers\Md_article))
 7 SYSTEMPATH\CodeIgniter.php(351): CodeIgniter\CodeIgniter->handleRequest(null, Object(Config\Cache), false)
 8 FCPATH\index.php(67): CodeIgniter\CodeIgniter->run()
CRITICAL - 2022-11-25 01:49:06 --> CodeIgniter\Database\MySQLi\Connection::_escapeString(): Argument #1 ($str) must be of type string, null given, called in C:\xampp\webapps\mytest\system\Database\BaseConnection.php on line 1248
in SYSTEMPATH\Database\MySQLi\Connection.php on line 329.
 1 SYSTEMPATH\Database\BaseConnection.php(1248): CodeIgniter\Database\MySQLi\Connection->_escapeString(null)
 2 APPPATH\Models\MyLibzDBModel.php(133): CodeIgniter\Database\BaseConnection->escapeString(null)
 3 APPPATH\Models\MyMDArticleModel.php(110): App\Models\MyLibzDBModel->logs_modi_audit([...], 'medbroc', '`mst_article`', 'MATITEM_UREC', 'PMSN01', ' recid = 3 ')
 4 APPPATH\Controllers\Md_article.php(36): App\Models\MyMDArticleModel->profile_save()
 5 SYSTEMPATH\CodeIgniter.php(927): App\Controllers\Md_article->profile_save()
 6 SYSTEMPATH\CodeIgniter.php(482): CodeIgniter\CodeIgniter->runController(Object(App\Controllers\Md_article))
 7 SYSTEMPATH\CodeIgniter.php(351): CodeIgniter\CodeIgniter->handleRequest(null, Object(Config\Cache), false)
 8 FCPATH\index.php(67): CodeIgniter\CodeIgniter->run()
CRITICAL - 2022-11-25 01:49:08 --> CodeIgniter\Database\MySQLi\Connection::_escapeString(): Argument #1 ($str) must be of type string, null given, called in C:\xampp\webapps\mytest\system\Database\BaseConnection.php on line 1248
in SYSTEMPATH\Database\MySQLi\Connection.php on line 329.
 1 SYSTEMPATH\Database\BaseConnection.php(1248): CodeIgniter\Database\MySQLi\Connection->_escapeString(null)
 2 APPPATH\Models\MyLibzDBModel.php(133): CodeIgniter\Database\BaseConnection->escapeString(null)
 3 APPPATH\Models\MyMDArticleModel.php(110): App\Models\MyLibzDBModel->logs_modi_audit([...], 'medbroc', '`mst_article`', 'MATITEM_UREC', 'PMSN01', ' recid = 3 ')
 4 APPPATH\Controllers\Md_article.php(36): App\Models\MyMDArticleModel->profile_save()
 5 SYSTEMPATH\CodeIgniter.php(927): App\Controllers\Md_article->profile_save()
 6 SYSTEMPATH\CodeIgniter.php(482): CodeIgniter\CodeIgniter->runController(Object(App\Controllers\Md_article))
 7 SYSTEMPATH\CodeIgniter.php(351): CodeIgniter\CodeIgniter->handleRequest(null, Object(Config\Cache), false)
 8 FCPATH\index.php(67): CodeIgniter\CodeIgniter->run()
CRITICAL - 2022-11-25 01:49:25 --> CodeIgniter\Database\MySQLi\Connection::_escapeString(): Argument #1 ($str) must be of type string, null given, called in C:\xampp\webapps\mytest\system\Database\BaseConnection.php on line 1248
in SYSTEMPATH\Database\MySQLi\Connection.php on line 329.
 1 SYSTEMPATH\Database\BaseConnection.php(1248): CodeIgniter\Database\MySQLi\Connection->_escapeString(null)
 2 APPPATH\Models\MyLibzDBModel.php(133): CodeIgniter\Database\BaseConnection->escapeString(null)
 3 APPPATH\Models\MyMDArticleModel.php(110): App\Models\MyLibzDBModel->logs_modi_audit([...], 'medbroc', '`mst_article`', 'MATITEM_UREC', 'PMSN01', ' recid = 3 ')
 4 APPPATH\Controllers\Md_article.php(36): App\Models\MyMDArticleModel->profile_save()
 5 SYSTEMPATH\CodeIgniter.php(927): App\Controllers\Md_article->profile_save()
 6 SYSTEMPATH\CodeIgniter.php(482): CodeIgniter\CodeIgniter->runController(Object(App\Controllers\Md_article))
 7 SYSTEMPATH\CodeIgniter.php(351): CodeIgniter\CodeIgniter->handleRequest(null, Object(Config\Cache), false)
 8 FCPATH\index.php(67): CodeIgniter\CodeIgniter->run()
ERROR - 2022-11-25 01:54:05 --> mysqli_sql_exception: You have an error in your SQL syntax; check the manual that corresponds to your MariaDB server version for the right syntax to use near 'KITS'')' at line 5 in C:\xampp\webapps\mytest\system\Database\MySQLi\Connection.php:292
Stack trace:
#0 C:\xampp\webapps\mytest\system\Database\MySQLi\Connection.php(292): mysqli->query('insert into med...', 0)
#1 C:\xampp\webapps\mytest\system\Database\BaseConnection.php(666): CodeIgniter\Database\MySQLi\Connection->execute('insert into med...')
#2 C:\xampp\webapps\mytest\system\Database\BaseConnection.php(593): CodeIgniter\Database\BaseConnection->simpleQuery('insert into med...')
#3 C:\xampp\webapps\mytest\app\Models\MyLibzDBModel.php(19): CodeIgniter\Database\BaseConnection->query('insert into med...')
#4 C:\xampp\webapps\mytest\app\Models\MyLibzDBModel.php(153): App\Models\MyLibzDBModel->myoa_sql_exec('insert into med...', 'URI: /mytest/in...')
#5 C:\xampp\webapps\mytest\app\Models\MyMDArticleModel.php(110): App\Models\MyLibzDBModel->logs_modi_audit(Array, 'medbroc', '`mst_article`', 'MATITEM_UREC', 'PMSN01', ' recid = 3 ')
#6 C:\xampp\webapps\mytest\app\Controllers\Md_article.php(36): App\Models\MyMDArticleModel->profile_save()
#7 C:\xampp\webapps\mytest\system\CodeIgniter.php(927): App\Controllers\Md_article->profile_save()
#8 C:\xampp\webapps\mytest\system\CodeIgniter.php(482): CodeIgniter\CodeIgniter->runController(Object(App\Controllers\Md_article))
#9 C:\xampp\webapps\mytest\system\CodeIgniter.php(351): CodeIgniter\CodeIgniter->handleRequest(NULL, Object(Config\Cache), false)
#10 C:\xampp\webapps\mytest\public\index.php(67): CodeIgniter\CodeIgniter->run()
#11 {main}
ERROR - 2022-11-25 01:54:08 --> mysqli_sql_exception: You have an error in your SQL syntax; check the manual that corresponds to your MariaDB server version for the right syntax to use near 'KITS'')' at line 5 in C:\xampp\webapps\mytest\system\Database\MySQLi\Connection.php:292
Stack trace:
#0 C:\xampp\webapps\mytest\system\Database\MySQLi\Connection.php(292): mysqli->query('insert into med...', 0)
#1 C:\xampp\webapps\mytest\system\Database\BaseConnection.php(666): CodeIgniter\Database\MySQLi\Connection->execute('insert into med...')
#2 C:\xampp\webapps\mytest\system\Database\BaseConnection.php(593): CodeIgniter\Database\BaseConnection->simpleQuery('insert into med...')
#3 C:\xampp\webapps\mytest\app\Models\MyLibzDBModel.php(19): CodeIgniter\Database\BaseConnection->query('insert into med...')
#4 C:\xampp\webapps\mytest\app\Models\MyLibzDBModel.php(153): App\Models\MyLibzDBModel->myoa_sql_exec('insert into med...', 'URI: /mytest/in...')
#5 C:\xampp\webapps\mytest\app\Models\MyMDArticleModel.php(110): App\Models\MyLibzDBModel->logs_modi_audit(Array, 'medbroc', '`mst_article`', 'MATITEM_UREC', 'PMSN01', ' recid = 3 ')
#6 C:\xampp\webapps\mytest\app\Controllers\Md_article.php(36): App\Models\MyMDArticleModel->profile_save()
#7 C:\xampp\webapps\mytest\system\CodeIgniter.php(927): App\Controllers\Md_article->profile_save()
#8 C:\xampp\webapps\mytest\system\CodeIgniter.php(482): CodeIgniter\CodeIgniter->runController(Object(App\Controllers\Md_article))
#9 C:\xampp\webapps\mytest\system\CodeIgniter.php(351): CodeIgniter\CodeIgniter->handleRequest(NULL, Object(Config\Cache), false)
#10 C:\xampp\webapps\mytest\public\index.php(67): CodeIgniter\CodeIgniter->run()
#11 {main}
ERROR - 2022-11-25 01:57:45 --> mysqli_sql_exception: You have an error in your SQL syntax; check the manual that corresponds to your MariaDB server version for the right syntax to use near 'SELECT ART_HIERC3 from medbroc.`mst_article` where  recid = 3  and ART_HIERC3...' at line 5 in C:\xampp\webapps\mytest\system\Database\MySQLi\Connection.php:292
Stack trace:
#0 C:\xampp\webapps\mytest\system\Database\MySQLi\Connection.php(292): mysqli->query('insert into med...', 0)
#1 C:\xampp\webapps\mytest\system\Database\BaseConnection.php(666): CodeIgniter\Database\MySQLi\Connection->execute('insert into med...')
#2 C:\xampp\webapps\mytest\system\Database\BaseConnection.php(593): CodeIgniter\Database\BaseConnection->simpleQuery('insert into med...')
#3 C:\xampp\webapps\mytest\app\Models\MyLibzDBModel.php(19): CodeIgniter\Database\BaseConnection->query('insert into med...')
#4 C:\xampp\webapps\mytest\app\Models\MyLibzDBModel.php(153): App\Models\MyLibzDBModel->myoa_sql_exec('insert into med...', 'URI: /mytest/in...')
#5 C:\xampp\webapps\mytest\app\Models\MyMDArticleModel.php(110): App\Models\MyLibzDBModel->logs_modi_audit(Array, 'medbroc', '`mst_article`', 'MATITEM_UREC', 'PMSN01', ' recid = 3 ')
#6 C:\xampp\webapps\mytest\app\Controllers\Md_article.php(36): App\Models\MyMDArticleModel->profile_save()
#7 C:\xampp\webapps\mytest\system\CodeIgniter.php(927): App\Controllers\Md_article->profile_save()
#8 C:\xampp\webapps\mytest\system\CodeIgniter.php(482): CodeIgniter\CodeIgniter->runController(Object(App\Controllers\Md_article))
#9 C:\xampp\webapps\mytest\system\CodeIgniter.php(351): CodeIgniter\CodeIgniter->handleRequest(NULL, Object(Config\Cache), false)
#10 C:\xampp\webapps\mytest\public\index.php(67): CodeIgniter\CodeIgniter->run()
#11 {main}
CRITICAL - 2022-11-25 01:59:16 --> CodeIgniter\Database\MySQLi\Connection::_escapeString(): Argument #1 ($str) must be of type string, null given, called in C:\xampp\webapps\mytest\system\Database\BaseConnection.php on line 1248
in SYSTEMPATH\Database\MySQLi\Connection.php on line 329.
 1 SYSTEMPATH\Database\BaseConnection.php(1248): CodeIgniter\Database\MySQLi\Connection->_escapeString(null)
 2 APPPATH\Models\MyLibzDBModel.php(133): CodeIgniter\Database\BaseConnection->escapeString(null)
 3 APPPATH\Models\MyMDArticleModel.php(110): App\Models\MyLibzDBModel->logs_modi_audit([...], 'medbroc', '`mst_article`', 'MATITEM_UREC', 'PMSN01', ' recid = 3 ')
 4 APPPATH\Controllers\Md_article.php(36): App\Models\MyMDArticleModel->profile_save()
 5 SYSTEMPATH\CodeIgniter.php(927): App\Controllers\Md_article->profile_save()
 6 SYSTEMPATH\CodeIgniter.php(482): CodeIgniter\CodeIgniter->runController(Object(App\Controllers\Md_article))
 7 SYSTEMPATH\CodeIgniter.php(351): CodeIgniter\CodeIgniter->handleRequest(null, Object(Config\Cache), false)
 8 FCPATH\index.php(67): CodeIgniter\CodeIgniter->run()
CRITICAL - 2022-11-25 01:59:24 --> CodeIgniter\Database\MySQLi\Connection::_escapeString(): Argument #1 ($str) must be of type string, null given, called in C:\xampp\webapps\mytest\system\Database\BaseConnection.php on line 1248
in SYSTEMPATH\Database\MySQLi\Connection.php on line 329.
 1 SYSTEMPATH\Database\BaseConnection.php(1248): CodeIgniter\Database\MySQLi\Connection->_escapeString(null)
 2 APPPATH\Models\MyLibzDBModel.php(133): CodeIgniter\Database\BaseConnection->escapeString(null)
 3 APPPATH\Models\MyMDArticleModel.php(110): App\Models\MyLibzDBModel->logs_modi_audit([...], 'medbroc', '`mst_article`', 'MATITEM_UREC', 'PMSN01', ' recid = 3 ')
 4 APPPATH\Controllers\Md_article.php(36): App\Models\MyMDArticleModel->profile_save()
 5 SYSTEMPATH\CodeIgniter.php(927): App\Controllers\Md_article->profile_save()
 6 SYSTEMPATH\CodeIgniter.php(482): CodeIgniter\CodeIgniter->runController(Object(App\Controllers\Md_article))
 7 SYSTEMPATH\CodeIgniter.php(351): CodeIgniter\CodeIgniter->handleRequest(null, Object(Config\Cache), false)
 8 FCPATH\index.php(67): CodeIgniter\CodeIgniter->run()
CRITICAL - 2022-11-25 02:02:34 --> CodeIgniter\Database\MySQLi\Connection::_escapeString(): Argument #1 ($str) must be of type string, null given, called in C:\xampp\webapps\mytest\system\Database\BaseConnection.php on line 1248
in SYSTEMPATH\Database\MySQLi\Connection.php on line 329.
 1 SYSTEMPATH\Database\BaseConnection.php(1248): CodeIgniter\Database\MySQLi\Connection->_escapeString(null)
 2 APPPATH\Models\MyLibzDBModel.php(133): CodeIgniter\Database\BaseConnection->escapeString(null)
 3 APPPATH\Models\MyMDArticleModel.php(110): App\Models\MyLibzDBModel->logs_modi_audit([...], 'medbroc', '`mst_article`', 'MATITEM_UREC', 'PMSN01', ' recid = 3 ')
 4 APPPATH\Controllers\Md_article.php(36): App\Models\MyMDArticleModel->profile_save()
 5 SYSTEMPATH\CodeIgniter.php(927): App\Controllers\Md_article->profile_save()
 6 SYSTEMPATH\CodeIgniter.php(482): CodeIgniter\CodeIgniter->runController(Object(App\Controllers\Md_article))
 7 SYSTEMPATH\CodeIgniter.php(351): CodeIgniter\CodeIgniter->handleRequest(null, Object(Config\Cache), false)
 8 FCPATH\index.php(67): CodeIgniter\CodeIgniter->run()
CRITICAL - 2022-11-25 02:02:37 --> CodeIgniter\Database\MySQLi\Connection::_escapeString(): Argument #1 ($str) must be of type string, null given, called in C:\xampp\webapps\mytest\system\Database\BaseConnection.php on line 1248
in SYSTEMPATH\Database\MySQLi\Connection.php on line 329.
 1 SYSTEMPATH\Database\BaseConnection.php(1248): CodeIgniter\Database\MySQLi\Connection->_escapeString(null)
 2 APPPATH\Models\MyLibzDBModel.php(133): CodeIgniter\Database\BaseConnection->escapeString(null)
 3 APPPATH\Models\MyMDArticleModel.php(110): App\Models\MyLibzDBModel->logs_modi_audit([...], 'medbroc', '`mst_article`', 'MATITEM_UREC', 'PMSN01', ' recid = 3 ')
 4 APPPATH\Controllers\Md_article.php(36): App\Models\MyMDArticleModel->profile_save()
 5 SYSTEMPATH\CodeIgniter.php(927): App\Controllers\Md_article->profile_save()
 6 SYSTEMPATH\CodeIgniter.php(482): CodeIgniter\CodeIgniter->runController(Object(App\Controllers\Md_article))
 7 SYSTEMPATH\CodeIgniter.php(351): CodeIgniter\CodeIgniter->handleRequest(null, Object(Config\Cache), false)
 8 FCPATH\index.php(67): CodeIgniter\CodeIgniter->run()
CRITICAL - 2022-11-25 02:05:23 --> CodeIgniter\Database\MySQLi\Connection::_escapeString(): Argument #1 ($str) must be of type string, null given, called in C:\xampp\webapps\mytest\system\Database\BaseConnection.php on line 1248
in SYSTEMPATH\Database\MySQLi\Connection.php on line 329.
 1 SYSTEMPATH\Database\BaseConnection.php(1248): CodeIgniter\Database\MySQLi\Connection->_escapeString(null)
 2 APPPATH\Models\MyLibzDBModel.php(133): CodeIgniter\Database\BaseConnection->escapeString(null)
 3 APPPATH\Models\MyMDArticleModel.php(110): App\Models\MyLibzDBModel->logs_modi_audit([...], 'medbroc', '`mst_article`', 'MATITEM_UREC', 'PMSN01', ' recid = 3 ')
 4 APPPATH\Controllers\Md_article.php(36): App\Models\MyMDArticleModel->profile_save()
 5 SYSTEMPATH\CodeIgniter.php(927): App\Controllers\Md_article->profile_save()
 6 SYSTEMPATH\CodeIgniter.php(482): CodeIgniter\CodeIgniter->runController(Object(App\Controllers\Md_article))
 7 SYSTEMPATH\CodeIgniter.php(351): CodeIgniter\CodeIgniter->handleRequest(null, Object(Config\Cache), false)
 8 FCPATH\index.php(67): CodeIgniter\CodeIgniter->run()
CRITICAL - 2022-11-25 02:05:27 --> CodeIgniter\Database\MySQLi\Connection::_escapeString(): Argument #1 ($str) must be of type string, null given, called in C:\xampp\webapps\mytest\system\Database\BaseConnection.php on line 1248
in SYSTEMPATH\Database\MySQLi\Connection.php on line 329.
 1 SYSTEMPATH\Database\BaseConnection.php(1248): CodeIgniter\Database\MySQLi\Connection->_escapeString(null)
 2 APPPATH\Models\MyLibzDBModel.php(133): CodeIgniter\Database\BaseConnection->escapeString(null)
 3 APPPATH\Models\MyMDArticleModel.php(110): App\Models\MyLibzDBModel->logs_modi_audit([...], 'medbroc', '`mst_article`', 'MATITEM_UREC', 'PMSN01', ' recid = 3 ')
 4 APPPATH\Controllers\Md_article.php(36): App\Models\MyMDArticleModel->profile_save()
 5 SYSTEMPATH\CodeIgniter.php(927): App\Controllers\Md_article->profile_save()
 6 SYSTEMPATH\CodeIgniter.php(482): CodeIgniter\CodeIgniter->runController(Object(App\Controllers\Md_article))
 7 SYSTEMPATH\CodeIgniter.php(351): CodeIgniter\CodeIgniter->handleRequest(null, Object(Config\Cache), false)
 8 FCPATH\index.php(67): CodeIgniter\CodeIgniter->run()
CRITICAL - 2022-11-25 02:08:11 --> Undefined variable $strq
in APPPATH\Models\MyLibzDBModel.php on line 148.
 1 APPPATH\Models\MyLibzDBModel.php(148): CodeIgniter\Debug\Exceptions->errorHandler(2, 'Undefined variable $strq', 'APPPATH\\Models\\MyLibzDBModel.php', 148)
 2 APPPATH\Models\MyMDArticleModel.php(110): App\Models\MyLibzDBModel->logs_modi_audit([...], 'medbroc', '`mst_article`', 'MATITEM_UREC', 'PMSN01', ' recid = 3 ')
 3 APPPATH\Controllers\Md_article.php(36): App\Models\MyMDArticleModel->profile_save()
 4 SYSTEMPATH\CodeIgniter.php(927): App\Controllers\Md_article->profile_save()
 5 SYSTEMPATH\CodeIgniter.php(482): CodeIgniter\CodeIgniter->runController(Object(App\Controllers\Md_article))
 6 SYSTEMPATH\CodeIgniter.php(351): CodeIgniter\CodeIgniter->handleRequest(null, Object(Config\Cache), false)
 7 FCPATH\index.php(67): CodeIgniter\CodeIgniter->run()
CRITICAL - 2022-11-25 02:14:55 --> Call to undefined function App\Models\mysql_real_escape_string()
in APPPATH\Models\MyLibzDBModel.php on line 150.
 1 APPPATH\Models\MyMDArticleModel.php(110): App\Models\MyLibzDBModel->logs_modi_audit([...], 'medbroc', '`mst_article`', 'MATITEM_UREC', 'PMSN01', ' recid = 3 ')
 2 APPPATH\Controllers\Md_article.php(36): App\Models\MyMDArticleModel->profile_save()
 3 SYSTEMPATH\CodeIgniter.php(927): App\Controllers\Md_article->profile_save()
 4 SYSTEMPATH\CodeIgniter.php(482): CodeIgniter\CodeIgniter->runController(Object(App\Controllers\Md_article))
 5 SYSTEMPATH\CodeIgniter.php(351): CodeIgniter\CodeIgniter->handleRequest(null, Object(Config\Cache), false)
 6 FCPATH\index.php(67): CodeIgniter\CodeIgniter->run()
CRITICAL - 2022-11-25 02:14:59 --> Call to undefined function App\Models\mysql_real_escape_string()
in APPPATH\Models\MyLibzDBModel.php on line 150.
 1 APPPATH\Models\MyMDArticleModel.php(110): App\Models\MyLibzDBModel->logs_modi_audit([...], 'medbroc', '`mst_article`', 'MATITEM_UREC', 'PMSN01', ' recid = 3 ')
 2 APPPATH\Controllers\Md_article.php(36): App\Models\MyMDArticleModel->profile_save()
 3 SYSTEMPATH\CodeIgniter.php(927): App\Controllers\Md_article->profile_save()
 4 SYSTEMPATH\CodeIgniter.php(482): CodeIgniter\CodeIgniter->runController(Object(App\Controllers\Md_article))
 5 SYSTEMPATH\CodeIgniter.php(351): CodeIgniter\CodeIgniter->handleRequest(null, Object(Config\Cache), false)
 6 FCPATH\index.php(67): CodeIgniter\CodeIgniter->run()
CRITICAL - 2022-11-25 02:15:20 --> mysqli_real_escape_string() expects exactly 2 arguments, 1 given
in APPPATH\Models\MyLibzDBModel.php on line 150.
 1 APPPATH\Models\MyLibzDBModel.php(150): mysqli_real_escape_string('SELECT ART_DESC from medbroc.`mst_article` where  recid = 3  and ART_DESC = \'SN BROTHER\'')
 2 APPPATH\Models\MyMDArticleModel.php(110): App\Models\MyLibzDBModel->logs_modi_audit([...], 'medbroc', '`mst_article`', 'MATITEM_UREC', 'PMSN01', ' recid = 3 ')
 3 APPPATH\Controllers\Md_article.php(36): App\Models\MyMDArticleModel->profile_save()
 4 SYSTEMPATH\CodeIgniter.php(927): App\Controllers\Md_article->profile_save()
 5 SYSTEMPATH\CodeIgniter.php(482): CodeIgniter\CodeIgniter->runController(Object(App\Controllers\Md_article))
 6 SYSTEMPATH\CodeIgniter.php(351): CodeIgniter\CodeIgniter->handleRequest(null, Object(Config\Cache), false)
 7 FCPATH\index.php(67): CodeIgniter\CodeIgniter->run()
CRITICAL - 2022-11-25 02:15:31 --> mysqli_escape_string() expects exactly 2 arguments, 1 given
in APPPATH\Models\MyLibzDBModel.php on line 150.
 1 APPPATH\Models\MyLibzDBModel.php(150): mysqli_escape_string('SELECT ART_DESC from medbroc.`mst_article` where  recid = 3  and ART_DESC = \'SN BROTHER\'')
 2 APPPATH\Models\MyMDArticleModel.php(110): App\Models\MyLibzDBModel->logs_modi_audit([...], 'medbroc', '`mst_article`', 'MATITEM_UREC', 'PMSN01', ' recid = 3 ')
 3 APPPATH\Controllers\Md_article.php(36): App\Models\MyMDArticleModel->profile_save()
 4 SYSTEMPATH\CodeIgniter.php(927): App\Controllers\Md_article->profile_save()
 5 SYSTEMPATH\CodeIgniter.php(482): CodeIgniter\CodeIgniter->runController(Object(App\Controllers\Md_article))
 6 SYSTEMPATH\CodeIgniter.php(351): CodeIgniter\CodeIgniter->handleRequest(null, Object(Config\Cache), false)
 7 FCPATH\index.php(67): CodeIgniter\CodeIgniter->run()
CRITICAL - 2022-11-25 02:15:34 --> mysqli_escape_string() expects exactly 2 arguments, 1 given
in APPPATH\Models\MyLibzDBModel.php on line 150.
 1 APPPATH\Models\MyLibzDBModel.php(150): mysqli_escape_string('SELECT ART_DESC from medbroc.`mst_article` where  recid = 3  and ART_DESC = \'SN BROTHER\'')
 2 APPPATH\Models\MyMDArticleModel.php(110): App\Models\MyLibzDBModel->logs_modi_audit([...], 'medbroc', '`mst_article`', 'MATITEM_UREC', 'PMSN01', ' recid = 3 ')
 3 APPPATH\Controllers\Md_article.php(36): App\Models\MyMDArticleModel->profile_save()
 4 SYSTEMPATH\CodeIgniter.php(927): App\Controllers\Md_article->profile_save()
 5 SYSTEMPATH\CodeIgniter.php(482): CodeIgniter\CodeIgniter->runController(Object(App\Controllers\Md_article))
 6 SYSTEMPATH\CodeIgniter.php(351): CodeIgniter\CodeIgniter->handleRequest(null, Object(Config\Cache), false)
 7 FCPATH\index.php(67): CodeIgniter\CodeIgniter->run()
CRITICAL - 2022-11-25 02:17:12 --> mysqli_real_escape_string() expects exactly 2 arguments, 1 given
in APPPATH\Models\MyLibzDBModel.php on line 150.
 1 APPPATH\Models\MyLibzDBModel.php(150): mysqli_real_escape_string('SELECT ART_DESC from medbroc.`mst_article` where  recid = 3  and ART_DESC = \'SN BROTHER\'')
 2 APPPATH\Models\MyMDArticleModel.php(110): App\Models\MyLibzDBModel->logs_modi_audit([...], 'medbroc', '`mst_article`', 'MATITEM_UREC', 'PMSN01', ' recid = 3 ')
 3 APPPATH\Controllers\Md_article.php(36): App\Models\MyMDArticleModel->profile_save()
 4 SYSTEMPATH\CodeIgniter.php(927): App\Controllers\Md_article->profile_save()
 5 SYSTEMPATH\CodeIgniter.php(482): CodeIgniter\CodeIgniter->runController(Object(App\Controllers\Md_article))
 6 SYSTEMPATH\CodeIgniter.php(351): CodeIgniter\CodeIgniter->handleRequest(null, Object(Config\Cache), false)
 7 FCPATH\index.php(67): CodeIgniter\CodeIgniter->run()
CRITICAL - 2022-11-25 02:17:15 --> mysqli_real_escape_string() expects exactly 2 arguments, 1 given
in APPPATH\Models\MyLibzDBModel.php on line 150.
 1 APPPATH\Models\MyLibzDBModel.php(150): mysqli_real_escape_string('SELECT ART_DESC from medbroc.`mst_article` where  recid = 3  and ART_DESC = \'SN BROTHER\'')
 2 APPPATH\Models\MyMDArticleModel.php(110): App\Models\MyLibzDBModel->logs_modi_audit([...], 'medbroc', '`mst_article`', 'MATITEM_UREC', 'PMSN01', ' recid = 3 ')
 3 APPPATH\Controllers\Md_article.php(36): App\Models\MyMDArticleModel->profile_save()
 4 SYSTEMPATH\CodeIgniter.php(927): App\Controllers\Md_article->profile_save()
 5 SYSTEMPATH\CodeIgniter.php(482): CodeIgniter\CodeIgniter->runController(Object(App\Controllers\Md_article))
 6 SYSTEMPATH\CodeIgniter.php(351): CodeIgniter\CodeIgniter->handleRequest(null, Object(Config\Cache), false)
 7 FCPATH\index.php(67): CodeIgniter\CodeIgniter->run()
CRITICAL - 2022-11-25 02:19:01 --> mysqli_real_escape_string(): Argument #1 ($mysql) must be of type mysqli, CodeIgniter\Database\MySQLi\Connection given
in APPPATH\Models\MyLibzDBModel.php on line 150.
 1 APPPATH\Models\MyLibzDBModel.php(150): mysqli_real_escape_string(Object(CodeIgniter\Database\MySQLi\Connection), 'SELECT ART_DESC from medbroc.`mst_article` where  recid = 3  and ART_DESC = \'SN BROTHER\'')
 2 APPPATH\Models\MyMDArticleModel.php(110): App\Models\MyLibzDBModel->logs_modi_audit([...], 'medbroc', '`mst_article`', 'MATITEM_UREC', 'PMSN01', ' recid = 3 ')
 3 APPPATH\Controllers\Md_article.php(36): App\Models\MyMDArticleModel->profile_save()
 4 SYSTEMPATH\CodeIgniter.php(927): App\Controllers\Md_article->profile_save()
 5 SYSTEMPATH\CodeIgniter.php(482): CodeIgniter\CodeIgniter->runController(Object(App\Controllers\Md_article))
 6 SYSTEMPATH\CodeIgniter.php(351): CodeIgniter\CodeIgniter->handleRequest(null, Object(Config\Cache), false)
 7 FCPATH\index.php(67): CodeIgniter\CodeIgniter->run()
CRITICAL - 2022-11-25 02:19:04 --> mysqli_real_escape_string(): Argument #1 ($mysql) must be of type mysqli, CodeIgniter\Database\MySQLi\Connection given
in APPPATH\Models\MyLibzDBModel.php on line 150.
 1 APPPATH\Models\MyLibzDBModel.php(150): mysqli_real_escape_string(Object(CodeIgniter\Database\MySQLi\Connection), 'SELECT ART_DESC from medbroc.`mst_article` where  recid = 3  and ART_DESC = \'SN BROTHER\'')
 2 APPPATH\Models\MyMDArticleModel.php(110): App\Models\MyLibzDBModel->logs_modi_audit([...], 'medbroc', '`mst_article`', 'MATITEM_UREC', 'PMSN01', ' recid = 3 ')
 3 APPPATH\Controllers\Md_article.php(36): App\Models\MyMDArticleModel->profile_save()
 4 SYSTEMPATH\CodeIgniter.php(927): App\Controllers\Md_article->profile_save()
 5 SYSTEMPATH\CodeIgniter.php(482): CodeIgniter\CodeIgniter->runController(Object(App\Controllers\Md_article))
 6 SYSTEMPATH\CodeIgniter.php(351): CodeIgniter\CodeIgniter->handleRequest(null, Object(Config\Cache), false)
 7 FCPATH\index.php(67): CodeIgniter\CodeIgniter->run()
CRITICAL - 2022-11-25 02:19:40 --> mysqli_real_escape_string(): Argument #1 ($mysql) must be of type mysqli, CodeIgniter\Database\MySQLi\Connection given
in APPPATH\Models\MyLibzDBModel.php on line 151.
 1 APPPATH\Models\MyLibzDBModel.php(151): mysqli_real_escape_string(Object(CodeIgniter\Database\MySQLi\Connection), 'SELECT ART_DESC from medbroc.`mst_article` where  recid = 3  and ART_DESC = \'SN BROTHER\'')
 2 APPPATH\Models\MyMDArticleModel.php(110): App\Models\MyLibzDBModel->logs_modi_audit([...], 'medbroc', '`mst_article`', 'MATITEM_UREC', 'PMSN01', ' recid = 3 ')
 3 APPPATH\Controllers\Md_article.php(36): App\Models\MyMDArticleModel->profile_save()
 4 SYSTEMPATH\CodeIgniter.php(927): App\Controllers\Md_article->profile_save()
 5 SYSTEMPATH\CodeIgniter.php(482): CodeIgniter\CodeIgniter->runController(Object(App\Controllers\Md_article))
 6 SYSTEMPATH\CodeIgniter.php(351): CodeIgniter\CodeIgniter->handleRequest(null, Object(Config\Cache), false)
 7 FCPATH\index.php(67): CodeIgniter\CodeIgniter->run()
CRITICAL - 2022-11-25 02:19:44 --> mysqli_real_escape_string(): Argument #1 ($mysql) must be of type mysqli, CodeIgniter\Database\MySQLi\Connection given
in APPPATH\Models\MyLibzDBModel.php on line 151.
 1 APPPATH\Models\MyLibzDBModel.php(151): mysqli_real_escape_string(Object(CodeIgniter\Database\MySQLi\Connection), 'SELECT ART_DESC from medbroc.`mst_article` where  recid = 3  and ART_DESC = \'SN BROTHER\'')
 2 APPPATH\Models\MyMDArticleModel.php(110): App\Models\MyLibzDBModel->logs_modi_audit([...], 'medbroc', '`mst_article`', 'MATITEM_UREC', 'PMSN01', ' recid = 3 ')
 3 APPPATH\Controllers\Md_article.php(36): App\Models\MyMDArticleModel->profile_save()
 4 SYSTEMPATH\CodeIgniter.php(927): App\Controllers\Md_article->profile_save()
 5 SYSTEMPATH\CodeIgniter.php(482): CodeIgniter\CodeIgniter->runController(Object(App\Controllers\Md_article))
 6 SYSTEMPATH\CodeIgniter.php(351): CodeIgniter\CodeIgniter->handleRequest(null, Object(Config\Cache), false)
 7 FCPATH\index.php(67): CodeIgniter\CodeIgniter->run()
CRITICAL - 2022-11-25 02:21:05 --> Undefined variable $strq
in APPPATH\Models\MyLibzDBModel.php on line 148.
 1 APPPATH\Models\MyLibzDBModel.php(148): CodeIgniter\Debug\Exceptions->errorHandler(2, 'Undefined variable $strq', 'APPPATH\\Models\\MyLibzDBModel.php', 148)
 2 APPPATH\Models\MyMDArticleModel.php(110): App\Models\MyLibzDBModel->logs_modi_audit([...], 'medbroc', '`mst_article`', 'MATITEM_UREC', 'PMSN01', ' recid = 3 ')
 3 APPPATH\Controllers\Md_article.php(36): App\Models\MyMDArticleModel->profile_save()
 4 SYSTEMPATH\CodeIgniter.php(927): App\Controllers\Md_article->profile_save()
 5 SYSTEMPATH\CodeIgniter.php(482): CodeIgniter\CodeIgniter->runController(Object(App\Controllers\Md_article))
 6 SYSTEMPATH\CodeIgniter.php(351): CodeIgniter\CodeIgniter->handleRequest(null, Object(Config\Cache), false)
 7 FCPATH\index.php(67): CodeIgniter\CodeIgniter->run()
CRITICAL - 2022-11-25 02:21:09 --> Undefined variable $strq
in APPPATH\Models\MyLibzDBModel.php on line 148.
 1 APPPATH\Models\MyLibzDBModel.php(148): CodeIgniter\Debug\Exceptions->errorHandler(2, 'Undefined variable $strq', 'APPPATH\\Models\\MyLibzDBModel.php', 148)
 2 APPPATH\Models\MyMDArticleModel.php(110): App\Models\MyLibzDBModel->logs_modi_audit([...], 'medbroc', '`mst_article`', 'MATITEM_UREC', 'PMSN01', ' recid = 3 ')
 3 APPPATH\Controllers\Md_article.php(36): App\Models\MyMDArticleModel->profile_save()
 4 SYSTEMPATH\CodeIgniter.php(927): App\Controllers\Md_article->profile_save()
 5 SYSTEMPATH\CodeIgniter.php(482): CodeIgniter\CodeIgniter->runController(Object(App\Controllers\Md_article))
 6 SYSTEMPATH\CodeIgniter.php(351): CodeIgniter\CodeIgniter->handleRequest(null, Object(Config\Cache), false)
 7 FCPATH\index.php(67): CodeIgniter\CodeIgniter->run()
