CRITICAL - 2023-01-07 00:12:52 --> Trying to access array offset on value of type null
in APPPATH/Views/sales/trx_promo.php on line 46.
 1 APPPATH/Views/sales/trx_promo.php(46): CodeIgniter\Debug\Exceptions->errorHandler()
 2 SYSTEMPATH/View/View.php(213): include('APPPATH/Views/sales/trx_promo.php')
 3 SYSTEMPATH/View/View.php(216): CodeIgniter\View\View->CodeIgniter\View\{closure}()
 4 SYSTEMPATH/Common.php(1134): CodeIgniter\View\View->render()
 5 APPPATH/Controllers/Promo_discount.php(21): view()
 6 SYSTEMPATH/CodeIgniter.php(927): App\Controllers\Promo_discount->index()
 7 SYSTEMPATH/CodeIgniter.php(482): CodeIgniter\CodeIgniter->runController()
 8 SYSTEMPATH/CodeIgniter.php(351): CodeIgniter\CodeIgniter->handleRequest()
 9 FCPATH/index.php(67): CodeIgniter\CodeIgniter->run()
CRITICAL - 2023-01-07 00:36:29 --> Undefined variable $mtkn_fgpacktrr
in APPPATH/Views/sales/trx_promo.php on line 85.
 1 APPPATH/Views/sales/trx_promo.php(85): CodeIgniter\Debug\Exceptions->errorHandler()
 2 SYSTEMPATH/View/View.php(213): include('APPPATH/Views/sales/trx_promo.php')
 3 SYSTEMPATH/View/View.php(216): CodeIgniter\View\View->CodeIgniter\View\{closure}()
 4 SYSTEMPATH/Common.php(1134): CodeIgniter\View\View->render()
 5 APPPATH/Controllers/Promo_discount.php(21): view()
 6 SYSTEMPATH/CodeIgniter.php(927): App\Controllers\Promo_discount->index()
 7 SYSTEMPATH/CodeIgniter.php(482): CodeIgniter\CodeIgniter->runController()
 8 SYSTEMPATH/CodeIgniter.php(351): CodeIgniter\CodeIgniter->handleRequest()
 9 FCPATH/index.php(67): CodeIgniter\CodeIgniter->run()
CRITICAL - 2023-01-07 00:37:23 --> Undefined variable $mtkn_fgpacktrr
in APPPATH/Views/sales/trx_promo.php on line 51.
 1 APPPATH/Views/sales/trx_promo.php(51): CodeIgniter\Debug\Exceptions->errorHandler()
 2 SYSTEMPATH/View/View.php(213): include('APPPATH/Views/sales/trx_promo.php')
 3 SYSTEMPATH/View/View.php(216): CodeIgniter\View\View->CodeIgniter\View\{closure}()
 4 SYSTEMPATH/Common.php(1134): CodeIgniter\View\View->render()
 5 APPPATH/Controllers/Promo_discount.php(21): view()
 6 SYSTEMPATH/CodeIgniter.php(927): App\Controllers\Promo_discount->index()
 7 SYSTEMPATH/CodeIgniter.php(482): CodeIgniter\CodeIgniter->runController()
 8 SYSTEMPATH/CodeIgniter.php(351): CodeIgniter\CodeIgniter->handleRequest()
 9 FCPATH/index.php(67): CodeIgniter\CodeIgniter->run()
CRITICAL - 2023-01-07 00:37:45 --> Trying to access array offset on value of type null
in APPPATH/Views/sales/trx_promo.php on line 57.
 1 APPPATH/Views/sales/trx_promo.php(57): CodeIgniter\Debug\Exceptions->errorHandler()
 2 SYSTEMPATH/View/View.php(213): include('APPPATH/Views/sales/trx_promo.php')
 3 SYSTEMPATH/View/View.php(216): CodeIgniter\View\View->CodeIgniter\View\{closure}()
 4 SYSTEMPATH/Common.php(1134): CodeIgniter\View\View->render()
 5 APPPATH/Controllers/Promo_discount.php(21): view()
 6 SYSTEMPATH/CodeIgniter.php(927): App\Controllers\Promo_discount->index()
 7 SYSTEMPATH/CodeIgniter.php(482): CodeIgniter\CodeIgniter->runController()
 8 SYSTEMPATH/CodeIgniter.php(351): CodeIgniter\CodeIgniter->handleRequest()
 9 FCPATH/index.php(67): CodeIgniter\CodeIgniter->run()
CRITICAL - 2023-01-07 00:38:40 --> Undefined array key "recid"
in APPPATH/Views/sales/trx_promo.php on line 57.
 1 APPPATH/Views/sales/trx_promo.php(57): CodeIgniter\Debug\Exceptions->errorHandler()
 2 SYSTEMPATH/View/View.php(213): include('APPPATH/Views/sales/trx_promo.php')
 3 SYSTEMPATH/View/View.php(216): CodeIgniter\View\View->CodeIgniter\View\{closure}()
 4 SYSTEMPATH/Common.php(1134): CodeIgniter\View\View->render()
 5 APPPATH/Controllers/Promo_discount.php(21): view()
 6 SYSTEMPATH/CodeIgniter.php(927): App\Controllers\Promo_discount->index()
 7 SYSTEMPATH/CodeIgniter.php(482): CodeIgniter\CodeIgniter->runController()
 8 SYSTEMPATH/CodeIgniter.php(351): CodeIgniter\CodeIgniter->handleRequest()
 9 FCPATH/index.php(67): CodeIgniter\CodeIgniter->run()
CRITICAL - 2023-01-07 00:39:21 --> Undefined array key "is_fixed_price"
in APPPATH/Views/sales/trx_promo.php on line 63.
 1 APPPATH/Views/sales/trx_promo.php(63): CodeIgniter\Debug\Exceptions->errorHandler()
 2 SYSTEMPATH/View/View.php(213): include('APPPATH/Views/sales/trx_promo.php')
 3 SYSTEMPATH/View/View.php(216): CodeIgniter\View\View->CodeIgniter\View\{closure}()
 4 SYSTEMPATH/Common.php(1134): CodeIgniter\View\View->render()
 5 APPPATH/Controllers/Promo_discount.php(21): view()
 6 SYSTEMPATH/CodeIgniter.php(927): App\Controllers\Promo_discount->index()
 7 SYSTEMPATH/CodeIgniter.php(482): CodeIgniter\CodeIgniter->runController()
 8 SYSTEMPATH/CodeIgniter.php(351): CodeIgniter\CodeIgniter->handleRequest()
 9 FCPATH/index.php(67): CodeIgniter\CodeIgniter->run()
CRITICAL - 2023-01-07 01:03:57 --> Trying to access array offset on value of type null
in APPPATH/Models/MySalesModel.php on line 105.
 1 APPPATH/Models/MySalesModel.php(105): CodeIgniter\Debug\Exceptions->errorHandler()
 2 APPPATH/Controllers/Promo_discount.php(27): App\Models\MySalesModel->promo_entry_save()
 3 SYSTEMPATH/CodeIgniter.php(927): App\Controllers\Promo_discount->promo_save()
 4 SYSTEMPATH/CodeIgniter.php(482): CodeIgniter\CodeIgniter->runController()
 5 SYSTEMPATH/CodeIgniter.php(351): CodeIgniter\CodeIgniter->handleRequest()
 6 FCPATH/index.php(67): CodeIgniter\CodeIgniter->run()
CRITICAL - 2023-01-07 01:04:06 --> Trying to access array offset on value of type null
in APPPATH/Models/MySalesModel.php on line 105.
 1 APPPATH/Models/MySalesModel.php(105): CodeIgniter\Debug\Exceptions->errorHandler()
 2 APPPATH/Controllers/Promo_discount.php(27): App\Models\MySalesModel->promo_entry_save()
 3 SYSTEMPATH/CodeIgniter.php(927): App\Controllers\Promo_discount->promo_save()
 4 SYSTEMPATH/CodeIgniter.php(482): CodeIgniter\CodeIgniter->runController()
 5 SYSTEMPATH/CodeIgniter.php(351): CodeIgniter\CodeIgniter->handleRequest()
 6 FCPATH/index.php(67): CodeIgniter\CodeIgniter->run()
CRITICAL - 2023-01-07 01:04:16 --> Trying to access array offset on value of type null
in APPPATH/Models/MySalesModel.php on line 105.
 1 APPPATH/Models/MySalesModel.php(105): CodeIgniter\Debug\Exceptions->errorHandler()
 2 APPPATH/Controllers/Promo_discount.php(27): App\Models\MySalesModel->promo_entry_save()
 3 SYSTEMPATH/CodeIgniter.php(927): App\Controllers\Promo_discount->promo_save()
 4 SYSTEMPATH/CodeIgniter.php(482): CodeIgniter\CodeIgniter->runController()
 5 SYSTEMPATH/CodeIgniter.php(351): CodeIgniter\CodeIgniter->handleRequest()
 6 FCPATH/index.php(67): CodeIgniter\CodeIgniter->run()
CRITICAL - 2023-01-07 02:05:56 --> Undefined variable $rdt
in APPPATH/Views/sales/trx_promo.php on line 218.
 1 APPPATH/Views/sales/trx_promo.php(218): CodeIgniter\Debug\Exceptions->errorHandler()
 2 SYSTEMPATH/View/View.php(213): include('APPPATH/Views/sales/trx_promo.php')
 3 SYSTEMPATH/View/View.php(216): CodeIgniter\View\View->CodeIgniter\View\{closure}()
 4 SYSTEMPATH/Common.php(1134): CodeIgniter\View\View->render()
 5 APPPATH/Controllers/Promo_discount.php(21): view()
 6 SYSTEMPATH/CodeIgniter.php(927): App\Controllers\Promo_discount->index()
 7 SYSTEMPATH/CodeIgniter.php(482): CodeIgniter\CodeIgniter->runController()
 8 SYSTEMPATH/CodeIgniter.php(351): CodeIgniter\CodeIgniter->handleRequest()
 9 FCPATH/index.php(67): CodeIgniter\CodeIgniter->run()
CRITICAL - 2023-01-07 02:06:22 --> Undefined variable $rdt
in APPPATH/Views/sales/trx_promo.php on line 221.
 1 APPPATH/Views/sales/trx_promo.php(221): CodeIgniter\Debug\Exceptions->errorHandler()
 2 SYSTEMPATH/View/View.php(213): include('APPPATH/Views/sales/trx_promo.php')
 3 SYSTEMPATH/View/View.php(216): CodeIgniter\View\View->CodeIgniter\View\{closure}()
 4 SYSTEMPATH/Common.php(1134): CodeIgniter\View\View->render()
 5 APPPATH/Controllers/Promo_discount.php(21): view()
 6 SYSTEMPATH/CodeIgniter.php(927): App\Controllers\Promo_discount->index()
 7 SYSTEMPATH/CodeIgniter.php(482): CodeIgniter\CodeIgniter->runController()
 8 SYSTEMPATH/CodeIgniter.php(351): CodeIgniter\CodeIgniter->handleRequest()
 9 FCPATH/index.php(67): CodeIgniter\CodeIgniter->run()
CRITICAL - 2023-01-07 02:06:37 --> Undefined variable $rdt
in APPPATH/Views/sales/trx_promo.php on line 221.
 1 APPPATH/Views/sales/trx_promo.php(221): CodeIgniter\Debug\Exceptions->errorHandler()
 2 SYSTEMPATH/View/View.php(213): include('APPPATH/Views/sales/trx_promo.php')
 3 SYSTEMPATH/View/View.php(216): CodeIgniter\View\View->CodeIgniter\View\{closure}()
 4 SYSTEMPATH/Common.php(1134): CodeIgniter\View\View->render()
 5 APPPATH/Controllers/Promo_discount.php(21): view()
 6 SYSTEMPATH/CodeIgniter.php(927): App\Controllers\Promo_discount->index()
 7 SYSTEMPATH/CodeIgniter.php(482): CodeIgniter\CodeIgniter->runController()
 8 SYSTEMPATH/CodeIgniter.php(351): CodeIgniter\CodeIgniter->handleRequest()
 9 FCPATH/index.php(67): CodeIgniter\CodeIgniter->run()
CRITICAL - 2023-01-07 02:13:34 --> Undefined variable $rdt
in APPPATH/Views/sales/trx_promo.php on line 268.
 1 APPPATH/Views/sales/trx_promo.php(268): CodeIgniter\Debug\Exceptions->errorHandler()
 2 SYSTEMPATH/View/View.php(213): include('APPPATH/Views/sales/trx_promo.php')
 3 SYSTEMPATH/View/View.php(216): CodeIgniter\View\View->CodeIgniter\View\{closure}()
 4 SYSTEMPATH/Common.php(1134): CodeIgniter\View\View->render()
 5 APPPATH/Controllers/Promo_discount.php(21): view()
 6 SYSTEMPATH/CodeIgniter.php(927): App\Controllers\Promo_discount->index()
 7 SYSTEMPATH/CodeIgniter.php(482): CodeIgniter\CodeIgniter->runController()
 8 SYSTEMPATH/CodeIgniter.php(351): CodeIgniter\CodeIgniter->handleRequest()
 9 FCPATH/index.php(67): CodeIgniter\CodeIgniter->run()
CRITICAL - 2023-01-07 02:13:54 --> Undefined variable $rdt
in APPPATH/Views/sales/trx_promo.php on line 268.
 1 APPPATH/Views/sales/trx_promo.php(268): CodeIgniter\Debug\Exceptions->errorHandler()
 2 SYSTEMPATH/View/View.php(213): include('APPPATH/Views/sales/trx_promo.php')
 3 SYSTEMPATH/View/View.php(216): CodeIgniter\View\View->CodeIgniter\View\{closure}()
 4 SYSTEMPATH/Common.php(1134): CodeIgniter\View\View->render()
 5 APPPATH/Controllers/Promo_discount.php(21): view()
 6 SYSTEMPATH/CodeIgniter.php(927): App\Controllers\Promo_discount->index()
 7 SYSTEMPATH/CodeIgniter.php(482): CodeIgniter\CodeIgniter->runController()
 8 SYSTEMPATH/CodeIgniter.php(351): CodeIgniter\CodeIgniter->handleRequest()
 9 FCPATH/index.php(67): CodeIgniter\CodeIgniter->run()
CRITICAL - 2023-01-07 02:14:06 --> Undefined variable $rdt
in APPPATH/Views/sales/trx_promo.php on line 269.
 1 APPPATH/Views/sales/trx_promo.php(269): CodeIgniter\Debug\Exceptions->errorHandler()
 2 SYSTEMPATH/View/View.php(213): include('APPPATH/Views/sales/trx_promo.php')
 3 SYSTEMPATH/View/View.php(216): CodeIgniter\View\View->CodeIgniter\View\{closure}()
 4 SYSTEMPATH/Common.php(1134): CodeIgniter\View\View->render()
 5 APPPATH/Controllers/Promo_discount.php(21): view()
 6 SYSTEMPATH/CodeIgniter.php(927): App\Controllers\Promo_discount->index()
 7 SYSTEMPATH/CodeIgniter.php(482): CodeIgniter\CodeIgniter->runController()
 8 SYSTEMPATH/CodeIgniter.php(351): CodeIgniter\CodeIgniter->handleRequest()
 9 FCPATH/index.php(67): CodeIgniter\CodeIgniter->run()
CRITICAL - 2023-01-07 02:16:37 --> Undefined variable $rdt
in APPPATH/Views/sales/trx_promo.php on line 278.
 1 APPPATH/Views/sales/trx_promo.php(278): CodeIgniter\Debug\Exceptions->errorHandler()
 2 SYSTEMPATH/View/View.php(213): include('APPPATH/Views/sales/trx_promo.php')
 3 SYSTEMPATH/View/View.php(216): CodeIgniter\View\View->CodeIgniter\View\{closure}()
 4 SYSTEMPATH/Common.php(1134): CodeIgniter\View\View->render()
 5 APPPATH/Controllers/Promo_discount.php(21): view()
 6 SYSTEMPATH/CodeIgniter.php(927): App\Controllers\Promo_discount->index()
 7 SYSTEMPATH/CodeIgniter.php(482): CodeIgniter\CodeIgniter->runController()
 8 SYSTEMPATH/CodeIgniter.php(351): CodeIgniter\CodeIgniter->handleRequest()
 9 FCPATH/index.php(67): CodeIgniter\CodeIgniter->run()
CRITICAL - 2023-01-07 02:17:08 --> Undefined variable $rdt
in APPPATH/Views/sales/trx_promo.php on line 278.
 1 APPPATH/Views/sales/trx_promo.php(278): CodeIgniter\Debug\Exceptions->errorHandler()
 2 SYSTEMPATH/View/View.php(213): include('APPPATH/Views/sales/trx_promo.php')
 3 SYSTEMPATH/View/View.php(216): CodeIgniter\View\View->CodeIgniter\View\{closure}()
 4 SYSTEMPATH/Common.php(1134): CodeIgniter\View\View->render()
 5 APPPATH/Controllers/Promo_discount.php(21): view()
 6 SYSTEMPATH/CodeIgniter.php(927): App\Controllers\Promo_discount->index()
 7 SYSTEMPATH/CodeIgniter.php(482): CodeIgniter\CodeIgniter->runController()
 8 SYSTEMPATH/CodeIgniter.php(351): CodeIgniter\CodeIgniter->handleRequest()
 9 FCPATH/index.php(67): CodeIgniter\CodeIgniter->run()
CRITICAL - 2023-01-07 02:17:59 --> Undefined variable $rdt
in APPPATH/Views/sales/trx_promo.php on line 279.
 1 APPPATH/Views/sales/trx_promo.php(279): CodeIgniter\Debug\Exceptions->errorHandler()
 2 SYSTEMPATH/View/View.php(213): include('APPPATH/Views/sales/trx_promo.php')
 3 SYSTEMPATH/View/View.php(216): CodeIgniter\View\View->CodeIgniter\View\{closure}()
 4 SYSTEMPATH/Common.php(1134): CodeIgniter\View\View->render()
 5 APPPATH/Controllers/Promo_discount.php(21): view()
 6 SYSTEMPATH/CodeIgniter.php(927): App\Controllers\Promo_discount->index()
 7 SYSTEMPATH/CodeIgniter.php(482): CodeIgniter\CodeIgniter->runController()
 8 SYSTEMPATH/CodeIgniter.php(351): CodeIgniter\CodeIgniter->handleRequest()
 9 FCPATH/index.php(67): CodeIgniter\CodeIgniter->run()
CRITICAL - 2023-01-07 02:21:47 --> Undefined variable $rdt
in APPPATH/Views/sales/trx_promo.php on line 270.
 1 APPPATH/Views/sales/trx_promo.php(270): CodeIgniter\Debug\Exceptions->errorHandler()
 2 SYSTEMPATH/View/View.php(213): include('APPPATH/Views/sales/trx_promo.php')
 3 SYSTEMPATH/View/View.php(216): CodeIgniter\View\View->CodeIgniter\View\{closure}()
 4 SYSTEMPATH/Common.php(1134): CodeIgniter\View\View->render()
 5 APPPATH/Controllers/Promo_discount.php(21): view()
 6 SYSTEMPATH/CodeIgniter.php(927): App\Controllers\Promo_discount->index()
 7 SYSTEMPATH/CodeIgniter.php(482): CodeIgniter\CodeIgniter->runController()
 8 SYSTEMPATH/CodeIgniter.php(351): CodeIgniter\CodeIgniter->handleRequest()
 9 FCPATH/index.php(67): CodeIgniter\CodeIgniter->run()
CRITICAL - 2023-01-07 02:21:48 --> Undefined variable $rdt
in APPPATH/Views/sales/trx_promo.php on line 270.
 1 APPPATH/Views/sales/trx_promo.php(270): CodeIgniter\Debug\Exceptions->errorHandler()
 2 SYSTEMPATH/View/View.php(213): include('APPPATH/Views/sales/trx_promo.php')
 3 SYSTEMPATH/View/View.php(216): CodeIgniter\View\View->CodeIgniter\View\{closure}()
 4 SYSTEMPATH/Common.php(1134): CodeIgniter\View\View->render()
 5 APPPATH/Controllers/Promo_discount.php(21): view()
 6 SYSTEMPATH/CodeIgniter.php(927): App\Controllers\Promo_discount->index()
 7 SYSTEMPATH/CodeIgniter.php(482): CodeIgniter\CodeIgniter->runController()
 8 SYSTEMPATH/CodeIgniter.php(351): CodeIgniter\CodeIgniter->handleRequest()
 9 FCPATH/index.php(67): CodeIgniter\CodeIgniter->run()
CRITICAL - 2023-01-07 02:22:40 --> Undefined variable $rdt
in APPPATH/Views/sales/trx_promo.php on line 271.
 1 APPPATH/Views/sales/trx_promo.php(271): CodeIgniter\Debug\Exceptions->errorHandler()
 2 SYSTEMPATH/View/View.php(213): include('APPPATH/Views/sales/trx_promo.php')
 3 SYSTEMPATH/View/View.php(216): CodeIgniter\View\View->CodeIgniter\View\{closure}()
 4 SYSTEMPATH/Common.php(1134): CodeIgniter\View\View->render()
 5 APPPATH/Controllers/Promo_discount.php(21): view()
 6 SYSTEMPATH/CodeIgniter.php(927): App\Controllers\Promo_discount->index()
 7 SYSTEMPATH/CodeIgniter.php(482): CodeIgniter\CodeIgniter->runController()
 8 SYSTEMPATH/CodeIgniter.php(351): CodeIgniter\CodeIgniter->handleRequest()
 9 FCPATH/index.php(67): CodeIgniter\CodeIgniter->run()
CRITICAL - 2023-01-07 02:22:41 --> Undefined variable $rdt
in APPPATH/Views/sales/trx_promo.php on line 271.
 1 APPPATH/Views/sales/trx_promo.php(271): CodeIgniter\Debug\Exceptions->errorHandler()
 2 SYSTEMPATH/View/View.php(213): include('APPPATH/Views/sales/trx_promo.php')
 3 SYSTEMPATH/View/View.php(216): CodeIgniter\View\View->CodeIgniter\View\{closure}()
 4 SYSTEMPATH/Common.php(1134): CodeIgniter\View\View->render()
 5 APPPATH/Controllers/Promo_discount.php(21): view()
 6 SYSTEMPATH/CodeIgniter.php(927): App\Controllers\Promo_discount->index()
 7 SYSTEMPATH/CodeIgniter.php(482): CodeIgniter\CodeIgniter->runController()
 8 SYSTEMPATH/CodeIgniter.php(351): CodeIgniter\CodeIgniter->handleRequest()
 9 FCPATH/index.php(67): CodeIgniter\CodeIgniter->run()
CRITICAL - 2023-01-07 02:22:43 --> Undefined variable $rdt
in APPPATH/Views/sales/trx_promo.php on line 271.
 1 APPPATH/Views/sales/trx_promo.php(271): CodeIgniter\Debug\Exceptions->errorHandler()
 2 SYSTEMPATH/View/View.php(213): include('APPPATH/Views/sales/trx_promo.php')
 3 SYSTEMPATH/View/View.php(216): CodeIgniter\View\View->CodeIgniter\View\{closure}()
 4 SYSTEMPATH/Common.php(1134): CodeIgniter\View\View->render()
 5 APPPATH/Controllers/Promo_discount.php(21): view()
 6 SYSTEMPATH/CodeIgniter.php(927): App\Controllers\Promo_discount->index()
 7 SYSTEMPATH/CodeIgniter.php(482): CodeIgniter\CodeIgniter->runController()
 8 SYSTEMPATH/CodeIgniter.php(351): CodeIgniter\CodeIgniter->handleRequest()
 9 FCPATH/index.php(67): CodeIgniter\CodeIgniter->run()
CRITICAL - 2023-01-07 02:23:19 --> Undefined variable $rdt
in APPPATH/Views/sales/trx_promo.php on line 270.
 1 APPPATH/Views/sales/trx_promo.php(270): CodeIgniter\Debug\Exceptions->errorHandler()
 2 SYSTEMPATH/View/View.php(213): include('APPPATH/Views/sales/trx_promo.php')
 3 SYSTEMPATH/View/View.php(216): CodeIgniter\View\View->CodeIgniter\View\{closure}()
 4 SYSTEMPATH/Common.php(1134): CodeIgniter\View\View->render()
 5 APPPATH/Controllers/Promo_discount.php(21): view()
 6 SYSTEMPATH/CodeIgniter.php(927): App\Controllers\Promo_discount->index()
 7 SYSTEMPATH/CodeIgniter.php(482): CodeIgniter\CodeIgniter->runController()
 8 SYSTEMPATH/CodeIgniter.php(351): CodeIgniter\CodeIgniter->handleRequest()
 9 FCPATH/index.php(67): CodeIgniter\CodeIgniter->run()
ERROR - 2023-01-07 02:24:06 --> mysqli_sql_exception: Unknown column 'a.ART_CODE' in 'field list' in /mdevs/promotask/system/Database/MySQLi/Connection.php:292
Stack trace:
#0 /mdevs/promotask/system/Database/MySQLi/Connection.php(292): mysqli->query()
#1 /mdevs/promotask/system/Database/BaseConnection.php(666): CodeIgniter\Database\MySQLi\Connection->execute()
#2 /mdevs/promotask/system/Database/BaseConnection.php(593): CodeIgniter\Database\BaseConnection->simpleQuery()
#3 /mdevs/promotask/app/Models/MyLibzDBModel.php(19): CodeIgniter\Database\BaseConnection->query()
#4 /mdevs/promotask/app/Views/sales/trx_promo.php(227): App\Models\MyLibzDBModel->myoa_sql_exec()
#5 /mdevs/promotask/system/View/View.php(213): include('...')
#6 /mdevs/promotask/system/View/View.php(216): CodeIgniter\View\View->CodeIgniter\View\{closure}()
#7 /mdevs/promotask/system/Common.php(1134): CodeIgniter\View\View->render()
#8 /mdevs/promotask/app/Controllers/Promo_discount.php(21): view()
#9 /mdevs/promotask/system/CodeIgniter.php(927): App\Controllers\Promo_discount->index()
#10 /mdevs/promotask/system/CodeIgniter.php(482): CodeIgniter\CodeIgniter->runController()
#11 /mdevs/promotask/system/CodeIgniter.php(351): CodeIgniter\CodeIgniter->handleRequest()
#12 /mdevs/promotask/public/index.php(67): CodeIgniter\CodeIgniter->run()
#13 {main}
CRITICAL - 2023-01-07 02:25:35 --> Undefined variable $rdt
in APPPATH/Views/sales/trx_promo.php on line 275.
 1 APPPATH/Views/sales/trx_promo.php(275): CodeIgniter\Debug\Exceptions->errorHandler()
 2 SYSTEMPATH/View/View.php(213): include('APPPATH/Views/sales/trx_promo.php')
 3 SYSTEMPATH/View/View.php(216): CodeIgniter\View\View->CodeIgniter\View\{closure}()
 4 SYSTEMPATH/Common.php(1134): CodeIgniter\View\View->render()
 5 APPPATH/Controllers/Promo_discount.php(21): view()
 6 SYSTEMPATH/CodeIgniter.php(927): App\Controllers\Promo_discount->index()
 7 SYSTEMPATH/CodeIgniter.php(482): CodeIgniter\CodeIgniter->runController()
 8 SYSTEMPATH/CodeIgniter.php(351): CodeIgniter\CodeIgniter->handleRequest()
 9 FCPATH/index.php(67): CodeIgniter\CodeIgniter->run()
CRITICAL - 2023-01-07 02:26:52 --> Undefined variable $rdt
in APPPATH/Views/sales/trx_promo.php on line 275.
 1 APPPATH/Views/sales/trx_promo.php(275): CodeIgniter\Debug\Exceptions->errorHandler()
 2 SYSTEMPATH/View/View.php(213): include('APPPATH/Views/sales/trx_promo.php')
 3 SYSTEMPATH/View/View.php(216): CodeIgniter\View\View->CodeIgniter\View\{closure}()
 4 SYSTEMPATH/Common.php(1134): CodeIgniter\View\View->render()
 5 APPPATH/Controllers/Promo_discount.php(21): view()
 6 SYSTEMPATH/CodeIgniter.php(927): App\Controllers\Promo_discount->index()
 7 SYSTEMPATH/CodeIgniter.php(482): CodeIgniter\CodeIgniter->runController()
 8 SYSTEMPATH/CodeIgniter.php(351): CodeIgniter\CodeIgniter->handleRequest()
 9 FCPATH/index.php(67): CodeIgniter\CodeIgniter->run()
