ERROR - 2023-01-11 00:23:33 --> mysqli_sql_exception: You have an error in your SQL syntax; check the manual that corresponds to your MariaDB server version for the right syntax to use near 'if(`is_fixed_price` = 1,1,2) p_is_fixed_price,
          from `gw_promo_hd` a...' at line 8 in /mdevs/promotask/system/Database/MySQLi/Connection.php:292
Stack trace:
#0 /mdevs/promotask/system/Database/MySQLi/Connection.php(292): mysqli->query()
#1 /mdevs/promotask/system/Database/BaseConnection.php(666): CodeIgniter\Database\MySQLi\Connection->execute()
#2 /mdevs/promotask/system/Database/BaseConnection.php(593): CodeIgniter\Database\BaseConnection->simpleQuery()
#3 /mdevs/promotask/app/Models/MyLibzDBModel.php(19): CodeIgniter\Database\BaseConnection->query()
#4 /mdevs/promotask/app/Views/sales/trx_promo.php(63): App\Models\MyLibzDBModel->myoa_sql_exec()
#5 /mdevs/promotask/system/View/View.php(213): include('...')
#6 /mdevs/promotask/system/View/View.php(216): CodeIgniter\View\View->CodeIgniter\View\{closure}()
#7 /mdevs/promotask/system/Common.php(1134): CodeIgniter\View\View->render()
#8 /mdevs/promotask/app/Controllers/Promo_discount.php(21): view()
#9 /mdevs/promotask/system/CodeIgniter.php(927): App\Controllers\Promo_discount->index()
#10 /mdevs/promotask/system/CodeIgniter.php(482): CodeIgniter\CodeIgniter->runController()
#11 /mdevs/promotask/system/CodeIgniter.php(351): CodeIgniter\CodeIgniter->handleRequest()
#12 /mdevs/promotask/public/index.php(67): CodeIgniter\CodeIgniter->run()
#13 {main}
ERROR - 2023-01-11 00:24:14 --> mysqli_sql_exception: You have an error in your SQL syntax; check the manual that corresponds to your MariaDB server version for the right syntax to use near 'if(`is_fixed_price` = 1,1,2) p_is_fixed_price,
          from `gw_promo_hd` a...' at line 8 in /mdevs/promotask/system/Database/MySQLi/Connection.php:292
Stack trace:
#0 /mdevs/promotask/system/Database/MySQLi/Connection.php(292): mysqli->query()
#1 /mdevs/promotask/system/Database/BaseConnection.php(666): CodeIgniter\Database\MySQLi\Connection->execute()
#2 /mdevs/promotask/system/Database/BaseConnection.php(593): CodeIgniter\Database\BaseConnection->simpleQuery()
#3 /mdevs/promotask/app/Models/MyLibzDBModel.php(19): CodeIgniter\Database\BaseConnection->query()
#4 /mdevs/promotask/app/Views/sales/trx_promo.php(63): App\Models\MyLibzDBModel->myoa_sql_exec()
#5 /mdevs/promotask/system/View/View.php(213): include('...')
#6 /mdevs/promotask/system/View/View.php(216): CodeIgniter\View\View->CodeIgniter\View\{closure}()
#7 /mdevs/promotask/system/Common.php(1134): CodeIgniter\View\View->render()
#8 /mdevs/promotask/app/Controllers/Promo_discount.php(21): view()
#9 /mdevs/promotask/system/CodeIgniter.php(927): App\Controllers\Promo_discount->index()
#10 /mdevs/promotask/system/CodeIgniter.php(482): CodeIgniter\CodeIgniter->runController()
#11 /mdevs/promotask/system/CodeIgniter.php(351): CodeIgniter\CodeIgniter->handleRequest()
#12 /mdevs/promotask/public/index.php(67): CodeIgniter\CodeIgniter->run()
#13 {main}
ERROR - 2023-01-11 00:24:14 --> mysqli_sql_exception: You have an error in your SQL syntax; check the manual that corresponds to your MariaDB server version for the right syntax to use near 'if(`is_fixed_price` = 1,1,2) p_is_fixed_price,
          from `gw_promo_hd` a...' at line 8 in /mdevs/promotask/system/Database/MySQLi/Connection.php:292
Stack trace:
#0 /mdevs/promotask/system/Database/MySQLi/Connection.php(292): mysqli->query()
#1 /mdevs/promotask/system/Database/BaseConnection.php(666): CodeIgniter\Database\MySQLi\Connection->execute()
#2 /mdevs/promotask/system/Database/BaseConnection.php(593): CodeIgniter\Database\BaseConnection->simpleQuery()
#3 /mdevs/promotask/app/Models/MyLibzDBModel.php(19): CodeIgniter\Database\BaseConnection->query()
#4 /mdevs/promotask/app/Views/sales/trx_promo.php(63): App\Models\MyLibzDBModel->myoa_sql_exec()
#5 /mdevs/promotask/system/View/View.php(213): include('...')
#6 /mdevs/promotask/system/View/View.php(216): CodeIgniter\View\View->CodeIgniter\View\{closure}()
#7 /mdevs/promotask/system/Common.php(1134): CodeIgniter\View\View->render()
#8 /mdevs/promotask/app/Controllers/Promo_discount.php(21): view()
#9 /mdevs/promotask/system/CodeIgniter.php(927): App\Controllers\Promo_discount->index()
#10 /mdevs/promotask/system/CodeIgniter.php(482): CodeIgniter\CodeIgniter->runController()
#11 /mdevs/promotask/system/CodeIgniter.php(351): CodeIgniter\CodeIgniter->handleRequest()
#12 /mdevs/promotask/public/index.php(67): CodeIgniter\CodeIgniter->run()
#13 {main}
ERROR - 2023-01-11 00:24:20 --> mysqli_sql_exception: You have an error in your SQL syntax; check the manual that corresponds to your MariaDB server version for the right syntax to use near 'if(`is_fixed_price` = 1,1,2) p_is_fixed_price,
          from `gw_promo_hd` a...' at line 8 in /mdevs/promotask/system/Database/MySQLi/Connection.php:292
Stack trace:
#0 /mdevs/promotask/system/Database/MySQLi/Connection.php(292): mysqli->query()
#1 /mdevs/promotask/system/Database/BaseConnection.php(666): CodeIgniter\Database\MySQLi\Connection->execute()
#2 /mdevs/promotask/system/Database/BaseConnection.php(593): CodeIgniter\Database\BaseConnection->simpleQuery()
#3 /mdevs/promotask/app/Models/MyLibzDBModel.php(19): CodeIgniter\Database\BaseConnection->query()
#4 /mdevs/promotask/app/Views/sales/trx_promo.php(63): App\Models\MyLibzDBModel->myoa_sql_exec()
#5 /mdevs/promotask/system/View/View.php(213): include('...')
#6 /mdevs/promotask/system/View/View.php(216): CodeIgniter\View\View->CodeIgniter\View\{closure}()
#7 /mdevs/promotask/system/Common.php(1134): CodeIgniter\View\View->render()
#8 /mdevs/promotask/app/Controllers/Promo_discount.php(21): view()
#9 /mdevs/promotask/system/CodeIgniter.php(927): App\Controllers\Promo_discount->index()
#10 /mdevs/promotask/system/CodeIgniter.php(482): CodeIgniter\CodeIgniter->runController()
#11 /mdevs/promotask/system/CodeIgniter.php(351): CodeIgniter\CodeIgniter->handleRequest()
#12 /mdevs/promotask/public/index.php(67): CodeIgniter\CodeIgniter->run()
#13 {main}
ERROR - 2023-01-11 00:24:20 --> mysqli_sql_exception: You have an error in your SQL syntax; check the manual that corresponds to your MariaDB server version for the right syntax to use near 'if(`is_fixed_price` = 1,1,2) p_is_fixed_price,
          from `gw_promo_hd` a...' at line 8 in /mdevs/promotask/system/Database/MySQLi/Connection.php:292
Stack trace:
#0 /mdevs/promotask/system/Database/MySQLi/Connection.php(292): mysqli->query()
#1 /mdevs/promotask/system/Database/BaseConnection.php(666): CodeIgniter\Database\MySQLi\Connection->execute()
#2 /mdevs/promotask/system/Database/BaseConnection.php(593): CodeIgniter\Database\BaseConnection->simpleQuery()
#3 /mdevs/promotask/app/Models/MyLibzDBModel.php(19): CodeIgniter\Database\BaseConnection->query()
#4 /mdevs/promotask/app/Views/sales/trx_promo.php(63): App\Models\MyLibzDBModel->myoa_sql_exec()
#5 /mdevs/promotask/system/View/View.php(213): include('...')
#6 /mdevs/promotask/system/View/View.php(216): CodeIgniter\View\View->CodeIgniter\View\{closure}()
#7 /mdevs/promotask/system/Common.php(1134): CodeIgniter\View\View->render()
#8 /mdevs/promotask/app/Controllers/Promo_discount.php(21): view()
#9 /mdevs/promotask/system/CodeIgniter.php(927): App\Controllers\Promo_discount->index()
#10 /mdevs/promotask/system/CodeIgniter.php(482): CodeIgniter\CodeIgniter->runController()
#11 /mdevs/promotask/system/CodeIgniter.php(351): CodeIgniter\CodeIgniter->handleRequest()
#12 /mdevs/promotask/public/index.php(67): CodeIgniter\CodeIgniter->run()
#13 {main}
ERROR - 2023-01-11 00:24:35 --> mysqli_sql_exception: You have an error in your SQL syntax; check the manual that corresponds to your MariaDB server version for the right syntax to use near 'if(`is_fixed_price` = 1,1,2) p_is_fixed_price,
          from `gw_promo_hd` a...' at line 8 in /mdevs/promotask/system/Database/MySQLi/Connection.php:292
Stack trace:
#0 /mdevs/promotask/system/Database/MySQLi/Connection.php(292): mysqli->query()
#1 /mdevs/promotask/system/Database/BaseConnection.php(666): CodeIgniter\Database\MySQLi\Connection->execute()
#2 /mdevs/promotask/system/Database/BaseConnection.php(593): CodeIgniter\Database\BaseConnection->simpleQuery()
#3 /mdevs/promotask/app/Models/MyLibzDBModel.php(19): CodeIgniter\Database\BaseConnection->query()
#4 /mdevs/promotask/app/Views/sales/trx_promo.php(63): App\Models\MyLibzDBModel->myoa_sql_exec()
#5 /mdevs/promotask/system/View/View.php(213): include('...')
#6 /mdevs/promotask/system/View/View.php(216): CodeIgniter\View\View->CodeIgniter\View\{closure}()
#7 /mdevs/promotask/system/Common.php(1134): CodeIgniter\View\View->render()
#8 /mdevs/promotask/app/Controllers/Promo_discount.php(21): view()
#9 /mdevs/promotask/system/CodeIgniter.php(927): App\Controllers\Promo_discount->index()
#10 /mdevs/promotask/system/CodeIgniter.php(482): CodeIgniter\CodeIgniter->runController()
#11 /mdevs/promotask/system/CodeIgniter.php(351): CodeIgniter\CodeIgniter->handleRequest()
#12 /mdevs/promotask/public/index.php(67): CodeIgniter\CodeIgniter->run()
#13 {main}
ERROR - 2023-01-11 00:24:36 --> mysqli_sql_exception: You have an error in your SQL syntax; check the manual that corresponds to your MariaDB server version for the right syntax to use near 'if(`is_fixed_price` = 1,1,2) p_is_fixed_price,
          from `gw_promo_hd` a...' at line 8 in /mdevs/promotask/system/Database/MySQLi/Connection.php:292
Stack trace:
#0 /mdevs/promotask/system/Database/MySQLi/Connection.php(292): mysqli->query()
#1 /mdevs/promotask/system/Database/BaseConnection.php(666): CodeIgniter\Database\MySQLi\Connection->execute()
#2 /mdevs/promotask/system/Database/BaseConnection.php(593): CodeIgniter\Database\BaseConnection->simpleQuery()
#3 /mdevs/promotask/app/Models/MyLibzDBModel.php(19): CodeIgniter\Database\BaseConnection->query()
#4 /mdevs/promotask/app/Views/sales/trx_promo.php(63): App\Models\MyLibzDBModel->myoa_sql_exec()
#5 /mdevs/promotask/system/View/View.php(213): include('...')
#6 /mdevs/promotask/system/View/View.php(216): CodeIgniter\View\View->CodeIgniter\View\{closure}()
#7 /mdevs/promotask/system/Common.php(1134): CodeIgniter\View\View->render()
#8 /mdevs/promotask/app/Controllers/Promo_discount.php(21): view()
#9 /mdevs/promotask/system/CodeIgniter.php(927): App\Controllers\Promo_discount->index()
#10 /mdevs/promotask/system/CodeIgniter.php(482): CodeIgniter\CodeIgniter->runController()
#11 /mdevs/promotask/system/CodeIgniter.php(351): CodeIgniter\CodeIgniter->handleRequest()
#12 /mdevs/promotask/public/index.php(67): CodeIgniter\CodeIgniter->run()
#13 {main}
ERROR - 2023-01-11 00:24:37 --> mysqli_sql_exception: You have an error in your SQL syntax; check the manual that corresponds to your MariaDB server version for the right syntax to use near 'if(`is_fixed_price` = 1,1,2) p_is_fixed_price,
          from `gw_promo_hd` a...' at line 8 in /mdevs/promotask/system/Database/MySQLi/Connection.php:292
Stack trace:
#0 /mdevs/promotask/system/Database/MySQLi/Connection.php(292): mysqli->query()
#1 /mdevs/promotask/system/Database/BaseConnection.php(666): CodeIgniter\Database\MySQLi\Connection->execute()
#2 /mdevs/promotask/system/Database/BaseConnection.php(593): CodeIgniter\Database\BaseConnection->simpleQuery()
#3 /mdevs/promotask/app/Models/MyLibzDBModel.php(19): CodeIgniter\Database\BaseConnection->query()
#4 /mdevs/promotask/app/Views/sales/trx_promo.php(63): App\Models\MyLibzDBModel->myoa_sql_exec()
#5 /mdevs/promotask/system/View/View.php(213): include('...')
#6 /mdevs/promotask/system/View/View.php(216): CodeIgniter\View\View->CodeIgniter\View\{closure}()
#7 /mdevs/promotask/system/Common.php(1134): CodeIgniter\View\View->render()
#8 /mdevs/promotask/app/Controllers/Promo_discount.php(21): view()
#9 /mdevs/promotask/system/CodeIgniter.php(927): App\Controllers\Promo_discount->index()
#10 /mdevs/promotask/system/CodeIgniter.php(482): CodeIgniter\CodeIgniter->runController()
#11 /mdevs/promotask/system/CodeIgniter.php(351): CodeIgniter\CodeIgniter->handleRequest()
#12 /mdevs/promotask/public/index.php(67): CodeIgniter\CodeIgniter->run()
#13 {main}
ERROR - 2023-01-11 00:24:37 --> mysqli_sql_exception: You have an error in your SQL syntax; check the manual that corresponds to your MariaDB server version for the right syntax to use near 'if(`is_fixed_price` = 1,1,2) p_is_fixed_price,
          from `gw_promo_hd` a...' at line 8 in /mdevs/promotask/system/Database/MySQLi/Connection.php:292
Stack trace:
#0 /mdevs/promotask/system/Database/MySQLi/Connection.php(292): mysqli->query()
#1 /mdevs/promotask/system/Database/BaseConnection.php(666): CodeIgniter\Database\MySQLi\Connection->execute()
#2 /mdevs/promotask/system/Database/BaseConnection.php(593): CodeIgniter\Database\BaseConnection->simpleQuery()
#3 /mdevs/promotask/app/Models/MyLibzDBModel.php(19): CodeIgniter\Database\BaseConnection->query()
#4 /mdevs/promotask/app/Views/sales/trx_promo.php(63): App\Models\MyLibzDBModel->myoa_sql_exec()
#5 /mdevs/promotask/system/View/View.php(213): include('...')
#6 /mdevs/promotask/system/View/View.php(216): CodeIgniter\View\View->CodeIgniter\View\{closure}()
#7 /mdevs/promotask/system/Common.php(1134): CodeIgniter\View\View->render()
#8 /mdevs/promotask/app/Controllers/Promo_discount.php(21): view()
#9 /mdevs/promotask/system/CodeIgniter.php(927): App\Controllers\Promo_discount->index()
#10 /mdevs/promotask/system/CodeIgniter.php(482): CodeIgniter\CodeIgniter->runController()
#11 /mdevs/promotask/system/CodeIgniter.php(351): CodeIgniter\CodeIgniter->handleRequest()
#12 /mdevs/promotask/public/index.php(67): CodeIgniter\CodeIgniter->run()
#13 {main}
ERROR - 2023-01-11 00:24:37 --> mysqli_sql_exception: You have an error in your SQL syntax; check the manual that corresponds to your MariaDB server version for the right syntax to use near 'if(`is_fixed_price` = 1,1,2) p_is_fixed_price,
          from `gw_promo_hd` a...' at line 8 in /mdevs/promotask/system/Database/MySQLi/Connection.php:292
Stack trace:
#0 /mdevs/promotask/system/Database/MySQLi/Connection.php(292): mysqli->query()
#1 /mdevs/promotask/system/Database/BaseConnection.php(666): CodeIgniter\Database\MySQLi\Connection->execute()
#2 /mdevs/promotask/system/Database/BaseConnection.php(593): CodeIgniter\Database\BaseConnection->simpleQuery()
#3 /mdevs/promotask/app/Models/MyLibzDBModel.php(19): CodeIgniter\Database\BaseConnection->query()
#4 /mdevs/promotask/app/Views/sales/trx_promo.php(63): App\Models\MyLibzDBModel->myoa_sql_exec()
#5 /mdevs/promotask/system/View/View.php(213): include('...')
#6 /mdevs/promotask/system/View/View.php(216): CodeIgniter\View\View->CodeIgniter\View\{closure}()
#7 /mdevs/promotask/system/Common.php(1134): CodeIgniter\View\View->render()
#8 /mdevs/promotask/app/Controllers/Promo_discount.php(21): view()
#9 /mdevs/promotask/system/CodeIgniter.php(927): App\Controllers\Promo_discount->index()
#10 /mdevs/promotask/system/CodeIgniter.php(482): CodeIgniter\CodeIgniter->runController()
#11 /mdevs/promotask/system/CodeIgniter.php(351): CodeIgniter\CodeIgniter->handleRequest()
#12 /mdevs/promotask/public/index.php(67): CodeIgniter\CodeIgniter->run()
#13 {main}
ERROR - 2023-01-11 00:24:37 --> mysqli_sql_exception: You have an error in your SQL syntax; check the manual that corresponds to your MariaDB server version for the right syntax to use near 'if(`is_fixed_price` = 1,1,2) p_is_fixed_price,
          from `gw_promo_hd` a...' at line 8 in /mdevs/promotask/system/Database/MySQLi/Connection.php:292
Stack trace:
#0 /mdevs/promotask/system/Database/MySQLi/Connection.php(292): mysqli->query()
#1 /mdevs/promotask/system/Database/BaseConnection.php(666): CodeIgniter\Database\MySQLi\Connection->execute()
#2 /mdevs/promotask/system/Database/BaseConnection.php(593): CodeIgniter\Database\BaseConnection->simpleQuery()
#3 /mdevs/promotask/app/Models/MyLibzDBModel.php(19): CodeIgniter\Database\BaseConnection->query()
#4 /mdevs/promotask/app/Views/sales/trx_promo.php(63): App\Models\MyLibzDBModel->myoa_sql_exec()
#5 /mdevs/promotask/system/View/View.php(213): include('...')
#6 /mdevs/promotask/system/View/View.php(216): CodeIgniter\View\View->CodeIgniter\View\{closure}()
#7 /mdevs/promotask/system/Common.php(1134): CodeIgniter\View\View->render()
#8 /mdevs/promotask/app/Controllers/Promo_discount.php(21): view()
#9 /mdevs/promotask/system/CodeIgniter.php(927): App\Controllers\Promo_discount->index()
#10 /mdevs/promotask/system/CodeIgniter.php(482): CodeIgniter\CodeIgniter->runController()
#11 /mdevs/promotask/system/CodeIgniter.php(351): CodeIgniter\CodeIgniter->handleRequest()
#12 /mdevs/promotask/public/index.php(67): CodeIgniter\CodeIgniter->run()
#13 {main}
ERROR - 2023-01-11 00:24:38 --> mysqli_sql_exception: You have an error in your SQL syntax; check the manual that corresponds to your MariaDB server version for the right syntax to use near 'if(`is_fixed_price` = 1,1,2) p_is_fixed_price,
          from `gw_promo_hd` a...' at line 8 in /mdevs/promotask/system/Database/MySQLi/Connection.php:292
Stack trace:
#0 /mdevs/promotask/system/Database/MySQLi/Connection.php(292): mysqli->query()
#1 /mdevs/promotask/system/Database/BaseConnection.php(666): CodeIgniter\Database\MySQLi\Connection->execute()
#2 /mdevs/promotask/system/Database/BaseConnection.php(593): CodeIgniter\Database\BaseConnection->simpleQuery()
#3 /mdevs/promotask/app/Models/MyLibzDBModel.php(19): CodeIgniter\Database\BaseConnection->query()
#4 /mdevs/promotask/app/Views/sales/trx_promo.php(63): App\Models\MyLibzDBModel->myoa_sql_exec()
#5 /mdevs/promotask/system/View/View.php(213): include('...')
#6 /mdevs/promotask/system/View/View.php(216): CodeIgniter\View\View->CodeIgniter\View\{closure}()
#7 /mdevs/promotask/system/Common.php(1134): CodeIgniter\View\View->render()
#8 /mdevs/promotask/app/Controllers/Promo_discount.php(21): view()
#9 /mdevs/promotask/system/CodeIgniter.php(927): App\Controllers\Promo_discount->index()
#10 /mdevs/promotask/system/CodeIgniter.php(482): CodeIgniter\CodeIgniter->runController()
#11 /mdevs/promotask/system/CodeIgniter.php(351): CodeIgniter\CodeIgniter->handleRequest()
#12 /mdevs/promotask/public/index.php(67): CodeIgniter\CodeIgniter->run()
#13 {main}
ERROR - 2023-01-11 00:24:38 --> mysqli_sql_exception: You have an error in your SQL syntax; check the manual that corresponds to your MariaDB server version for the right syntax to use near 'if(`is_fixed_price` = 1,1,2) p_is_fixed_price,
          from `gw_promo_hd` a...' at line 8 in /mdevs/promotask/system/Database/MySQLi/Connection.php:292
Stack trace:
#0 /mdevs/promotask/system/Database/MySQLi/Connection.php(292): mysqli->query()
#1 /mdevs/promotask/system/Database/BaseConnection.php(666): CodeIgniter\Database\MySQLi\Connection->execute()
#2 /mdevs/promotask/system/Database/BaseConnection.php(593): CodeIgniter\Database\BaseConnection->simpleQuery()
#3 /mdevs/promotask/app/Models/MyLibzDBModel.php(19): CodeIgniter\Database\BaseConnection->query()
#4 /mdevs/promotask/app/Views/sales/trx_promo.php(63): App\Models\MyLibzDBModel->myoa_sql_exec()
#5 /mdevs/promotask/system/View/View.php(213): include('...')
#6 /mdevs/promotask/system/View/View.php(216): CodeIgniter\View\View->CodeIgniter\View\{closure}()
#7 /mdevs/promotask/system/Common.php(1134): CodeIgniter\View\View->render()
#8 /mdevs/promotask/app/Controllers/Promo_discount.php(21): view()
#9 /mdevs/promotask/system/CodeIgniter.php(927): App\Controllers\Promo_discount->index()
#10 /mdevs/promotask/system/CodeIgniter.php(482): CodeIgniter\CodeIgniter->runController()
#11 /mdevs/promotask/system/CodeIgniter.php(351): CodeIgniter\CodeIgniter->handleRequest()
#12 /mdevs/promotask/public/index.php(67): CodeIgniter\CodeIgniter->run()
#13 {main}
ERROR - 2023-01-11 00:24:38 --> mysqli_sql_exception: You have an error in your SQL syntax; check the manual that corresponds to your MariaDB server version for the right syntax to use near 'if(`is_fixed_price` = 1,1,2) p_is_fixed_price,
          from `gw_promo_hd` a...' at line 8 in /mdevs/promotask/system/Database/MySQLi/Connection.php:292
Stack trace:
#0 /mdevs/promotask/system/Database/MySQLi/Connection.php(292): mysqli->query()
#1 /mdevs/promotask/system/Database/BaseConnection.php(666): CodeIgniter\Database\MySQLi\Connection->execute()
#2 /mdevs/promotask/system/Database/BaseConnection.php(593): CodeIgniter\Database\BaseConnection->simpleQuery()
#3 /mdevs/promotask/app/Models/MyLibzDBModel.php(19): CodeIgniter\Database\BaseConnection->query()
#4 /mdevs/promotask/app/Views/sales/trx_promo.php(63): App\Models\MyLibzDBModel->myoa_sql_exec()
#5 /mdevs/promotask/system/View/View.php(213): include('...')
#6 /mdevs/promotask/system/View/View.php(216): CodeIgniter\View\View->CodeIgniter\View\{closure}()
#7 /mdevs/promotask/system/Common.php(1134): CodeIgniter\View\View->render()
#8 /mdevs/promotask/app/Controllers/Promo_discount.php(21): view()
#9 /mdevs/promotask/system/CodeIgniter.php(927): App\Controllers\Promo_discount->index()
#10 /mdevs/promotask/system/CodeIgniter.php(482): CodeIgniter\CodeIgniter->runController()
#11 /mdevs/promotask/system/CodeIgniter.php(351): CodeIgniter\CodeIgniter->handleRequest()
#12 /mdevs/promotask/public/index.php(67): CodeIgniter\CodeIgniter->run()
#13 {main}
ERROR - 2023-01-11 00:24:38 --> mysqli_sql_exception: You have an error in your SQL syntax; check the manual that corresponds to your MariaDB server version for the right syntax to use near 'if(`is_fixed_price` = 1,1,2) p_is_fixed_price,
          from `gw_promo_hd` a...' at line 8 in /mdevs/promotask/system/Database/MySQLi/Connection.php:292
Stack trace:
#0 /mdevs/promotask/system/Database/MySQLi/Connection.php(292): mysqli->query()
#1 /mdevs/promotask/system/Database/BaseConnection.php(666): CodeIgniter\Database\MySQLi\Connection->execute()
#2 /mdevs/promotask/system/Database/BaseConnection.php(593): CodeIgniter\Database\BaseConnection->simpleQuery()
#3 /mdevs/promotask/app/Models/MyLibzDBModel.php(19): CodeIgniter\Database\BaseConnection->query()
#4 /mdevs/promotask/app/Views/sales/trx_promo.php(63): App\Models\MyLibzDBModel->myoa_sql_exec()
#5 /mdevs/promotask/system/View/View.php(213): include('...')
#6 /mdevs/promotask/system/View/View.php(216): CodeIgniter\View\View->CodeIgniter\View\{closure}()
#7 /mdevs/promotask/system/Common.php(1134): CodeIgniter\View\View->render()
#8 /mdevs/promotask/app/Controllers/Promo_discount.php(21): view()
#9 /mdevs/promotask/system/CodeIgniter.php(927): App\Controllers\Promo_discount->index()
#10 /mdevs/promotask/system/CodeIgniter.php(482): CodeIgniter\CodeIgniter->runController()
#11 /mdevs/promotask/system/CodeIgniter.php(351): CodeIgniter\CodeIgniter->handleRequest()
#12 /mdevs/promotask/public/index.php(67): CodeIgniter\CodeIgniter->run()
#13 {main}
ERROR - 2023-01-11 00:24:39 --> mysqli_sql_exception: You have an error in your SQL syntax; check the manual that corresponds to your MariaDB server version for the right syntax to use near 'if(`is_fixed_price` = 1,1,2) p_is_fixed_price,
          from `gw_promo_hd` a...' at line 8 in /mdevs/promotask/system/Database/MySQLi/Connection.php:292
Stack trace:
#0 /mdevs/promotask/system/Database/MySQLi/Connection.php(292): mysqli->query()
#1 /mdevs/promotask/system/Database/BaseConnection.php(666): CodeIgniter\Database\MySQLi\Connection->execute()
#2 /mdevs/promotask/system/Database/BaseConnection.php(593): CodeIgniter\Database\BaseConnection->simpleQuery()
#3 /mdevs/promotask/app/Models/MyLibzDBModel.php(19): CodeIgniter\Database\BaseConnection->query()
#4 /mdevs/promotask/app/Views/sales/trx_promo.php(63): App\Models\MyLibzDBModel->myoa_sql_exec()
#5 /mdevs/promotask/system/View/View.php(213): include('...')
#6 /mdevs/promotask/system/View/View.php(216): CodeIgniter\View\View->CodeIgniter\View\{closure}()
#7 /mdevs/promotask/system/Common.php(1134): CodeIgniter\View\View->render()
#8 /mdevs/promotask/app/Controllers/Promo_discount.php(21): view()
#9 /mdevs/promotask/system/CodeIgniter.php(927): App\Controllers\Promo_discount->index()
#10 /mdevs/promotask/system/CodeIgniter.php(482): CodeIgniter\CodeIgniter->runController()
#11 /mdevs/promotask/system/CodeIgniter.php(351): CodeIgniter\CodeIgniter->handleRequest()
#12 /mdevs/promotask/public/index.php(67): CodeIgniter\CodeIgniter->run()
#13 {main}
ERROR - 2023-01-11 00:24:52 --> mysqli_sql_exception: You have an error in your SQL syntax; check the manual that corresponds to your MariaDB server version for the right syntax to use near 'if(`is_fixed_price` = 1,1,2) p_is_fixed_price,
          from `gw_promo_hd` a...' at line 8 in /mdevs/promotask/system/Database/MySQLi/Connection.php:292
Stack trace:
#0 /mdevs/promotask/system/Database/MySQLi/Connection.php(292): mysqli->query()
#1 /mdevs/promotask/system/Database/BaseConnection.php(666): CodeIgniter\Database\MySQLi\Connection->execute()
#2 /mdevs/promotask/system/Database/BaseConnection.php(593): CodeIgniter\Database\BaseConnection->simpleQuery()
#3 /mdevs/promotask/app/Models/MyLibzDBModel.php(19): CodeIgniter\Database\BaseConnection->query()
#4 /mdevs/promotask/app/Views/sales/trx_promo.php(63): App\Models\MyLibzDBModel->myoa_sql_exec()
#5 /mdevs/promotask/system/View/View.php(213): include('...')
#6 /mdevs/promotask/system/View/View.php(216): CodeIgniter\View\View->CodeIgniter\View\{closure}()
#7 /mdevs/promotask/system/Common.php(1134): CodeIgniter\View\View->render()
#8 /mdevs/promotask/app/Controllers/Promo_discount.php(21): view()
#9 /mdevs/promotask/system/CodeIgniter.php(927): App\Controllers\Promo_discount->index()
#10 /mdevs/promotask/system/CodeIgniter.php(482): CodeIgniter\CodeIgniter->runController()
#11 /mdevs/promotask/system/CodeIgniter.php(351): CodeIgniter\CodeIgniter->handleRequest()
#12 /mdevs/promotask/public/index.php(67): CodeIgniter\CodeIgniter->run()
#13 {main}
CRITICAL - 2023-01-11 01:27:41 --> Trying to access array offset on value of type null
in APPPATH/Views/sales/trx_promo.php on line 103.
 1 APPPATH/Views/sales/trx_promo.php(103): CodeIgniter\Debug\Exceptions->errorHandler()
 2 SYSTEMPATH/View/View.php(213): include('APPPATH/Views/sales/trx_promo.php')
 3 SYSTEMPATH/View/View.php(216): CodeIgniter\View\View->CodeIgniter\View\{closure}()
 4 SYSTEMPATH/Common.php(1134): CodeIgniter\View\View->render()
 5 APPPATH/Controllers/Promo_discount.php(21): view()
 6 SYSTEMPATH/CodeIgniter.php(927): App\Controllers\Promo_discount->index()
 7 SYSTEMPATH/CodeIgniter.php(482): CodeIgniter\CodeIgniter->runController()
 8 SYSTEMPATH/CodeIgniter.php(351): CodeIgniter\CodeIgniter->handleRequest()
 9 FCPATH/index.php(67): CodeIgniter\CodeIgniter->run()
CRITICAL - 2023-01-11 01:28:41 --> Trying to access array offset on value of type null
in APPPATH/Views/sales/trx_promo.php on line 103.
 1 APPPATH/Views/sales/trx_promo.php(103): CodeIgniter\Debug\Exceptions->errorHandler()
 2 SYSTEMPATH/View/View.php(213): include('APPPATH/Views/sales/trx_promo.php')
 3 SYSTEMPATH/View/View.php(216): CodeIgniter\View\View->CodeIgniter\View\{closure}()
 4 SYSTEMPATH/Common.php(1134): CodeIgniter\View\View->render()
 5 APPPATH/Controllers/Promo_discount.php(21): view()
 6 SYSTEMPATH/CodeIgniter.php(927): App\Controllers\Promo_discount->index()
 7 SYSTEMPATH/CodeIgniter.php(482): CodeIgniter\CodeIgniter->runController()
 8 SYSTEMPATH/CodeIgniter.php(351): CodeIgniter\CodeIgniter->handleRequest()
 9 FCPATH/index.php(67): CodeIgniter\CodeIgniter->run()
CRITICAL - 2023-01-11 01:29:08 --> Undefined variable $q
in APPPATH/Views/sales/trx_promo.php on line 100.
 1 APPPATH/Views/sales/trx_promo.php(100): CodeIgniter\Debug\Exceptions->errorHandler()
 2 SYSTEMPATH/View/View.php(213): include('APPPATH/Views/sales/trx_promo.php')
 3 SYSTEMPATH/View/View.php(216): CodeIgniter\View\View->CodeIgniter\View\{closure}()
 4 SYSTEMPATH/Common.php(1134): CodeIgniter\View\View->render()
 5 APPPATH/Controllers/Promo_discount.php(21): view()
 6 SYSTEMPATH/CodeIgniter.php(927): App\Controllers\Promo_discount->index()
 7 SYSTEMPATH/CodeIgniter.php(482): CodeIgniter\CodeIgniter->runController()
 8 SYSTEMPATH/CodeIgniter.php(351): CodeIgniter\CodeIgniter->handleRequest()
 9 FCPATH/index.php(67): CodeIgniter\CodeIgniter->run()
CRITICAL - 2023-01-11 01:29:17 --> Trying to access array offset on value of type null
in APPPATH/Views/sales/trx_promo.php on line 103.
 1 APPPATH/Views/sales/trx_promo.php(103): CodeIgniter\Debug\Exceptions->errorHandler()
 2 SYSTEMPATH/View/View.php(213): include('APPPATH/Views/sales/trx_promo.php')
 3 SYSTEMPATH/View/View.php(216): CodeIgniter\View\View->CodeIgniter\View\{closure}()
 4 SYSTEMPATH/Common.php(1134): CodeIgniter\View\View->render()
 5 APPPATH/Controllers/Promo_discount.php(21): view()
 6 SYSTEMPATH/CodeIgniter.php(927): App\Controllers\Promo_discount->index()
 7 SYSTEMPATH/CodeIgniter.php(482): CodeIgniter\CodeIgniter->runController()
 8 SYSTEMPATH/CodeIgniter.php(351): CodeIgniter\CodeIgniter->handleRequest()
 9 FCPATH/index.php(67): CodeIgniter\CodeIgniter->run()
CRITICAL - 2023-01-11 01:33:41 --> Trying to access array offset on value of type null
in APPPATH/Views/sales/trx_promo.php on line 103.
 1 APPPATH/Views/sales/trx_promo.php(103): CodeIgniter\Debug\Exceptions->errorHandler()
 2 SYSTEMPATH/View/View.php(213): include('APPPATH/Views/sales/trx_promo.php')
 3 SYSTEMPATH/View/View.php(216): CodeIgniter\View\View->CodeIgniter\View\{closure}()
 4 SYSTEMPATH/Common.php(1134): CodeIgniter\View\View->render()
 5 APPPATH/Controllers/Promo_discount.php(21): view()
 6 SYSTEMPATH/CodeIgniter.php(927): App\Controllers\Promo_discount->index()
 7 SYSTEMPATH/CodeIgniter.php(482): CodeIgniter\CodeIgniter->runController()
 8 SYSTEMPATH/CodeIgniter.php(351): CodeIgniter\CodeIgniter->handleRequest()
 9 FCPATH/index.php(67): CodeIgniter\CodeIgniter->run()
CRITICAL - 2023-01-11 01:34:04 --> Undefined variable $is_fixed_price_checkedd
in APPPATH/Models/MySalesModel.php on line 102.
 1 APPPATH/Models/MySalesModel.php(102): CodeIgniter\Debug\Exceptions->errorHandler()
 2 APPPATH/Controllers/Promo_discount.php(27): App\Models\MySalesModel->promo_entry_save()
 3 SYSTEMPATH/CodeIgniter.php(927): App\Controllers\Promo_discount->promo_save()
 4 SYSTEMPATH/CodeIgniter.php(482): CodeIgniter\CodeIgniter->runController()
 5 SYSTEMPATH/CodeIgniter.php(351): CodeIgniter\CodeIgniter->handleRequest()
 6 FCPATH/index.php(67): CodeIgniter\CodeIgniter->run()
CRITICAL - 2023-01-11 01:34:13 --> Undefined variable $is_fixed_price_checkedd
in APPPATH/Models/MySalesModel.php on line 102.
 1 APPPATH/Models/MySalesModel.php(102): CodeIgniter\Debug\Exceptions->errorHandler()
 2 APPPATH/Controllers/Promo_discount.php(27): App\Models\MySalesModel->promo_entry_save()
 3 SYSTEMPATH/CodeIgniter.php(927): App\Controllers\Promo_discount->promo_save()
 4 SYSTEMPATH/CodeIgniter.php(482): CodeIgniter\CodeIgniter->runController()
 5 SYSTEMPATH/CodeIgniter.php(351): CodeIgniter\CodeIgniter->handleRequest()
 6 FCPATH/index.php(67): CodeIgniter\CodeIgniter->run()
CRITICAL - 2023-01-11 01:40:25 --> Undefined variable $is_discount_percent
in APPPATH/Models/MySalesModel.php on line 102.
 1 APPPATH/Models/MySalesModel.php(102): CodeIgniter\Debug\Exceptions->errorHandler()
 2 APPPATH/Controllers/Promo_discount.php(27): App\Models\MySalesModel->promo_entry_save()
 3 SYSTEMPATH/CodeIgniter.php(927): App\Controllers\Promo_discount->promo_save()
 4 SYSTEMPATH/CodeIgniter.php(482): CodeIgniter\CodeIgniter->runController()
 5 SYSTEMPATH/CodeIgniter.php(351): CodeIgniter\CodeIgniter->handleRequest()
 6 FCPATH/index.php(67): CodeIgniter\CodeIgniter->run()
CRITICAL - 2023-01-11 01:47:46 --> Trying to access array offset on value of type null
in APPPATH/Views/sales/trx_promo.php on line 66.
 1 APPPATH/Views/sales/trx_promo.php(66): CodeIgniter\Debug\Exceptions->errorHandler()
 2 SYSTEMPATH/View/View.php(213): include('APPPATH/Views/sales/trx_promo.php')
 3 SYSTEMPATH/View/View.php(216): CodeIgniter\View\View->CodeIgniter\View\{closure}()
 4 SYSTEMPATH/Common.php(1134): CodeIgniter\View\View->render()
 5 APPPATH/Controllers/Promo_discount.php(21): view()
 6 SYSTEMPATH/CodeIgniter.php(927): App\Controllers\Promo_discount->index()
 7 SYSTEMPATH/CodeIgniter.php(482): CodeIgniter\CodeIgniter->runController()
 8 SYSTEMPATH/CodeIgniter.php(351): CodeIgniter\CodeIgniter->handleRequest()
 9 FCPATH/index.php(67): CodeIgniter\CodeIgniter->run()
CRITICAL - 2023-01-11 01:52:19 --> Undefined variable $is_fixed_price
in APPPATH/Views/sales/trx_promo.php on line 28.
 1 APPPATH/Views/sales/trx_promo.php(28): CodeIgniter\Debug\Exceptions->errorHandler()
 2 SYSTEMPATH/View/View.php(213): include('APPPATH/Views/sales/trx_promo.php')
 3 SYSTEMPATH/View/View.php(216): CodeIgniter\View\View->CodeIgniter\View\{closure}()
 4 SYSTEMPATH/Common.php(1134): CodeIgniter\View\View->render()
 5 APPPATH/Controllers/Promo_discount.php(21): view()
 6 SYSTEMPATH/CodeIgniter.php(927): App\Controllers\Promo_discount->index()
 7 SYSTEMPATH/CodeIgniter.php(482): CodeIgniter\CodeIgniter->runController()
 8 SYSTEMPATH/CodeIgniter.php(351): CodeIgniter\CodeIgniter->handleRequest()
 9 FCPATH/index.php(67): CodeIgniter\CodeIgniter->run()
CRITICAL - 2023-01-11 02:33:05 --> Undefined constant "s"
in APPPATH/Views/sales/trx_promo.php on line 169.
 1 SYSTEMPATH/View/View.php(213): include()
 2 SYSTEMPATH/View/View.php(216): CodeIgniter\View\View->CodeIgniter\View\{closure}()
 3 SYSTEMPATH/Common.php(1134): CodeIgniter\View\View->render()
 4 APPPATH/Controllers/Promo_discount.php(21): view()
 5 SYSTEMPATH/CodeIgniter.php(927): App\Controllers\Promo_discount->index()
 6 SYSTEMPATH/CodeIgniter.php(482): CodeIgniter\CodeIgniter->runController()
 7 SYSTEMPATH/CodeIgniter.php(351): CodeIgniter\CodeIgniter->handleRequest()
 8 FCPATH/index.php(67): CodeIgniter\CodeIgniter->run()
ERROR - 2023-01-11 19:14:18 --> mysqli_sql_exception: Duplicate column name 'DISCOUNT VALUE' in /mdevs/promotask/system/Database/MySQLi/Connection.php:292
Stack trace:
#0 /mdevs/promotask/system/Database/MySQLi/Connection.php(292): mysqli->query()
#1 /mdevs/promotask/system/Database/BaseConnection.php(666): CodeIgniter\Database\MySQLi\Connection->execute()
#2 /mdevs/promotask/system/Database/BaseConnection.php(593): CodeIgniter\Database\BaseConnection->simpleQuery()
#3 /mdevs/promotask/app/Models/MyLibzDBModel.php(19): CodeIgniter\Database\BaseConnection->query()
#4 /mdevs/promotask/app/Models/MySalesModel.php(547): App\Models\MyLibzDBModel->myoa_sql_exec()
#5 /mdevs/promotask/app/Controllers/Promo_discount.php(74): App\Models\MySalesModel->download_promo_barcode()
#6 /mdevs/promotask/system/CodeIgniter.php(927): App\Controllers\Promo_discount->promo_barcode_dl_proc()
#7 /mdevs/promotask/system/CodeIgniter.php(482): CodeIgniter\CodeIgniter->runController()
#8 /mdevs/promotask/system/CodeIgniter.php(351): CodeIgniter\CodeIgniter->handleRequest()
#9 /mdevs/promotask/public/index.php(67): CodeIgniter\CodeIgniter->run()
#10 {main}
CRITICAL - 2023-01-11 20:32:30 --> Undefined array key "discount_amount"
in APPPATH/Views/sales/trx_promo.php on line 274.
 1 APPPATH/Views/sales/trx_promo.php(274): CodeIgniter\Debug\Exceptions->errorHandler()
 2 SYSTEMPATH/View/View.php(213): include('APPPATH/Views/sales/trx_promo.php')
 3 SYSTEMPATH/View/View.php(216): CodeIgniter\View\View->CodeIgniter\View\{closure}()
 4 SYSTEMPATH/Common.php(1134): CodeIgniter\View\View->render()
 5 APPPATH/Controllers/Promo_discount.php(21): view()
 6 SYSTEMPATH/CodeIgniter.php(927): App\Controllers\Promo_discount->index()
 7 SYSTEMPATH/CodeIgniter.php(482): CodeIgniter\CodeIgniter->runController()
 8 SYSTEMPATH/CodeIgniter.php(351): CodeIgniter\CodeIgniter->handleRequest()
 9 FCPATH/index.php(67): CodeIgniter\CodeIgniter->run()
CRITICAL - 2023-01-11 20:32:47 --> Undefined array key "discount_amount"
in APPPATH/Views/sales/trx_promo.php on line 274.
 1 APPPATH/Views/sales/trx_promo.php(274): CodeIgniter\Debug\Exceptions->errorHandler()
 2 SYSTEMPATH/View/View.php(213): include('APPPATH/Views/sales/trx_promo.php')
 3 SYSTEMPATH/View/View.php(216): CodeIgniter\View\View->CodeIgniter\View\{closure}()
 4 SYSTEMPATH/Common.php(1134): CodeIgniter\View\View->render()
 5 APPPATH/Controllers/Promo_discount.php(21): view()
 6 SYSTEMPATH/CodeIgniter.php(927): App\Controllers\Promo_discount->index()
 7 SYSTEMPATH/CodeIgniter.php(482): CodeIgniter\CodeIgniter->runController()
 8 SYSTEMPATH/CodeIgniter.php(351): CodeIgniter\CodeIgniter->handleRequest()
 9 FCPATH/index.php(67): CodeIgniter\CodeIgniter->run()
ERROR - 2023-01-11 21:37:55 --> mysqli_sql_exception: You have an error in your SQL syntax; check the manual that corresponds to your MariaDB server version for the right syntax to use near 'from
                gw_promo_hd a
                where a.`promo_trxno` = 'P...' at line 5 in /mdevs/promotask/system/Database/MySQLi/Connection.php:292
Stack trace:
#0 /mdevs/promotask/system/Database/MySQLi/Connection.php(292): mysqli->query()
#1 /mdevs/promotask/system/Database/BaseConnection.php(666): CodeIgniter\Database\MySQLi\Connection->execute()
#2 /mdevs/promotask/system/Database/BaseConnection.php(593): CodeIgniter\Database\BaseConnection->simpleQuery()
#3 /mdevs/promotask/app/Models/MyLibzDBModel.php(19): CodeIgniter\Database\BaseConnection->query()
#4 /mdevs/promotask/app/Models/MySalesModel.php(526): App\Models\MyLibzDBModel->myoa_sql_exec()
#5 /mdevs/promotask/app/Controllers/Promo_discount.php(74): App\Models\MySalesModel->download_promo_barcode()
#6 /mdevs/promotask/system/CodeIgniter.php(927): App\Controllers\Promo_discount->promo_barcode_dl_proc()
#7 /mdevs/promotask/system/CodeIgniter.php(482): CodeIgniter\CodeIgniter->runController()
#8 /mdevs/promotask/system/CodeIgniter.php(351): CodeIgniter\CodeIgniter->handleRequest()
#9 /mdevs/promotask/public/index.php(67): CodeIgniter\CodeIgniter->run()
#10 {main}
CRITICAL - 2023-01-11 21:38:31 --> Undefined constant "App\Models\qq"
in APPPATH/Models/MySalesModel.php on line 527.
 1 APPPATH/Controllers/Promo_discount.php(74): App\Models\MySalesModel->download_promo_barcode()
 2 SYSTEMPATH/CodeIgniter.php(927): App\Controllers\Promo_discount->promo_barcode_dl_proc()
 3 SYSTEMPATH/CodeIgniter.php(482): CodeIgniter\CodeIgniter->runController()
 4 SYSTEMPATH/CodeIgniter.php(351): CodeIgniter\CodeIgniter->handleRequest()
 5 FCPATH/index.php(67): CodeIgniter\CodeIgniter->run()
CRITICAL - 2023-01-11 21:38:41 --> Undefined constant "App\Models\qq"
in APPPATH/Models/MySalesModel.php on line 527.
 1 APPPATH/Controllers/Promo_discount.php(74): App\Models\MySalesModel->download_promo_barcode()
 2 SYSTEMPATH/CodeIgniter.php(927): App\Controllers\Promo_discount->promo_barcode_dl_proc()
 3 SYSTEMPATH/CodeIgniter.php(482): CodeIgniter\CodeIgniter->runController()
 4 SYSTEMPATH/CodeIgniter.php(351): CodeIgniter\CodeIgniter->handleRequest()
 5 FCPATH/index.php(67): CodeIgniter\CodeIgniter->run()
ERROR - 2023-01-11 21:43:58 --> mysqli_sql_exception: You have an error in your SQL syntax; check the manual that corresponds to your MariaDB server version for the right syntax to use near '.`discount_value`,
                b.`discount_percent`
                from
...' at line 5 in /mdevs/promotask/system/Database/MySQLi/Connection.php:292
Stack trace:
#0 /mdevs/promotask/system/Database/MySQLi/Connection.php(292): mysqli->query()
#1 /mdevs/promotask/system/Database/BaseConnection.php(666): CodeIgniter\Database\MySQLi\Connection->execute()
#2 /mdevs/promotask/system/Database/BaseConnection.php(593): CodeIgniter\Database\BaseConnection->simpleQuery()
#3 /mdevs/promotask/app/Models/MyLibzDBModel.php(19): CodeIgniter\Database\BaseConnection->query()
#4 /mdevs/promotask/app/Models/MySalesModel.php(531): App\Models\MyLibzDBModel->myoa_sql_exec()
#5 /mdevs/promotask/app/Controllers/Promo_discount.php(74): App\Models\MySalesModel->download_promo_barcode()
#6 /mdevs/promotask/system/CodeIgniter.php(927): App\Controllers\Promo_discount->promo_barcode_dl_proc()
#7 /mdevs/promotask/system/CodeIgniter.php(482): CodeIgniter\CodeIgniter->runController()
#8 /mdevs/promotask/system/CodeIgniter.php(351): CodeIgniter\CodeIgniter->handleRequest()
#9 /mdevs/promotask/public/index.php(67): CodeIgniter\CodeIgniter->run()
#10 {main}
ERROR - 2023-01-11 21:45:09 --> mysqli_sql_exception: You have an error in your SQL syntax; check the manual that corresponds to your MariaDB server version for the right syntax to use near '.`discount_value`,
                b.`discount_percent`
                from
...' at line 5 in /mdevs/promotask/system/Database/MySQLi/Connection.php:292
Stack trace:
#0 /mdevs/promotask/system/Database/MySQLi/Connection.php(292): mysqli->query()
#1 /mdevs/promotask/system/Database/BaseConnection.php(666): CodeIgniter\Database\MySQLi\Connection->execute()
#2 /mdevs/promotask/system/Database/BaseConnection.php(593): CodeIgniter\Database\BaseConnection->simpleQuery()
#3 /mdevs/promotask/app/Models/MyLibzDBModel.php(19): CodeIgniter\Database\BaseConnection->query()
#4 /mdevs/promotask/app/Models/MySalesModel.php(533): App\Models\MyLibzDBModel->myoa_sql_exec()
#5 /mdevs/promotask/app/Controllers/Promo_discount.php(74): App\Models\MySalesModel->download_promo_barcode()
#6 /mdevs/promotask/system/CodeIgniter.php(927): App\Controllers\Promo_discount->promo_barcode_dl_proc()
#7 /mdevs/promotask/system/CodeIgniter.php(482): CodeIgniter\CodeIgniter->runController()
#8 /mdevs/promotask/system/CodeIgniter.php(351): CodeIgniter\CodeIgniter->handleRequest()
#9 /mdevs/promotask/public/index.php(67): CodeIgniter\CodeIgniter->run()
#10 {main}
ERROR - 2023-01-11 21:45:37 --> mysqli_sql_exception: Unknown column 'b.discount_percent' in 'field list' in /mdevs/promotask/system/Database/MySQLi/Connection.php:292
Stack trace:
#0 /mdevs/promotask/system/Database/MySQLi/Connection.php(292): mysqli->query()
#1 /mdevs/promotask/system/Database/BaseConnection.php(666): CodeIgniter\Database\MySQLi\Connection->execute()
#2 /mdevs/promotask/system/Database/BaseConnection.php(593): CodeIgniter\Database\BaseConnection->simpleQuery()
#3 /mdevs/promotask/app/Models/MyLibzDBModel.php(19): CodeIgniter\Database\BaseConnection->query()
#4 /mdevs/promotask/app/Models/MySalesModel.php(533): App\Models\MyLibzDBModel->myoa_sql_exec()
#5 /mdevs/promotask/app/Controllers/Promo_discount.php(74): App\Models\MySalesModel->download_promo_barcode()
#6 /mdevs/promotask/system/CodeIgniter.php(927): App\Controllers\Promo_discount->promo_barcode_dl_proc()
#7 /mdevs/promotask/system/CodeIgniter.php(482): CodeIgniter\CodeIgniter->runController()
#8 /mdevs/promotask/system/CodeIgniter.php(351): CodeIgniter\CodeIgniter->handleRequest()
#9 /mdevs/promotask/public/index.php(67): CodeIgniter\CodeIgniter->run()
#10 {main}
