ERROR - 2022-12-21 00:26:24 --> mysqli_sql_exception: SELECT command denied to user 'myerp'@'localhost' for table `medbroc`.`gw_fg_pack_dt` in /mdevs/mytestapp/system/Database/MySQLi/Connection.php:292
Stack trace:
#0 /mdevs/mytestapp/system/Database/MySQLi/Connection.php(292): mysqli->query()
#1 /mdevs/mytestapp/system/Database/BaseConnection.php(666): CodeIgniter\Database\MySQLi\Connection->execute()
#2 /mdevs/mytestapp/system/Database/BaseConnection.php(593): CodeIgniter\Database\BaseConnection->simpleQuery()
#3 /mdevs/mytestapp/app/Models/MyLibzDBModel.php(19): CodeIgniter\Database\BaseConnection->query()
#4 /mdevs/mytestapp/app/Views/mtap/fgpack/trx-fg-pack.php(222): App\Models\MyLibzDBModel->myoa_sql_exec()
#5 /mdevs/mytestapp/system/View/View.php(213): include('/mdevs/mytestap...')
#6 /mdevs/mytestapp/system/View/View.php(216): CodeIgniter\View\View->CodeIgniter\View\{closure}()
#7 /mdevs/mytestapp/system/Common.php(1134): CodeIgniter\View\View->render()
#8 /mdevs/mytestapp/app/Controllers/Fg_packing.php(20): view()
#9 /mdevs/mytestapp/system/CodeIgniter.php(927): App\Controllers\Fg_packing->index()
#10 /mdevs/mytestapp/system/CodeIgniter.php(482): CodeIgniter\CodeIgniter->runController()
#11 /mdevs/mytestapp/system/CodeIgniter.php(351): CodeIgniter\CodeIgniter->handleRequest()
#12 /mdevs/mytestapp/public/index.php(67): CodeIgniter\CodeIgniter->run()
#13 {main}
ERROR - 2022-12-21 00:26:24 --> mysqli_sql_exception: INSERT command denied to user 'myerp'@'localhost' for table `medbroc`.`syslogs` in /mdevs/mytestapp/system/Database/MySQLi/Connection.php:292
Stack trace:
#0 /mdevs/mytestapp/system/Database/MySQLi/Connection.php(292): mysqli->query()
#1 /mdevs/mytestapp/system/Database/BaseConnection.php(666): CodeIgniter\Database\MySQLi\Connection->execute()
#2 /mdevs/mytestapp/system/Database/BaseConnection.php(593): CodeIgniter\Database\BaseConnection->simpleQuery()
#3 /mdevs/mytestapp/app/Models/MyLibzDBModel.php(34): CodeIgniter\Database\BaseConnection->query()
#4 /mdevs/mytestapp/app/Views/mtap/fgpack/trx-fg-pack.php(222): App\Models\MyLibzDBModel->myoa_sql_exec()
#5 /mdevs/mytestapp/system/View/View.php(213): include('/mdevs/mytestap...')
#6 /mdevs/mytestapp/system/View/View.php(216): CodeIgniter\View\View->CodeIgniter\View\{closure}()
#7 /mdevs/mytestapp/system/Common.php(1134): CodeIgniter\View\View->render()
#8 /mdevs/mytestapp/app/Controllers/Fg_packing.php(20): view()
#9 /mdevs/mytestapp/system/CodeIgniter.php(927): App\Controllers\Fg_packing->index()
#10 /mdevs/mytestapp/system/CodeIgniter.php(482): CodeIgniter\CodeIgniter->runController()
#11 /mdevs/mytestapp/system/CodeIgniter.php(351): CodeIgniter\CodeIgniter->handleRequest()
#12 /mdevs/mytestapp/public/index.php(67): CodeIgniter\CodeIgniter->run()
#13 {main}
ERROR - 2022-12-21 00:50:07 --> mysqli_sql_exception: Table 'ap2.gw_fg_pack_dt' doesn't exist in /mdevs/mytestapp/system/Database/MySQLi/Connection.php:292
Stack trace:
#0 /mdevs/mytestapp/system/Database/MySQLi/Connection.php(292): mysqli->query()
#1 /mdevs/mytestapp/system/Database/BaseConnection.php(666): CodeIgniter\Database\MySQLi\Connection->execute()
#2 /mdevs/mytestapp/system/Database/BaseConnection.php(593): CodeIgniter\Database\BaseConnection->simpleQuery()
#3 /mdevs/mytestapp/app/Models/MyLibzDBModel.php(19): CodeIgniter\Database\BaseConnection->query()
#4 /mdevs/mytestapp/app/Views/mtap/fgpack/trx-fg-pack.php(222): App\Models\MyLibzDBModel->myoa_sql_exec()
#5 /mdevs/mytestapp/system/View/View.php(213): include('/mdevs/mytestap...')
#6 /mdevs/mytestapp/system/View/View.php(216): CodeIgniter\View\View->CodeIgniter\View\{closure}()
#7 /mdevs/mytestapp/system/Common.php(1134): CodeIgniter\View\View->render()
#8 /mdevs/mytestapp/app/Controllers/Fg_packing.php(20): view()
#9 /mdevs/mytestapp/system/CodeIgniter.php(927): App\Controllers\Fg_packing->index()
#10 /mdevs/mytestapp/system/CodeIgniter.php(482): CodeIgniter\CodeIgniter->runController()
#11 /mdevs/mytestapp/system/CodeIgniter.php(351): CodeIgniter\CodeIgniter->handleRequest()
#12 /mdevs/mytestapp/public/index.php(67): CodeIgniter\CodeIgniter->run()
#13 {main}
CRITICAL - 2022-12-21 01:03:47 --> Undefined index: ART_PARTNO
in APPPATH/Views/kmd/kartrecs.php on line 87.
 1 APPPATH/Views/kmd/kartrecs.php(87): CodeIgniter\Debug\Exceptions->errorHandler()
 2 SYSTEMPATH/View/View.php(213): include('APPPATH/Views/kmd/kartrecs.php')
 3 SYSTEMPATH/View/View.php(216): CodeIgniter\View\View->CodeIgniter\View\{closure}()
 4 SYSTEMPATH/Common.php(1134): CodeIgniter\View\View->render()
 5 APPPATH/Views/kmd/karticle.php(38): view()
 6 SYSTEMPATH/View/View.php(213): include('APPPATH/Views/kmd/karticle.php')
 7 SYSTEMPATH/View/View.php(216): CodeIgniter\View\View->CodeIgniter\View\{closure}()
 8 SYSTEMPATH/Common.php(1134): CodeIgniter\View\View->render()
 9 APPPATH/Controllers/Md_article.php(80): view()
10 SYSTEMPATH/CodeIgniter.php(927): App\Controllers\Md_article->Kindex()
11 SYSTEMPATH/CodeIgniter.php(482): CodeIgniter\CodeIgniter->runController()
12 SYSTEMPATH/CodeIgniter.php(351): CodeIgniter\CodeIgniter->handleRequest()
13 FCPATH/index.php(67): CodeIgniter\CodeIgniter->run()
CRITICAL - 2022-12-21 01:04:17 --> Undefined index: ART_PARTNO
in APPPATH/Views/kmd/kartrecs.php on line 87.
 1 APPPATH/Views/kmd/kartrecs.php(87): CodeIgniter\Debug\Exceptions->errorHandler()
 2 SYSTEMPATH/View/View.php(213): include('APPPATH/Views/kmd/kartrecs.php')
 3 SYSTEMPATH/View/View.php(216): CodeIgniter\View\View->CodeIgniter\View\{closure}()
 4 SYSTEMPATH/Common.php(1134): CodeIgniter\View\View->render()
 5 APPPATH/Views/kmd/karticle.php(38): view()
 6 SYSTEMPATH/View/View.php(213): include('APPPATH/Views/kmd/karticle.php')
 7 SYSTEMPATH/View/View.php(216): CodeIgniter\View\View->CodeIgniter\View\{closure}()
 8 SYSTEMPATH/Common.php(1134): CodeIgniter\View\View->render()
 9 APPPATH/Controllers/Md_article.php(80): view()
10 SYSTEMPATH/CodeIgniter.php(927): App\Controllers\Md_article->Kindex()
11 SYSTEMPATH/CodeIgniter.php(482): CodeIgniter\CodeIgniter->runController()
12 SYSTEMPATH/CodeIgniter.php(351): CodeIgniter\CodeIgniter->handleRequest()
13 FCPATH/index.php(67): CodeIgniter\CodeIgniter->run()
CRITICAL - 2022-12-21 01:46:05 --> Undefined variable: npage_curr
in APPPATH/Views/mtap/fgpack/trx-fg-pack-appr.php on line 25.
 1 APPPATH/Views/mtap/fgpack/trx-fg-pack-appr.php(25): CodeIgniter\Debug\Exceptions->errorHandler()
 2 SYSTEMPATH/View/View.php(213): include('APPPATH/Views/mtap/fgpack/trx-fg-pack-appr.php')
 3 SYSTEMPATH/View/View.php(216): CodeIgniter\View\View->CodeIgniter\View\{closure}()
 4 SYSTEMPATH/Common.php(1134): CodeIgniter\View\View->render()
 5 APPPATH/Controllers/Fg_packing.php(47): view()
 6 SYSTEMPATH/CodeIgniter.php(927): App\Controllers\Fg_packing->fgpack_vw_appr()
 7 SYSTEMPATH/CodeIgniter.php(482): CodeIgniter\CodeIgniter->runController()
 8 SYSTEMPATH/CodeIgniter.php(351): CodeIgniter\CodeIgniter->handleRequest()
 9 FCPATH/index.php(67): CodeIgniter\CodeIgniter->run()
ERROR - 2022-12-21 01:51:18 --> mysqli_sql_exception: Unknown column 'CTRL_GWFGPASTCKCDE' in 'field list' in /mdevs/mytestapp/system/Database/MySQLi/Connection.php:292
Stack trace:
#0 /mdevs/mytestapp/system/Database/MySQLi/Connection.php(292): mysqli->query()
#1 /mdevs/mytestapp/system/Database/BaseConnection.php(666): CodeIgniter\Database\MySQLi\Connection->execute()
#2 /mdevs/mytestapp/system/Database/BaseConnection.php(593): CodeIgniter\Database\BaseConnection->simpleQuery()
#3 /mdevs/mytestapp/app/Models/MyLibzDBModel.php(19): CodeIgniter\Database\BaseConnection->query()
#4 /mdevs/mytestapp/app/Models/MyDatumModel.php(75): App\Models\MyLibzDBModel->myoa_sql_exec()
#5 /mdevs/mytestapp/app/Models/MyFgPackingModel.php(585): App\Models\MyDatumModel->get_ctr_new_dr()
#6 /mdevs/mytestapp/app/Controllers/Fg_packing.php(58): App\Models\MyFgPackingModel->fgpack_barcde_gnrtion()
#7 /mdevs/mytestapp/system/CodeIgniter.php(927): App\Controllers\Fg_packing->barcde_gnrtion()
#8 /mdevs/mytestapp/system/CodeIgniter.php(482): CodeIgniter\CodeIgniter->runController()
#9 /mdevs/mytestapp/system/CodeIgniter.php(351): CodeIgniter\CodeIgniter->handleRequest()
#10 /mdevs/mytestapp/public/index.php(67): CodeIgniter\CodeIgniter->run()
#11 {main}
CRITICAL - 2022-12-21 01:52:59 --> You must set the database table to be used with your query.
in SYSTEMPATH/Database/BaseConnection.php on line 845.
 1 SYSTEMPATH/Model.php(587): CodeIgniter\Database\BaseConnection->table()
 2 SYSTEMPATH/Model.php(764): CodeIgniter\Model->builder()
 3 APPPATH/Models/MyFgPackingModel.php(952): CodeIgniter\Model->__call()
 4 APPPATH/Controllers/Fg_packing.php(66): App\Models\MyFgPackingModel->download_fgpack_barcode()
 5 SYSTEMPATH/CodeIgniter.php(927): App\Controllers\Fg_packing->fgpack_barcode_dl_proc()
 6 SYSTEMPATH/CodeIgniter.php(482): CodeIgniter\CodeIgniter->runController()
 7 SYSTEMPATH/CodeIgniter.php(351): CodeIgniter\CodeIgniter->handleRequest()
 8 FCPATH/index.php(67): CodeIgniter\CodeIgniter->run()
CRITICAL - 2022-12-21 20:56:08 --> Undefined constant "CodeIgniter\Database\MySQLi\MYSQLI_STORE_RESULT"
in SYSTEMPATH/Database/Database.php on line 136.
 1 SYSTEMPATH/Database/Database.php(56): CodeIgniter\Database\Database->initDriver()
 2 SYSTEMPATH/Database/Config.php(82): CodeIgniter\Database\Database->load()
 3 SYSTEMPATH/Model.php(137): CodeIgniter\Database\Config::connect()
 4 SYSTEMPATH/Config/Factories.php(129): CodeIgniter\Model->__construct()
 5 SYSTEMPATH/Config/Factories.php(86): CodeIgniter\Config\Factories::__callStatic()
 6 SYSTEMPATH/Common.php(809): CodeIgniter\Config\Factories::models()
 7 APPPATH/Controllers/Fg_packing.php(11): model()
 8 SYSTEMPATH/CodeIgniter.php(889): App\Controllers\Fg_packing->__construct()
 9 SYSTEMPATH/CodeIgniter.php(473): CodeIgniter\CodeIgniter->createController()
10 SYSTEMPATH/CodeIgniter.php(351): CodeIgniter\CodeIgniter->handleRequest()
11 FCPATH/index.php(67): CodeIgniter\CodeIgniter->run()
CRITICAL - 2022-12-21 20:56:26 --> Undefined constant "CodeIgniter\Database\MySQLi\MYSQLI_STORE_RESULT"
in SYSTEMPATH/Database/Database.php on line 136.
 1 SYSTEMPATH/Database/Database.php(56): CodeIgniter\Database\Database->initDriver()
 2 SYSTEMPATH/Database/Config.php(82): CodeIgniter\Database\Database->load()
 3 SYSTEMPATH/Model.php(137): CodeIgniter\Database\Config::connect()
 4 SYSTEMPATH/Config/Factories.php(129): CodeIgniter\Model->__construct()
 5 SYSTEMPATH/Config/Factories.php(86): CodeIgniter\Config\Factories::__callStatic()
 6 SYSTEMPATH/Common.php(809): CodeIgniter\Config\Factories::models()
 7 APPPATH/Controllers/Fg_packing.php(11): model()
 8 SYSTEMPATH/CodeIgniter.php(889): App\Controllers\Fg_packing->__construct()
 9 SYSTEMPATH/CodeIgniter.php(473): CodeIgniter\CodeIgniter->createController()
10 SYSTEMPATH/CodeIgniter.php(351): CodeIgniter\CodeIgniter->handleRequest()
11 FCPATH/index.php(67): CodeIgniter\CodeIgniter->run()
CRITICAL - 2022-12-21 20:56:48 --> Undefined constant "CodeIgniter\Database\MySQLi\MYSQLI_STORE_RESULT"
in SYSTEMPATH/Database/Database.php on line 136.
 1 SYSTEMPATH/Database/Database.php(56): CodeIgniter\Database\Database->initDriver()
 2 SYSTEMPATH/Database/Config.php(82): CodeIgniter\Database\Database->load()
 3 SYSTEMPATH/Model.php(137): CodeIgniter\Database\Config::connect()
 4 SYSTEMPATH/Config/Factories.php(129): CodeIgniter\Model->__construct()
 5 SYSTEMPATH/Config/Factories.php(86): CodeIgniter\Config\Factories::__callStatic()
 6 SYSTEMPATH/Common.php(809): CodeIgniter\Config\Factories::models()
 7 APPPATH/Controllers/Fg_packing.php(11): model()
 8 SYSTEMPATH/CodeIgniter.php(889): App\Controllers\Fg_packing->__construct()
 9 SYSTEMPATH/CodeIgniter.php(473): CodeIgniter\CodeIgniter->createController()
10 SYSTEMPATH/CodeIgniter.php(351): CodeIgniter\CodeIgniter->handleRequest()
11 FCPATH/index.php(67): CodeIgniter\CodeIgniter->run()
CRITICAL - 2022-12-21 20:59:08 --> Undefined constant "CodeIgniter\Database\MySQLi\MYSQLI_STORE_RESULT"
in SYSTEMPATH/Database/Database.php on line 136.
 1 SYSTEMPATH/Database/Database.php(56): CodeIgniter\Database\Database->initDriver()
 2 SYSTEMPATH/Database/Config.php(82): CodeIgniter\Database\Database->load()
 3 SYSTEMPATH/Model.php(137): CodeIgniter\Database\Config::connect()
 4 SYSTEMPATH/Config/Factories.php(129): CodeIgniter\Model->__construct()
 5 SYSTEMPATH/Config/Factories.php(86): CodeIgniter\Config\Factories::__callStatic()
 6 SYSTEMPATH/Common.php(809): CodeIgniter\Config\Factories::models()
 7 APPPATH/Controllers/Md_article.php(11): model()
 8 SYSTEMPATH/CodeIgniter.php(889): App\Controllers\Md_article->__construct()
 9 SYSTEMPATH/CodeIgniter.php(473): CodeIgniter\CodeIgniter->createController()
10 SYSTEMPATH/CodeIgniter.php(351): CodeIgniter\CodeIgniter->handleRequest()
11 FCPATH/index.php(67): CodeIgniter\CodeIgniter->run()
CRITICAL - 2022-12-21 20:59:13 --> Undefined constant "CodeIgniter\Database\MySQLi\MYSQLI_STORE_RESULT"
in SYSTEMPATH/Database/Database.php on line 136.
 1 SYSTEMPATH/Database/Database.php(56): CodeIgniter\Database\Database->initDriver()
 2 SYSTEMPATH/Database/Config.php(82): CodeIgniter\Database\Database->load()
 3 SYSTEMPATH/Model.php(137): CodeIgniter\Database\Config::connect()
 4 SYSTEMPATH/Config/Factories.php(129): CodeIgniter\Model->__construct()
 5 SYSTEMPATH/Config/Factories.php(86): CodeIgniter\Config\Factories::__callStatic()
 6 SYSTEMPATH/Common.php(809): CodeIgniter\Config\Factories::models()
 7 APPPATH/Controllers/Md_article.php(11): model()
 8 SYSTEMPATH/CodeIgniter.php(889): App\Controllers\Md_article->__construct()
 9 SYSTEMPATH/CodeIgniter.php(473): CodeIgniter\CodeIgniter->createController()
10 SYSTEMPATH/CodeIgniter.php(351): CodeIgniter\CodeIgniter->handleRequest()
11 FCPATH/index.php(67): CodeIgniter\CodeIgniter->run()
CRITICAL - 2022-12-21 20:59:23 --> Undefined constant "CodeIgniter\Database\MySQLi\MYSQLI_STORE_RESULT"
in SYSTEMPATH/Database/Database.php on line 136.
 1 SYSTEMPATH/Database/Database.php(56): CodeIgniter\Database\Database->initDriver()
 2 SYSTEMPATH/Database/Config.php(82): CodeIgniter\Database\Database->load()
 3 SYSTEMPATH/Model.php(137): CodeIgniter\Database\Config::connect()
 4 SYSTEMPATH/Config/Factories.php(129): CodeIgniter\Model->__construct()
 5 SYSTEMPATH/Config/Factories.php(86): CodeIgniter\Config\Factories::__callStatic()
 6 SYSTEMPATH/Common.php(809): CodeIgniter\Config\Factories::models()
 7 APPPATH/Controllers/Fg_packing.php(11): model()
 8 SYSTEMPATH/CodeIgniter.php(889): App\Controllers\Fg_packing->__construct()
 9 SYSTEMPATH/CodeIgniter.php(473): CodeIgniter\CodeIgniter->createController()
10 SYSTEMPATH/CodeIgniter.php(351): CodeIgniter\CodeIgniter->handleRequest()
11 FCPATH/index.php(67): CodeIgniter\CodeIgniter->run()
CRITICAL - 2022-12-21 20:59:55 --> Undefined constant "CodeIgniter\Database\MySQLi\MYSQLI_STORE_RESULT"
in SYSTEMPATH/Database/Database.php on line 136.
 1 SYSTEMPATH/Database/Database.php(56): CodeIgniter\Database\Database->initDriver()
 2 SYSTEMPATH/Database/Config.php(82): CodeIgniter\Database\Database->load()
 3 SYSTEMPATH/Model.php(137): CodeIgniter\Database\Config::connect()
 4 SYSTEMPATH/Config/Factories.php(129): CodeIgniter\Model->__construct()
 5 SYSTEMPATH/Config/Factories.php(86): CodeIgniter\Config\Factories::__callStatic()
 6 SYSTEMPATH/Common.php(809): CodeIgniter\Config\Factories::models()
 7 APPPATH/Controllers/Fg_packing.php(11): model()
 8 SYSTEMPATH/CodeIgniter.php(889): App\Controllers\Fg_packing->__construct()
 9 SYSTEMPATH/CodeIgniter.php(473): CodeIgniter\CodeIgniter->createController()
10 SYSTEMPATH/CodeIgniter.php(351): CodeIgniter\CodeIgniter->handleRequest()
11 FCPATH/index.php(67): CodeIgniter\CodeIgniter->run()
CRITICAL - 2022-12-21 21:07:52 --> Undefined array key "ART_PARTNO"
in APPPATH/Views/kmd/kartrecs.php on line 87.
 1 APPPATH/Views/kmd/kartrecs.php(87): CodeIgniter\Debug\Exceptions->errorHandler()
 2 SYSTEMPATH/View/View.php(213): include('APPPATH/Views/kmd/kartrecs.php')
 3 SYSTEMPATH/View/View.php(216): CodeIgniter\View\View->CodeIgniter\View\{closure}()
 4 SYSTEMPATH/Common.php(1134): CodeIgniter\View\View->render()
 5 APPPATH/Views/kmd/karticle.php(38): view()
 6 SYSTEMPATH/View/View.php(213): include('APPPATH/Views/kmd/karticle.php')
 7 SYSTEMPATH/View/View.php(216): CodeIgniter\View\View->CodeIgniter\View\{closure}()
 8 SYSTEMPATH/Common.php(1134): CodeIgniter\View\View->render()
 9 APPPATH/Controllers/Md_article.php(80): view()
10 SYSTEMPATH/CodeIgniter.php(927): App\Controllers\Md_article->Kindex()
11 SYSTEMPATH/CodeIgniter.php(482): CodeIgniter\CodeIgniter->runController()
12 SYSTEMPATH/CodeIgniter.php(351): CodeIgniter\CodeIgniter->handleRequest()
13 FCPATH/index.php(67): CodeIgniter\CodeIgniter->run()
ERROR - 2022-12-21 21:12:08 --> mysqli_sql_exception: Table 'ap2.mst_product_line' doesn't exist in /mdevs/mytestapp/system/Database/MySQLi/Connection.php:292
Stack trace:
#0 /mdevs/mytestapp/system/Database/MySQLi/Connection.php(292): mysqli->query()
#1 /mdevs/mytestapp/system/Database/BaseConnection.php(666): CodeIgniter\Database\MySQLi\Connection->execute()
#2 /mdevs/mytestapp/system/Database/BaseConnection.php(593): CodeIgniter\Database\BaseConnection->simpleQuery()
#3 /mdevs/mytestapp/app/Models/MyLibzDBModel.php(19): CodeIgniter\Database\BaseConnection->query()
#4 /mdevs/mytestapp/app/Models/MyDatumModel.php(29): App\Models\MyLibzDBModel->myoa_sql_exec()
#5 /mdevs/mytestapp/app/Views/kmd/kartprof.php(12): App\Models\MyDatumModel->get_prod_line()
#6 /mdevs/mytestapp/system/View/View.php(213): include('...')
#7 /mdevs/mytestapp/system/View/View.php(216): CodeIgniter\View\View->CodeIgniter\View\{closure}()
#8 /mdevs/mytestapp/system/Common.php(1134): CodeIgniter\View\View->render()
#9 /mdevs/mytestapp/app/Controllers/Md_article.php(97): view()
#10 /mdevs/mytestapp/system/CodeIgniter.php(927): App\Controllers\Md_article->Kprof()
#11 /mdevs/mytestapp/system/CodeIgniter.php(482): CodeIgniter\CodeIgniter->runController()
#12 /mdevs/mytestapp/system/CodeIgniter.php(351): CodeIgniter\CodeIgniter->handleRequest()
#13 /mdevs/mytestapp/public/index.php(67): CodeIgniter\CodeIgniter->run()
#14 {main}
ERROR - 2022-12-21 21:46:17 --> mysqli_sql_exception: Table 'pansamantala.gw_po_hd' doesn't exist in /mdevs/mytestapp/system/Database/MySQLi/Connection.php:292
Stack trace:
#0 /mdevs/mytestapp/system/Database/MySQLi/Connection.php(292): mysqli->query()
#1 /mdevs/mytestapp/system/Database/BaseConnection.php(666): CodeIgniter\Database\MySQLi\Connection->execute()
#2 /mdevs/mytestapp/system/Database/BaseConnection.php(593): CodeIgniter\Database\BaseConnection->simpleQuery()
#3 /mdevs/mytestapp/app/Models/MyLibzDBModel.php(19): CodeIgniter\Database\BaseConnection->query()
#4 /mdevs/mytestapp/app/Views/mtap/fgpack/trx-fg-pack-print.php(30): App\Models\MyLibzDBModel->myoa_sql_exec()
#5 /mdevs/mytestapp/system/View/View.php(213): include('...')
#6 /mdevs/mytestapp/system/View/View.php(216): CodeIgniter\View\View->CodeIgniter\View\{closure}()
#7 /mdevs/mytestapp/system/Common.php(1134): CodeIgniter\View\View->render()
#8 /mdevs/mytestapp/app/Controllers/Fg_packing.php(49): view()
#9 /mdevs/mytestapp/system/CodeIgniter.php(927): App\Controllers\Fg_packing->fgpack_print()
#10 /mdevs/mytestapp/system/CodeIgniter.php(482): CodeIgniter\CodeIgniter->runController()
#11 /mdevs/mytestapp/system/CodeIgniter.php(351): CodeIgniter\CodeIgniter->handleRequest()
#12 /mdevs/mytestapp/public/index.php(67): CodeIgniter\CodeIgniter->run()
#13 {main}
ERROR - 2022-12-21 21:46:56 --> mysqli_sql_exception: Table 'pansamantala.gw_po_hd' doesn't exist in /mdevs/mytestapp/system/Database/MySQLi/Connection.php:292
Stack trace:
#0 /mdevs/mytestapp/system/Database/MySQLi/Connection.php(292): mysqli->query()
#1 /mdevs/mytestapp/system/Database/BaseConnection.php(666): CodeIgniter\Database\MySQLi\Connection->execute()
#2 /mdevs/mytestapp/system/Database/BaseConnection.php(593): CodeIgniter\Database\BaseConnection->simpleQuery()
#3 /mdevs/mytestapp/app/Models/MyLibzDBModel.php(19): CodeIgniter\Database\BaseConnection->query()
#4 /mdevs/mytestapp/app/Views/mtap/fgpack/trx-fg-pack-print.php(30): App\Models\MyLibzDBModel->myoa_sql_exec()
#5 /mdevs/mytestapp/system/View/View.php(213): include('...')
#6 /mdevs/mytestapp/system/View/View.php(216): CodeIgniter\View\View->CodeIgniter\View\{closure}()
#7 /mdevs/mytestapp/system/Common.php(1134): CodeIgniter\View\View->render()
#8 /mdevs/mytestapp/app/Controllers/Fg_packing.php(49): view()
#9 /mdevs/mytestapp/system/CodeIgniter.php(927): App\Controllers\Fg_packing->fgpack_print()
#10 /mdevs/mytestapp/system/CodeIgniter.php(482): CodeIgniter\CodeIgniter->runController()
#11 /mdevs/mytestapp/system/CodeIgniter.php(351): CodeIgniter\CodeIgniter->handleRequest()
#12 /mdevs/mytestapp/public/index.php(67): CodeIgniter\CodeIgniter->run()
#13 {main}
CRITICAL - 2022-12-21 21:52:46 --> Undefined variable $q
in APPPATH/Views/mtap/fgpack/trx-fg-pack-print.php on line 22.
 1 APPPATH/Views/mtap/fgpack/trx-fg-pack-print.php(22): CodeIgniter\Debug\Exceptions->errorHandler()
 2 SYSTEMPATH/View/View.php(213): include('APPPATH/Views/mtap/fgpack/trx-fg-pack-print.php')
 3 SYSTEMPATH/View/View.php(216): CodeIgniter\View\View->CodeIgniter\View\{closure}()
 4 SYSTEMPATH/Common.php(1134): CodeIgniter\View\View->render()
 5 APPPATH/Controllers/Fg_packing.php(49): view()
 6 SYSTEMPATH/CodeIgniter.php(927): App\Controllers\Fg_packing->fgpack_print()
 7 SYSTEMPATH/CodeIgniter.php(482): CodeIgniter\CodeIgniter->runController()
 8 SYSTEMPATH/CodeIgniter.php(351): CodeIgniter\CodeIgniter->handleRequest()
 9 FCPATH/index.php(67): CodeIgniter\CodeIgniter->run()
CRITICAL - 2022-12-21 21:53:04 --> Class "App\Libraries\Fpdf\Mypdf" not found
in APPPATH/Views/mtap/fgpack/trx-fg-pack-print.php on line 123.
 1 SYSTEMPATH/View/View.php(213): include()
 2 SYSTEMPATH/View/View.php(216): CodeIgniter\View\View->CodeIgniter\View\{closure}()
 3 SYSTEMPATH/Common.php(1134): CodeIgniter\View\View->render()
 4 APPPATH/Controllers/Fg_packing.php(49): view()
 5 SYSTEMPATH/CodeIgniter.php(927): App\Controllers\Fg_packing->fgpack_print()
 6 SYSTEMPATH/CodeIgniter.php(482): CodeIgniter\CodeIgniter->runController()
 7 SYSTEMPATH/CodeIgniter.php(351): CodeIgniter\CodeIgniter->handleRequest()
 8 FCPATH/index.php(67): CodeIgniter\CodeIgniter->run()
CRITICAL - 2022-12-21 21:57:37 --> Invalid file: mtap/fgpack/trx-fg-pack-print.php
in SYSTEMPATH/Exceptions/FrameworkException.php on line 33.
 1 SYSTEMPATH/View/View.php(201): CodeIgniter\Exceptions\FrameworkException::forInvalidFile()
 2 SYSTEMPATH/Common.php(1134): CodeIgniter\View\View->render()
 3 APPPATH/Controllers/Fg_packing.php(49): view()
 4 SYSTEMPATH/CodeIgniter.php(927): App\Controllers\Fg_packing->fgpack_print()
 5 SYSTEMPATH/CodeIgniter.php(482): CodeIgniter\CodeIgniter->runController()
 6 SYSTEMPATH/CodeIgniter.php(351): CodeIgniter\CodeIgniter->handleRequest()
 7 FCPATH/index.php(67): CodeIgniter\CodeIgniter->run()
CRITICAL - 2022-12-21 21:58:22 --> Undefined variable $r
in APPPATH/Views/mtap/fgpack/trx-fg-pack-print.php on line 123.
 1 APPPATH/Views/mtap/fgpack/trx-fg-pack-print.php(123): CodeIgniter\Debug\Exceptions->errorHandler()
 2 SYSTEMPATH/View/View.php(213): include('APPPATH/Views/mtap/fgpack/trx-fg-pack-print.php')
 3 SYSTEMPATH/View/View.php(216): CodeIgniter\View\View->CodeIgniter\View\{closure}()
 4 SYSTEMPATH/Common.php(1134): CodeIgniter\View\View->render()
 5 APPPATH/Controllers/Fg_packing.php(49): view()
 6 SYSTEMPATH/CodeIgniter.php(927): App\Controllers\Fg_packing->fgpack_print()
 7 SYSTEMPATH/CodeIgniter.php(482): CodeIgniter\CodeIgniter->runController()
 8 SYSTEMPATH/CodeIgniter.php(351): CodeIgniter\CodeIgniter->handleRequest()
 9 FCPATH/index.php(67): CodeIgniter\CodeIgniter->run()
CRITICAL - 2022-12-21 21:58:43 --> Undefined variable $r
in APPPATH/Views/mtap/fgpack/trx-fg-pack-print.php on line 135.
 1 APPPATH/Views/mtap/fgpack/trx-fg-pack-print.php(135): CodeIgniter\Debug\Exceptions->errorHandler()
 2 SYSTEMPATH/View/View.php(213): include('APPPATH/Views/mtap/fgpack/trx-fg-pack-print.php')
 3 SYSTEMPATH/View/View.php(216): CodeIgniter\View\View->CodeIgniter\View\{closure}()
 4 SYSTEMPATH/Common.php(1134): CodeIgniter\View\View->render()
 5 APPPATH/Controllers/Fg_packing.php(49): view()
 6 SYSTEMPATH/CodeIgniter.php(927): App\Controllers\Fg_packing->fgpack_print()
 7 SYSTEMPATH/CodeIgniter.php(482): CodeIgniter\CodeIgniter->runController()
 8 SYSTEMPATH/CodeIgniter.php(351): CodeIgniter\CodeIgniter->handleRequest()
 9 FCPATH/index.php(67): CodeIgniter\CodeIgniter->run()
CRITICAL - 2022-12-21 22:00:09 --> Undefined variable $r
in APPPATH/Views/mtap/fgpack/trx-fg-pack-print.php on line 138.
 1 APPPATH/Views/mtap/fgpack/trx-fg-pack-print.php(138): CodeIgniter\Debug\Exceptions->errorHandler()
 2 SYSTEMPATH/View/View.php(213): include('APPPATH/Views/mtap/fgpack/trx-fg-pack-print.php')
 3 SYSTEMPATH/View/View.php(216): CodeIgniter\View\View->CodeIgniter\View\{closure}()
 4 SYSTEMPATH/Common.php(1134): CodeIgniter\View\View->render()
 5 APPPATH/Controllers/Fg_packing.php(49): view()
 6 SYSTEMPATH/CodeIgniter.php(927): App\Controllers\Fg_packing->fgpack_print()
 7 SYSTEMPATH/CodeIgniter.php(482): CodeIgniter\CodeIgniter->runController()
 8 SYSTEMPATH/CodeIgniter.php(351): CodeIgniter\CodeIgniter->handleRequest()
 9 FCPATH/index.php(67): CodeIgniter\CodeIgniter->run()
CRITICAL - 2022-12-21 23:00:19 --> Undefined variable $r
in APPPATH/Views/mtap/fgpack/trx-fg-pack-print.php on line 201.
 1 APPPATH/Views/mtap/fgpack/trx-fg-pack-print.php(201): CodeIgniter\Debug\Exceptions->errorHandler()
 2 SYSTEMPATH/View/View.php(213): include('APPPATH/Views/mtap/fgpack/trx-fg-pack-print.php')
 3 SYSTEMPATH/View/View.php(216): CodeIgniter\View\View->CodeIgniter\View\{closure}()
 4 SYSTEMPATH/Common.php(1134): CodeIgniter\View\View->render()
 5 APPPATH/Controllers/Fg_packing.php(49): view()
 6 SYSTEMPATH/CodeIgniter.php(927): App\Controllers\Fg_packing->fgpack_print()
 7 SYSTEMPATH/CodeIgniter.php(482): CodeIgniter\CodeIgniter->runController()
 8 SYSTEMPATH/CodeIgniter.php(351): CodeIgniter\CodeIgniter->handleRequest()
 9 FCPATH/index.php(67): CodeIgniter\CodeIgniter->run()
CRITICAL - 2022-12-21 23:02:15 --> Undefined variable $total_amount
in APPPATH/Views/mtap/fgpack/trx-fg-pack-print.php on line 212.
 1 APPPATH/Views/mtap/fgpack/trx-fg-pack-print.php(212): CodeIgniter\Debug\Exceptions->errorHandler()
 2 SYSTEMPATH/View/View.php(213): include('APPPATH/Views/mtap/fgpack/trx-fg-pack-print.php')
 3 SYSTEMPATH/View/View.php(216): CodeIgniter\View\View->CodeIgniter\View\{closure}()
 4 SYSTEMPATH/Common.php(1134): CodeIgniter\View\View->render()
 5 APPPATH/Controllers/Fg_packing.php(49): view()
 6 SYSTEMPATH/CodeIgniter.php(927): App\Controllers\Fg_packing->fgpack_print()
 7 SYSTEMPATH/CodeIgniter.php(482): CodeIgniter\CodeIgniter->runController()
 8 SYSTEMPATH/CodeIgniter.php(351): CodeIgniter\CodeIgniter->handleRequest()
 9 FCPATH/index.php(67): CodeIgniter\CodeIgniter->run()
CRITICAL - 2022-12-21 23:02:48 --> Undefined variable $total_amount
in APPPATH/Views/mtap/fgpack/trx-fg-pack-print.php on line 213.
 1 APPPATH/Views/mtap/fgpack/trx-fg-pack-print.php(213): CodeIgniter\Debug\Exceptions->errorHandler()
 2 SYSTEMPATH/View/View.php(213): include('APPPATH/Views/mtap/fgpack/trx-fg-pack-print.php')
 3 SYSTEMPATH/View/View.php(216): CodeIgniter\View\View->CodeIgniter\View\{closure}()
 4 SYSTEMPATH/Common.php(1134): CodeIgniter\View\View->render()
 5 APPPATH/Controllers/Fg_packing.php(49): view()
 6 SYSTEMPATH/CodeIgniter.php(927): App\Controllers\Fg_packing->fgpack_print()
 7 SYSTEMPATH/CodeIgniter.php(482): CodeIgniter\CodeIgniter->runController()
 8 SYSTEMPATH/CodeIgniter.php(351): CodeIgniter\CodeIgniter->handleRequest()
 9 FCPATH/index.php(67): CodeIgniter\CodeIgniter->run()
CRITICAL - 2022-12-21 23:03:42 --> Undefined variable $Y
in APPPATH/Views/mtap/fgpack/trx-fg-pack-print.php on line 210.
 1 APPPATH/Views/mtap/fgpack/trx-fg-pack-print.php(210): CodeIgniter\Debug\Exceptions->errorHandler()
 2 SYSTEMPATH/View/View.php(213): include('APPPATH/Views/mtap/fgpack/trx-fg-pack-print.php')
 3 SYSTEMPATH/View/View.php(216): CodeIgniter\View\View->CodeIgniter\View\{closure}()
 4 SYSTEMPATH/Common.php(1134): CodeIgniter\View\View->render()
 5 APPPATH/Controllers/Fg_packing.php(49): view()
 6 SYSTEMPATH/CodeIgniter.php(927): App\Controllers\Fg_packing->fgpack_print()
 7 SYSTEMPATH/CodeIgniter.php(482): CodeIgniter\CodeIgniter->runController()
 8 SYSTEMPATH/CodeIgniter.php(351): CodeIgniter\CodeIgniter->handleRequest()
 9 FCPATH/index.php(67): CodeIgniter\CodeIgniter->run()
CRITICAL - 2022-12-21 23:04:28 --> Undefined variable $Y
in APPPATH/Views/mtap/fgpack/trx-fg-pack-print.php on line 213.
 1 APPPATH/Views/mtap/fgpack/trx-fg-pack-print.php(213): CodeIgniter\Debug\Exceptions->errorHandler()
 2 SYSTEMPATH/View/View.php(213): include('APPPATH/Views/mtap/fgpack/trx-fg-pack-print.php')
 3 SYSTEMPATH/View/View.php(216): CodeIgniter\View\View->CodeIgniter\View\{closure}()
 4 SYSTEMPATH/Common.php(1134): CodeIgniter\View\View->render()
 5 APPPATH/Controllers/Fg_packing.php(49): view()
 6 SYSTEMPATH/CodeIgniter.php(927): App\Controllers\Fg_packing->fgpack_print()
 7 SYSTEMPATH/CodeIgniter.php(482): CodeIgniter\CodeIgniter->runController()
 8 SYSTEMPATH/CodeIgniter.php(351): CodeIgniter\CodeIgniter->handleRequest()
 9 FCPATH/index.php(67): CodeIgniter\CodeIgniter->run()
CRITICAL - 2022-12-21 23:06:01 --> Too few arguments to function App\Libraries\Fpdf\Fpdf::SetXY(), 1 passed in /mdevs/mytestapp/app/Views/mtap/fgpack/trx-fg-pack-print.php on line 213 and exactly 2 expected
in APPPATH/Libraries/Fpdf/Fpdf.php on line 973.
 1 APPPATH/Views/mtap/fgpack/trx-fg-pack-print.php(213): App\Libraries\Fpdf\Fpdf->SetXY()
 2 SYSTEMPATH/View/View.php(213): include('APPPATH/Views/mtap/fgpack/trx-fg-pack-print.php')
 3 SYSTEMPATH/View/View.php(216): CodeIgniter\View\View->CodeIgniter\View\{closure}()
 4 SYSTEMPATH/Common.php(1134): CodeIgniter\View\View->render()
 5 APPPATH/Controllers/Fg_packing.php(49): view()
 6 SYSTEMPATH/CodeIgniter.php(927): App\Controllers\Fg_packing->fgpack_print()
 7 SYSTEMPATH/CodeIgniter.php(482): CodeIgniter\CodeIgniter->runController()
 8 SYSTEMPATH/CodeIgniter.php(351): CodeIgniter\CodeIgniter->handleRequest()
 9 FCPATH/index.php(67): CodeIgniter\CodeIgniter->run()
CRITICAL - 2022-12-21 23:07:20 --> Undefined variable $rmks
in APPPATH/Views/mtap/fgpack/trx-fg-pack-print.php on line 227.
 1 APPPATH/Views/mtap/fgpack/trx-fg-pack-print.php(227): CodeIgniter\Debug\Exceptions->errorHandler()
 2 SYSTEMPATH/View/View.php(213): include('APPPATH/Views/mtap/fgpack/trx-fg-pack-print.php')
 3 SYSTEMPATH/View/View.php(216): CodeIgniter\View\View->CodeIgniter\View\{closure}()
 4 SYSTEMPATH/Common.php(1134): CodeIgniter\View\View->render()
 5 APPPATH/Controllers/Fg_packing.php(49): view()
 6 SYSTEMPATH/CodeIgniter.php(927): App\Controllers\Fg_packing->fgpack_print()
 7 SYSTEMPATH/CodeIgniter.php(482): CodeIgniter\CodeIgniter->runController()
 8 SYSTEMPATH/CodeIgniter.php(351): CodeIgniter\CodeIgniter->handleRequest()
 9 FCPATH/index.php(67): CodeIgniter\CodeIgniter->run()
CRITICAL - 2022-12-21 23:08:02 --> number_format(): Argument #1 ($num) must be of type float, string given
in APPPATH/Views/mtap/fgpack/trx-fg-pack-print.php on line 240.
 1 APPPATH/Views/mtap/fgpack/trx-fg-pack-print.php(240): number_format()
 2 SYSTEMPATH/View/View.php(213): include('APPPATH/Views/mtap/fgpack/trx-fg-pack-print.php')
 3 SYSTEMPATH/View/View.php(216): CodeIgniter\View\View->CodeIgniter\View\{closure}()
 4 SYSTEMPATH/Common.php(1134): CodeIgniter\View\View->render()
 5 APPPATH/Controllers/Fg_packing.php(49): view()
 6 SYSTEMPATH/CodeIgniter.php(927): App\Controllers\Fg_packing->fgpack_print()
 7 SYSTEMPATH/CodeIgniter.php(482): CodeIgniter\CodeIgniter->runController()
 8 SYSTEMPATH/CodeIgniter.php(351): CodeIgniter\CodeIgniter->handleRequest()
 9 FCPATH/index.php(67): CodeIgniter\CodeIgniter->run()
CRITICAL - 2022-12-21 23:08:48 --> number_format(): Argument #1 ($num) must be of type float, string given
in APPPATH/Views/mtap/fgpack/trx-fg-pack-print.php on line 240.
 1 APPPATH/Views/mtap/fgpack/trx-fg-pack-print.php(240): number_format()
 2 SYSTEMPATH/View/View.php(213): include('APPPATH/Views/mtap/fgpack/trx-fg-pack-print.php')
 3 SYSTEMPATH/View/View.php(216): CodeIgniter\View\View->CodeIgniter\View\{closure}()
 4 SYSTEMPATH/Common.php(1134): CodeIgniter\View\View->render()
 5 APPPATH/Controllers/Fg_packing.php(49): view()
 6 SYSTEMPATH/CodeIgniter.php(927): App\Controllers\Fg_packing->fgpack_print()
 7 SYSTEMPATH/CodeIgniter.php(482): CodeIgniter\CodeIgniter->runController()
 8 SYSTEMPATH/CodeIgniter.php(351): CodeIgniter\CodeIgniter->handleRequest()
 9 FCPATH/index.php(67): CodeIgniter\CodeIgniter->run()
CRITICAL - 2022-12-21 23:09:14 --> Undefined variable $total_amount_due
in APPPATH/Views/mtap/fgpack/trx-fg-pack-print.php on line 252.
 1 APPPATH/Views/mtap/fgpack/trx-fg-pack-print.php(252): CodeIgniter\Debug\Exceptions->errorHandler()
 2 SYSTEMPATH/View/View.php(213): include('APPPATH/Views/mtap/fgpack/trx-fg-pack-print.php')
 3 SYSTEMPATH/View/View.php(216): CodeIgniter\View\View->CodeIgniter\View\{closure}()
 4 SYSTEMPATH/Common.php(1134): CodeIgniter\View\View->render()
 5 APPPATH/Controllers/Fg_packing.php(49): view()
 6 SYSTEMPATH/CodeIgniter.php(927): App\Controllers\Fg_packing->fgpack_print()
 7 SYSTEMPATH/CodeIgniter.php(482): CodeIgniter\CodeIgniter->runController()
 8 SYSTEMPATH/CodeIgniter.php(351): CodeIgniter\CodeIgniter->handleRequest()
 9 FCPATH/index.php(67): CodeIgniter\CodeIgniter->run()
CRITICAL - 2022-12-21 23:09:33 --> Undefined variable $encd_fullname
in APPPATH/Views/mtap/fgpack/trx-fg-pack-print.php on line 288.
 1 APPPATH/Views/mtap/fgpack/trx-fg-pack-print.php(288): CodeIgniter\Debug\Exceptions->errorHandler()
 2 SYSTEMPATH/View/View.php(213): include('APPPATH/Views/mtap/fgpack/trx-fg-pack-print.php')
 3 SYSTEMPATH/View/View.php(216): CodeIgniter\View\View->CodeIgniter\View\{closure}()
 4 SYSTEMPATH/Common.php(1134): CodeIgniter\View\View->render()
 5 APPPATH/Controllers/Fg_packing.php(49): view()
 6 SYSTEMPATH/CodeIgniter.php(927): App\Controllers\Fg_packing->fgpack_print()
 7 SYSTEMPATH/CodeIgniter.php(482): CodeIgniter\CodeIgniter->runController()
 8 SYSTEMPATH/CodeIgniter.php(351): CodeIgniter\CodeIgniter->handleRequest()
 9 FCPATH/index.php(67): CodeIgniter\CodeIgniter->run()
CRITICAL - 2022-12-21 23:10:49 --> Undefined variable $rmks
in APPPATH/Views/mtap/fgpack/trx-fg-pack-print.php on line 352.
 1 APPPATH/Views/mtap/fgpack/trx-fg-pack-print.php(352): CodeIgniter\Debug\Exceptions->errorHandler()
 2 SYSTEMPATH/View/View.php(213): include('APPPATH/Views/mtap/fgpack/trx-fg-pack-print.php')
 3 SYSTEMPATH/View/View.php(216): CodeIgniter\View\View->CodeIgniter\View\{closure}()
 4 SYSTEMPATH/Common.php(1134): CodeIgniter\View\View->render()
 5 APPPATH/Controllers/Fg_packing.php(49): view()
 6 SYSTEMPATH/CodeIgniter.php(927): App\Controllers\Fg_packing->fgpack_print()
 7 SYSTEMPATH/CodeIgniter.php(482): CodeIgniter\CodeIgniter->runController()
 8 SYSTEMPATH/CodeIgniter.php(351): CodeIgniter\CodeIgniter->handleRequest()
 9 FCPATH/index.php(67): CodeIgniter\CodeIgniter->run()
CRITICAL - 2022-12-21 23:12:13 --> Undefined constant "x5"
in APPPATH/Views/mtap/fgpack/trx-fg-pack-print.php on line 415.
 1 SYSTEMPATH/View/View.php(213): include()
 2 SYSTEMPATH/View/View.php(216): CodeIgniter\View\View->CodeIgniter\View\{closure}()
 3 SYSTEMPATH/Common.php(1134): CodeIgniter\View\View->render()
 4 APPPATH/Controllers/Fg_packing.php(49): view()
 5 SYSTEMPATH/CodeIgniter.php(927): App\Controllers\Fg_packing->fgpack_print()
 6 SYSTEMPATH/CodeIgniter.php(482): CodeIgniter\CodeIgniter->runController()
 7 SYSTEMPATH/CodeIgniter.php(351): CodeIgniter\CodeIgniter->handleRequest()
 8 FCPATH/index.php(67): CodeIgniter\CodeIgniter->run()
CRITICAL - 2022-12-21 23:12:44 --> Undefined constant "x5"
in APPPATH/Views/mtap/fgpack/trx-fg-pack-print.php on line 415.
 1 SYSTEMPATH/View/View.php(213): include()
 2 SYSTEMPATH/View/View.php(216): CodeIgniter\View\View->CodeIgniter\View\{closure}()
 3 SYSTEMPATH/Common.php(1134): CodeIgniter\View\View->render()
 4 APPPATH/Controllers/Fg_packing.php(49): view()
 5 SYSTEMPATH/CodeIgniter.php(927): App\Controllers\Fg_packing->fgpack_print()
 6 SYSTEMPATH/CodeIgniter.php(482): CodeIgniter\CodeIgniter->runController()
 7 SYSTEMPATH/CodeIgniter.php(351): CodeIgniter\CodeIgniter->handleRequest()
 8 FCPATH/index.php(67): CodeIgniter\CodeIgniter->run()
CRITICAL - 2022-12-21 23:18:56 --> You must set the database table to be used with your query.
in SYSTEMPATH/Database/BaseConnection.php on line 845.
 1 SYSTEMPATH/Model.php(587): CodeIgniter\Database\BaseConnection->table()
 2 SYSTEMPATH/Model.php(764): CodeIgniter\Model->builder()
 3 APPPATH/Models/MyFgPackingModel.php(962): CodeIgniter\Model->__call()
 4 APPPATH/Controllers/Fg_packing.php(81): App\Models\MyFgPackingModel->download_fgpack_barcode()
 5 SYSTEMPATH/CodeIgniter.php(927): App\Controllers\Fg_packing->fgpack_barcode_dl_proc()
 6 SYSTEMPATH/CodeIgniter.php(482): CodeIgniter\CodeIgniter->runController()
 7 SYSTEMPATH/CodeIgniter.php(351): CodeIgniter\CodeIgniter->handleRequest()
 8 FCPATH/index.php(67): CodeIgniter\CodeIgniter->run()
CRITICAL - 2022-12-21 23:24:49 --> Trying to access array offset on value of type null
in APPPATH/Views/mtap/fgpack/trx-fg-pack.php on line 57.
 1 APPPATH/Views/mtap/fgpack/trx-fg-pack.php(57): CodeIgniter\Debug\Exceptions->errorHandler()
 2 SYSTEMPATH/View/View.php(213): include('APPPATH/Views/mtap/fgpack/trx-fg-pack.php')
 3 SYSTEMPATH/View/View.php(216): CodeIgniter\View\View->CodeIgniter\View\{closure}()
 4 SYSTEMPATH/Common.php(1134): CodeIgniter\View\View->render()
 5 APPPATH/Controllers/Fg_packing.php(21): view()
 6 SYSTEMPATH/CodeIgniter.php(927): App\Controllers\Fg_packing->index()
 7 SYSTEMPATH/CodeIgniter.php(482): CodeIgniter\CodeIgniter->runController()
 8 SYSTEMPATH/CodeIgniter.php(351): CodeIgniter\CodeIgniter->handleRequest()
 9 FCPATH/index.php(67): CodeIgniter\CodeIgniter->run()
CRITICAL - 2022-12-21 23:49:03 --> Undefined variable $Y
in APPPATH/Views/mtap/fgpack/trx-fg-pack-print.php on line 212.
 1 APPPATH/Views/mtap/fgpack/trx-fg-pack-print.php(212): CodeIgniter\Debug\Exceptions->errorHandler()
 2 SYSTEMPATH/View/View.php(213): include('APPPATH/Views/mtap/fgpack/trx-fg-pack-print.php')
 3 SYSTEMPATH/View/View.php(216): CodeIgniter\View\View->CodeIgniter\View\{closure}()
 4 SYSTEMPATH/Common.php(1134): CodeIgniter\View\View->render()
 5 APPPATH/Controllers/Fg_packing.php(49): view()
 6 SYSTEMPATH/CodeIgniter.php(927): App\Controllers\Fg_packing->fgpack_print()
 7 SYSTEMPATH/CodeIgniter.php(482): CodeIgniter\CodeIgniter->runController()
 8 SYSTEMPATH/CodeIgniter.php(351): CodeIgniter\CodeIgniter->handleRequest()
 9 FCPATH/index.php(67): CodeIgniter\CodeIgniter->run()
CRITICAL - 2022-12-21 23:49:10 --> Undefined variable $Y
in APPPATH/Views/mtap/fgpack/trx-fg-pack-print.php on line 212.
 1 APPPATH/Views/mtap/fgpack/trx-fg-pack-print.php(212): CodeIgniter\Debug\Exceptions->errorHandler()
 2 SYSTEMPATH/View/View.php(213): include('APPPATH/Views/mtap/fgpack/trx-fg-pack-print.php')
 3 SYSTEMPATH/View/View.php(216): CodeIgniter\View\View->CodeIgniter\View\{closure}()
 4 SYSTEMPATH/Common.php(1134): CodeIgniter\View\View->render()
 5 APPPATH/Controllers/Fg_packing.php(49): view()
 6 SYSTEMPATH/CodeIgniter.php(927): App\Controllers\Fg_packing->fgpack_print()
 7 SYSTEMPATH/CodeIgniter.php(482): CodeIgniter\CodeIgniter->runController()
 8 SYSTEMPATH/CodeIgniter.php(351): CodeIgniter\CodeIgniter->handleRequest()
 9 FCPATH/index.php(67): CodeIgniter\CodeIgniter->run()
CRITICAL - 2022-12-21 23:53:24 --> Undefined variable $Y
in APPPATH/Views/mtap/fgpack/trx-fg-pack-print.php on line 210.
 1 APPPATH/Views/mtap/fgpack/trx-fg-pack-print.php(210): CodeIgniter\Debug\Exceptions->errorHandler()
 2 SYSTEMPATH/View/View.php(213): include('APPPATH/Views/mtap/fgpack/trx-fg-pack-print.php')
 3 SYSTEMPATH/View/View.php(216): CodeIgniter\View\View->CodeIgniter\View\{closure}()
 4 SYSTEMPATH/Common.php(1134): CodeIgniter\View\View->render()
 5 APPPATH/Controllers/Fg_packing.php(49): view()
 6 SYSTEMPATH/CodeIgniter.php(927): App\Controllers\Fg_packing->fgpack_print()
 7 SYSTEMPATH/CodeIgniter.php(482): CodeIgniter\CodeIgniter->runController()
 8 SYSTEMPATH/CodeIgniter.php(351): CodeIgniter\CodeIgniter->handleRequest()
 9 FCPATH/index.php(67): CodeIgniter\CodeIgniter->run()
CRITICAL - 2022-12-21 23:53:32 --> Undefined variable $box_no
in APPPATH/Views/mtap/fgpack/trx-fg-pack-print.php on line 210.
 1 APPPATH/Views/mtap/fgpack/trx-fg-pack-print.php(210): CodeIgniter\Debug\Exceptions->errorHandler()
 2 SYSTEMPATH/View/View.php(213): include('APPPATH/Views/mtap/fgpack/trx-fg-pack-print.php')
 3 SYSTEMPATH/View/View.php(216): CodeIgniter\View\View->CodeIgniter\View\{closure}()
 4 SYSTEMPATH/Common.php(1134): CodeIgniter\View\View->render()
 5 APPPATH/Controllers/Fg_packing.php(49): view()
 6 SYSTEMPATH/CodeIgniter.php(927): App\Controllers\Fg_packing->fgpack_print()
 7 SYSTEMPATH/CodeIgniter.php(482): CodeIgniter\CodeIgniter->runController()
 8 SYSTEMPATH/CodeIgniter.php(351): CodeIgniter\CodeIgniter->handleRequest()
 9 FCPATH/index.php(67): CodeIgniter\CodeIgniter->run()
CRITICAL - 2022-12-21 23:54:17 --> Undefined variable $qty
in APPPATH/Views/mtap/fgpack/trx-fg-pack-print.php on line 212.
 1 APPPATH/Views/mtap/fgpack/trx-fg-pack-print.php(212): CodeIgniter\Debug\Exceptions->errorHandler()
 2 SYSTEMPATH/View/View.php(213): include('APPPATH/Views/mtap/fgpack/trx-fg-pack-print.php')
 3 SYSTEMPATH/View/View.php(216): CodeIgniter\View\View->CodeIgniter\View\{closure}()
 4 SYSTEMPATH/Common.php(1134): CodeIgniter\View\View->render()
 5 APPPATH/Controllers/Fg_packing.php(49): view()
 6 SYSTEMPATH/CodeIgniter.php(927): App\Controllers\Fg_packing->fgpack_print()
 7 SYSTEMPATH/CodeIgniter.php(482): CodeIgniter\CodeIgniter->runController()
 8 SYSTEMPATH/CodeIgniter.php(351): CodeIgniter\CodeIgniter->handleRequest()
 9 FCPATH/index.php(67): CodeIgniter\CodeIgniter->run()
