CRITICAL - 2023-01-02 23:25:17 --> Undefined variable $promo_trxnoe
in APPPATH/Controllers/Promo_discount.php on line 79.
 1 APPPATH/Controllers/Promo_discount.php(79): CodeIgniter\Debug\Exceptions->errorHandler()
 2 SYSTEMPATH/CodeIgniter.php(927): App\Controllers\Promo_discount->promo_barcode_dl_proc()
 3 SYSTEMPATH/CodeIgniter.php(482): CodeIgniter\CodeIgniter->runController()
 4 SYSTEMPATH/CodeIgniter.php(351): CodeIgniter\CodeIgniter->handleRequest()
 5 FCPATH/index.php(67): CodeIgniter\CodeIgniter->run()
CRITICAL - 2023-01-02 23:25:23 --> Undefined variable $promo_trxnoe
in APPPATH/Controllers/Promo_discount.php on line 79.
 1 APPPATH/Controllers/Promo_discount.php(79): CodeIgniter\Debug\Exceptions->errorHandler()
 2 SYSTEMPATH/CodeIgniter.php(927): App\Controllers\Promo_discount->promo_barcode_dl_proc()
 3 SYSTEMPATH/CodeIgniter.php(482): CodeIgniter\CodeIgniter->runController()
 4 SYSTEMPATH/CodeIgniter.php(351): CodeIgniter\CodeIgniter->handleRequest()
 5 FCPATH/index.php(67): CodeIgniter\CodeIgniter->run()
CRITICAL - 2023-01-02 23:26:26 --> Trying to access array offset on value of type null
in APPPATH/Models/MySalesModel.php on line 801.
 1 APPPATH/Models/MySalesModel.php(801): CodeIgniter\Debug\Exceptions->errorHandler()
 2 APPPATH/Controllers/Promo_discount.php(79): App\Models\MySalesModel->download_promo_barcode()
 3 SYSTEMPATH/CodeIgniter.php(927): App\Controllers\Promo_discount->promo_barcode_dl_proc()
 4 SYSTEMPATH/CodeIgniter.php(482): CodeIgniter\CodeIgniter->runController()
 5 SYSTEMPATH/CodeIgniter.php(351): CodeIgniter\CodeIgniter->handleRequest()
 6 FCPATH/index.php(67): CodeIgniter\CodeIgniter->run()
CRITICAL - 2023-01-02 23:26:56 --> Undefined variable $rr
in APPPATH/Models/MySalesModel.php on line 799.
 1 APPPATH/Models/MySalesModel.php(799): CodeIgniter\Debug\Exceptions->errorHandler()
 2 APPPATH/Controllers/Promo_discount.php(79): App\Models\MySalesModel->download_promo_barcode()
 3 SYSTEMPATH/CodeIgniter.php(927): App\Controllers\Promo_discount->promo_barcode_dl_proc()
 4 SYSTEMPATH/CodeIgniter.php(482): CodeIgniter\CodeIgniter->runController()
 5 SYSTEMPATH/CodeIgniter.php(351): CodeIgniter\CodeIgniter->handleRequest()
 6 FCPATH/index.php(67): CodeIgniter\CodeIgniter->run()
CRITICAL - 2023-01-02 23:27:15 --> Undefined variable $cfilelnk
in APPPATH/Models/MySalesModel.php on line 831.
 1 APPPATH/Models/MySalesModel.php(831): CodeIgniter\Debug\Exceptions->errorHandler()
 2 APPPATH/Controllers/Promo_discount.php(79): App\Models\MySalesModel->download_promo_barcode()
 3 SYSTEMPATH/CodeIgniter.php(927): App\Controllers\Promo_discount->promo_barcode_dl_proc()
 4 SYSTEMPATH/CodeIgniter.php(482): CodeIgniter\CodeIgniter->runController()
 5 SYSTEMPATH/CodeIgniter.php(351): CodeIgniter\CodeIgniter->handleRequest()
 6 FCPATH/index.php(67): CodeIgniter\CodeIgniter->run()
CRITICAL - 2023-01-02 23:29:43 --> Undefined variable $file_name
in APPPATH/Models/MySalesModel.php on line 830.
 1 APPPATH/Models/MySalesModel.php(830): CodeIgniter\Debug\Exceptions->errorHandler()
 2 APPPATH/Controllers/Promo_discount.php(79): App\Models\MySalesModel->download_promo_barcode()
 3 SYSTEMPATH/CodeIgniter.php(927): App\Controllers\Promo_discount->promo_barcode_dl_proc()
 4 SYSTEMPATH/CodeIgniter.php(482): CodeIgniter\CodeIgniter->runController()
 5 SYSTEMPATH/CodeIgniter.php(351): CodeIgniter\CodeIgniter->handleRequest()
 6 FCPATH/index.php(67): CodeIgniter\CodeIgniter->run()
CRITICAL - 2023-01-02 23:49:07 --> You must set the database table to be used with your query.
in SYSTEMPATH/Database/BaseConnection.php on line 845.
 1 SYSTEMPATH/Model.php(587): CodeIgniter\Database\BaseConnection->table()
 2 SYSTEMPATH/Model.php(764): CodeIgniter\Model->builder()
 3 APPPATH/Models/MySalesModel.php(801): CodeIgniter\Model->__call()
 4 APPPATH/Controllers/Promo_discount.php(79): App\Models\MySalesModel->download_promo_barcode()
 5 SYSTEMPATH/CodeIgniter.php(927): App\Controllers\Promo_discount->promo_barcode_dl_proc()
 6 SYSTEMPATH/CodeIgniter.php(482): CodeIgniter\CodeIgniter->runController()
 7 SYSTEMPATH/CodeIgniter.php(351): CodeIgniter\CodeIgniter->handleRequest()
 8 FCPATH/index.php(67): CodeIgniter\CodeIgniter->run()
