CRITICAL - 2022-12-07 00:10:04 --> syntax error, unexpected token "public", expecting end of file
in APPPATH\Models\MyMDArticleModel.php on line 187.
 1 SYSTEMPATH\Autoloader\Autoloader.php(259): CodeIgniter\Autoloader\Autoloader->includeFile('APPPATH\\Models\\MyMDArticleModel.php')
 2 SYSTEMPATH\Autoloader\Autoloader.php(237): CodeIgniter\Autoloader\Autoloader->loadInNamespace('App\\Models\\MyMDArticleModel')
 3 APPPATH\Controllers\Md_article.php(13): CodeIgniter\Autoloader\Autoloader->loadClass('App\\Models\\MyMDArticleModel')
 4 SYSTEMPATH\CodeIgniter.php(889): App\Controllers\Md_article->__construct()
 5 SYSTEMPATH\CodeIgniter.php(473): CodeIgniter\CodeIgniter->createController()
 6 SYSTEMPATH\CodeIgniter.php(351): CodeIgniter\CodeIgniter->handleRequest(null, Object(Config\Cache), false)
 7 FCPATH\index.php(67): CodeIgniter\CodeIgniter->run()
CRITICAL - 2022-12-07 00:10:05 --> syntax error, unexpected token "public", expecting end of file
in APPPATH\Models\MyMDArticleModel.php on line 187.
 1 SYSTEMPATH\Autoloader\Autoloader.php(259): CodeIgniter\Autoloader\Autoloader->includeFile('APPPATH\\Models\\MyMDArticleModel.php')
 2 SYSTEMPATH\Autoloader\Autoloader.php(237): CodeIgniter\Autoloader\Autoloader->loadInNamespace('App\\Models\\MyMDArticleModel')
 3 APPPATH\Controllers\Md_article.php(13): CodeIgniter\Autoloader\Autoloader->loadClass('App\\Models\\MyMDArticleModel')
 4 SYSTEMPATH\CodeIgniter.php(889): App\Controllers\Md_article->__construct()
 5 SYSTEMPATH\CodeIgniter.php(473): CodeIgniter\CodeIgniter->createController()
 6 SYSTEMPATH\CodeIgniter.php(351): CodeIgniter\CodeIgniter->handleRequest(null, Object(Config\Cache), false)
 7 FCPATH\index.php(67): CodeIgniter\CodeIgniter->run()
CRITICAL - 2022-12-07 00:12:06 --> syntax error, unexpected token "public", expecting end of file
in APPPATH\Models\MyMDArticleModel.php on line 187.
 1 SYSTEMPATH\Autoloader\Autoloader.php(259): CodeIgniter\Autoloader\Autoloader->includeFile('APPPATH\\Models\\MyMDArticleModel.php')
 2 SYSTEMPATH\Autoloader\Autoloader.php(237): CodeIgniter\Autoloader\Autoloader->loadInNamespace('App\\Models\\MyMDArticleModel')
 3 APPPATH\Controllers\Md_article.php(13): CodeIgniter\Autoloader\Autoloader->loadClass('App\\Models\\MyMDArticleModel')
 4 SYSTEMPATH\CodeIgniter.php(889): App\Controllers\Md_article->__construct()
 5 SYSTEMPATH\CodeIgniter.php(473): CodeIgniter\CodeIgniter->createController()
 6 SYSTEMPATH\CodeIgniter.php(351): CodeIgniter\CodeIgniter->handleRequest(null, Object(Config\Cache), false)
 7 FCPATH\index.php(67): CodeIgniter\CodeIgniter->run()
CRITICAL - 2022-12-07 00:14:54 --> syntax error, unexpected token "public", expecting end of file
in APPPATH\Models\MyMDArticleModel.php on line 187.
 1 SYSTEMPATH\Autoloader\Autoloader.php(259): CodeIgniter\Autoloader\Autoloader->includeFile('APPPATH\\Models\\MyMDArticleModel.php')
 2 SYSTEMPATH\Autoloader\Autoloader.php(237): CodeIgniter\Autoloader\Autoloader->loadInNamespace('App\\Models\\MyMDArticleModel')
 3 APPPATH\Controllers\Md_article.php(13): CodeIgniter\Autoloader\Autoloader->loadClass('App\\Models\\MyMDArticleModel')
 4 SYSTEMPATH\CodeIgniter.php(889): App\Controllers\Md_article->__construct()
 5 SYSTEMPATH\CodeIgniter.php(473): CodeIgniter\CodeIgniter->createController()
 6 SYSTEMPATH\CodeIgniter.php(351): CodeIgniter\CodeIgniter->handleRequest(null, Object(Config\Cache), false)
 7 FCPATH\index.php(67): CodeIgniter\CodeIgniter->run()
CRITICAL - 2022-12-07 00:17:16 --> syntax error, unexpected token "public", expecting end of file
in APPPATH\Models\MyMDArticleModel.php on line 187.
 1 SYSTEMPATH\Autoloader\Autoloader.php(259): CodeIgniter\Autoloader\Autoloader->includeFile('APPPATH\\Models\\MyMDArticleModel.php')
 2 SYSTEMPATH\Autoloader\Autoloader.php(237): CodeIgniter\Autoloader\Autoloader->loadInNamespace('App\\Models\\MyMDArticleModel')
 3 APPPATH\Controllers\Md_article.php(13): CodeIgniter\Autoloader\Autoloader->loadClass('App\\Models\\MyMDArticleModel')
 4 SYSTEMPATH\CodeIgniter.php(889): App\Controllers\Md_article->__construct()
 5 SYSTEMPATH\CodeIgniter.php(473): CodeIgniter\CodeIgniter->createController()
 6 SYSTEMPATH\CodeIgniter.php(351): CodeIgniter\CodeIgniter->handleRequest(null, Object(Config\Cache), false)
 7 FCPATH\index.php(67): CodeIgniter\CodeIgniter->run()
CRITICAL - 2022-12-07 00:18:11 --> syntax error, unexpected token "public", expecting end of file
in APPPATH\Models\MyMDArticleModel.php on line 187.
 1 SYSTEMPATH\Autoloader\Autoloader.php(259): CodeIgniter\Autoloader\Autoloader->includeFile('APPPATH\\Models\\MyMDArticleModel.php')
 2 SYSTEMPATH\Autoloader\Autoloader.php(237): CodeIgniter\Autoloader\Autoloader->loadInNamespace('App\\Models\\MyMDArticleModel')
 3 APPPATH\Controllers\Md_article.php(13): CodeIgniter\Autoloader\Autoloader->loadClass('App\\Models\\MyMDArticleModel')
 4 SYSTEMPATH\CodeIgniter.php(889): App\Controllers\Md_article->__construct()
 5 SYSTEMPATH\CodeIgniter.php(473): CodeIgniter\CodeIgniter->createController()
 6 SYSTEMPATH\CodeIgniter.php(351): CodeIgniter\CodeIgniter->handleRequest(null, Object(Config\Cache), false)
 7 FCPATH\index.php(67): CodeIgniter\CodeIgniter->run()
CRITICAL - 2022-12-07 00:20:19 --> syntax error, unexpected token "public", expecting end of file
in APPPATH\Models\MyMDArticleModel.php on line 187.
 1 SYSTEMPATH\Autoloader\Autoloader.php(259): CodeIgniter\Autoloader\Autoloader->includeFile('APPPATH\\Models\\MyMDArticleModel.php')
 2 SYSTEMPATH\Autoloader\Autoloader.php(237): CodeIgniter\Autoloader\Autoloader->loadInNamespace('App\\Models\\MyMDArticleModel')
 3 APPPATH\Controllers\Md_article.php(13): CodeIgniter\Autoloader\Autoloader->loadClass('App\\Models\\MyMDArticleModel')
 4 SYSTEMPATH\CodeIgniter.php(889): App\Controllers\Md_article->__construct()
 5 SYSTEMPATH\CodeIgniter.php(473): CodeIgniter\CodeIgniter->createController()
 6 SYSTEMPATH\CodeIgniter.php(351): CodeIgniter\CodeIgniter->handleRequest(null, Object(Config\Cache), false)
 7 FCPATH\index.php(67): CodeIgniter\CodeIgniter->run()
