ERROR - 2023-03-05 18:46:27 --> mysqli_sql_exception: Unknown column 'a.buyxtakey' in 'field list' in /mdevs/promotask/system/Database/MySQLi/Connection.php:292
Stack trace:
#0 /mdevs/promotask/system/Database/MySQLi/Connection.php(292): mysqli->query()
#1 /mdevs/promotask/system/Database/BaseConnection.php(666): CodeIgniter\Database\MySQLi\Connection->execute()
#2 /mdevs/promotask/system/Database/BaseConnection.php(593): CodeIgniter\Database\BaseConnection->simpleQuery()
#3 /mdevs/promotask/app/Models/MyLibzDBModel.php(19): CodeIgniter\Database\BaseConnection->query()
#4 /mdevs/promotask/app/Models/MySalesModel.php(1157): App\Models\MyLibzDBModel->myoa_sql_exec()
#5 /mdevs/promotask/app/Controllers/BuyXTakeY.php(67): App\Models\MySalesModel->download_buyxtakey_barcode()
#6 /mdevs/promotask/system/CodeIgniter.php(927): App\Controllers\BuyXTakeY->buyxtakey_dl_proc()
#7 /mdevs/promotask/system/CodeIgniter.php(482): CodeIgniter\CodeIgniter->runController()
#8 /mdevs/promotask/system/CodeIgniter.php(351): CodeIgniter\CodeIgniter->handleRequest()
#9 /mdevs/promotask/public/index.php(67): CodeIgniter\CodeIgniter->run()
#10 {main}
CRITICAL - 2023-03-05 18:46:57 --> Undefined array key "buyxtakey"
in APPPATH/Models/MySalesModel.php on line 1161.
 1 APPPATH/Models/MySalesModel.php(1161): CodeIgniter\Debug\Exceptions->errorHandler()
 2 APPPATH/Controllers/BuyXTakeY.php(67): App\Models\MySalesModel->download_buyxtakey_barcode()
 3 SYSTEMPATH/CodeIgniter.php(927): App\Controllers\BuyXTakeY->buyxtakey_dl_proc()
 4 SYSTEMPATH/CodeIgniter.php(482): CodeIgniter\CodeIgniter->runController()
 5 SYSTEMPATH/CodeIgniter.php(351): CodeIgniter\CodeIgniter->handleRequest()
 6 FCPATH/index.php(67): CodeIgniter\CodeIgniter->run()
CRITICAL - 2023-03-05 18:47:15 --> Undefined array key "buyxtakey_trxno"
in APPPATH/Models/MySalesModel.php on line 1161.
 1 APPPATH/Models/MySalesModel.php(1161): CodeIgniter\Debug\Exceptions->errorHandler()
 2 APPPATH/Controllers/BuyXTakeY.php(67): App\Models\MySalesModel->download_buyxtakey_barcode()
 3 SYSTEMPATH/CodeIgniter.php(927): App\Controllers\BuyXTakeY->buyxtakey_dl_proc()
 4 SYSTEMPATH/CodeIgniter.php(482): CodeIgniter\CodeIgniter->runController()
 5 SYSTEMPATH/CodeIgniter.php(351): CodeIgniter\CodeIgniter->handleRequest()
 6 FCPATH/index.php(67): CodeIgniter\CodeIgniter->run()
CRITICAL - 2023-03-05 18:48:07 --> Undefined array key "buyxtakey_trxno"
in APPPATH/Models/MySalesModel.php on line 1161.
 1 APPPATH/Models/MySalesModel.php(1161): CodeIgniter\Debug\Exceptions->errorHandler()
 2 APPPATH/Controllers/BuyXTakeY.php(67): App\Models\MySalesModel->download_buyxtakey_barcode()
 3 SYSTEMPATH/CodeIgniter.php(927): App\Controllers\BuyXTakeY->buyxtakey_dl_proc()
 4 SYSTEMPATH/CodeIgniter.php(482): CodeIgniter\CodeIgniter->runController()
 5 SYSTEMPATH/CodeIgniter.php(351): CodeIgniter\CodeIgniter->handleRequest()
 6 FCPATH/index.php(67): CodeIgniter\CodeIgniter->run()
CRITICAL - 2023-03-05 18:49:27 --> Undefined array key "buyxtakey_trxno"
in APPPATH/Models/MySalesModel.php on line 1161.
 1 APPPATH/Models/MySalesModel.php(1161): CodeIgniter\Debug\Exceptions->errorHandler()
 2 APPPATH/Controllers/BuyXTakeY.php(67): App\Models\MySalesModel->download_buyxtakey_barcode()
 3 SYSTEMPATH/CodeIgniter.php(927): App\Controllers\BuyXTakeY->buyxtakey_dl_proc()
 4 SYSTEMPATH/CodeIgniter.php(482): CodeIgniter\CodeIgniter->runController()
 5 SYSTEMPATH/CodeIgniter.php(351): CodeIgniter\CodeIgniter->handleRequest()
 6 FCPATH/index.php(67): CodeIgniter\CodeIgniter->run()
ERROR - 2023-03-05 19:03:11 --> mysqli_sql_exception: Unknown column 'PBXTY000048' in 'field list' in /mdevs/promotask/system/Database/MySQLi/Connection.php:292
Stack trace:
#0 /mdevs/promotask/system/Database/MySQLi/Connection.php(292): mysqli->query()
#1 /mdevs/promotask/system/Database/BaseConnection.php(666): CodeIgniter\Database\MySQLi\Connection->execute()
#2 /mdevs/promotask/system/Database/BaseConnection.php(593): CodeIgniter\Database\BaseConnection->simpleQuery()
#3 /mdevs/promotask/app/Models/MyLibzDBModel.php(19): CodeIgniter\Database\BaseConnection->query()
#4 /mdevs/promotask/app/Models/MySalesModel.php(1191): App\Models\MyLibzDBModel->myoa_sql_exec()
#5 /mdevs/promotask/app/Controllers/BuyXTakeY.php(67): App\Models\MySalesModel->download_buyxtakey_barcode()
#6 /mdevs/promotask/system/CodeIgniter.php(927): App\Controllers\BuyXTakeY->buyxtakey_dl_proc()
#7 /mdevs/promotask/system/CodeIgniter.php(482): CodeIgniter\CodeIgniter->runController()
#8 /mdevs/promotask/system/CodeIgniter.php(351): CodeIgniter\CodeIgniter->handleRequest()
#9 /mdevs/promotask/public/index.php(67): CodeIgniter\CodeIgniter->run()
#10 {main}
ERROR - 2023-03-05 19:17:49 --> mysqli_sql_exception: You have an error in your SQL syntax; check the manual that corresponds to your MariaDB server version for the right syntax to use near 'SELECT *
            INTO OUTFILE '/mdevs/promotask//public/downloads/me/buyx...' at line 2 in /mdevs/promotask/system/Database/MySQLi/Connection.php:292
Stack trace:
#0 /mdevs/promotask/system/Database/MySQLi/Connection.php(292): mysqli->query()
#1 /mdevs/promotask/system/Database/BaseConnection.php(666): CodeIgniter\Database\MySQLi\Connection->execute()
#2 /mdevs/promotask/system/Database/BaseConnection.php(593): CodeIgniter\Database\BaseConnection->simpleQuery()
#3 /mdevs/promotask/app/Models/MyLibzDBModel.php(19): CodeIgniter\Database\BaseConnection->query()
#4 /mdevs/promotask/app/Models/MySalesModel.php(1191): App\Models\MyLibzDBModel->myoa_sql_exec()
#5 /mdevs/promotask/app/Controllers/BuyXTakeY.php(67): App\Models\MySalesModel->download_buyxtakey_barcode()
#6 /mdevs/promotask/system/CodeIgniter.php(927): App\Controllers\BuyXTakeY->buyxtakey_dl_proc()
#7 /mdevs/promotask/system/CodeIgniter.php(482): CodeIgniter\CodeIgniter->runController()
#8 /mdevs/promotask/system/CodeIgniter.php(351): CodeIgniter\CodeIgniter->handleRequest()
#9 /mdevs/promotask/public/index.php(67): CodeIgniter\CodeIgniter->run()
#10 {main}
ERROR - 2023-03-05 19:20:12 --> mysqli_sql_exception: You have an error in your SQL syntax; check the manual that corresponds to your MariaDB server version for the right syntax to use near 'SELECT *
            INTO OUTFILE '/mdevs/promotask//public/downloads/me/buyx...' at line 2 in /mdevs/promotask/system/Database/MySQLi/Connection.php:292
Stack trace:
#0 /mdevs/promotask/system/Database/MySQLi/Connection.php(292): mysqli->query()
#1 /mdevs/promotask/system/Database/BaseConnection.php(666): CodeIgniter\Database\MySQLi\Connection->execute()
#2 /mdevs/promotask/system/Database/BaseConnection.php(593): CodeIgniter\Database\BaseConnection->simpleQuery()
#3 /mdevs/promotask/app/Models/MyLibzDBModel.php(19): CodeIgniter\Database\BaseConnection->query()
#4 /mdevs/promotask/app/Models/MySalesModel.php(1191): App\Models\MyLibzDBModel->myoa_sql_exec()
#5 /mdevs/promotask/app/Controllers/BuyXTakeY.php(67): App\Models\MySalesModel->download_buyxtakey_barcode()
#6 /mdevs/promotask/system/CodeIgniter.php(927): App\Controllers\BuyXTakeY->buyxtakey_dl_proc()
#7 /mdevs/promotask/system/CodeIgniter.php(482): CodeIgniter\CodeIgniter->runController()
#8 /mdevs/promotask/system/CodeIgniter.php(351): CodeIgniter\CodeIgniter->handleRequest()
#9 /mdevs/promotask/public/index.php(67): CodeIgniter\CodeIgniter->run()
#10 {main}
ERROR - 2023-03-05 19:30:53 --> mysqli_sql_exception: You have an error in your SQL syntax; check the manual that corresponds to your MariaDB server version for the right syntax to use near 'SET @increment := 0;
                SELECT
                CONCAT('E',a.`bra...' at line 24 in /mdevs/promotask/system/Database/MySQLi/Connection.php:292
Stack trace:
#0 /mdevs/promotask/system/Database/MySQLi/Connection.php(292): mysqli->query()
#1 /mdevs/promotask/system/Database/BaseConnection.php(666): CodeIgniter\Database\MySQLi\Connection->execute()
#2 /mdevs/promotask/system/Database/BaseConnection.php(593): CodeIgniter\Database\BaseConnection->simpleQuery()
#3 /mdevs/promotask/app/Models/MyLibzDBModel.php(19): CodeIgniter\Database\BaseConnection->query()
#4 /mdevs/promotask/app/Models/MySalesModel.php(1191): App\Models\MyLibzDBModel->myoa_sql_exec()
#5 /mdevs/promotask/app/Controllers/BuyXTakeY.php(67): App\Models\MySalesModel->download_buyxtakey_barcode()
#6 /mdevs/promotask/system/CodeIgniter.php(927): App\Controllers\BuyXTakeY->buyxtakey_dl_proc()
#7 /mdevs/promotask/system/CodeIgniter.php(482): CodeIgniter\CodeIgniter->runController()
#8 /mdevs/promotask/system/CodeIgniter.php(351): CodeIgniter\CodeIgniter->handleRequest()
#9 /mdevs/promotask/public/index.php(67): CodeIgniter\CodeIgniter->run()
#10 {main}
ERROR - 2023-03-05 19:31:26 --> mysqli_sql_exception: You have an error in your SQL syntax; check the manual that corresponds to your MariaDB server version for the right syntax to use near 'SET @increment := 0;
                SELECT
                CONCAT('E',a.`bra...' at line 24 in /mdevs/promotask/system/Database/MySQLi/Connection.php:292
Stack trace:
#0 /mdevs/promotask/system/Database/MySQLi/Connection.php(292): mysqli->query()
#1 /mdevs/promotask/system/Database/BaseConnection.php(666): CodeIgniter\Database\MySQLi\Connection->execute()
#2 /mdevs/promotask/system/Database/BaseConnection.php(593): CodeIgniter\Database\BaseConnection->simpleQuery()
#3 /mdevs/promotask/app/Models/MyLibzDBModel.php(19): CodeIgniter\Database\BaseConnection->query()
#4 /mdevs/promotask/app/Models/MySalesModel.php(1191): App\Models\MyLibzDBModel->myoa_sql_exec()
#5 /mdevs/promotask/app/Controllers/BuyXTakeY.php(67): App\Models\MySalesModel->download_buyxtakey_barcode()
#6 /mdevs/promotask/system/CodeIgniter.php(927): App\Controllers\BuyXTakeY->buyxtakey_dl_proc()
#7 /mdevs/promotask/system/CodeIgniter.php(482): CodeIgniter\CodeIgniter->runController()
#8 /mdevs/promotask/system/CodeIgniter.php(351): CodeIgniter\CodeIgniter->handleRequest()
#9 /mdevs/promotask/public/index.php(67): CodeIgniter\CodeIgniter->run()
#10 {main}
ERROR - 2023-03-05 19:32:17 --> mysqli_sql_exception: You have an error in your SQL syntax; check the manual that corresponds to your MariaDB server version for the right syntax to use near 'SET @increment := 0;
                SELECT
                CONCAT('E',a.`bra...' at line 24 in /mdevs/promotask/system/Database/MySQLi/Connection.php:292
Stack trace:
#0 /mdevs/promotask/system/Database/MySQLi/Connection.php(292): mysqli->query()
#1 /mdevs/promotask/system/Database/BaseConnection.php(666): CodeIgniter\Database\MySQLi\Connection->execute()
#2 /mdevs/promotask/system/Database/BaseConnection.php(593): CodeIgniter\Database\BaseConnection->simpleQuery()
#3 /mdevs/promotask/app/Models/MyLibzDBModel.php(19): CodeIgniter\Database\BaseConnection->query()
#4 /mdevs/promotask/app/Models/MySalesModel.php(1191): App\Models\MyLibzDBModel->myoa_sql_exec()
#5 /mdevs/promotask/app/Controllers/BuyXTakeY.php(67): App\Models\MySalesModel->download_buyxtakey_barcode()
#6 /mdevs/promotask/system/CodeIgniter.php(927): App\Controllers\BuyXTakeY->buyxtakey_dl_proc()
#7 /mdevs/promotask/system/CodeIgniter.php(482): CodeIgniter\CodeIgniter->runController()
#8 /mdevs/promotask/system/CodeIgniter.php(351): CodeIgniter\CodeIgniter->handleRequest()
#9 /mdevs/promotask/public/index.php(67): CodeIgniter\CodeIgniter->run()
#10 {main}
ERROR - 2023-03-05 19:32:45 --> mysqli_sql_exception: You have an error in your SQL syntax; check the manual that corresponds to your MariaDB server version for the right syntax to use near 'SET @increment := 0
                SELECT
                CONCAT('E',a.`bran...' at line 24 in /mdevs/promotask/system/Database/MySQLi/Connection.php:292
Stack trace:
#0 /mdevs/promotask/system/Database/MySQLi/Connection.php(292): mysqli->query()
#1 /mdevs/promotask/system/Database/BaseConnection.php(666): CodeIgniter\Database\MySQLi\Connection->execute()
#2 /mdevs/promotask/system/Database/BaseConnection.php(593): CodeIgniter\Database\BaseConnection->simpleQuery()
#3 /mdevs/promotask/app/Models/MyLibzDBModel.php(19): CodeIgniter\Database\BaseConnection->query()
#4 /mdevs/promotask/app/Models/MySalesModel.php(1191): App\Models\MyLibzDBModel->myoa_sql_exec()
#5 /mdevs/promotask/app/Controllers/BuyXTakeY.php(67): App\Models\MySalesModel->download_buyxtakey_barcode()
#6 /mdevs/promotask/system/CodeIgniter.php(927): App\Controllers\BuyXTakeY->buyxtakey_dl_proc()
#7 /mdevs/promotask/system/CodeIgniter.php(482): CodeIgniter\CodeIgniter->runController()
#8 /mdevs/promotask/system/CodeIgniter.php(351): CodeIgniter\CodeIgniter->handleRequest()
#9 /mdevs/promotask/public/index.php(67): CodeIgniter\CodeIgniter->run()
#10 {main}
ERROR - 2023-03-05 19:33:07 --> mysqli_sql_exception: You have an error in your SQL syntax; check the manual that corresponds to your MariaDB server version for the right syntax to use near 'SELECT *
            INTO OUTFILE '/mdevs/promotask//public/downloads/me/buyx...' at line 2 in /mdevs/promotask/system/Database/MySQLi/Connection.php:292
Stack trace:
#0 /mdevs/promotask/system/Database/MySQLi/Connection.php(292): mysqli->query()
#1 /mdevs/promotask/system/Database/BaseConnection.php(666): CodeIgniter\Database\MySQLi\Connection->execute()
#2 /mdevs/promotask/system/Database/BaseConnection.php(593): CodeIgniter\Database\BaseConnection->simpleQuery()
#3 /mdevs/promotask/app/Models/MyLibzDBModel.php(19): CodeIgniter\Database\BaseConnection->query()
#4 /mdevs/promotask/app/Models/MySalesModel.php(1192): App\Models\MyLibzDBModel->myoa_sql_exec()
#5 /mdevs/promotask/app/Controllers/BuyXTakeY.php(67): App\Models\MySalesModel->download_buyxtakey_barcode()
#6 /mdevs/promotask/system/CodeIgniter.php(927): App\Controllers\BuyXTakeY->buyxtakey_dl_proc()
#7 /mdevs/promotask/system/CodeIgniter.php(482): CodeIgniter\CodeIgniter->runController()
#8 /mdevs/promotask/system/CodeIgniter.php(351): CodeIgniter\CodeIgniter->handleRequest()
#9 /mdevs/promotask/public/index.php(67): CodeIgniter\CodeIgniter->run()
#10 {main}
ERROR - 2023-03-05 19:33:24 --> mysqli_sql_exception: You have an error in your SQL syntax; check the manual that corresponds to your MariaDB server version for the right syntax to use near 'SELECT *
            INTO OUTFILE '/mdevs/promotask//public/downloads/me/buyx...' at line 2 in /mdevs/promotask/system/Database/MySQLi/Connection.php:292
Stack trace:
#0 /mdevs/promotask/system/Database/MySQLi/Connection.php(292): mysqli->query()
#1 /mdevs/promotask/system/Database/BaseConnection.php(666): CodeIgniter\Database\MySQLi\Connection->execute()
#2 /mdevs/promotask/system/Database/BaseConnection.php(593): CodeIgniter\Database\BaseConnection->simpleQuery()
#3 /mdevs/promotask/app/Models/MyLibzDBModel.php(19): CodeIgniter\Database\BaseConnection->query()
#4 /mdevs/promotask/app/Models/MySalesModel.php(1192): App\Models\MyLibzDBModel->myoa_sql_exec()
#5 /mdevs/promotask/app/Controllers/BuyXTakeY.php(67): App\Models\MySalesModel->download_buyxtakey_barcode()
#6 /mdevs/promotask/system/CodeIgniter.php(927): App\Controllers\BuyXTakeY->buyxtakey_dl_proc()
#7 /mdevs/promotask/system/CodeIgniter.php(482): CodeIgniter\CodeIgniter->runController()
#8 /mdevs/promotask/system/CodeIgniter.php(351): CodeIgniter\CodeIgniter->handleRequest()
#9 /mdevs/promotask/public/index.php(67): CodeIgniter\CodeIgniter->run()
#10 {main}
ERROR - 2023-03-05 19:35:14 --> mysqli_sql_exception: You have an error in your SQL syntax; check the manual that corresponds to your MariaDB server version for the right syntax to use near 'SELECT *
            INTO OUTFILE '/mdevs/promotask//public/downloads/me/buyx...' at line 2 in /mdevs/promotask/system/Database/MySQLi/Connection.php:292
Stack trace:
#0 /mdevs/promotask/system/Database/MySQLi/Connection.php(292): mysqli->query()
#1 /mdevs/promotask/system/Database/BaseConnection.php(666): CodeIgniter\Database\MySQLi\Connection->execute()
#2 /mdevs/promotask/system/Database/BaseConnection.php(593): CodeIgniter\Database\BaseConnection->simpleQuery()
#3 /mdevs/promotask/app/Models/MyLibzDBModel.php(19): CodeIgniter\Database\BaseConnection->query()
#4 /mdevs/promotask/app/Models/MySalesModel.php(1192): App\Models\MyLibzDBModel->myoa_sql_exec()
#5 /mdevs/promotask/app/Controllers/BuyXTakeY.php(67): App\Models\MySalesModel->download_buyxtakey_barcode()
#6 /mdevs/promotask/system/CodeIgniter.php(927): App\Controllers\BuyXTakeY->buyxtakey_dl_proc()
#7 /mdevs/promotask/system/CodeIgniter.php(482): CodeIgniter\CodeIgniter->runController()
#8 /mdevs/promotask/system/CodeIgniter.php(351): CodeIgniter\CodeIgniter->handleRequest()
#9 /mdevs/promotask/public/index.php(67): CodeIgniter\CodeIgniter->run()
#10 {main}
ERROR - 2023-03-05 19:37:58 --> mysqli_sql_exception: You have an error in your SQL syntax; check the manual that corresponds to your MariaDB server version for the right syntax to use near 'SET @increment := 0;
                SELECT
                CONCAT('E',a.`bra...' at line 24 in /mdevs/promotask/system/Database/MySQLi/Connection.php:292
Stack trace:
#0 /mdevs/promotask/system/Database/MySQLi/Connection.php(292): mysqli->query()
#1 /mdevs/promotask/system/Database/BaseConnection.php(666): CodeIgniter\Database\MySQLi\Connection->execute()
#2 /mdevs/promotask/system/Database/BaseConnection.php(593): CodeIgniter\Database\BaseConnection->simpleQuery()
#3 /mdevs/promotask/app/Models/MyLibzDBModel.php(19): CodeIgniter\Database\BaseConnection->query()
#4 /mdevs/promotask/app/Models/MySalesModel.php(1192): App\Models\MyLibzDBModel->myoa_sql_exec()
#5 /mdevs/promotask/app/Controllers/BuyXTakeY.php(67): App\Models\MySalesModel->download_buyxtakey_barcode()
#6 /mdevs/promotask/system/CodeIgniter.php(927): App\Controllers\BuyXTakeY->buyxtakey_dl_proc()
#7 /mdevs/promotask/system/CodeIgniter.php(482): CodeIgniter\CodeIgniter->runController()
#8 /mdevs/promotask/system/CodeIgniter.php(351): CodeIgniter\CodeIgniter->handleRequest()
#9 /mdevs/promotask/public/index.php(67): CodeIgniter\CodeIgniter->run()
#10 {main}
ERROR - 2023-03-05 19:39:14 --> mysqli_sql_exception: You have an error in your SQL syntax; check the manual that corresponds to your MariaDB server version for the right syntax to use near 'SET @increment := 0;
                SELECT
                CONCAT('E',a.`bra...' at line 24 in /mdevs/promotask/system/Database/MySQLi/Connection.php:292
Stack trace:
#0 /mdevs/promotask/system/Database/MySQLi/Connection.php(292): mysqli->query()
#1 /mdevs/promotask/system/Database/BaseConnection.php(666): CodeIgniter\Database\MySQLi\Connection->execute()
#2 /mdevs/promotask/system/Database/BaseConnection.php(593): CodeIgniter\Database\BaseConnection->simpleQuery()
#3 /mdevs/promotask/app/Models/MyLibzDBModel.php(19): CodeIgniter\Database\BaseConnection->query()
#4 /mdevs/promotask/app/Models/MySalesModel.php(1193): App\Models\MyLibzDBModel->myoa_sql_exec()
#5 /mdevs/promotask/app/Controllers/BuyXTakeY.php(67): App\Models\MySalesModel->download_buyxtakey_barcode()
#6 /mdevs/promotask/system/CodeIgniter.php(927): App\Controllers\BuyXTakeY->buyxtakey_dl_proc()
#7 /mdevs/promotask/system/CodeIgniter.php(482): CodeIgniter\CodeIgniter->runController()
#8 /mdevs/promotask/system/CodeIgniter.php(351): CodeIgniter\CodeIgniter->handleRequest()
#9 /mdevs/promotask/public/index.php(67): CodeIgniter\CodeIgniter->run()
#10 {main}
ERROR - 2023-03-05 19:43:28 --> mysqli_sql_exception: You have an error in your SQL syntax; check the manual that corresponds to your MariaDB server version for the right syntax to use near 'SET @increment := 0;
                SELECT
                CONCAT(b.`buyxtak...' at line 12 in /mdevs/promotask/system/Database/MySQLi/Connection.php:292
Stack trace:
#0 /mdevs/promotask/system/Database/MySQLi/Connection.php(292): mysqli->query()
#1 /mdevs/promotask/system/Database/BaseConnection.php(666): CodeIgniter\Database\MySQLi\Connection->execute()
#2 /mdevs/promotask/system/Database/BaseConnection.php(593): CodeIgniter\Database\BaseConnection->simpleQuery()
#3 /mdevs/promotask/app/Models/MyLibzDBModel.php(19): CodeIgniter\Database\BaseConnection->query()
#4 /mdevs/promotask/app/Models/MySalesModel.php(1175): App\Models\MyLibzDBModel->myoa_sql_exec()
#5 /mdevs/promotask/app/Controllers/BuyXTakeY.php(67): App\Models\MySalesModel->download_buyxtakey_barcode()
#6 /mdevs/promotask/system/CodeIgniter.php(927): App\Controllers\BuyXTakeY->buyxtakey_dl_proc()
#7 /mdevs/promotask/system/CodeIgniter.php(482): CodeIgniter\CodeIgniter->runController()
#8 /mdevs/promotask/system/CodeIgniter.php(351): CodeIgniter\CodeIgniter->handleRequest()
#9 /mdevs/promotask/public/index.php(67): CodeIgniter\CodeIgniter->run()
#10 {main}
ERROR - 2023-03-05 19:44:49 --> mysqli_sql_exception: You have an error in your SQL syntax; check the manual that corresponds to your MariaDB server version for the right syntax to use near 'SET @increment := 0;
                SELECT
                CONCAT(b.`buyxtak...' at line 12 in /mdevs/promotask/system/Database/MySQLi/Connection.php:292
Stack trace:
#0 /mdevs/promotask/system/Database/MySQLi/Connection.php(292): mysqli->query()
#1 /mdevs/promotask/system/Database/BaseConnection.php(666): CodeIgniter\Database\MySQLi\Connection->execute()
#2 /mdevs/promotask/system/Database/BaseConnection.php(593): CodeIgniter\Database\BaseConnection->simpleQuery()
#3 /mdevs/promotask/app/Models/MyLibzDBModel.php(19): CodeIgniter\Database\BaseConnection->query()
#4 /mdevs/promotask/app/Models/MySalesModel.php(1175): App\Models\MyLibzDBModel->myoa_sql_exec()
#5 /mdevs/promotask/app/Controllers/BuyXTakeY.php(67): App\Models\MySalesModel->download_buyxtakey_barcode()
#6 /mdevs/promotask/system/CodeIgniter.php(927): App\Controllers\BuyXTakeY->buyxtakey_dl_proc()
#7 /mdevs/promotask/system/CodeIgniter.php(482): CodeIgniter\CodeIgniter->runController()
#8 /mdevs/promotask/system/CodeIgniter.php(351): CodeIgniter\CodeIgniter->handleRequest()
#9 /mdevs/promotask/public/index.php(67): CodeIgniter\CodeIgniter->run()
#10 {main}
ERROR - 2023-03-05 19:46:21 --> mysqli_sql_exception: You have an error in your SQL syntax; check the manual that corresponds to your MariaDB server version for the right syntax to use near 'SET @increment := 0;
		        SELECT CONCAT(b.`buyxtakey_trxno`, '_',@increm...' at line 12 in /mdevs/promotask/system/Database/MySQLi/Connection.php:292
Stack trace:
#0 /mdevs/promotask/system/Database/MySQLi/Connection.php(292): mysqli->query()
#1 /mdevs/promotask/system/Database/BaseConnection.php(666): CodeIgniter\Database\MySQLi\Connection->execute()
#2 /mdevs/promotask/system/Database/BaseConnection.php(593): CodeIgniter\Database\BaseConnection->simpleQuery()
#3 /mdevs/promotask/app/Models/MyLibzDBModel.php(19): CodeIgniter\Database\BaseConnection->query()
#4 /mdevs/promotask/app/Models/MySalesModel.php(1174): App\Models\MyLibzDBModel->myoa_sql_exec()
#5 /mdevs/promotask/app/Controllers/BuyXTakeY.php(67): App\Models\MySalesModel->download_buyxtakey_barcode()
#6 /mdevs/promotask/system/CodeIgniter.php(927): App\Controllers\BuyXTakeY->buyxtakey_dl_proc()
#7 /mdevs/promotask/system/CodeIgniter.php(482): CodeIgniter\CodeIgniter->runController()
#8 /mdevs/promotask/system/CodeIgniter.php(351): CodeIgniter\CodeIgniter->handleRequest()
#9 /mdevs/promotask/public/index.php(67): CodeIgniter\CodeIgniter->run()
#10 {main}
ERROR - 2023-03-05 19:48:30 --> mysqli_sql_exception: You have an error in your SQL syntax; check the manual that corresponds to your MariaDB server version for the right syntax to use near 'SET @increment := 0;
		        SELECT CONCAT(b.`buyxtakey_trxno`, '_', '1' :=...' at line 12 in /mdevs/promotask/system/Database/MySQLi/Connection.php:292
Stack trace:
#0 /mdevs/promotask/system/Database/MySQLi/Connection.php(292): mysqli->query()
#1 /mdevs/promotask/system/Database/BaseConnection.php(666): CodeIgniter\Database\MySQLi\Connection->execute()
#2 /mdevs/promotask/system/Database/BaseConnection.php(593): CodeIgniter\Database\BaseConnection->simpleQuery()
#3 /mdevs/promotask/app/Models/MyLibzDBModel.php(19): CodeIgniter\Database\BaseConnection->query()
#4 /mdevs/promotask/app/Models/MySalesModel.php(1174): App\Models\MyLibzDBModel->myoa_sql_exec()
#5 /mdevs/promotask/app/Controllers/BuyXTakeY.php(67): App\Models\MySalesModel->download_buyxtakey_barcode()
#6 /mdevs/promotask/system/CodeIgniter.php(927): App\Controllers\BuyXTakeY->buyxtakey_dl_proc()
#7 /mdevs/promotask/system/CodeIgniter.php(482): CodeIgniter\CodeIgniter->runController()
#8 /mdevs/promotask/system/CodeIgniter.php(351): CodeIgniter\CodeIgniter->handleRequest()
#9 /mdevs/promotask/public/index.php(67): CodeIgniter\CodeIgniter->run()
#10 {main}
ERROR - 2023-03-05 19:49:16 --> mysqli_sql_exception: You have an error in your SQL syntax; check the manual that corresponds to your MariaDB server version for the right syntax to use near 'SET @increment := 0;
		        SELECT CONCAT(b.`buyxtakey_trxno`, '_', '1' = ...' at line 12 in /mdevs/promotask/system/Database/MySQLi/Connection.php:292
Stack trace:
#0 /mdevs/promotask/system/Database/MySQLi/Connection.php(292): mysqli->query()
#1 /mdevs/promotask/system/Database/BaseConnection.php(666): CodeIgniter\Database\MySQLi\Connection->execute()
#2 /mdevs/promotask/system/Database/BaseConnection.php(593): CodeIgniter\Database\BaseConnection->simpleQuery()
#3 /mdevs/promotask/app/Models/MyLibzDBModel.php(19): CodeIgniter\Database\BaseConnection->query()
#4 /mdevs/promotask/app/Models/MySalesModel.php(1174): App\Models\MyLibzDBModel->myoa_sql_exec()
#5 /mdevs/promotask/app/Controllers/BuyXTakeY.php(67): App\Models\MySalesModel->download_buyxtakey_barcode()
#6 /mdevs/promotask/system/CodeIgniter.php(927): App\Controllers\BuyXTakeY->buyxtakey_dl_proc()
#7 /mdevs/promotask/system/CodeIgniter.php(482): CodeIgniter\CodeIgniter->runController()
#8 /mdevs/promotask/system/CodeIgniter.php(351): CodeIgniter\CodeIgniter->handleRequest()
#9 /mdevs/promotask/public/index.php(67): CodeIgniter\CodeIgniter->run()
#10 {main}
ERROR - 2023-03-05 19:57:26 --> mysqli_sql_exception: You have an error in your SQL syntax; check the manual that corresponds to your MariaDB server version for the right syntax to use near 'DECLARE @increment := 1;
                SELECT
                CONCAT('E',a....' at line 24 in /mdevs/promotask/system/Database/MySQLi/Connection.php:292
Stack trace:
#0 /mdevs/promotask/system/Database/MySQLi/Connection.php(292): mysqli->query()
#1 /mdevs/promotask/system/Database/BaseConnection.php(666): CodeIgniter\Database\MySQLi\Connection->execute()
#2 /mdevs/promotask/system/Database/BaseConnection.php(593): CodeIgniter\Database\BaseConnection->simpleQuery()
#3 /mdevs/promotask/app/Models/MyLibzDBModel.php(19): CodeIgniter\Database\BaseConnection->query()
#4 /mdevs/promotask/app/Models/MySalesModel.php(1192): App\Models\MyLibzDBModel->myoa_sql_exec()
#5 /mdevs/promotask/app/Controllers/BuyXTakeY.php(67): App\Models\MySalesModel->download_buyxtakey_barcode()
#6 /mdevs/promotask/system/CodeIgniter.php(927): App\Controllers\BuyXTakeY->buyxtakey_dl_proc()
#7 /mdevs/promotask/system/CodeIgniter.php(482): CodeIgniter\CodeIgniter->runController()
#8 /mdevs/promotask/system/CodeIgniter.php(351): CodeIgniter\CodeIgniter->handleRequest()
#9 /mdevs/promotask/public/index.php(67): CodeIgniter\CodeIgniter->run()
#10 {main}
ERROR - 2023-03-05 19:58:44 --> mysqli_sql_exception: You have an error in your SQL syntax; check the manual that corresponds to your MariaDB server version for the right syntax to use near 'SET @increment = 1;
                SELECT
                CONCAT('E',a.`bran...' at line 24 in /mdevs/promotask/system/Database/MySQLi/Connection.php:292
Stack trace:
#0 /mdevs/promotask/system/Database/MySQLi/Connection.php(292): mysqli->query()
#1 /mdevs/promotask/system/Database/BaseConnection.php(666): CodeIgniter\Database\MySQLi\Connection->execute()
#2 /mdevs/promotask/system/Database/BaseConnection.php(593): CodeIgniter\Database\BaseConnection->simpleQuery()
#3 /mdevs/promotask/app/Models/MyLibzDBModel.php(19): CodeIgniter\Database\BaseConnection->query()
#4 /mdevs/promotask/app/Models/MySalesModel.php(1192): App\Models\MyLibzDBModel->myoa_sql_exec()
#5 /mdevs/promotask/app/Controllers/BuyXTakeY.php(67): App\Models\MySalesModel->download_buyxtakey_barcode()
#6 /mdevs/promotask/system/CodeIgniter.php(927): App\Controllers\BuyXTakeY->buyxtakey_dl_proc()
#7 /mdevs/promotask/system/CodeIgniter.php(482): CodeIgniter\CodeIgniter->runController()
#8 /mdevs/promotask/system/CodeIgniter.php(351): CodeIgniter\CodeIgniter->handleRequest()
#9 /mdevs/promotask/public/index.php(67): CodeIgniter\CodeIgniter->run()
#10 {main}
ERROR - 2023-03-05 20:40:21 --> mysqli_sql_exception: You have an error in your SQL syntax; check the manual that corresponds to your MariaDB server version for the right syntax to use near 'DECLARE @increment int;
            SET @increment = 0;
            SELECT *
...' at line 1 in /mdevs/promotask/system/Database/MySQLi/Connection.php:292
Stack trace:
#0 /mdevs/promotask/system/Database/MySQLi/Connection.php(292): mysqli->query()
#1 /mdevs/promotask/system/Database/BaseConnection.php(666): CodeIgniter\Database\MySQLi\Connection->execute()
#2 /mdevs/promotask/system/Database/BaseConnection.php(593): CodeIgniter\Database\BaseConnection->simpleQuery()
#3 /mdevs/promotask/app/Models/MyLibzDBModel.php(19): CodeIgniter\Database\BaseConnection->query()
#4 /mdevs/promotask/app/Models/MySalesModel.php(1193): App\Models\MyLibzDBModel->myoa_sql_exec()
#5 /mdevs/promotask/app/Controllers/BuyXTakeY.php(67): App\Models\MySalesModel->download_buyxtakey_barcode()
#6 /mdevs/promotask/system/CodeIgniter.php(927): App\Controllers\BuyXTakeY->buyxtakey_dl_proc()
#7 /mdevs/promotask/system/CodeIgniter.php(482): CodeIgniter\CodeIgniter->runController()
#8 /mdevs/promotask/system/CodeIgniter.php(351): CodeIgniter\CodeIgniter->handleRequest()
#9 /mdevs/promotask/public/index.php(67): CodeIgniter\CodeIgniter->run()
#10 {main}
ERROR - 2023-03-05 20:41:10 --> mysqli_sql_exception: You have an error in your SQL syntax; check the manual that corresponds to your MariaDB server version for the right syntax to use near 'DECLARE @increment int;
                SET @increment = 0;
                S...' at line 6 in /mdevs/promotask/system/Database/MySQLi/Connection.php:292
Stack trace:
#0 /mdevs/promotask/system/Database/MySQLi/Connection.php(292): mysqli->query()
#1 /mdevs/promotask/system/Database/BaseConnection.php(666): CodeIgniter\Database\MySQLi\Connection->execute()
#2 /mdevs/promotask/system/Database/BaseConnection.php(593): CodeIgniter\Database\BaseConnection->simpleQuery()
#3 /mdevs/promotask/app/Models/MyLibzDBModel.php(19): CodeIgniter\Database\BaseConnection->query()
#4 /mdevs/promotask/app/Models/MySalesModel.php(1194): App\Models\MyLibzDBModel->myoa_sql_exec()
#5 /mdevs/promotask/app/Controllers/BuyXTakeY.php(67): App\Models\MySalesModel->download_buyxtakey_barcode()
#6 /mdevs/promotask/system/CodeIgniter.php(927): App\Controllers\BuyXTakeY->buyxtakey_dl_proc()
#7 /mdevs/promotask/system/CodeIgniter.php(482): CodeIgniter\CodeIgniter->runController()
#8 /mdevs/promotask/system/CodeIgniter.php(351): CodeIgniter\CodeIgniter->handleRequest()
#9 /mdevs/promotask/public/index.php(67): CodeIgniter\CodeIgniter->run()
#10 {main}
ERROR - 2023-03-05 20:42:27 --> mysqli_sql_exception: You have an error in your SQL syntax; check the manual that corresponds to your MariaDB server version for the right syntax to use near 'DECLARE @increment int;
                SET @increment = 0;
                S...' at line 6 in /mdevs/promotask/system/Database/MySQLi/Connection.php:292
Stack trace:
#0 /mdevs/promotask/system/Database/MySQLi/Connection.php(292): mysqli->query()
#1 /mdevs/promotask/system/Database/BaseConnection.php(666): CodeIgniter\Database\MySQLi\Connection->execute()
#2 /mdevs/promotask/system/Database/BaseConnection.php(593): CodeIgniter\Database\BaseConnection->simpleQuery()
#3 /mdevs/promotask/app/Models/MyLibzDBModel.php(19): CodeIgniter\Database\BaseConnection->query()
#4 /mdevs/promotask/app/Models/MySalesModel.php(1195): App\Models\MyLibzDBModel->myoa_sql_exec()
#5 /mdevs/promotask/app/Controllers/BuyXTakeY.php(67): App\Models\MySalesModel->download_buyxtakey_barcode()
#6 /mdevs/promotask/system/CodeIgniter.php(927): App\Controllers\BuyXTakeY->buyxtakey_dl_proc()
#7 /mdevs/promotask/system/CodeIgniter.php(482): CodeIgniter\CodeIgniter->runController()
#8 /mdevs/promotask/system/CodeIgniter.php(351): CodeIgniter\CodeIgniter->handleRequest()
#9 /mdevs/promotask/public/index.php(67): CodeIgniter\CodeIgniter->run()
#10 {main}
ERROR - 2023-03-05 20:49:02 --> mysqli_sql_exception: You have an error in your SQL syntax; check the manual that corresponds to your MariaDB server version for the right syntax to use near 'SET @increment := 0;
                SELECT
                CONCAT('E',a.`bra...' at line 25 in /mdevs/promotask/system/Database/MySQLi/Connection.php:292
Stack trace:
#0 /mdevs/promotask/system/Database/MySQLi/Connection.php(292): mysqli->query()
#1 /mdevs/promotask/system/Database/BaseConnection.php(666): CodeIgniter\Database\MySQLi\Connection->execute()
#2 /mdevs/promotask/system/Database/BaseConnection.php(593): CodeIgniter\Database\BaseConnection->simpleQuery()
#3 /mdevs/promotask/app/Models/MyLibzDBModel.php(19): CodeIgniter\Database\BaseConnection->query()
#4 /mdevs/promotask/app/Models/MySalesModel.php(1194): App\Models\MyLibzDBModel->myoa_sql_exec()
#5 /mdevs/promotask/app/Controllers/BuyXTakeY.php(67): App\Models\MySalesModel->download_buyxtakey_barcode()
#6 /mdevs/promotask/system/CodeIgniter.php(927): App\Controllers\BuyXTakeY->buyxtakey_dl_proc()
#7 /mdevs/promotask/system/CodeIgniter.php(482): CodeIgniter\CodeIgniter->runController()
#8 /mdevs/promotask/system/CodeIgniter.php(351): CodeIgniter\CodeIgniter->handleRequest()
#9 /mdevs/promotask/public/index.php(67): CodeIgniter\CodeIgniter->run()
#10 {main}
ERROR - 2023-03-05 20:55:40 --> mysqli_sql_exception: You have an error in your SQL syntax; check the manual that corresponds to your MariaDB server version for the right syntax to use near 'SET @increment := 0;
                SELECT
                CONCAT('E',a.`bra...' at line 25 in /mdevs/promotask/system/Database/MySQLi/Connection.php:292
Stack trace:
#0 /mdevs/promotask/system/Database/MySQLi/Connection.php(292): mysqli->query()
#1 /mdevs/promotask/system/Database/BaseConnection.php(666): CodeIgniter\Database\MySQLi\Connection->execute()
#2 /mdevs/promotask/system/Database/BaseConnection.php(593): CodeIgniter\Database\BaseConnection->simpleQuery()
#3 /mdevs/promotask/app/Models/MyLibzDBModel.php(19): CodeIgniter\Database\BaseConnection->query()
#4 /mdevs/promotask/app/Models/MySalesModel.php(1194): App\Models\MyLibzDBModel->myoa_sql_exec()
#5 /mdevs/promotask/app/Controllers/BuyXTakeY.php(67): App\Models\MySalesModel->download_buyxtakey_barcode()
#6 /mdevs/promotask/system/CodeIgniter.php(927): App\Controllers\BuyXTakeY->buyxtakey_dl_proc()
#7 /mdevs/promotask/system/CodeIgniter.php(482): CodeIgniter\CodeIgniter->runController()
#8 /mdevs/promotask/system/CodeIgniter.php(351): CodeIgniter\CodeIgniter->handleRequest()
#9 /mdevs/promotask/public/index.php(67): CodeIgniter\CodeIgniter->run()
#10 {main}
ERROR - 2023-03-05 20:55:55 --> mysqli_sql_exception: You have an error in your SQL syntax; check the manual that corresponds to your MariaDB server version for the right syntax to use near 'SET @increment := 0;
                SELECT
                CONCAT('E',a.`bra...' at line 25 in /mdevs/promotask/system/Database/MySQLi/Connection.php:292
Stack trace:
#0 /mdevs/promotask/system/Database/MySQLi/Connection.php(292): mysqli->query()
#1 /mdevs/promotask/system/Database/BaseConnection.php(666): CodeIgniter\Database\MySQLi\Connection->execute()
#2 /mdevs/promotask/system/Database/BaseConnection.php(593): CodeIgniter\Database\BaseConnection->simpleQuery()
#3 /mdevs/promotask/app/Models/MyLibzDBModel.php(19): CodeIgniter\Database\BaseConnection->query()
#4 /mdevs/promotask/app/Models/MySalesModel.php(1194): App\Models\MyLibzDBModel->myoa_sql_exec()
#5 /mdevs/promotask/app/Controllers/BuyXTakeY.php(67): App\Models\MySalesModel->download_buyxtakey_barcode()
#6 /mdevs/promotask/system/CodeIgniter.php(927): App\Controllers\BuyXTakeY->buyxtakey_dl_proc()
#7 /mdevs/promotask/system/CodeIgniter.php(482): CodeIgniter\CodeIgniter->runController()
#8 /mdevs/promotask/system/CodeIgniter.php(351): CodeIgniter\CodeIgniter->handleRequest()
#9 /mdevs/promotask/public/index.php(67): CodeIgniter\CodeIgniter->run()
#10 {main}
