CRITICAL - 2022-12-23 01:31:21 --> Undefined array key "PL-001"
in APPPATH/Views/mtap/fgpack/trx-fg-pack-print.php on line 94.
 1 APPPATH/Views/mtap/fgpack/trx-fg-pack-print.php(94): CodeIgniter\Debug\Exceptions->errorHandler()
 2 SYSTEMPATH/View/View.php(213): include('APPPATH/Views/mtap/fgpack/trx-fg-pack-print.php')
 3 SYSTEMPATH/View/View.php(216): CodeIgniter\View\View->CodeIgniter\View\{closure}()
 4 SYSTEMPATH/Common.php(1134): CodeIgniter\View\View->render()
 5 APPPATH/Controllers/Fg_packing.php(49): view()
 6 SYSTEMPATH/CodeIgniter.php(927): App\Controllers\Fg_packing->fgpack_print()
 7 SYSTEMPATH/CodeIgniter.php(482): CodeIgniter\CodeIgniter->runController()
 8 SYSTEMPATH/CodeIgniter.php(351): CodeIgniter\CodeIgniter->handleRequest()
 9 FCPATH/index.php(67): CodeIgniter\CodeIgniter->run()
CRITICAL - 2022-12-23 01:32:11 --> Undefined array key "__rmks"
in APPPATH/Views/mtap/fgpack/trx-fg-pack-print.php on line 234.
 1 APPPATH/Views/mtap/fgpack/trx-fg-pack-print.php(234): CodeIgniter\Debug\Exceptions->errorHandler()
 2 SYSTEMPATH/View/View.php(213): include('APPPATH/Views/mtap/fgpack/trx-fg-pack-print.php')
 3 SYSTEMPATH/View/View.php(216): CodeIgniter\View\View->CodeIgniter\View\{closure}()
 4 SYSTEMPATH/Common.php(1134): CodeIgniter\View\View->render()
 5 APPPATH/Controllers/Fg_packing.php(49): view()
 6 SYSTEMPATH/CodeIgniter.php(927): App\Controllers\Fg_packing->fgpack_print()
 7 SYSTEMPATH/CodeIgniter.php(482): CodeIgniter\CodeIgniter->runController()
 8 SYSTEMPATH/CodeIgniter.php(351): CodeIgniter\CodeIgniter->handleRequest()
 9 FCPATH/index.php(67): CodeIgniter\CodeIgniter->run()
CRITICAL - 2022-12-23 01:32:54 --> Trying to access array offset on value of type null
in APPPATH/Views/mtap/fgpack/trx-fg-pack-print.php on line 43.
 1 APPPATH/Views/mtap/fgpack/trx-fg-pack-print.php(43): CodeIgniter\Debug\Exceptions->errorHandler()
 2 SYSTEMPATH/View/View.php(213): include('APPPATH/Views/mtap/fgpack/trx-fg-pack-print.php')
 3 SYSTEMPATH/View/View.php(216): CodeIgniter\View\View->CodeIgniter\View\{closure}()
 4 SYSTEMPATH/Common.php(1134): CodeIgniter\View\View->render()
 5 APPPATH/Controllers/Fg_packing.php(49): view()
 6 SYSTEMPATH/CodeIgniter.php(927): App\Controllers\Fg_packing->fgpack_print()
 7 SYSTEMPATH/CodeIgniter.php(482): CodeIgniter\CodeIgniter->runController()
 8 SYSTEMPATH/CodeIgniter.php(351): CodeIgniter\CodeIgniter->handleRequest()
 9 FCPATH/index.php(67): CodeIgniter\CodeIgniter->run()
CRITICAL - 2022-12-23 01:33:05 --> Trying to access array offset on value of type null
in APPPATH/Views/mtap/fgpack/trx-fg-pack-print.php on line 43.
 1 APPPATH/Views/mtap/fgpack/trx-fg-pack-print.php(43): CodeIgniter\Debug\Exceptions->errorHandler()
 2 SYSTEMPATH/View/View.php(213): include('APPPATH/Views/mtap/fgpack/trx-fg-pack-print.php')
 3 SYSTEMPATH/View/View.php(216): CodeIgniter\View\View->CodeIgniter\View\{closure}()
 4 SYSTEMPATH/Common.php(1134): CodeIgniter\View\View->render()
 5 APPPATH/Controllers/Fg_packing.php(49): view()
 6 SYSTEMPATH/CodeIgniter.php(927): App\Controllers\Fg_packing->fgpack_print()
 7 SYSTEMPATH/CodeIgniter.php(482): CodeIgniter\CodeIgniter->runController()
 8 SYSTEMPATH/CodeIgniter.php(351): CodeIgniter\CodeIgniter->handleRequest()
 9 FCPATH/index.php(67): CodeIgniter\CodeIgniter->run()
CRITICAL - 2022-12-23 01:33:48 --> Trying to access array offset on value of type null
in APPPATH/Views/mtap/fgpack/trx-fg-pack-print.php on line 42.
 1 APPPATH/Views/mtap/fgpack/trx-fg-pack-print.php(42): CodeIgniter\Debug\Exceptions->errorHandler()
 2 SYSTEMPATH/View/View.php(213): include('APPPATH/Views/mtap/fgpack/trx-fg-pack-print.php')
 3 SYSTEMPATH/View/View.php(216): CodeIgniter\View\View->CodeIgniter\View\{closure}()
 4 SYSTEMPATH/Common.php(1134): CodeIgniter\View\View->render()
 5 APPPATH/Controllers/Fg_packing.php(49): view()
 6 SYSTEMPATH/CodeIgniter.php(927): App\Controllers\Fg_packing->fgpack_print()
 7 SYSTEMPATH/CodeIgniter.php(482): CodeIgniter\CodeIgniter->runController()
 8 SYSTEMPATH/CodeIgniter.php(351): CodeIgniter\CodeIgniter->handleRequest()
 9 FCPATH/index.php(67): CodeIgniter\CodeIgniter->run()
CRITICAL - 2022-12-23 01:34:49 --> Trying to access array offset on value of type null
in APPPATH/Views/mtap/fgpack/trx-fg-pack-print.php on line 47.
 1 APPPATH/Views/mtap/fgpack/trx-fg-pack-print.php(47): CodeIgniter\Debug\Exceptions->errorHandler()
 2 SYSTEMPATH/View/View.php(213): include('APPPATH/Views/mtap/fgpack/trx-fg-pack-print.php')
 3 SYSTEMPATH/View/View.php(216): CodeIgniter\View\View->CodeIgniter\View\{closure}()
 4 SYSTEMPATH/Common.php(1134): CodeIgniter\View\View->render()
 5 APPPATH/Controllers/Fg_packing.php(49): view()
 6 SYSTEMPATH/CodeIgniter.php(927): App\Controllers\Fg_packing->fgpack_print()
 7 SYSTEMPATH/CodeIgniter.php(482): CodeIgniter\CodeIgniter->runController()
 8 SYSTEMPATH/CodeIgniter.php(351): CodeIgniter\CodeIgniter->handleRequest()
 9 FCPATH/index.php(67): CodeIgniter\CodeIgniter->run()
CRITICAL - 2022-12-23 01:34:50 --> Trying to access array offset on value of type null
in APPPATH/Views/mtap/fgpack/trx-fg-pack-print.php on line 47.
 1 APPPATH/Views/mtap/fgpack/trx-fg-pack-print.php(47): CodeIgniter\Debug\Exceptions->errorHandler()
 2 SYSTEMPATH/View/View.php(213): include('APPPATH/Views/mtap/fgpack/trx-fg-pack-print.php')
 3 SYSTEMPATH/View/View.php(216): CodeIgniter\View\View->CodeIgniter\View\{closure}()
 4 SYSTEMPATH/Common.php(1134): CodeIgniter\View\View->render()
 5 APPPATH/Controllers/Fg_packing.php(49): view()
 6 SYSTEMPATH/CodeIgniter.php(927): App\Controllers\Fg_packing->fgpack_print()
 7 SYSTEMPATH/CodeIgniter.php(482): CodeIgniter\CodeIgniter->runController()
 8 SYSTEMPATH/CodeIgniter.php(351): CodeIgniter\CodeIgniter->handleRequest()
 9 FCPATH/index.php(67): CodeIgniter\CodeIgniter->run()
CRITICAL - 2022-12-23 01:34:50 --> Trying to access array offset on value of type null
in APPPATH/Views/mtap/fgpack/trx-fg-pack-print.php on line 47.
 1 APPPATH/Views/mtap/fgpack/trx-fg-pack-print.php(47): CodeIgniter\Debug\Exceptions->errorHandler()
 2 SYSTEMPATH/View/View.php(213): include('APPPATH/Views/mtap/fgpack/trx-fg-pack-print.php')
 3 SYSTEMPATH/View/View.php(216): CodeIgniter\View\View->CodeIgniter\View\{closure}()
 4 SYSTEMPATH/Common.php(1134): CodeIgniter\View\View->render()
 5 APPPATH/Controllers/Fg_packing.php(49): view()
 6 SYSTEMPATH/CodeIgniter.php(927): App\Controllers\Fg_packing->fgpack_print()
 7 SYSTEMPATH/CodeIgniter.php(482): CodeIgniter\CodeIgniter->runController()
 8 SYSTEMPATH/CodeIgniter.php(351): CodeIgniter\CodeIgniter->handleRequest()
 9 FCPATH/index.php(67): CodeIgniter\CodeIgniter->run()
CRITICAL - 2022-12-23 01:35:00 --> Trying to access array offset on value of type null
in APPPATH/Views/mtap/fgpack/trx-fg-pack-print.php on line 47.
 1 APPPATH/Views/mtap/fgpack/trx-fg-pack-print.php(47): CodeIgniter\Debug\Exceptions->errorHandler()
 2 SYSTEMPATH/View/View.php(213): include('APPPATH/Views/mtap/fgpack/trx-fg-pack-print.php')
 3 SYSTEMPATH/View/View.php(216): CodeIgniter\View\View->CodeIgniter\View\{closure}()
 4 SYSTEMPATH/Common.php(1134): CodeIgniter\View\View->render()
 5 APPPATH/Controllers/Fg_packing.php(49): view()
 6 SYSTEMPATH/CodeIgniter.php(927): App\Controllers\Fg_packing->fgpack_print()
 7 SYSTEMPATH/CodeIgniter.php(482): CodeIgniter\CodeIgniter->runController()
 8 SYSTEMPATH/CodeIgniter.php(351): CodeIgniter\CodeIgniter->handleRequest()
 9 FCPATH/index.php(67): CodeIgniter\CodeIgniter->run()
ERROR - 2022-12-23 01:35:18 --> mysqli_sql_exception: Unknown column 'aa.noofpacks' in 'group statement' in /mdevs/mytestapp/system/Database/MySQLi/Connection.php:292
Stack trace:
#0 /mdevs/mytestapp/system/Database/MySQLi/Connection.php(292): mysqli->query()
#1 /mdevs/mytestapp/system/Database/BaseConnection.php(666): CodeIgniter\Database\MySQLi\Connection->execute()
#2 /mdevs/mytestapp/system/Database/BaseConnection.php(593): CodeIgniter\Database\BaseConnection->simpleQuery()
#3 /mdevs/mytestapp/app/Models/MyLibzDBModel.php(19): CodeIgniter\Database\BaseConnection->query()
#4 /mdevs/mytestapp/app/Views/mtap/fgpack/trx-fg-pack-print.php(44): App\Models\MyLibzDBModel->myoa_sql_exec()
#5 /mdevs/mytestapp/system/View/View.php(213): include('...')
#6 /mdevs/mytestapp/system/View/View.php(216): CodeIgniter\View\View->CodeIgniter\View\{closure}()
#7 /mdevs/mytestapp/system/Common.php(1134): CodeIgniter\View\View->render()
#8 /mdevs/mytestapp/app/Controllers/Fg_packing.php(49): view()
#9 /mdevs/mytestapp/system/CodeIgniter.php(927): App\Controllers\Fg_packing->fgpack_print()
#10 /mdevs/mytestapp/system/CodeIgniter.php(482): CodeIgniter\CodeIgniter->runController()
#11 /mdevs/mytestapp/system/CodeIgniter.php(351): CodeIgniter\CodeIgniter->handleRequest()
#12 /mdevs/mytestapp/public/index.php(67): CodeIgniter\CodeIgniter->run()
#13 {main}
CRITICAL - 2022-12-23 01:35:44 --> Trying to access array offset on value of type null
in APPPATH/Views/mtap/fgpack/trx-fg-pack-print.php on line 47.
 1 APPPATH/Views/mtap/fgpack/trx-fg-pack-print.php(47): CodeIgniter\Debug\Exceptions->errorHandler()
 2 SYSTEMPATH/View/View.php(213): include('APPPATH/Views/mtap/fgpack/trx-fg-pack-print.php')
 3 SYSTEMPATH/View/View.php(216): CodeIgniter\View\View->CodeIgniter\View\{closure}()
 4 SYSTEMPATH/Common.php(1134): CodeIgniter\View\View->render()
 5 APPPATH/Controllers/Fg_packing.php(49): view()
 6 SYSTEMPATH/CodeIgniter.php(927): App\Controllers\Fg_packing->fgpack_print()
 7 SYSTEMPATH/CodeIgniter.php(482): CodeIgniter\CodeIgniter->runController()
 8 SYSTEMPATH/CodeIgniter.php(351): CodeIgniter\CodeIgniter->handleRequest()
 9 FCPATH/index.php(67): CodeIgniter\CodeIgniter->run()
CRITICAL - 2022-12-23 01:36:49 --> Trying to access array offset on value of type null
in APPPATH/Views/mtap/fgpack/trx-fg-pack-print.php on line 43.
 1 APPPATH/Views/mtap/fgpack/trx-fg-pack-print.php(43): CodeIgniter\Debug\Exceptions->errorHandler()
 2 SYSTEMPATH/View/View.php(213): include('APPPATH/Views/mtap/fgpack/trx-fg-pack-print.php')
 3 SYSTEMPATH/View/View.php(216): CodeIgniter\View\View->CodeIgniter\View\{closure}()
 4 SYSTEMPATH/Common.php(1134): CodeIgniter\View\View->render()
 5 APPPATH/Controllers/Fg_packing.php(49): view()
 6 SYSTEMPATH/CodeIgniter.php(927): App\Controllers\Fg_packing->fgpack_print()
 7 SYSTEMPATH/CodeIgniter.php(482): CodeIgniter\CodeIgniter->runController()
 8 SYSTEMPATH/CodeIgniter.php(351): CodeIgniter\CodeIgniter->handleRequest()
 9 FCPATH/index.php(67): CodeIgniter\CodeIgniter->run()
CRITICAL - 2022-12-23 01:36:51 --> Trying to access array offset on value of type null
in APPPATH/Views/mtap/fgpack/trx-fg-pack-print.php on line 43.
 1 APPPATH/Views/mtap/fgpack/trx-fg-pack-print.php(43): CodeIgniter\Debug\Exceptions->errorHandler()
 2 SYSTEMPATH/View/View.php(213): include('APPPATH/Views/mtap/fgpack/trx-fg-pack-print.php')
 3 SYSTEMPATH/View/View.php(216): CodeIgniter\View\View->CodeIgniter\View\{closure}()
 4 SYSTEMPATH/Common.php(1134): CodeIgniter\View\View->render()
 5 APPPATH/Controllers/Fg_packing.php(49): view()
 6 SYSTEMPATH/CodeIgniter.php(927): App\Controllers\Fg_packing->fgpack_print()
 7 SYSTEMPATH/CodeIgniter.php(482): CodeIgniter\CodeIgniter->runController()
 8 SYSTEMPATH/CodeIgniter.php(351): CodeIgniter\CodeIgniter->handleRequest()
 9 FCPATH/index.php(67): CodeIgniter\CodeIgniter->run()
CRITICAL - 2022-12-23 01:36:51 --> Trying to access array offset on value of type null
in APPPATH/Views/mtap/fgpack/trx-fg-pack-print.php on line 43.
 1 APPPATH/Views/mtap/fgpack/trx-fg-pack-print.php(43): CodeIgniter\Debug\Exceptions->errorHandler()
 2 SYSTEMPATH/View/View.php(213): include('APPPATH/Views/mtap/fgpack/trx-fg-pack-print.php')
 3 SYSTEMPATH/View/View.php(216): CodeIgniter\View\View->CodeIgniter\View\{closure}()
 4 SYSTEMPATH/Common.php(1134): CodeIgniter\View\View->render()
 5 APPPATH/Controllers/Fg_packing.php(49): view()
 6 SYSTEMPATH/CodeIgniter.php(927): App\Controllers\Fg_packing->fgpack_print()
 7 SYSTEMPATH/CodeIgniter.php(482): CodeIgniter\CodeIgniter->runController()
 8 SYSTEMPATH/CodeIgniter.php(351): CodeIgniter\CodeIgniter->handleRequest()
 9 FCPATH/index.php(67): CodeIgniter\CodeIgniter->run()
CRITICAL - 2022-12-23 01:37:05 --> Trying to access array offset on value of type null
in APPPATH/Views/mtap/fgpack/trx-fg-pack-print.php on line 90.
 1 APPPATH/Views/mtap/fgpack/trx-fg-pack-print.php(90): CodeIgniter\Debug\Exceptions->errorHandler()
 2 SYSTEMPATH/View/View.php(213): include('APPPATH/Views/mtap/fgpack/trx-fg-pack-print.php')
 3 SYSTEMPATH/View/View.php(216): CodeIgniter\View\View->CodeIgniter\View\{closure}()
 4 SYSTEMPATH/Common.php(1134): CodeIgniter\View\View->render()
 5 APPPATH/Controllers/Fg_packing.php(49): view()
 6 SYSTEMPATH/CodeIgniter.php(927): App\Controllers\Fg_packing->fgpack_print()
 7 SYSTEMPATH/CodeIgniter.php(482): CodeIgniter\CodeIgniter->runController()
 8 SYSTEMPATH/CodeIgniter.php(351): CodeIgniter\CodeIgniter->handleRequest()
 9 FCPATH/index.php(67): CodeIgniter\CodeIgniter->run()
CRITICAL - 2022-12-23 01:37:06 --> Trying to access array offset on value of type null
in APPPATH/Views/mtap/fgpack/trx-fg-pack-print.php on line 90.
 1 APPPATH/Views/mtap/fgpack/trx-fg-pack-print.php(90): CodeIgniter\Debug\Exceptions->errorHandler()
 2 SYSTEMPATH/View/View.php(213): include('APPPATH/Views/mtap/fgpack/trx-fg-pack-print.php')
 3 SYSTEMPATH/View/View.php(216): CodeIgniter\View\View->CodeIgniter\View\{closure}()
 4 SYSTEMPATH/Common.php(1134): CodeIgniter\View\View->render()
 5 APPPATH/Controllers/Fg_packing.php(49): view()
 6 SYSTEMPATH/CodeIgniter.php(927): App\Controllers\Fg_packing->fgpack_print()
 7 SYSTEMPATH/CodeIgniter.php(482): CodeIgniter\CodeIgniter->runController()
 8 SYSTEMPATH/CodeIgniter.php(351): CodeIgniter\CodeIgniter->handleRequest()
 9 FCPATH/index.php(67): CodeIgniter\CodeIgniter->run()
CRITICAL - 2022-12-23 01:37:06 --> Trying to access array offset on value of type null
in APPPATH/Views/mtap/fgpack/trx-fg-pack-print.php on line 90.
 1 APPPATH/Views/mtap/fgpack/trx-fg-pack-print.php(90): CodeIgniter\Debug\Exceptions->errorHandler()
 2 SYSTEMPATH/View/View.php(213): include('APPPATH/Views/mtap/fgpack/trx-fg-pack-print.php')
 3 SYSTEMPATH/View/View.php(216): CodeIgniter\View\View->CodeIgniter\View\{closure}()
 4 SYSTEMPATH/Common.php(1134): CodeIgniter\View\View->render()
 5 APPPATH/Controllers/Fg_packing.php(49): view()
 6 SYSTEMPATH/CodeIgniter.php(927): App\Controllers\Fg_packing->fgpack_print()
 7 SYSTEMPATH/CodeIgniter.php(482): CodeIgniter\CodeIgniter->runController()
 8 SYSTEMPATH/CodeIgniter.php(351): CodeIgniter\CodeIgniter->handleRequest()
 9 FCPATH/index.php(67): CodeIgniter\CodeIgniter->run()
CRITICAL - 2022-12-23 01:37:21 --> Trying to access array offset on value of type null
in APPPATH/Views/mtap/fgpack/trx-fg-pack-print.php on line 43.
 1 APPPATH/Views/mtap/fgpack/trx-fg-pack-print.php(43): CodeIgniter\Debug\Exceptions->errorHandler()
 2 SYSTEMPATH/View/View.php(213): include('APPPATH/Views/mtap/fgpack/trx-fg-pack-print.php')
 3 SYSTEMPATH/View/View.php(216): CodeIgniter\View\View->CodeIgniter\View\{closure}()
 4 SYSTEMPATH/Common.php(1134): CodeIgniter\View\View->render()
 5 APPPATH/Controllers/Fg_packing.php(49): view()
 6 SYSTEMPATH/CodeIgniter.php(927): App\Controllers\Fg_packing->fgpack_print()
 7 SYSTEMPATH/CodeIgniter.php(482): CodeIgniter\CodeIgniter->runController()
 8 SYSTEMPATH/CodeIgniter.php(351): CodeIgniter\CodeIgniter->handleRequest()
 9 FCPATH/index.php(67): CodeIgniter\CodeIgniter->run()
CRITICAL - 2022-12-23 01:37:24 --> Undefined array key "__plnt_codes"
in APPPATH/Views/mtap/fgpack/trx-fg-pack-print.php on line 94.
 1 APPPATH/Views/mtap/fgpack/trx-fg-pack-print.php(94): CodeIgniter\Debug\Exceptions->errorHandler()
 2 SYSTEMPATH/View/View.php(213): include('APPPATH/Views/mtap/fgpack/trx-fg-pack-print.php')
 3 SYSTEMPATH/View/View.php(216): CodeIgniter\View\View->CodeIgniter\View\{closure}()
 4 SYSTEMPATH/Common.php(1134): CodeIgniter\View\View->render()
 5 APPPATH/Controllers/Fg_packing.php(49): view()
 6 SYSTEMPATH/CodeIgniter.php(927): App\Controllers\Fg_packing->fgpack_print()
 7 SYSTEMPATH/CodeIgniter.php(482): CodeIgniter\CodeIgniter->runController()
 8 SYSTEMPATH/CodeIgniter.php(351): CodeIgniter\CodeIgniter->handleRequest()
 9 FCPATH/index.php(67): CodeIgniter\CodeIgniter->run()
CRITICAL - 2022-12-23 01:38:54 --> Undefined array key "noofpack"
in APPPATH/Views/mtap/fgpack/trx-fg-pack-print.php on line 43.
 1 APPPATH/Views/mtap/fgpack/trx-fg-pack-print.php(43): CodeIgniter\Debug\Exceptions->errorHandler()
 2 SYSTEMPATH/View/View.php(213): include('APPPATH/Views/mtap/fgpack/trx-fg-pack-print.php')
 3 SYSTEMPATH/View/View.php(216): CodeIgniter\View\View->CodeIgniter\View\{closure}()
 4 SYSTEMPATH/Common.php(1134): CodeIgniter\View\View->render()
 5 APPPATH/Controllers/Fg_packing.php(49): view()
 6 SYSTEMPATH/CodeIgniter.php(927): App\Controllers\Fg_packing->fgpack_print()
 7 SYSTEMPATH/CodeIgniter.php(482): CodeIgniter\CodeIgniter->runController()
 8 SYSTEMPATH/CodeIgniter.php(351): CodeIgniter\CodeIgniter->handleRequest()
 9 FCPATH/index.php(67): CodeIgniter\CodeIgniter->run()
CRITICAL - 2022-12-23 01:38:54 --> Undefined array key "noofpack"
in APPPATH/Views/mtap/fgpack/trx-fg-pack-print.php on line 43.
 1 APPPATH/Views/mtap/fgpack/trx-fg-pack-print.php(43): CodeIgniter\Debug\Exceptions->errorHandler()
 2 SYSTEMPATH/View/View.php(213): include('APPPATH/Views/mtap/fgpack/trx-fg-pack-print.php')
 3 SYSTEMPATH/View/View.php(216): CodeIgniter\View\View->CodeIgniter\View\{closure}()
 4 SYSTEMPATH/Common.php(1134): CodeIgniter\View\View->render()
 5 APPPATH/Controllers/Fg_packing.php(49): view()
 6 SYSTEMPATH/CodeIgniter.php(927): App\Controllers\Fg_packing->fgpack_print()
 7 SYSTEMPATH/CodeIgniter.php(482): CodeIgniter\CodeIgniter->runController()
 8 SYSTEMPATH/CodeIgniter.php(351): CodeIgniter\CodeIgniter->handleRequest()
 9 FCPATH/index.php(67): CodeIgniter\CodeIgniter->run()
CRITICAL - 2022-12-23 01:38:55 --> Undefined array key "noofpack"
in APPPATH/Views/mtap/fgpack/trx-fg-pack-print.php on line 43.
 1 APPPATH/Views/mtap/fgpack/trx-fg-pack-print.php(43): CodeIgniter\Debug\Exceptions->errorHandler()
 2 SYSTEMPATH/View/View.php(213): include('APPPATH/Views/mtap/fgpack/trx-fg-pack-print.php')
 3 SYSTEMPATH/View/View.php(216): CodeIgniter\View\View->CodeIgniter\View\{closure}()
 4 SYSTEMPATH/Common.php(1134): CodeIgniter\View\View->render()
 5 APPPATH/Controllers/Fg_packing.php(49): view()
 6 SYSTEMPATH/CodeIgniter.php(927): App\Controllers\Fg_packing->fgpack_print()
 7 SYSTEMPATH/CodeIgniter.php(482): CodeIgniter\CodeIgniter->runController()
 8 SYSTEMPATH/CodeIgniter.php(351): CodeIgniter\CodeIgniter->handleRequest()
 9 FCPATH/index.php(67): CodeIgniter\CodeIgniter->run()
CRITICAL - 2022-12-23 01:39:00 --> Undefined array key "__rmks"
in APPPATH/Views/mtap/fgpack/trx-fg-pack-print.php on line 228.
 1 APPPATH/Views/mtap/fgpack/trx-fg-pack-print.php(228): CodeIgniter\Debug\Exceptions->errorHandler()
 2 SYSTEMPATH/View/View.php(213): include('APPPATH/Views/mtap/fgpack/trx-fg-pack-print.php')
 3 SYSTEMPATH/View/View.php(216): CodeIgniter\View\View->CodeIgniter\View\{closure}()
 4 SYSTEMPATH/Common.php(1134): CodeIgniter\View\View->render()
 5 APPPATH/Controllers/Fg_packing.php(49): view()
 6 SYSTEMPATH/CodeIgniter.php(927): App\Controllers\Fg_packing->fgpack_print()
 7 SYSTEMPATH/CodeIgniter.php(482): CodeIgniter\CodeIgniter->runController()
 8 SYSTEMPATH/CodeIgniter.php(351): CodeIgniter\CodeIgniter->handleRequest()
 9 FCPATH/index.php(67): CodeIgniter\CodeIgniter->run()
CRITICAL - 2022-12-23 01:39:02 --> Undefined array key "__rmks"
in APPPATH/Views/mtap/fgpack/trx-fg-pack-print.php on line 228.
 1 APPPATH/Views/mtap/fgpack/trx-fg-pack-print.php(228): CodeIgniter\Debug\Exceptions->errorHandler()
 2 SYSTEMPATH/View/View.php(213): include('APPPATH/Views/mtap/fgpack/trx-fg-pack-print.php')
 3 SYSTEMPATH/View/View.php(216): CodeIgniter\View\View->CodeIgniter\View\{closure}()
 4 SYSTEMPATH/Common.php(1134): CodeIgniter\View\View->render()
 5 APPPATH/Controllers/Fg_packing.php(49): view()
 6 SYSTEMPATH/CodeIgniter.php(927): App\Controllers\Fg_packing->fgpack_print()
 7 SYSTEMPATH/CodeIgniter.php(482): CodeIgniter\CodeIgniter->runController()
 8 SYSTEMPATH/CodeIgniter.php(351): CodeIgniter\CodeIgniter->handleRequest()
 9 FCPATH/index.php(67): CodeIgniter\CodeIgniter->run()
CRITICAL - 2022-12-23 01:41:18 --> Trying to access array offset on value of type null
in APPPATH/Views/mtap/fgpack/trx-fg-pack-print.php on line 42.
 1 APPPATH/Views/mtap/fgpack/trx-fg-pack-print.php(42): CodeIgniter\Debug\Exceptions->errorHandler()
 2 SYSTEMPATH/View/View.php(213): include('APPPATH/Views/mtap/fgpack/trx-fg-pack-print.php')
 3 SYSTEMPATH/View/View.php(216): CodeIgniter\View\View->CodeIgniter\View\{closure}()
 4 SYSTEMPATH/Common.php(1134): CodeIgniter\View\View->render()
 5 APPPATH/Controllers/Fg_packing.php(49): view()
 6 SYSTEMPATH/CodeIgniter.php(927): App\Controllers\Fg_packing->fgpack_print()
 7 SYSTEMPATH/CodeIgniter.php(482): CodeIgniter\CodeIgniter->runController()
 8 SYSTEMPATH/CodeIgniter.php(351): CodeIgniter\CodeIgniter->handleRequest()
 9 FCPATH/index.php(67): CodeIgniter\CodeIgniter->run()
CRITICAL - 2022-12-23 01:42:07 --> Trying to access array offset on value of type null
in APPPATH/Views/mtap/fgpack/trx-fg-pack-print.php on line 42.
 1 APPPATH/Views/mtap/fgpack/trx-fg-pack-print.php(42): CodeIgniter\Debug\Exceptions->errorHandler()
 2 SYSTEMPATH/View/View.php(213): include('APPPATH/Views/mtap/fgpack/trx-fg-pack-print.php')
 3 SYSTEMPATH/View/View.php(216): CodeIgniter\View\View->CodeIgniter\View\{closure}()
 4 SYSTEMPATH/Common.php(1134): CodeIgniter\View\View->render()
 5 APPPATH/Controllers/Fg_packing.php(49): view()
 6 SYSTEMPATH/CodeIgniter.php(927): App\Controllers\Fg_packing->fgpack_print()
 7 SYSTEMPATH/CodeIgniter.php(482): CodeIgniter\CodeIgniter->runController()
 8 SYSTEMPATH/CodeIgniter.php(351): CodeIgniter\CodeIgniter->handleRequest()
 9 FCPATH/index.php(67): CodeIgniter\CodeIgniter->run()
CRITICAL - 2022-12-23 01:42:18 --> Trying to access array offset on value of type null
in APPPATH/Views/mtap/fgpack/trx-fg-pack-print.php on line 42.
 1 APPPATH/Views/mtap/fgpack/trx-fg-pack-print.php(42): CodeIgniter\Debug\Exceptions->errorHandler()
 2 SYSTEMPATH/View/View.php(213): include('APPPATH/Views/mtap/fgpack/trx-fg-pack-print.php')
 3 SYSTEMPATH/View/View.php(216): CodeIgniter\View\View->CodeIgniter\View\{closure}()
 4 SYSTEMPATH/Common.php(1134): CodeIgniter\View\View->render()
 5 APPPATH/Controllers/Fg_packing.php(49): view()
 6 SYSTEMPATH/CodeIgniter.php(927): App\Controllers\Fg_packing->fgpack_print()
 7 SYSTEMPATH/CodeIgniter.php(482): CodeIgniter\CodeIgniter->runController()
 8 SYSTEMPATH/CodeIgniter.php(351): CodeIgniter\CodeIgniter->handleRequest()
 9 FCPATH/index.php(67): CodeIgniter\CodeIgniter->run()
CRITICAL - 2022-12-23 01:43:05 --> Trying to access array offset on value of type null
in APPPATH/Views/mtap/fgpack/trx-fg-pack-print.php on line 42.
 1 APPPATH/Views/mtap/fgpack/trx-fg-pack-print.php(42): CodeIgniter\Debug\Exceptions->errorHandler()
 2 SYSTEMPATH/View/View.php(213): include('APPPATH/Views/mtap/fgpack/trx-fg-pack-print.php')
 3 SYSTEMPATH/View/View.php(216): CodeIgniter\View\View->CodeIgniter\View\{closure}()
 4 SYSTEMPATH/Common.php(1134): CodeIgniter\View\View->render()
 5 APPPATH/Controllers/Fg_packing.php(49): view()
 6 SYSTEMPATH/CodeIgniter.php(927): App\Controllers\Fg_packing->fgpack_print()
 7 SYSTEMPATH/CodeIgniter.php(482): CodeIgniter\CodeIgniter->runController()
 8 SYSTEMPATH/CodeIgniter.php(351): CodeIgniter\CodeIgniter->handleRequest()
 9 FCPATH/index.php(67): CodeIgniter\CodeIgniter->run()
CRITICAL - 2022-12-23 01:44:16 --> Trying to access array offset on value of type null
in APPPATH/Views/mtap/fgpack/trx-fg-pack-print.php on line 42.
 1 APPPATH/Views/mtap/fgpack/trx-fg-pack-print.php(42): CodeIgniter\Debug\Exceptions->errorHandler()
 2 SYSTEMPATH/View/View.php(213): include('APPPATH/Views/mtap/fgpack/trx-fg-pack-print.php')
 3 SYSTEMPATH/View/View.php(216): CodeIgniter\View\View->CodeIgniter\View\{closure}()
 4 SYSTEMPATH/Common.php(1134): CodeIgniter\View\View->render()
 5 APPPATH/Controllers/Fg_packing.php(49): view()
 6 SYSTEMPATH/CodeIgniter.php(927): App\Controllers\Fg_packing->fgpack_print()
 7 SYSTEMPATH/CodeIgniter.php(482): CodeIgniter\CodeIgniter->runController()
 8 SYSTEMPATH/CodeIgniter.php(351): CodeIgniter\CodeIgniter->handleRequest()
 9 FCPATH/index.php(67): CodeIgniter\CodeIgniter->run()
CRITICAL - 2022-12-23 01:44:26 --> Trying to access array offset on value of type null
in APPPATH/Views/mtap/fgpack/trx-fg-pack-print.php on line 87.
 1 APPPATH/Views/mtap/fgpack/trx-fg-pack-print.php(87): CodeIgniter\Debug\Exceptions->errorHandler()
 2 SYSTEMPATH/View/View.php(213): include('APPPATH/Views/mtap/fgpack/trx-fg-pack-print.php')
 3 SYSTEMPATH/View/View.php(216): CodeIgniter\View\View->CodeIgniter\View\{closure}()
 4 SYSTEMPATH/Common.php(1134): CodeIgniter\View\View->render()
 5 APPPATH/Controllers/Fg_packing.php(49): view()
 6 SYSTEMPATH/CodeIgniter.php(927): App\Controllers\Fg_packing->fgpack_print()
 7 SYSTEMPATH/CodeIgniter.php(482): CodeIgniter\CodeIgniter->runController()
 8 SYSTEMPATH/CodeIgniter.php(351): CodeIgniter\CodeIgniter->handleRequest()
 9 FCPATH/index.php(67): CodeIgniter\CodeIgniter->run()
CRITICAL - 2022-12-23 01:53:10 --> Undefined constant "CodeIgniter\Debug\VENDORPATH"
in SYSTEMPATH/Debug/Exceptions.php on line 177.
 1 SYSTEMPATH/Debug/Exceptions.php(157): CodeIgniter\Debug\Exceptions->isFakerDeprecationError()
 2 [internal function]: CodeIgniter\Debug\Exceptions->errorHandler()
 3 APPPATH/Libraries/Fpdf/Fpdf.php(1212): strpos()
 4 APPPATH/Libraries/Fpdf/Fpdf.php(634): App\Libraries\Fpdf\Fpdf->_escape()
 5 APPPATH/Views/mtap/fgpack/trx-fg-pack-print.php(100): App\Libraries\Fpdf\Fpdf->Cell()
 6 SYSTEMPATH/View/View.php(213): include('APPPATH/Views/mtap/fgpack/trx-fg-pack-print.php')
 7 SYSTEMPATH/View/View.php(216): CodeIgniter\View\View->CodeIgniter\View\{closure}()
 8 SYSTEMPATH/Common.php(1134): CodeIgniter\View\View->render()
 9 APPPATH/Controllers/Fg_packing.php(49): view()
10 SYSTEMPATH/CodeIgniter.php(927): App\Controllers\Fg_packing->fgpack_print()
11 SYSTEMPATH/CodeIgniter.php(482): CodeIgniter\CodeIgniter->runController()
12 SYSTEMPATH/CodeIgniter.php(351): CodeIgniter\CodeIgniter->handleRequest()
13 FCPATH/index.php(67): CodeIgniter\CodeIgniter->run()
CRITICAL - 2022-12-23 01:53:30 --> Undefined constant "CodeIgniter\Debug\VENDORPATH"
in SYSTEMPATH/Debug/Exceptions.php on line 177.
 1 SYSTEMPATH/Debug/Exceptions.php(157): CodeIgniter\Debug\Exceptions->isFakerDeprecationError()
 2 [internal function]: CodeIgniter\Debug\Exceptions->errorHandler()
 3 APPPATH/Libraries/Fpdf/Fpdf.php(1212): strpos()
 4 APPPATH/Libraries/Fpdf/Fpdf.php(634): App\Libraries\Fpdf\Fpdf->_escape()
 5 APPPATH/Views/mtap/fgpack/trx-fg-pack-print.php(100): App\Libraries\Fpdf\Fpdf->Cell()
 6 SYSTEMPATH/View/View.php(213): include('APPPATH/Views/mtap/fgpack/trx-fg-pack-print.php')
 7 SYSTEMPATH/View/View.php(216): CodeIgniter\View\View->CodeIgniter\View\{closure}()
 8 SYSTEMPATH/Common.php(1134): CodeIgniter\View\View->render()
 9 APPPATH/Controllers/Fg_packing.php(49): view()
10 SYSTEMPATH/CodeIgniter.php(927): App\Controllers\Fg_packing->fgpack_print()
11 SYSTEMPATH/CodeIgniter.php(482): CodeIgniter\CodeIgniter->runController()
12 SYSTEMPATH/CodeIgniter.php(351): CodeIgniter\CodeIgniter->handleRequest()
13 FCPATH/index.php(67): CodeIgniter\CodeIgniter->run()
CRITICAL - 2022-12-23 01:56:03 --> Undefined array key "__noofpack"
in APPPATH/Views/mtap/fgpack/trx-fg-pack-print.php on line 92.
 1 APPPATH/Views/mtap/fgpack/trx-fg-pack-print.php(92): CodeIgniter\Debug\Exceptions->errorHandler()
 2 SYSTEMPATH/View/View.php(213): include('APPPATH/Views/mtap/fgpack/trx-fg-pack-print.php')
 3 SYSTEMPATH/View/View.php(216): CodeIgniter\View\View->CodeIgniter\View\{closure}()
 4 SYSTEMPATH/Common.php(1134): CodeIgniter\View\View->render()
 5 APPPATH/Controllers/Fg_packing.php(49): view()
 6 SYSTEMPATH/CodeIgniter.php(927): App\Controllers\Fg_packing->fgpack_print()
 7 SYSTEMPATH/CodeIgniter.php(482): CodeIgniter\CodeIgniter->runController()
 8 SYSTEMPATH/CodeIgniter.php(351): CodeIgniter\CodeIgniter->handleRequest()
 9 FCPATH/index.php(67): CodeIgniter\CodeIgniter->run()
CRITICAL - 2022-12-23 01:56:10 --> Undefined array key "__noofpack"
in APPPATH/Views/mtap/fgpack/trx-fg-pack-print.php on line 92.
 1 APPPATH/Views/mtap/fgpack/trx-fg-pack-print.php(92): CodeIgniter\Debug\Exceptions->errorHandler()
 2 SYSTEMPATH/View/View.php(213): include('APPPATH/Views/mtap/fgpack/trx-fg-pack-print.php')
 3 SYSTEMPATH/View/View.php(216): CodeIgniter\View\View->CodeIgniter\View\{closure}()
 4 SYSTEMPATH/Common.php(1134): CodeIgniter\View\View->render()
 5 APPPATH/Controllers/Fg_packing.php(49): view()
 6 SYSTEMPATH/CodeIgniter.php(927): App\Controllers\Fg_packing->fgpack_print()
 7 SYSTEMPATH/CodeIgniter.php(482): CodeIgniter\CodeIgniter->runController()
 8 SYSTEMPATH/CodeIgniter.php(351): CodeIgniter\CodeIgniter->handleRequest()
 9 FCPATH/index.php(67): CodeIgniter\CodeIgniter->run()
CRITICAL - 2022-12-23 01:56:16 --> Undefined array key "__noofpack"
in APPPATH/Views/mtap/fgpack/trx-fg-pack-print.php on line 92.
 1 APPPATH/Views/mtap/fgpack/trx-fg-pack-print.php(92): CodeIgniter\Debug\Exceptions->errorHandler()
 2 SYSTEMPATH/View/View.php(213): include('APPPATH/Views/mtap/fgpack/trx-fg-pack-print.php')
 3 SYSTEMPATH/View/View.php(216): CodeIgniter\View\View->CodeIgniter\View\{closure}()
 4 SYSTEMPATH/Common.php(1134): CodeIgniter\View\View->render()
 5 APPPATH/Controllers/Fg_packing.php(49): view()
 6 SYSTEMPATH/CodeIgniter.php(927): App\Controllers\Fg_packing->fgpack_print()
 7 SYSTEMPATH/CodeIgniter.php(482): CodeIgniter\CodeIgniter->runController()
 8 SYSTEMPATH/CodeIgniter.php(351): CodeIgniter\CodeIgniter->handleRequest()
 9 FCPATH/index.php(67): CodeIgniter\CodeIgniter->run()
CRITICAL - 2022-12-23 01:59:22 --> Trying to access array offset on value of type null
in APPPATH/Views/mtap/fgpack/trx-fg-pack-print.php on line 40.
 1 APPPATH/Views/mtap/fgpack/trx-fg-pack-print.php(40): CodeIgniter\Debug\Exceptions->errorHandler()
 2 SYSTEMPATH/View/View.php(213): include('APPPATH/Views/mtap/fgpack/trx-fg-pack-print.php')
 3 SYSTEMPATH/View/View.php(216): CodeIgniter\View\View->CodeIgniter\View\{closure}()
 4 SYSTEMPATH/Common.php(1134): CodeIgniter\View\View->render()
 5 APPPATH/Controllers/Fg_packing.php(49): view()
 6 SYSTEMPATH/CodeIgniter.php(927): App\Controllers\Fg_packing->fgpack_print()
 7 SYSTEMPATH/CodeIgniter.php(482): CodeIgniter\CodeIgniter->runController()
 8 SYSTEMPATH/CodeIgniter.php(351): CodeIgniter\CodeIgniter->handleRequest()
 9 FCPATH/index.php(67): CodeIgniter\CodeIgniter->run()
CRITICAL - 2022-12-23 02:01:21 --> Undefined constant "CodeIgniter\Debug\VENDORPATH"
in SYSTEMPATH/Debug/Exceptions.php on line 177.
 1 SYSTEMPATH/Debug/Exceptions.php(157): CodeIgniter\Debug\Exceptions->isFakerDeprecationError()
 2 [internal function]: CodeIgniter\Debug\Exceptions->errorHandler()
 3 APPPATH/Libraries/Fpdf/Fpdf.php(1212): strpos()
 4 APPPATH/Libraries/Fpdf/Fpdf.php(634): App\Libraries\Fpdf\Fpdf->_escape()
 5 APPPATH/Views/mtap/fgpack/trx-fg-pack-print.php(103): App\Libraries\Fpdf\Fpdf->Cell()
 6 SYSTEMPATH/View/View.php(213): include('APPPATH/Views/mtap/fgpack/trx-fg-pack-print.php')
 7 SYSTEMPATH/View/View.php(216): CodeIgniter\View\View->CodeIgniter\View\{closure}()
 8 SYSTEMPATH/Common.php(1134): CodeIgniter\View\View->render()
 9 APPPATH/Controllers/Fg_packing.php(49): view()
10 SYSTEMPATH/CodeIgniter.php(927): App\Controllers\Fg_packing->fgpack_print()
11 SYSTEMPATH/CodeIgniter.php(482): CodeIgniter\CodeIgniter->runController()
12 SYSTEMPATH/CodeIgniter.php(351): CodeIgniter\CodeIgniter->handleRequest()
13 FCPATH/index.php(67): CodeIgniter\CodeIgniter->run()
CRITICAL - 2022-12-23 02:01:22 --> Undefined constant "CodeIgniter\Debug\VENDORPATH"
in SYSTEMPATH/Debug/Exceptions.php on line 177.
 1 SYSTEMPATH/Debug/Exceptions.php(157): CodeIgniter\Debug\Exceptions->isFakerDeprecationError()
 2 [internal function]: CodeIgniter\Debug\Exceptions->errorHandler()
 3 APPPATH/Libraries/Fpdf/Fpdf.php(1212): strpos()
 4 APPPATH/Libraries/Fpdf/Fpdf.php(634): App\Libraries\Fpdf\Fpdf->_escape()
 5 APPPATH/Views/mtap/fgpack/trx-fg-pack-print.php(103): App\Libraries\Fpdf\Fpdf->Cell()
 6 SYSTEMPATH/View/View.php(213): include('APPPATH/Views/mtap/fgpack/trx-fg-pack-print.php')
 7 SYSTEMPATH/View/View.php(216): CodeIgniter\View\View->CodeIgniter\View\{closure}()
 8 SYSTEMPATH/Common.php(1134): CodeIgniter\View\View->render()
 9 APPPATH/Controllers/Fg_packing.php(49): view()
10 SYSTEMPATH/CodeIgniter.php(927): App\Controllers\Fg_packing->fgpack_print()
11 SYSTEMPATH/CodeIgniter.php(482): CodeIgniter\CodeIgniter->runController()
12 SYSTEMPATH/CodeIgniter.php(351): CodeIgniter\CodeIgniter->handleRequest()
13 FCPATH/index.php(67): CodeIgniter\CodeIgniter->run()
CRITICAL - 2022-12-23 02:01:22 --> Undefined constant "CodeIgniter\Debug\VENDORPATH"
in SYSTEMPATH/Debug/Exceptions.php on line 177.
 1 SYSTEMPATH/Debug/Exceptions.php(157): CodeIgniter\Debug\Exceptions->isFakerDeprecationError()
 2 [internal function]: CodeIgniter\Debug\Exceptions->errorHandler()
 3 APPPATH/Libraries/Fpdf/Fpdf.php(1212): strpos()
 4 APPPATH/Libraries/Fpdf/Fpdf.php(634): App\Libraries\Fpdf\Fpdf->_escape()
 5 APPPATH/Views/mtap/fgpack/trx-fg-pack-print.php(103): App\Libraries\Fpdf\Fpdf->Cell()
 6 SYSTEMPATH/View/View.php(213): include('APPPATH/Views/mtap/fgpack/trx-fg-pack-print.php')
 7 SYSTEMPATH/View/View.php(216): CodeIgniter\View\View->CodeIgniter\View\{closure}()
 8 SYSTEMPATH/Common.php(1134): CodeIgniter\View\View->render()
 9 APPPATH/Controllers/Fg_packing.php(49): view()
10 SYSTEMPATH/CodeIgniter.php(927): App\Controllers\Fg_packing->fgpack_print()
11 SYSTEMPATH/CodeIgniter.php(482): CodeIgniter\CodeIgniter->runController()
12 SYSTEMPATH/CodeIgniter.php(351): CodeIgniter\CodeIgniter->handleRequest()
13 FCPATH/index.php(67): CodeIgniter\CodeIgniter->run()
CRITICAL - 2022-12-23 02:14:41 --> Undefined variable $fg_uom
in APPPATH/Views/mtap/fgpack/trx-fg-pack-print.php on line 216.
 1 APPPATH/Views/mtap/fgpack/trx-fg-pack-print.php(216): CodeIgniter\Debug\Exceptions->errorHandler()
 2 SYSTEMPATH/View/View.php(213): include('APPPATH/Views/mtap/fgpack/trx-fg-pack-print.php')
 3 SYSTEMPATH/View/View.php(216): CodeIgniter\View\View->CodeIgniter\View\{closure}()
 4 SYSTEMPATH/Common.php(1134): CodeIgniter\View\View->render()
 5 APPPATH/Controllers/Fg_packing.php(49): view()
 6 SYSTEMPATH/CodeIgniter.php(927): App\Controllers\Fg_packing->fgpack_print()
 7 SYSTEMPATH/CodeIgniter.php(482): CodeIgniter\CodeIgniter->runController()
 8 SYSTEMPATH/CodeIgniter.php(351): CodeIgniter\CodeIgniter->handleRequest()
 9 FCPATH/index.php(67): CodeIgniter\CodeIgniter->run()
CRITICAL - 2022-12-23 02:46:50 --> Undefined variable $vat
in APPPATH/Views/mtap/fgpack/trx-fg-pack-print.php on line 246.
 1 APPPATH/Views/mtap/fgpack/trx-fg-pack-print.php(246): CodeIgniter\Debug\Exceptions->errorHandler()
 2 SYSTEMPATH/View/View.php(213): include('APPPATH/Views/mtap/fgpack/trx-fg-pack-print.php')
 3 SYSTEMPATH/View/View.php(216): CodeIgniter\View\View->CodeIgniter\View\{closure}()
 4 SYSTEMPATH/Common.php(1134): CodeIgniter\View\View->render()
 5 APPPATH/Controllers/Fg_packing.php(49): view()
 6 SYSTEMPATH/CodeIgniter.php(927): App\Controllers\Fg_packing->fgpack_print()
 7 SYSTEMPATH/CodeIgniter.php(482): CodeIgniter\CodeIgniter->runController()
 8 SYSTEMPATH/CodeIgniter.php(351): CodeIgniter\CodeIgniter->handleRequest()
 9 FCPATH/index.php(67): CodeIgniter\CodeIgniter->run()
CRITICAL - 2022-12-23 02:47:01 --> Undefined variable $vat
in APPPATH/Views/mtap/fgpack/trx-fg-pack-print.php on line 246.
 1 APPPATH/Views/mtap/fgpack/trx-fg-pack-print.php(246): CodeIgniter\Debug\Exceptions->errorHandler()
 2 SYSTEMPATH/View/View.php(213): include('APPPATH/Views/mtap/fgpack/trx-fg-pack-print.php')
 3 SYSTEMPATH/View/View.php(216): CodeIgniter\View\View->CodeIgniter\View\{closure}()
 4 SYSTEMPATH/Common.php(1134): CodeIgniter\View\View->render()
 5 APPPATH/Controllers/Fg_packing.php(49): view()
 6 SYSTEMPATH/CodeIgniter.php(927): App\Controllers\Fg_packing->fgpack_print()
 7 SYSTEMPATH/CodeIgniter.php(482): CodeIgniter\CodeIgniter->runController()
 8 SYSTEMPATH/CodeIgniter.php(351): CodeIgniter\CodeIgniter->handleRequest()
 9 FCPATH/index.php(67): CodeIgniter\CodeIgniter->run()
