CRITICAL - 2023-01-09 00:36:04 --> Undefined variable $cmat_code
in APPPATH/Models/MySalesModel.php on line 195.
 1 APPPATH/Models/MySalesModel.php(195): CodeIgniter\Debug\Exceptions->errorHandler()
 2 APPPATH/Controllers/Promo_discount.php(27): App\Models\MySalesModel->promo_entry_save()
 3 SYSTEMPATH/CodeIgniter.php(927): App\Controllers\Promo_discount->promo_save()
 4 SYSTEMPATH/CodeIgniter.php(482): CodeIgniter\CodeIgniter->runController()
 5 SYSTEMPATH/CodeIgniter.php(351): CodeIgniter\CodeIgniter->handleRequest()
 6 FCPATH/index.php(67): CodeIgniter\CodeIgniter->run()
CRITICAL - 2023-01-09 00:36:10 --> Undefined variable $cmat_code
in APPPATH/Models/MySalesModel.php on line 195.
 1 APPPATH/Models/MySalesModel.php(195): CodeIgniter\Debug\Exceptions->errorHandler()
 2 APPPATH/Controllers/Promo_discount.php(27): App\Models\MySalesModel->promo_entry_save()
 3 SYSTEMPATH/CodeIgniter.php(927): App\Controllers\Promo_discount->promo_save()
 4 SYSTEMPATH/CodeIgniter.php(482): CodeIgniter\CodeIgniter->runController()
 5 SYSTEMPATH/CodeIgniter.php(351): CodeIgniter\CodeIgniter->handleRequest()
 6 FCPATH/index.php(67): CodeIgniter\CodeIgniter->run()
ERROR - 2023-01-09 02:20:02 --> mysqli_sql_exception: You have an error in your SQL syntax; check the manual that corresponds to your MariaDB server version for the right syntax to use near 'SELECT DATE('2023-01-01') <= DATE(a.`end_date`) _enddate  FROM gw_promo_hd a ...' at line 1 in /mdevs/promotask/system/Database/MySQLi/Connection.php:292
Stack trace:
#0 /mdevs/promotask/system/Database/MySQLi/Connection.php(292): mysqli->query()
#1 /mdevs/promotask/system/Database/BaseConnection.php(666): CodeIgniter\Database\MySQLi\Connection->execute()
#2 /mdevs/promotask/system/Database/BaseConnection.php(593): CodeIgniter\Database\BaseConnection->simpleQuery()
#3 /mdevs/promotask/app/Models/MyLibzDBModel.php(19): CodeIgniter\Database\BaseConnection->query()
#4 /mdevs/promotask/app/Models/MySalesModel.php(132): App\Models\MyLibzDBModel->myoa_sql_exec()
#5 /mdevs/promotask/app/Controllers/Promo_discount.php(27): App\Models\MySalesModel->promo_entry_save()
#6 /mdevs/promotask/system/CodeIgniter.php(927): App\Controllers\Promo_discount->promo_save()
#7 /mdevs/promotask/system/CodeIgniter.php(482): CodeIgniter\CodeIgniter->runController()
#8 /mdevs/promotask/system/CodeIgniter.php(351): CodeIgniter\CodeIgniter->handleRequest()
#9 /mdevs/promotask/public/index.php(67): CodeIgniter\CodeIgniter->run()
#10 {main}
CRITICAL - 2023-01-09 21:33:54 --> Undefined array key "promo_trxno"
in APPPATH/Views/sales/trx_promo.php on line 68.
 1 APPPATH/Views/sales/trx_promo.php(68): CodeIgniter\Debug\Exceptions->errorHandler()
 2 SYSTEMPATH/View/View.php(213): include('APPPATH/Views/sales/trx_promo.php')
 3 SYSTEMPATH/View/View.php(216): CodeIgniter\View\View->CodeIgniter\View\{closure}()
 4 SYSTEMPATH/Common.php(1134): CodeIgniter\View\View->render()
 5 APPPATH/Controllers/Promo_discount.php(21): view()
 6 SYSTEMPATH/CodeIgniter.php(927): App\Controllers\Promo_discount->index()
 7 SYSTEMPATH/CodeIgniter.php(482): CodeIgniter\CodeIgniter->runController()
 8 SYSTEMPATH/CodeIgniter.php(351): CodeIgniter\CodeIgniter->handleRequest()
 9 FCPATH/index.php(67): CodeIgniter\CodeIgniter->run()
CRITICAL - 2023-01-09 21:39:03 --> Undefined array key "discount_value"
in APPPATH/Views/sales/trx_promo.php on line 262.
 1 APPPATH/Views/sales/trx_promo.php(262): CodeIgniter\Debug\Exceptions->errorHandler()
 2 SYSTEMPATH/View/View.php(213): include('APPPATH/Views/sales/trx_promo.php')
 3 SYSTEMPATH/View/View.php(216): CodeIgniter\View\View->CodeIgniter\View\{closure}()
 4 SYSTEMPATH/Common.php(1134): CodeIgniter\View\View->render()
 5 APPPATH/Controllers/Promo_discount.php(21): view()
 6 SYSTEMPATH/CodeIgniter.php(927): App\Controllers\Promo_discount->index()
 7 SYSTEMPATH/CodeIgniter.php(482): CodeIgniter\CodeIgniter->runController()
 8 SYSTEMPATH/CodeIgniter.php(351): CodeIgniter\CodeIgniter->handleRequest()
 9 FCPATH/index.php(67): CodeIgniter\CodeIgniter->run()
CRITICAL - 2023-01-09 23:18:03 --> count(): Argument #1 ($value) must be of type Countable|array, null given
in APPPATH/Models/MySalesModel.php on line 118.
 1 APPPATH/Models/MySalesModel.php(118): count()
 2 APPPATH/Controllers/Promo_discount.php(27): App\Models\MySalesModel->promo_entry_save()
 3 SYSTEMPATH/CodeIgniter.php(927): App\Controllers\Promo_discount->promo_save()
 4 SYSTEMPATH/CodeIgniter.php(482): CodeIgniter\CodeIgniter->runController()
 5 SYSTEMPATH/CodeIgniter.php(351): CodeIgniter\CodeIgniter->handleRequest()
 6 FCPATH/index.php(67): CodeIgniter\CodeIgniter->run()
CRITICAL - 2023-01-09 23:18:10 --> count(): Argument #1 ($value) must be of type Countable|array, null given
in APPPATH/Models/MySalesModel.php on line 118.
 1 APPPATH/Models/MySalesModel.php(118): count()
 2 APPPATH/Controllers/Promo_discount.php(27): App\Models\MySalesModel->promo_entry_save()
 3 SYSTEMPATH/CodeIgniter.php(927): App\Controllers\Promo_discount->promo_save()
 4 SYSTEMPATH/CodeIgniter.php(482): CodeIgniter\CodeIgniter->runController()
 5 SYSTEMPATH/CodeIgniter.php(351): CodeIgniter\CodeIgniter->handleRequest()
 6 FCPATH/index.php(67): CodeIgniter\CodeIgniter->run()
CRITICAL - 2023-01-09 23:23:28 --> Undefined array key "recid"
in APPPATH/Models/MySalesModel.php on line 262.
 1 APPPATH/Models/MySalesModel.php(262): CodeIgniter\Debug\Exceptions->errorHandler()
 2 APPPATH/Controllers/Promo_discount.php(27): App\Models\MySalesModel->promo_entry_save()
 3 SYSTEMPATH/CodeIgniter.php(927): App\Controllers\Promo_discount->promo_save()
 4 SYSTEMPATH/CodeIgniter.php(482): CodeIgniter\CodeIgniter->runController()
 5 SYSTEMPATH/CodeIgniter.php(351): CodeIgniter\CodeIgniter->handleRequest()
 6 FCPATH/index.php(67): CodeIgniter\CodeIgniter->run()
CRITICAL - 2023-01-09 23:28:00 --> Undefined array key "recid"
in APPPATH/Models/MySalesModel.php on line 265.
 1 APPPATH/Models/MySalesModel.php(265): CodeIgniter\Debug\Exceptions->errorHandler()
 2 APPPATH/Controllers/Promo_discount.php(27): App\Models\MySalesModel->promo_entry_save()
 3 SYSTEMPATH/CodeIgniter.php(927): App\Controllers\Promo_discount->promo_save()
 4 SYSTEMPATH/CodeIgniter.php(482): CodeIgniter\CodeIgniter->runController()
 5 SYSTEMPATH/CodeIgniter.php(351): CodeIgniter\CodeIgniter->handleRequest()
 6 FCPATH/index.php(67): CodeIgniter\CodeIgniter->run()
CRITICAL - 2023-01-09 23:29:54 --> Undefined array key "recid"
in APPPATH/Models/MySalesModel.php on line 265.
 1 APPPATH/Models/MySalesModel.php(265): CodeIgniter\Debug\Exceptions->errorHandler()
 2 APPPATH/Controllers/Promo_discount.php(27): App\Models\MySalesModel->promo_entry_save()
 3 SYSTEMPATH/CodeIgniter.php(927): App\Controllers\Promo_discount->promo_save()
 4 SYSTEMPATH/CodeIgniter.php(482): CodeIgniter\CodeIgniter->runController()
 5 SYSTEMPATH/CodeIgniter.php(351): CodeIgniter\CodeIgniter->handleRequest()
 6 FCPATH/index.php(67): CodeIgniter\CodeIgniter->run()
CRITICAL - 2023-01-09 23:30:35 --> Undefined array key "recid"
in APPPATH/Models/MySalesModel.php on line 267.
 1 APPPATH/Models/MySalesModel.php(267): CodeIgniter\Debug\Exceptions->errorHandler()
 2 APPPATH/Controllers/Promo_discount.php(27): App\Models\MySalesModel->promo_entry_save()
 3 SYSTEMPATH/CodeIgniter.php(927): App\Controllers\Promo_discount->promo_save()
 4 SYSTEMPATH/CodeIgniter.php(482): CodeIgniter\CodeIgniter->runController()
 5 SYSTEMPATH/CodeIgniter.php(351): CodeIgniter\CodeIgniter->handleRequest()
 6 FCPATH/index.php(67): CodeIgniter\CodeIgniter->run()
CRITICAL - 2023-01-09 23:36:50 --> Undefined array key "recid"
in APPPATH/Models/MySalesModel.php on line 268.
 1 APPPATH/Models/MySalesModel.php(268): CodeIgniter\Debug\Exceptions->errorHandler()
 2 APPPATH/Controllers/Promo_discount.php(27): App\Models\MySalesModel->promo_entry_save()
 3 SYSTEMPATH/CodeIgniter.php(927): App\Controllers\Promo_discount->promo_save()
 4 SYSTEMPATH/CodeIgniter.php(482): CodeIgniter\CodeIgniter->runController()
 5 SYSTEMPATH/CodeIgniter.php(351): CodeIgniter\CodeIgniter->handleRequest()
 6 FCPATH/index.php(67): CodeIgniter\CodeIgniter->run()
CRITICAL - 2023-01-09 23:37:06 --> Undefined array key "recid"
in APPPATH/Models/MySalesModel.php on line 269.
 1 APPPATH/Models/MySalesModel.php(269): CodeIgniter\Debug\Exceptions->errorHandler()
 2 APPPATH/Controllers/Promo_discount.php(27): App\Models\MySalesModel->promo_entry_save()
 3 SYSTEMPATH/CodeIgniter.php(927): App\Controllers\Promo_discount->promo_save()
 4 SYSTEMPATH/CodeIgniter.php(482): CodeIgniter\CodeIgniter->runController()
 5 SYSTEMPATH/CodeIgniter.php(351): CodeIgniter\CodeIgniter->handleRequest()
 6 FCPATH/index.php(67): CodeIgniter\CodeIgniter->run()
CRITICAL - 2023-01-09 23:38:41 --> Undefined array key "recid"
in APPPATH/Models/MySalesModel.php on line 263.
 1 APPPATH/Models/MySalesModel.php(263): CodeIgniter\Debug\Exceptions->errorHandler()
 2 APPPATH/Controllers/Promo_discount.php(27): App\Models\MySalesModel->promo_entry_save()
 3 SYSTEMPATH/CodeIgniter.php(927): App\Controllers\Promo_discount->promo_save()
 4 SYSTEMPATH/CodeIgniter.php(482): CodeIgniter\CodeIgniter->runController()
 5 SYSTEMPATH/CodeIgniter.php(351): CodeIgniter\CodeIgniter->handleRequest()
 6 FCPATH/index.php(67): CodeIgniter\CodeIgniter->run()
CRITICAL - 2023-01-09 23:38:58 --> Undefined array key 0
in APPPATH/Models/MySalesModel.php on line 332.
 1 APPPATH/Models/MySalesModel.php(332): CodeIgniter\Debug\Exceptions->errorHandler()
 2 APPPATH/Controllers/Promo_discount.php(27): App\Models\MySalesModel->promo_entry_save()
 3 SYSTEMPATH/CodeIgniter.php(927): App\Controllers\Promo_discount->promo_save()
 4 SYSTEMPATH/CodeIgniter.php(482): CodeIgniter\CodeIgniter->runController()
 5 SYSTEMPATH/CodeIgniter.php(351): CodeIgniter\CodeIgniter->handleRequest()
 6 FCPATH/index.php(67): CodeIgniter\CodeIgniter->run()
CRITICAL - 2023-01-09 23:41:46 --> Undefined array key "_bcode"
in APPPATH/Models/MySalesModel.php on line 241.
 1 APPPATH/Models/MySalesModel.php(241): CodeIgniter\Debug\Exceptions->errorHandler()
 2 APPPATH/Controllers/Promo_discount.php(27): App\Models\MySalesModel->promo_entry_save()
 3 SYSTEMPATH/CodeIgniter.php(927): App\Controllers\Promo_discount->promo_save()
 4 SYSTEMPATH/CodeIgniter.php(482): CodeIgniter\CodeIgniter->runController()
 5 SYSTEMPATH/CodeIgniter.php(351): CodeIgniter\CodeIgniter->handleRequest()
 6 FCPATH/index.php(67): CodeIgniter\CodeIgniter->run()
CRITICAL - 2023-01-09 23:53:46 --> Call to undefined method CodeIgniter\Database\MySQLi\Result::getResulArray()
in APPPATH/Models/MySalesModel.php on line 240.
 1 APPPATH/Controllers/Promo_discount.php(27): App\Models\MySalesModel->promo_entry_save()
 2 SYSTEMPATH/CodeIgniter.php(927): App\Controllers\Promo_discount->promo_save()
 3 SYSTEMPATH/CodeIgniter.php(482): CodeIgniter\CodeIgniter->runController()
 4 SYSTEMPATH/CodeIgniter.php(351): CodeIgniter\CodeIgniter->handleRequest()
 5 FCPATH/index.php(67): CodeIgniter\CodeIgniter->run()
