CRITICAL - 2023-02-09 00:52:08 --> Undefined variable $mbcode
in APPPATH/Models/MySalesModel.php on line 779.
 1 APPPATH/Models/MySalesModel.php(779): CodeIgniter\Debug\Exceptions->errorHandler()
 2 APPPATH/Controllers/BuyXTakeY.php(26): App\Models\MySalesModel->buyxtakey_entry_save()
 3 SYSTEMPATH/CodeIgniter.php(927): App\Controllers\BuyXTakeY->buyxtakey_save()
 4 SYSTEMPATH/CodeIgniter.php(482): CodeIgniter\CodeIgniter->runController()
 5 SYSTEMPATH/CodeIgniter.php(351): CodeIgniter\CodeIgniter->handleRequest()
 6 FCPATH/index.php(67): CodeIgniter\CodeIgniter->run()
CRITICAL - 2023-02-09 01:24:24 --> Undefined variable $mbcode
in APPPATH/Models/MySalesModel.php on line 779.
 1 APPPATH/Models/MySalesModel.php(779): CodeIgniter\Debug\Exceptions->errorHandler()
 2 APPPATH/Controllers/BuyXTakeY.php(26): App\Models\MySalesModel->buyxtakey_entry_save()
 3 SYSTEMPATH/CodeIgniter.php(927): App\Controllers\BuyXTakeY->buyxtakey_save()
 4 SYSTEMPATH/CodeIgniter.php(482): CodeIgniter\CodeIgniter->runController()
 5 SYSTEMPATH/CodeIgniter.php(351): CodeIgniter\CodeIgniter->handleRequest()
 6 FCPATH/index.php(67): CodeIgniter\CodeIgniter->run()
ERROR - 2023-02-09 01:28:58 --> mysqli_sql_exception: Unknown column 'buyxtakey_trxno' in 'field list' in /mdevs/promotask/system/Database/MySQLi/Connection.php:292
Stack trace:
#0 /mdevs/promotask/system/Database/MySQLi/Connection.php(292): mysqli->query()
#1 /mdevs/promotask/system/Database/BaseConnection.php(666): CodeIgniter\Database\MySQLi\Connection->execute()
#2 /mdevs/promotask/system/Database/BaseConnection.php(593): CodeIgniter\Database\BaseConnection->simpleQuery()
#3 /mdevs/promotask/app/Models/MyLibzDBModel.php(19): CodeIgniter\Database\BaseConnection->query()
#4 /mdevs/promotask/app/Models/MySalesModel.php(891): App\Models\MyLibzDBModel->myoa_sql_exec()
#5 /mdevs/promotask/app/Controllers/BuyXTakeY.php(26): App\Models\MySalesModel->buyxtakey_entry_save()
#6 /mdevs/promotask/system/CodeIgniter.php(927): App\Controllers\BuyXTakeY->buyxtakey_save()
#7 /mdevs/promotask/system/CodeIgniter.php(482): CodeIgniter\CodeIgniter->runController()
#8 /mdevs/promotask/system/CodeIgniter.php(351): CodeIgniter\CodeIgniter->handleRequest()
#9 /mdevs/promotask/public/index.php(67): CodeIgniter\CodeIgniter->run()
#10 {main}
ERROR - 2023-02-09 02:04:49 --> mysqli_sql_exception: Unknown database 'PBXTYY' in /mdevs/promotask/system/Database/MySQLi/Connection.php:292
Stack trace:
#0 /mdevs/promotask/system/Database/MySQLi/Connection.php(292): mysqli->query()
#1 /mdevs/promotask/system/Database/BaseConnection.php(666): CodeIgniter\Database\MySQLi\Connection->execute()
#2 /mdevs/promotask/system/Database/BaseConnection.php(593): CodeIgniter\Database\BaseConnection->simpleQuery()
#3 /mdevs/promotask/app/Models/MyLibzDBModel.php(19): CodeIgniter\Database\BaseConnection->query()
#4 /mdevs/promotask/app/Models/MyDatumModel.php(58): App\Models\MyLibzDBModel->myoa_sql_exec()
#5 /mdevs/promotask/app/Models/MySalesModel.php(745): App\Models\MyDatumModel->get_ctr_6()
#6 /mdevs/promotask/app/Controllers/BuyXTakeY.php(26): App\Models\MySalesModel->buyxtakey_entry_save()
#7 /mdevs/promotask/system/CodeIgniter.php(927): App\Controllers\BuyXTakeY->buyxtakey_save()
#8 /mdevs/promotask/system/CodeIgniter.php(482): CodeIgniter\CodeIgniter->runController()
#9 /mdevs/promotask/system/CodeIgniter.php(351): CodeIgniter\CodeIgniter->handleRequest()
#10 /mdevs/promotask/public/index.php(67): CodeIgniter\CodeIgniter->run()
#11 {main}
CRITICAL - 2023-02-09 02:41:54 --> Invalid file: sales/trx_buyxtakey_rec.php
in SYSTEMPATH/Exceptions/FrameworkException.php on line 33.
 1 SYSTEMPATH/View/View.php(201): CodeIgniter\Exceptions\FrameworkException::forInvalidFile()
 2 SYSTEMPATH/Common.php(1134): CodeIgniter\View\View->render()
 3 APPPATH/Controllers/BuyXTakeY.php(31): view()
 4 SYSTEMPATH/CodeIgniter.php(927): App\Controllers\BuyXTakeY->buyxtakey_vw()
 5 SYSTEMPATH/CodeIgniter.php(482): CodeIgniter\CodeIgniter->runController()
 6 SYSTEMPATH/CodeIgniter.php(351): CodeIgniter\CodeIgniter->handleRequest()
 7 FCPATH/index.php(67): CodeIgniter\CodeIgniter->run()
CRITICAL - 2023-02-09 02:42:02 --> Invalid file: sales/trx_buyxtakey_rec.php
in SYSTEMPATH/Exceptions/FrameworkException.php on line 33.
 1 SYSTEMPATH/View/View.php(201): CodeIgniter\Exceptions\FrameworkException::forInvalidFile()
 2 SYSTEMPATH/Common.php(1134): CodeIgniter\View\View->render()
 3 APPPATH/Controllers/BuyXTakeY.php(31): view()
 4 SYSTEMPATH/CodeIgniter.php(927): App\Controllers\BuyXTakeY->buyxtakey_vw()
 5 SYSTEMPATH/CodeIgniter.php(482): CodeIgniter\CodeIgniter->runController()
 6 SYSTEMPATH/CodeIgniter.php(351): CodeIgniter\CodeIgniter->handleRequest()
 7 FCPATH/index.php(67): CodeIgniter\CodeIgniter->run()
ERROR - 2023-02-09 18:29:42 --> mysqli_sql_exception: Unknown column 'buyxtakey_trxno' in 'field list' in /mdevs/promotask/system/Database/MySQLi/Connection.php:292
Stack trace:
#0 /mdevs/promotask/system/Database/MySQLi/Connection.php(292): mysqli->query()
#1 /mdevs/promotask/system/Database/BaseConnection.php(666): CodeIgniter\Database\MySQLi\Connection->execute()
#2 /mdevs/promotask/system/Database/BaseConnection.php(593): CodeIgniter\Database\BaseConnection->simpleQuery()
#3 /mdevs/promotask/app/Models/MyLibzDBModel.php(19): CodeIgniter\Database\BaseConnection->query()
#4 /mdevs/promotask/app/Models/MySalesModel.php(1049): App\Models\MyLibzDBModel->myoa_sql_exec()
#5 /mdevs/promotask/app/Controllers/BuyXTakeY.php(61): App\Models\MySalesModel->buyxtakey_for_approval()
#6 /mdevs/promotask/system/CodeIgniter.php(927): App\Controllers\BuyXTakeY->buyxtakey_save_appr()
#7 /mdevs/promotask/system/CodeIgniter.php(482): CodeIgniter\CodeIgniter->runController()
#8 /mdevs/promotask/system/CodeIgniter.php(351): CodeIgniter\CodeIgniter->handleRequest()
#9 /mdevs/promotask/public/index.php(67): CodeIgniter\CodeIgniter->run()
#10 {main}
CRITICAL - 2023-02-09 19:32:50 --> Undefined variable $mtkn_fgpacktrr
in APPPATH/Views/sales/trx_buyxtakey.php on line 99.
 1 APPPATH/Views/sales/trx_buyxtakey.php(99): CodeIgniter\Debug\Exceptions->errorHandler()
 2 SYSTEMPATH/View/View.php(213): include('APPPATH/Views/sales/trx_buyxtakey.php')
 3 SYSTEMPATH/View/View.php(216): CodeIgniter\View\View->CodeIgniter\View\{closure}()
 4 SYSTEMPATH/Common.php(1134): CodeIgniter\View\View->render()
 5 APPPATH/Controllers/BuyXTakeY.php(21): view()
 6 SYSTEMPATH/CodeIgniter.php(927): App\Controllers\BuyXTakeY->index()
 7 SYSTEMPATH/CodeIgniter.php(482): CodeIgniter\CodeIgniter->runController()
 8 SYSTEMPATH/CodeIgniter.php(351): CodeIgniter\CodeIgniter->handleRequest()
 9 FCPATH/index.php(67): CodeIgniter\CodeIgniter->run()
CRITICAL - 2023-02-09 20:24:07 --> Undefined variable $mtkn_fgpacktrr
in APPPATH/Views/sales/trx_buyxtakey.php on line 283.
 1 APPPATH/Views/sales/trx_buyxtakey.php(283): CodeIgniter\Debug\Exceptions->errorHandler()
 2 SYSTEMPATH/View/View.php(213): include('APPPATH/Views/sales/trx_buyxtakey.php')
 3 SYSTEMPATH/View/View.php(216): CodeIgniter\View\View->CodeIgniter\View\{closure}()
 4 SYSTEMPATH/Common.php(1134): CodeIgniter\View\View->render()
 5 APPPATH/Controllers/BuyXTakeY.php(21): view()
 6 SYSTEMPATH/CodeIgniter.php(927): App\Controllers\BuyXTakeY->index()
 7 SYSTEMPATH/CodeIgniter.php(482): CodeIgniter\CodeIgniter->runController()
 8 SYSTEMPATH/CodeIgniter.php(351): CodeIgniter\CodeIgniter->handleRequest()
 9 FCPATH/index.php(67): CodeIgniter\CodeIgniter->run()
ERROR - 2023-02-09 20:24:16 --> mysqli_sql_exception: You have an error in your SQL syntax; check the manual that corresponds to your MariaDB server version for the right syntax to use near 'from `gw_buyxtakey_hd` aa 
                          join `mst_companyBranch`...' at line 11 in /mdevs/promotask/system/Database/MySQLi/Connection.php:292
Stack trace:
#0 /mdevs/promotask/system/Database/MySQLi/Connection.php(292): mysqli->query()
#1 /mdevs/promotask/system/Database/BaseConnection.php(666): CodeIgniter\Database\MySQLi\Connection->execute()
#2 /mdevs/promotask/system/Database/BaseConnection.php(593): CodeIgniter\Database\BaseConnection->simpleQuery()
#3 /mdevs/promotask/app/Models/MyLibzDBModel.php(19): CodeIgniter\Database\BaseConnection->query()
#4 /mdevs/promotask/app/Views/sales/trx_buyxtakey.php(286): App\Models\MyLibzDBModel->myoa_sql_exec()
#5 /mdevs/promotask/system/View/View.php(213): include('...')
#6 /mdevs/promotask/system/View/View.php(216): CodeIgniter\View\View->CodeIgniter\View\{closure}()
#7 /mdevs/promotask/system/Common.php(1134): CodeIgniter\View\View->render()
#8 /mdevs/promotask/app/Controllers/BuyXTakeY.php(21): view()
#9 /mdevs/promotask/system/CodeIgniter.php(927): App\Controllers\BuyXTakeY->index()
#10 /mdevs/promotask/system/CodeIgniter.php(482): CodeIgniter\CodeIgniter->runController()
#11 /mdevs/promotask/system/CodeIgniter.php(351): CodeIgniter\CodeIgniter->handleRequest()
#12 /mdevs/promotask/public/index.php(67): CodeIgniter\CodeIgniter->run()
#13 {main}
ERROR - 2023-02-09 20:25:01 --> mysqli_sql_exception: You have an error in your SQL syntax; check the manual that corresponds to your MariaDB server version for the right syntax to use near 'from `gw_buyxtakey_hd` aa 
                          join `mst_companyBranch`...' at line 11 in /mdevs/promotask/system/Database/MySQLi/Connection.php:292
Stack trace:
#0 /mdevs/promotask/system/Database/MySQLi/Connection.php(292): mysqli->query()
#1 /mdevs/promotask/system/Database/BaseConnection.php(666): CodeIgniter\Database\MySQLi\Connection->execute()
#2 /mdevs/promotask/system/Database/BaseConnection.php(593): CodeIgniter\Database\BaseConnection->simpleQuery()
#3 /mdevs/promotask/app/Models/MyLibzDBModel.php(19): CodeIgniter\Database\BaseConnection->query()
#4 /mdevs/promotask/app/Views/sales/trx_buyxtakey.php(286): App\Models\MyLibzDBModel->myoa_sql_exec()
#5 /mdevs/promotask/system/View/View.php(213): include('...')
#6 /mdevs/promotask/system/View/View.php(216): CodeIgniter\View\View->CodeIgniter\View\{closure}()
#7 /mdevs/promotask/system/Common.php(1134): CodeIgniter\View\View->render()
#8 /mdevs/promotask/app/Controllers/BuyXTakeY.php(21): view()
#9 /mdevs/promotask/system/CodeIgniter.php(927): App\Controllers\BuyXTakeY->index()
#10 /mdevs/promotask/system/CodeIgniter.php(482): CodeIgniter\CodeIgniter->runController()
#11 /mdevs/promotask/system/CodeIgniter.php(351): CodeIgniter\CodeIgniter->handleRequest()
#12 /mdevs/promotask/public/index.php(67): CodeIgniter\CodeIgniter->run()
#13 {main}
ERROR - 2023-02-09 20:25:17 --> mysqli_sql_exception: You have an error in your SQL syntax; check the manual that corresponds to your MariaDB server version for the right syntax to use near 'from `gw_buyxtakey_hd` aa 
                          join `mst_companyBranch`...' at line 11 in /mdevs/promotask/system/Database/MySQLi/Connection.php:292
Stack trace:
#0 /mdevs/promotask/system/Database/MySQLi/Connection.php(292): mysqli->query()
#1 /mdevs/promotask/system/Database/BaseConnection.php(666): CodeIgniter\Database\MySQLi\Connection->execute()
#2 /mdevs/promotask/system/Database/BaseConnection.php(593): CodeIgniter\Database\BaseConnection->simpleQuery()
#3 /mdevs/promotask/app/Models/MyLibzDBModel.php(19): CodeIgniter\Database\BaseConnection->query()
#4 /mdevs/promotask/app/Views/sales/trx_buyxtakey.php(286): App\Models\MyLibzDBModel->myoa_sql_exec()
#5 /mdevs/promotask/system/View/View.php(213): include('...')
#6 /mdevs/promotask/system/View/View.php(216): CodeIgniter\View\View->CodeIgniter\View\{closure}()
#7 /mdevs/promotask/system/Common.php(1134): CodeIgniter\View\View->render()
#8 /mdevs/promotask/app/Controllers/BuyXTakeY.php(21): view()
#9 /mdevs/promotask/system/CodeIgniter.php(927): App\Controllers\BuyXTakeY->index()
#10 /mdevs/promotask/system/CodeIgniter.php(482): CodeIgniter\CodeIgniter->runController()
#11 /mdevs/promotask/system/CodeIgniter.php(351): CodeIgniter\CodeIgniter->handleRequest()
#12 /mdevs/promotask/public/index.php(67): CodeIgniter\CodeIgniter->run()
#13 {main}
ERROR - 2023-02-09 20:25:42 --> mysqli_sql_exception: You have an error in your SQL syntax; check the manual that corresponds to your MariaDB server version for the right syntax to use near 'on cc.`prod_barcode_take` = dd.`ART_BARCODE1`
                          where...' at line 17 in /mdevs/promotask/system/Database/MySQLi/Connection.php:292
Stack trace:
#0 /mdevs/promotask/system/Database/MySQLi/Connection.php(292): mysqli->query()
#1 /mdevs/promotask/system/Database/BaseConnection.php(666): CodeIgniter\Database\MySQLi\Connection->execute()
#2 /mdevs/promotask/system/Database/BaseConnection.php(593): CodeIgniter\Database\BaseConnection->simpleQuery()
#3 /mdevs/promotask/app/Models/MyLibzDBModel.php(19): CodeIgniter\Database\BaseConnection->query()
#4 /mdevs/promotask/app/Views/sales/trx_buyxtakey.php(286): App\Models\MyLibzDBModel->myoa_sql_exec()
#5 /mdevs/promotask/system/View/View.php(213): include('...')
#6 /mdevs/promotask/system/View/View.php(216): CodeIgniter\View\View->CodeIgniter\View\{closure}()
#7 /mdevs/promotask/system/Common.php(1134): CodeIgniter\View\View->render()
#8 /mdevs/promotask/app/Controllers/BuyXTakeY.php(21): view()
#9 /mdevs/promotask/system/CodeIgniter.php(927): App\Controllers\BuyXTakeY->index()
#10 /mdevs/promotask/system/CodeIgniter.php(482): CodeIgniter\CodeIgniter->runController()
#11 /mdevs/promotask/system/CodeIgniter.php(351): CodeIgniter\CodeIgniter->handleRequest()
#12 /mdevs/promotask/public/index.php(67): CodeIgniter\CodeIgniter->run()
#13 {main}
ERROR - 2023-02-09 20:27:02 --> mysqli_sql_exception: You have an error in your SQL syntax; check the manual that corresponds to your MariaDB server version for the right syntax to use near 'on cc.`prod_barcode_take` = dd.`ART_BARCODE1`
                          where...' at line 18 in /mdevs/promotask/system/Database/MySQLi/Connection.php:292
Stack trace:
#0 /mdevs/promotask/system/Database/MySQLi/Connection.php(292): mysqli->query()
#1 /mdevs/promotask/system/Database/BaseConnection.php(666): CodeIgniter\Database\MySQLi\Connection->execute()
#2 /mdevs/promotask/system/Database/BaseConnection.php(593): CodeIgniter\Database\BaseConnection->simpleQuery()
#3 /mdevs/promotask/app/Models/MyLibzDBModel.php(19): CodeIgniter\Database\BaseConnection->query()
#4 /mdevs/promotask/app/Views/sales/trx_buyxtakey.php(287): App\Models\MyLibzDBModel->myoa_sql_exec()
#5 /mdevs/promotask/system/View/View.php(213): include('...')
#6 /mdevs/promotask/system/View/View.php(216): CodeIgniter\View\View->CodeIgniter\View\{closure}()
#7 /mdevs/promotask/system/Common.php(1134): CodeIgniter\View\View->render()
#8 /mdevs/promotask/app/Controllers/BuyXTakeY.php(21): view()
#9 /mdevs/promotask/system/CodeIgniter.php(927): App\Controllers\BuyXTakeY->index()
#10 /mdevs/promotask/system/CodeIgniter.php(482): CodeIgniter\CodeIgniter->runController()
#11 /mdevs/promotask/system/CodeIgniter.php(351): CodeIgniter\CodeIgniter->handleRequest()
#12 /mdevs/promotask/public/index.php(67): CodeIgniter\CodeIgniter->run()
#13 {main}
ERROR - 2023-02-09 20:27:52 --> mysqli_sql_exception: You have an error in your SQL syntax; check the manual that corresponds to your MariaDB server version for the right syntax to use near 'on cc.`prod_barcode_take` = dd.`ART_BARCODE1`
                          where...' at line 19 in /mdevs/promotask/system/Database/MySQLi/Connection.php:292
Stack trace:
#0 /mdevs/promotask/system/Database/MySQLi/Connection.php(292): mysqli->query()
#1 /mdevs/promotask/system/Database/BaseConnection.php(666): CodeIgniter\Database\MySQLi\Connection->execute()
#2 /mdevs/promotask/system/Database/BaseConnection.php(593): CodeIgniter\Database\BaseConnection->simpleQuery()
#3 /mdevs/promotask/app/Models/MyLibzDBModel.php(19): CodeIgniter\Database\BaseConnection->query()
#4 /mdevs/promotask/app/Views/sales/trx_buyxtakey.php(288): App\Models\MyLibzDBModel->myoa_sql_exec()
#5 /mdevs/promotask/system/View/View.php(213): include('...')
#6 /mdevs/promotask/system/View/View.php(216): CodeIgniter\View\View->CodeIgniter\View\{closure}()
#7 /mdevs/promotask/system/Common.php(1134): CodeIgniter\View\View->render()
#8 /mdevs/promotask/app/Controllers/BuyXTakeY.php(21): view()
#9 /mdevs/promotask/system/CodeIgniter.php(927): App\Controllers\BuyXTakeY->index()
#10 /mdevs/promotask/system/CodeIgniter.php(482): CodeIgniter\CodeIgniter->runController()
#11 /mdevs/promotask/system/CodeIgniter.php(351): CodeIgniter\CodeIgniter->handleRequest()
#12 /mdevs/promotask/public/index.php(67): CodeIgniter\CodeIgniter->run()
#13 {main}
CRITICAL - 2023-02-09 20:57:20 --> Undefined variable $xdata
in APPPATH/Models/MySalesModel.php on line 809.
 1 APPPATH/Models/MySalesModel.php(809): CodeIgniter\Debug\Exceptions->errorHandler()
 2 APPPATH/Controllers/BuyXTakeY.php(26): App\Models\MySalesModel->buyxtakey_entry_save()
 3 SYSTEMPATH/CodeIgniter.php(927): App\Controllers\BuyXTakeY->buyxtakey_save()
 4 SYSTEMPATH/CodeIgniter.php(482): CodeIgniter\CodeIgniter->runController()
 5 SYSTEMPATH/CodeIgniter.php(351): CodeIgniter\CodeIgniter->handleRequest()
 6 FCPATH/index.php(67): CodeIgniter\CodeIgniter->run()
CRITICAL - 2023-02-09 20:57:26 --> Undefined variable $xdata
in APPPATH/Models/MySalesModel.php on line 809.
 1 APPPATH/Models/MySalesModel.php(809): CodeIgniter\Debug\Exceptions->errorHandler()
 2 APPPATH/Controllers/BuyXTakeY.php(26): App\Models\MySalesModel->buyxtakey_entry_save()
 3 SYSTEMPATH/CodeIgniter.php(927): App\Controllers\BuyXTakeY->buyxtakey_save()
 4 SYSTEMPATH/CodeIgniter.php(482): CodeIgniter\CodeIgniter->runController()
 5 SYSTEMPATH/CodeIgniter.php(351): CodeIgniter\CodeIgniter->handleRequest()
 6 FCPATH/index.php(67): CodeIgniter\CodeIgniter->run()
ERROR - 2023-02-09 20:57:48 --> mysqli_sql_exception: Unknown column 'b.prod_barcode' in 'field list' in /mdevs/promotask/system/Database/MySQLi/Connection.php:292
Stack trace:
#0 /mdevs/promotask/system/Database/MySQLi/Connection.php(292): mysqli->query()
#1 /mdevs/promotask/system/Database/BaseConnection.php(666): CodeIgniter\Database\MySQLi\Connection->execute()
#2 /mdevs/promotask/system/Database/BaseConnection.php(593): CodeIgniter\Database\BaseConnection->simpleQuery()
#3 /mdevs/promotask/app/Models/MyLibzDBModel.php(19): CodeIgniter\Database\BaseConnection->query()
#4 /mdevs/promotask/app/Models/MySalesModel.php(829): App\Models\MyLibzDBModel->myoa_sql_exec()
#5 /mdevs/promotask/app/Controllers/BuyXTakeY.php(26): App\Models\MySalesModel->buyxtakey_entry_save()
#6 /mdevs/promotask/system/CodeIgniter.php(927): App\Controllers\BuyXTakeY->buyxtakey_save()
#7 /mdevs/promotask/system/CodeIgniter.php(482): CodeIgniter\CodeIgniter->runController()
#8 /mdevs/promotask/system/CodeIgniter.php(351): CodeIgniter\CodeIgniter->handleRequest()
#9 /mdevs/promotask/public/index.php(67): CodeIgniter\CodeIgniter->run()
#10 {main}
CRITICAL - 2023-02-09 23:43:49 --> Undefined variable $txt_promotrxno
in APPPATH/Views/sales/trx_deposit.php on line 98.
 1 APPPATH/Views/sales/trx_deposit.php(98): CodeIgniter\Debug\Exceptions->errorHandler()
 2 SYSTEMPATH/View/View.php(213): include('APPPATH/Views/sales/trx_deposit.php')
 3 SYSTEMPATH/View/View.php(216): CodeIgniter\View\View->CodeIgniter\View\{closure}()
 4 SYSTEMPATH/Common.php(1134): CodeIgniter\View\View->render()
 5 APPPATH/Controllers/Deposit.php(21): view()
 6 SYSTEMPATH/CodeIgniter.php(927): App\Controllers\Deposit->index()
 7 SYSTEMPATH/CodeIgniter.php(482): CodeIgniter\CodeIgniter->runController()
 8 SYSTEMPATH/CodeIgniter.php(351): CodeIgniter\CodeIgniter->handleRequest()
 9 FCPATH/index.php(67): CodeIgniter\CodeIgniter->run()
CRITICAL - 2023-02-09 23:44:04 --> Undefined variable $txt_promotrxno
in APPPATH/Views/sales/trx_deposit.php on line 98.
 1 APPPATH/Views/sales/trx_deposit.php(98): CodeIgniter\Debug\Exceptions->errorHandler()
 2 SYSTEMPATH/View/View.php(213): include('APPPATH/Views/sales/trx_deposit.php')
 3 SYSTEMPATH/View/View.php(216): CodeIgniter\View\View->CodeIgniter\View\{closure}()
 4 SYSTEMPATH/Common.php(1134): CodeIgniter\View\View->render()
 5 APPPATH/Controllers/Deposit.php(21): view()
 6 SYSTEMPATH/CodeIgniter.php(927): App\Controllers\Deposit->index()
 7 SYSTEMPATH/CodeIgniter.php(482): CodeIgniter\CodeIgniter->runController()
 8 SYSTEMPATH/CodeIgniter.php(351): CodeIgniter\CodeIgniter->handleRequest()
 9 FCPATH/index.php(67): CodeIgniter\CodeIgniter->run()
